INFO:root:all data: 949
INFO:root:train data: 759
INFO:root:test data: 190
INFO:root:Train epoch 0, loss: 0.0983
INFO:root:Valid epoch 0 loss:5.0470969676971436, acc: 0.6894736842105263, auroc: 0.45833872428515976
INFO:root:Train epoch 1, loss: 0.0252
INFO:root:Valid epoch 1 loss:3.2921953201293945, acc: 0.6894736842105263, auroc: 0.451093285030405
INFO:root:Train epoch 2, loss: 0.0185
INFO:root:Valid epoch 2 loss:2.2390453815460205, acc: 0.3105263157894737, auroc: 0.537068184758701
INFO:root:Train epoch 3, loss: 0.0119
INFO:root:Valid epoch 3 loss:1.5930841565132141, acc: 0.6894736842105263, auroc: 0.4987061715616509
INFO:root:Train epoch 4, loss: 0.0079
INFO:root:Valid epoch 4 loss:1.117472380399704, acc: 0.6894736842105263, auroc: 0.5401086815888212
INFO:root:Train epoch 5, loss: 0.0060
INFO:root:Valid epoch 5 loss:0.6532217860221863, acc: 0.6473684210526316, auroc: 0.5562168456462674
INFO:root:Train epoch 6, loss: 0.0050
INFO:root:Valid epoch 6 loss:0.6191529929637909, acc: 0.6578947368421053, auroc: 0.5857161340406263
INFO:root:Train epoch 7, loss: 0.0047
INFO:root:Valid epoch 7 loss:0.5987350642681122, acc: 0.7, auroc: 0.606934920429551
INFO:root:Train epoch 8, loss: 0.0047
INFO:root:Valid epoch 8 loss:0.5878644585609436, acc: 0.6894736842105263, auroc: 0.6447794022512615
INFO:root:Train epoch 9, loss: 0.0045
INFO:root:Valid epoch 9 loss:0.5828744769096375, acc: 0.6894736842105263, auroc: 0.6649631258895071
INFO:root:Train epoch 10, loss: 0.0044
INFO:root:Valid epoch 10 loss:0.575278639793396, acc: 0.6894736842105263, auroc: 0.669944365377151
INFO:root:Train epoch 11, loss: 0.0043
INFO:root:Valid epoch 11 loss:0.5813542008399963, acc: 0.6842105263157895, auroc: 0.6834001811359814
INFO:root:Train epoch 12, loss: 0.0043
INFO:root:Valid epoch 12 loss:0.567175567150116, acc: 0.7, auroc: 0.6802303014620261
INFO:root:Train epoch 13, loss: 0.0042
INFO:root:Valid epoch 13 loss:0.6056482493877411, acc: 0.6894736842105263, auroc: 0.6828826497606417
INFO:root:Train epoch 14, loss: 0.0043
INFO:root:Valid epoch 14 loss:0.559983879327774, acc: 0.6894736842105263, auroc: 0.7022900763358778
INFO:root:Train epoch 15, loss: 0.0042
INFO:root:Valid epoch 15 loss:0.5611056983470917, acc: 0.6894736842105263, auroc: 0.70630094449476
INFO:root:Train epoch 16, loss: 0.0042
INFO:root:Valid epoch 16 loss:0.5683910846710205, acc: 0.6894736842105263, auroc: 0.7144520636563593
INFO:root:Train epoch 17, loss: 0.0043
INFO:root:Valid epoch 17 loss:0.5564777851104736, acc: 0.6894736842105263, auroc: 0.7192392288782509
INFO:root:Train epoch 18, loss: 0.0042
INFO:root:Valid epoch 18 loss:0.5538609623908997, acc: 0.6894736842105263, auroc: 0.7255142968042437
INFO:root:Train epoch 19, loss: 0.0043
INFO:root:Valid epoch 19 loss:0.5569211542606354, acc: 0.6947368421052632, auroc: 0.7284254107905291
INFO:root:Train epoch 20, loss: 0.0044
INFO:root:Valid epoch 20 loss:0.5430748462677002, acc: 0.6894736842105263, auroc: 0.7351533186699445
INFO:root:Train epoch 21, loss: 0.0044
INFO:root:Valid epoch 21 loss:0.5426320135593414, acc: 0.7105263157894737, auroc: 0.7295898563850435
INFO:root:Train epoch 22, loss: 0.0055
INFO:root:Valid epoch 22 loss:0.5469255447387695, acc: 0.7578947368421053, auroc: 0.7341829473411826
INFO:root:Train epoch 23, loss: 0.0050
INFO:root:Valid epoch 23 loss:0.5889338850975037, acc: 0.6842105263157895, auroc: 0.7361883814206236
INFO:root:Train epoch 24, loss: 0.0046
INFO:root:Valid epoch 24 loss:0.6108595430850983, acc: 0.6947368421052632, auroc: 0.7408461637986803
INFO:root:Train epoch 25, loss: 0.0043
INFO:root:Valid epoch 25 loss:0.5447185933589935, acc: 0.7526315789473684, auroc: 0.7429809807219563
INFO:root:Train epoch 26, loss: 0.0040
INFO:root:Valid epoch 26 loss:0.5460857152938843, acc: 0.6947368421052632, auroc: 0.7442748091603052
INFO:root:Train epoch 27, loss: 0.0042
INFO:root:Valid epoch 27 loss:0.5313623249530792, acc: 0.7105263157894737, auroc: 0.7567602535903739
INFO:root:Train epoch 28, loss: 0.0041
INFO:root:Valid epoch 28 loss:0.5786695182323456, acc: 0.7, auroc: 0.7639410014232113
INFO:root:Train epoch 29, loss: 0.0043
INFO:root:Valid epoch 29 loss:0.591562420129776, acc: 0.6947368421052632, auroc: 0.7595419847328244
INFO:root:Train epoch 30, loss: 0.0044
INFO:root:Valid epoch 30 loss:0.5332180857658386, acc: 0.7052631578947368, auroc: 0.7530728425410791
INFO:root:Train epoch 31, loss: 0.0044
INFO:root:Valid epoch 31 loss:0.5796531438827515, acc: 0.6947368421052632, auroc: 0.7521024712123172
INFO:root:Train epoch 32, loss: 0.0041
INFO:root:Valid epoch 32 loss:0.5310321152210236, acc: 0.7631578947368421, auroc: 0.7607064303273386
INFO:root:Train epoch 33, loss: 0.0041
INFO:root:Valid epoch 33 loss:0.54894158244133, acc: 0.7, auroc: 0.757083710699961
INFO:root:Train epoch 34, loss: 0.0040
INFO:root:Valid epoch 34 loss:0.5439192950725555, acc: 0.7157894736842105, auroc: 0.7654289041273127
INFO:root:Train epoch 35, loss: 0.0043
INFO:root:Valid epoch 35 loss:0.5235148072242737, acc: 0.7421052631578947, auroc: 0.7687281666451028
INFO:root:Train epoch 36, loss: 0.0043
INFO:root:Valid epoch 36 loss:0.5231388509273529, acc: 0.7105263157894737, auroc: 0.7651701384396428
INFO:root:Train epoch 37, loss: 0.0040
INFO:root:Valid epoch 37 loss:0.5397987067699432, acc: 0.7, auroc: 0.7620649501876051
INFO:root:Train epoch 38, loss: 0.0041
INFO:root:Valid epoch 38 loss:0.522371232509613, acc: 0.7105263157894737, auroc: 0.7649760641738905
INFO:root:Train epoch 39, loss: 0.0040
INFO:root:Valid epoch 39 loss:0.5613825619220734, acc: 0.7105263157894737, auroc: 0.7674990296286712
INFO:root:Train epoch 40, loss: 0.0041
INFO:root:Valid epoch 40 loss:0.5217087864875793, acc: 0.7052631578947368, auroc: 0.7660758183464873
INFO:root:Train epoch 41, loss: 0.0040
INFO:root:Valid epoch 41 loss:0.5187081396579742, acc: 0.7368421052631579, auroc: 0.7673696467848363
INFO:root:Train epoch 42, loss: 0.0040
INFO:root:Valid epoch 42 loss:0.5466707348823547, acc: 0.7210526315789474, auroc: 0.7678224867382585
INFO:root:Train epoch 43, loss: 0.0042
INFO:root:Valid epoch 43 loss:0.5878052711486816, acc: 0.6684210526315789, auroc: 0.7695691551300298
INFO:root:Train epoch 44, loss: 0.0044
INFO:root:Valid epoch 44 loss:0.5386453866958618, acc: 0.7210526315789474, auroc: 0.7712511320998835
INFO:root:Train epoch 45, loss: 0.0046
INFO:root:Valid epoch 45 loss:0.5370597243309021, acc: 0.7105263157894737, auroc: 0.7699573036615344
INFO:root:Train epoch 46, loss: 0.0044
INFO:root:Valid epoch 46 loss:0.5935328900814056, acc: 0.6947368421052632, auroc: 0.756630870746539
INFO:root:Train epoch 47, loss: 0.0046
INFO:root:Valid epoch 47 loss:0.5553787350654602, acc: 0.6947368421052632, auroc: 0.7636822357355415
INFO:root:Train epoch 48, loss: 0.0042
INFO:root:Valid epoch 48 loss:0.5301612317562103, acc: 0.7, auroc: 0.7644585327985509
INFO:root:Train epoch 49, loss: 0.0042
INFO:root:Valid epoch 49 loss:0.5329360365867615, acc: 0.7263157894736842, auroc: 0.7730624919135722
INFO:root:Train epoch 50, loss: 0.0040
INFO:root:Valid epoch 50 loss:0.5155277848243713, acc: 0.7315789473684211, auroc: 0.7733859490231594
INFO:root:Train epoch 51, loss: 0.0040
INFO:root:Valid epoch 51 loss:0.5119902938604355, acc: 0.7368421052631579, auroc: 0.7759089144779402
INFO:root:Train epoch 52, loss: 0.0040
INFO:root:Valid epoch 52 loss:0.5694129765033722, acc: 0.6894736842105263, auroc: 0.7679518695820935
INFO:root:Train epoch 53, loss: 0.0042
INFO:root:Valid epoch 53 loss:0.5136629641056061, acc: 0.7263157894736842, auroc: 0.7729331090697373
INFO:root:Train epoch 54, loss: 0.0041
INFO:root:Valid epoch 54 loss:0.5121762901544571, acc: 0.7421052631578947, auroc: 0.7683400181135981
INFO:root:Train epoch 55, loss: 0.0040
INFO:root:Valid epoch 55 loss:0.5648212432861328, acc: 0.7052631578947368, auroc: 0.7769439772286194
INFO:root:Train epoch 56, loss: 0.0042
INFO:root:Valid epoch 56 loss:0.5205321311950684, acc: 0.7315789473684211, auroc: 0.7769439772286194
INFO:root:Train epoch 57, loss: 0.0045
INFO:root:Valid epoch 57 loss:0.5983746349811554, acc: 0.6947368421052632, auroc: 0.7648466813300556
INFO:root:Train epoch 58, loss: 0.0046
INFO:root:Valid epoch 58 loss:0.5505800545215607, acc: 0.6947368421052632, auroc: 0.7625177901410273
INFO:root:Train epoch 59, loss: 0.0041
INFO:root:Valid epoch 59 loss:0.513893187046051, acc: 0.7631578947368421, auroc: 0.7676284124725061
INFO:root:Train epoch 60, loss: 0.0040
INFO:root:Valid epoch 60 loss:0.5140684098005295, acc: 0.7210526315789474, auroc: 0.7734506404450769
INFO:root:Train epoch 61, loss: 0.0040
INFO:root:Valid epoch 61 loss:0.5817783772945404, acc: 0.6947368421052632, auroc: 0.7688575494889377
INFO:root:Train epoch 62, loss: 0.0047
INFO:root:Valid epoch 62 loss:0.6642676293849945, acc: 0.6947368421052632, auroc: 0.7578600077629707
INFO:root:Train epoch 63, loss: 0.0043
INFO:root:Valid epoch 63 loss:0.5301680117845535, acc: 0.7, auroc: 0.7654289041273127
INFO:root:Train epoch 64, loss: 0.0041
INFO:root:Valid epoch 64 loss:0.5138116478919983, acc: 0.7578947368421053, auroc: 0.76931038944236
INFO:root:Train epoch 65, loss: 0.0040
INFO:root:Valid epoch 65 loss:0.545632928609848, acc: 0.7210526315789474, auroc: 0.7808901539655841
INFO:root:Train epoch 66, loss: 0.0041
INFO:root:Valid epoch 66 loss:0.5815602242946625, acc: 0.7, auroc: 0.781860525294346
INFO:root:Train epoch 67, loss: 0.0042
INFO:root:Valid epoch 67 loss:0.554147869348526, acc: 0.7157894736842105, auroc: 0.7750679259930133
INFO:root:Train epoch 68, loss: 0.0042
INFO:root:Valid epoch 68 loss:0.5789625346660614, acc: 0.7, auroc: 0.7787553370423083
INFO:root:Train epoch 69, loss: 0.0045
INFO:root:Valid epoch 69 loss:0.5572461485862732, acc: 0.6894736842105263, auroc: 0.767304955362919
INFO:root:Train epoch 70, loss: 0.0044
INFO:root:Valid epoch 70 loss:0.5538387596607208, acc: 0.6894736842105263, auroc: 0.7681459438478457
INFO:root:Train epoch 71, loss: 0.0043
INFO:root:Valid epoch 71 loss:0.5636811256408691, acc: 0.6894736842105263, auroc: 0.7667227325656618
INFO:root:Train epoch 72, loss: 0.0043
INFO:root:Valid epoch 72 loss:0.5626748502254486, acc: 0.6894736842105263, auroc: 0.7688575494889378
INFO:root:Train epoch 73, loss: 0.0042
INFO:root:Valid epoch 73 loss:0.6257432699203491, acc: 0.6947368421052632, auroc: 0.7601242075300816
INFO:root:Train epoch 74, loss: 0.0042
INFO:root:Valid epoch 74 loss:0.5433497428894043, acc: 0.6947368421052632, auroc: 0.7726743433820675
INFO:root:Train epoch 75, loss: 0.0042
INFO:root:Valid epoch 75 loss:0.5661417841911316, acc: 0.6894736842105263, auroc: 0.7700219950834519
INFO:root:Train epoch 76, loss: 0.0041
INFO:root:Valid epoch 76 loss:0.5235467106103897, acc: 0.7052631578947368, auroc: 0.774744468883426
INFO:root:Train epoch 77, loss: 0.0039
INFO:root:Valid epoch 77 loss:0.545004278421402, acc: 0.6947368421052632, auroc: 0.7743563203519214
INFO:root:Train epoch 78, loss: 0.0041
INFO:root:Valid epoch 78 loss:0.5273433029651642, acc: 0.7105263157894737, auroc: 0.7735153318669945
INFO:root:Train epoch 79, loss: 0.0039
INFO:root:Valid epoch 79 loss:0.5093747675418854, acc: 0.7263157894736842, auroc: 0.7768145943847845
INFO:root:Train epoch 80, loss: 0.0039
INFO:root:Valid epoch 80 loss:0.5125765055418015, acc: 0.7263157894736842, auroc: 0.7731271833354897
INFO:root:Train epoch 81, loss: 0.0040
INFO:root:Valid epoch 81 loss:0.5195353031158447, acc: 0.7105263157894737, auroc: 0.7734506404450769
INFO:root:Train epoch 82, loss: 0.0040
INFO:root:Valid epoch 82 loss:0.5068816095590591, acc: 0.7368421052631579, auroc: 0.7796610169491525
INFO:root:Train epoch 83, loss: 0.0039
INFO:root:Valid epoch 83 loss:0.5255628824234009, acc: 0.7210526315789474, auroc: 0.7814076853409238
INFO:root:Train epoch 84, loss: 0.0040
INFO:root:Valid epoch 84 loss:0.5515960156917572, acc: 0.7052631578947368, auroc: 0.7770086686505371
INFO:root:Train epoch 85, loss: 0.0039
INFO:root:Valid epoch 85 loss:0.5069275945425034, acc: 0.7421052631578947, auroc: 0.7784965713546383
INFO:root:Train epoch 86, loss: 0.0039
INFO:root:Valid epoch 86 loss:0.5507259368896484, acc: 0.7052631578947368, auroc: 0.7794669426834002
INFO:root:Train epoch 87, loss: 0.0041
INFO:root:Valid epoch 87 loss:0.5183709561824799, acc: 0.7368421052631579, auroc: 0.7806313882779143
INFO:root:Train epoch 88, loss: 0.0041
INFO:root:Valid epoch 88 loss:0.5058380514383316, acc: 0.7421052631578947, auroc: 0.77972570837107
INFO:root:Train epoch 89, loss: 0.0040
INFO:root:Valid epoch 89 loss:0.5107940882444382, acc: 0.7210526315789474, auroc: 0.7805666968559968
INFO:root:Train epoch 90, loss: 0.0040
INFO:root:Valid epoch 90 loss:0.5244796872138977, acc: 0.7263157894736842, auroc: 0.7801785483244921
INFO:root:Train epoch 91, loss: 0.0041
INFO:root:Valid epoch 91 loss:0.5456854999065399, acc: 0.7157894736842105, auroc: 0.7805020054340794
INFO:root:Train epoch 92, loss: 0.0042
INFO:root:Valid epoch 92 loss:0.5055062025785446, acc: 0.7263157894736842, auroc: 0.7767499029628671
INFO:root:Train epoch 93, loss: 0.0041
INFO:root:Valid epoch 93 loss:0.504206046462059, acc: 0.7315789473684211, auroc: 0.7773968171820417
INFO:root:Train epoch 94, loss: 0.0043
INFO:root:Valid epoch 94 loss:0.5065145641565323, acc: 0.7210526315789474, auroc: 0.777008668650537
INFO:root:Train epoch 95, loss: 0.0041
INFO:root:Valid epoch 95 loss:0.5076203793287277, acc: 0.7473684210526316, auroc: 0.7740328632423341
INFO:root:Train epoch 96, loss: 0.0040
INFO:root:Valid epoch 96 loss:0.5089163929224014, acc: 0.7210526315789474, auroc: 0.7782378056669685
INFO:root:Train epoch 97, loss: 0.0041
INFO:root:Valid epoch 97 loss:0.5188169330358505, acc: 0.7315789473684211, auroc: 0.7819252167162634
INFO:root:Train epoch 98, loss: 0.0040
INFO:root:Valid epoch 98 loss:0.5695402920246124, acc: 0.6894736842105263, auroc: 0.7716392806313882
INFO:root:Train epoch 99, loss: 0.0043
INFO:root:Valid epoch 99 loss:0.5572538673877716, acc: 0.6894736842105263, auroc: 0.7744857031957563
