INFO:root:all data: 949
INFO:root:train data: 759
INFO:root:test data: 190
INFO:root:Train epoch 0, loss: 0.0369
INFO:root:Valid epoch 0 loss:0.5902381514509519, acc: 0.6894736842105263, auroc: 0.6537068184758701
INFO:root:Train epoch 1, loss: 0.0348
INFO:root:Valid epoch 1 loss:0.5873432954152426, acc: 0.7052631578947368, auroc: 0.6779014102729978
INFO:root:Train epoch 2, loss: 0.0342
INFO:root:Valid epoch 2 loss:0.5711080332597097, acc: 0.7, auroc: 0.7147755207659464
INFO:root:Train epoch 3, loss: 0.0341
INFO:root:Valid epoch 3 loss:0.5536707565188408, acc: 0.7105263157894737, auroc: 0.7231854056152155
INFO:root:Train epoch 4, loss: 0.0343
INFO:root:Valid epoch 4 loss:0.5513849010070165, acc: 0.7105263157894737, auroc: 0.7286194850562816
INFO:root:Train epoch 5, loss: 0.0332
INFO:root:Valid epoch 5 loss:0.5388061155875524, acc: 0.7052631578947368, auroc: 0.7414283865959373
INFO:root:Train epoch 6, loss: 0.0327
INFO:root:Valid epoch 6 loss:0.5385707517464956, acc: 0.6947368421052632, auroc: 0.7431103635657913
INFO:root:Train epoch 7, loss: 0.0327
INFO:root:Valid epoch 7 loss:0.5479675779740015, acc: 0.7, auroc: 0.758765687669815
INFO:root:Train epoch 8, loss: 0.0322
INFO:root:Valid epoch 8 loss:0.5266306921839714, acc: 0.7263157894736842, auroc: 0.7648466813300556
INFO:root:Train epoch 9, loss: 0.0314
INFO:root:Valid epoch 9 loss:0.5142623260617256, acc: 0.7421052631578947, auroc: 0.7777849657135465
INFO:root:Train epoch 10, loss: 0.0309
INFO:root:Valid epoch 10 loss:0.5044185246030489, acc: 0.7315789473684211, auroc: 0.7877474446888343
INFO:root:Train epoch 11, loss: 0.0309
INFO:root:Valid epoch 11 loss:0.4992148553331693, acc: 0.7368421052631579, auroc: 0.788847198861431
INFO:root:Train epoch 12, loss: 0.0298
INFO:root:Valid epoch 12 loss:0.4872731765111287, acc: 0.7421052631578947, auroc: 0.809095613921594
INFO:root:Train epoch 13, loss: 0.0295
INFO:root:Valid epoch 13 loss:0.4878240153193474, acc: 0.7315789473684211, auroc: 0.79699831802303
INFO:root:Train epoch 14, loss: 0.0292
INFO:root:Valid epoch 14 loss:0.49448949346939725, acc: 0.7421052631578947, auroc: 0.7944106611463321
INFO:root:Train epoch 15, loss: 0.0291
INFO:root:Valid epoch 15 loss:0.4854525352517764, acc: 0.7631578947368421, auroc: 0.8026264717298487
INFO:root:Train epoch 16, loss: 0.0287
INFO:root:Valid epoch 16 loss:0.49463222175836563, acc: 0.7105263157894737, auroc: 0.784577565014879
INFO:root:Train epoch 17, loss: 0.0284
INFO:root:Valid epoch 17 loss:0.48114006717999774, acc: 0.7578947368421053, auroc: 0.8112951222667876
INFO:root:Train epoch 18, loss: 0.0284
INFO:root:Valid epoch 18 loss:0.4838540777564049, acc: 0.7368421052631579, auroc: 0.806378574201061
INFO:root:Train epoch 19, loss: 0.0287
INFO:root:Valid epoch 19 loss:0.4901265526811282, acc: 0.7631578947368421, auroc: 0.7955751067408462
INFO:root:Train epoch 20, loss: 0.0278
INFO:root:Valid epoch 20 loss:0.4843556210398674, acc: 0.7368421052631579, auroc: 0.8071548712640704
INFO:root:Train epoch 21, loss: 0.0278
INFO:root:Valid epoch 21 loss:0.46998652070760727, acc: 0.7368421052631579, auroc: 0.8097425281407686
INFO:root:Train epoch 22, loss: 0.0277
INFO:root:Valid epoch 22 loss:0.48031577467918396, acc: 0.7421052631578947, auroc: 0.7970630094449477
INFO:root:Train epoch 23, loss: 0.0273
INFO:root:Valid epoch 23 loss:0.5102533499399821, acc: 0.7157894736842105, auroc: 0.8013326432914996
INFO:root:Train epoch 24, loss: 0.0284
INFO:root:Valid epoch 24 loss:0.4692585989832878, acc: 0.7315789473684211, auroc: 0.8160175960667615
INFO:root:Train epoch 25, loss: 0.0274
INFO:root:Valid epoch 25 loss:0.4836847086747487, acc: 0.7421052631578947, auroc: 0.7992625177901411
INFO:root:Train epoch 26, loss: 0.0268
INFO:root:Valid epoch 26 loss:0.49485714981953305, acc: 0.7421052631578947, auroc: 0.7945400439901669
INFO:root:Train epoch 27, loss: 0.0270
INFO:root:Valid epoch 27 loss:0.4872504224379857, acc: 0.7157894736842105, auroc: 0.7984862207271315
INFO:root:Train epoch 28, loss: 0.0268
INFO:root:Valid epoch 28 loss:0.4580726722876231, acc: 0.7736842105263158, auroc: 0.8314141544831156
INFO:root:Train epoch 29, loss: 0.0271
INFO:root:Valid epoch 29 loss:0.47436148921648663, acc: 0.7263157894736842, auroc: 0.819640315694139
INFO:root:Train epoch 30, loss: 0.0269
INFO:root:Valid epoch 30 loss:0.46200059602657956, acc: 0.7315789473684211, auroc: 0.8305084745762712
INFO:root:Train epoch 31, loss: 0.0263
INFO:root:Valid epoch 31 loss:0.4501644770304362, acc: 0.7210526315789474, auroc: 0.8321257601242076
INFO:root:Train epoch 32, loss: 0.0259
INFO:root:Valid epoch 32 loss:0.4903670872251193, acc: 0.7210526315789474, auroc: 0.8213869840859102
INFO:root:Train epoch 33, loss: 0.0260
INFO:root:Valid epoch 33 loss:0.46658486872911453, acc: 0.7315789473684211, auroc: 0.8219692068831672
INFO:root:Train epoch 34, loss: 0.0263
INFO:root:Valid epoch 34 loss:0.45336495091517764, acc: 0.7368421052631579, auroc: 0.8294734118255919
INFO:root:Train epoch 35, loss: 0.0256
INFO:root:Valid epoch 35 loss:0.45046507318814594, acc: 0.7315789473684211, auroc: 0.8402121878638893
INFO:root:Train epoch 36, loss: 0.0258
INFO:root:Valid epoch 36 loss:0.4712865774830182, acc: 0.7789473684210526, auroc: 0.8402768792858066
INFO:root:Train epoch 37, loss: 0.0259
INFO:root:Valid epoch 37 loss:0.45526302605867386, acc: 0.7526315789473684, auroc: 0.8314788459050331
INFO:root:Train epoch 38, loss: 0.0260
INFO:root:Valid epoch 38 loss:0.4616541340947151, acc: 0.7421052631578947, auroc: 0.8251390865571225
INFO:root:Train epoch 39, loss: 0.0257
INFO:root:Valid epoch 39 loss:0.45993684480587643, acc: 0.7368421052631579, auroc: 0.8253331608228749
INFO:root:Train epoch 40, loss: 0.0250
INFO:root:Valid epoch 40 loss:0.4534299597144127, acc: 0.7526315789473684, auroc: 0.8473282442748091
INFO:root:Train epoch 41, loss: 0.0249
INFO:root:Valid epoch 41 loss:0.45818868031104404, acc: 0.7421052631578947, auroc: 0.8445465131323587
INFO:root:Train epoch 42, loss: 0.0259
INFO:root:Valid epoch 42 loss:0.47569312403599423, acc: 0.7473684210526316, auroc: 0.8341311942036486
INFO:root:Train epoch 43, loss: 0.0251
INFO:root:Valid epoch 43 loss:0.4506208673119545, acc: 0.7421052631578947, auroc: 0.8397593479104671
INFO:root:Train epoch 44, loss: 0.0255
INFO:root:Valid epoch 44 loss:0.44847684850295383, acc: 0.7368421052631579, auroc: 0.8393065079570448
INFO:root:Train epoch 45, loss: 0.0252
INFO:root:Valid epoch 45 loss:0.43786973009506863, acc: 0.7473684210526316, auroc: 0.8508215810583517
INFO:root:Train epoch 46, loss: 0.0257
INFO:root:Valid epoch 46 loss:0.43770507723093033, acc: 0.7736842105263158, auroc: 0.843317376115927
INFO:root:Train epoch 47, loss: 0.0252
INFO:root:Valid epoch 47 loss:0.46717972308397293, acc: 0.7315789473684211, auroc: 0.8430586104282572
INFO:root:Train epoch 48, loss: 0.0256
INFO:root:Valid epoch 48 loss:0.4568058302005132, acc: 0.7526315789473684, auroc: 0.8332255142968042
INFO:root:Train epoch 49, loss: 0.0256
INFO:root:Valid epoch 49 loss:0.46772003173828125, acc: 0.7684210526315789, auroc: 0.8387889765817053
INFO:root:Train epoch 50, loss: 0.0250
INFO:root:Valid epoch 50 loss:0.4549173141519229, acc: 0.7526315789473684, auroc: 0.8373657652995213
INFO:root:Train epoch 51, loss: 0.0251
INFO:root:Valid epoch 51 loss:0.49139493703842163, acc: 0.7315789473684211, auroc: 0.8312847716392806
INFO:root:Train epoch 52, loss: 0.0246
INFO:root:Valid epoch 52 loss:0.4509765903155009, acc: 0.7526315789473684, auroc: 0.8486220727131581
INFO:root:Train epoch 53, loss: 0.0248
INFO:root:Valid epoch 53 loss:0.4535340294241905, acc: 0.7947368421052632, auroc: 0.8528270151377928
INFO:root:Train epoch 54, loss: 0.0248
INFO:root:Valid epoch 54 loss:0.4594051105280717, acc: 0.7368421052631579, auroc: 0.8412472506145685
INFO:root:Train epoch 55, loss: 0.0246
INFO:root:Valid epoch 55 loss:0.4427400752902031, acc: 0.7526315789473684, auroc: 0.8483633070254885
INFO:root:Train epoch 56, loss: 0.0241
INFO:root:Valid epoch 56 loss:0.45149389406045276, acc: 0.7684210526315789, auroc: 0.8387242851597879
INFO:root:Train epoch 57, loss: 0.0242
INFO:root:Valid epoch 57 loss:0.4347295214732488, acc: 0.7473684210526316, auroc: 0.849721826885755
INFO:root:Train epoch 58, loss: 0.0236
INFO:root:Valid epoch 58 loss:0.4620692618191242, acc: 0.7684210526315789, auroc: 0.84273515331867
INFO:root:Train epoch 59, loss: 0.0249
INFO:root:Valid epoch 59 loss:0.4574992333849271, acc: 0.7473684210526316, auroc: 0.8455168844611204
INFO:root:Train epoch 60, loss: 0.0239
INFO:root:Valid epoch 60 loss:0.4529935059448083, acc: 0.7631578947368421, auroc: 0.8512097295898562
INFO:root:Train epoch 61, loss: 0.0242
INFO:root:Valid epoch 61 loss:0.4419802650809288, acc: 0.7631578947368421, auroc: 0.847587009962479
INFO:root:Train epoch 62, loss: 0.0239
INFO:root:Valid epoch 62 loss:0.45759928474823636, acc: 0.7526315789473684, auroc: 0.843317376115927
INFO:root:Train epoch 63, loss: 0.0240
INFO:root:Valid epoch 63 loss:0.4532823959986369, acc: 0.7684210526315789, auroc: 0.8493336783542503
INFO:root:Train epoch 64, loss: 0.0240
INFO:root:Valid epoch 64 loss:0.44508349398771924, acc: 0.7631578947368421, auroc: 0.8503687411049295
INFO:root:Train epoch 65, loss: 0.0244
INFO:root:Valid epoch 65 loss:0.44137227286895114, acc: 0.7473684210526316, auroc: 0.8456462673049554
INFO:root:Train epoch 66, loss: 0.0236
INFO:root:Valid epoch 66 loss:0.4570797321697076, acc: 0.7842105263157895, auroc: 0.8397593479104671
INFO:root:Train epoch 67, loss: 0.0236
INFO:root:Valid epoch 67 loss:0.47033678864439327, acc: 0.7578947368421053, auroc: 0.8374951481433562
INFO:root:Train epoch 68, loss: 0.0240
INFO:root:Valid epoch 68 loss:0.4453752487897873, acc: 0.7473684210526316, auroc: 0.8527623237158753
INFO:root:Train epoch 69, loss: 0.0240
INFO:root:Valid epoch 69 loss:0.4611152708530426, acc: 0.7631578947368421, auroc: 0.8384655194721179
INFO:root:Train epoch 70, loss: 0.0240
INFO:root:Valid epoch 70 loss:0.43880601475636166, acc: 0.7421052631578947, auroc: 0.8474576271186441
INFO:root:Train epoch 71, loss: 0.0239
INFO:root:Valid epoch 71 loss:0.45587265739838284, acc: 0.7736842105263158, auroc: 0.8607840600336395
INFO:root:Train epoch 72, loss: 0.0245
INFO:root:Valid epoch 72 loss:0.4667853054900964, acc: 0.7368421052631579, auroc: 0.8500452839953422
INFO:root:Train epoch 73, loss: 0.0239
INFO:root:Valid epoch 73 loss:0.4727672723432382, acc: 0.7684210526315789, auroc: 0.835748479751585
INFO:root:Train epoch 74, loss: 0.0231
INFO:root:Valid epoch 74 loss:0.46104159702857334, acc: 0.7631578947368421, auroc: 0.8519860266528659
INFO:root:Train epoch 75, loss: 0.0239
INFO:root:Valid epoch 75 loss:0.4507727598150571, acc: 0.7578947368421053, auroc: 0.8491396040884979
INFO:root:Train epoch 76, loss: 0.0235
INFO:root:Valid epoch 76 loss:0.4386504404246807, acc: 0.7789473684210526, auroc: 0.8451934273515331
INFO:root:Train epoch 77, loss: 0.0237
INFO:root:Valid epoch 77 loss:0.48129257063070935, acc: 0.7105263157894737, auroc: 0.851145038167939
INFO:root:Train epoch 78, loss: 0.0237
INFO:root:Valid epoch 78 loss:0.4583829765518506, acc: 0.7842105263157895, auroc: 0.8521154094967008
INFO:root:Train epoch 79, loss: 0.0232
INFO:root:Valid epoch 79 loss:0.46404675766825676, acc: 0.7473684210526316, auroc: 0.8506921982145168
INFO:root:Train epoch 80, loss: 0.0233
INFO:root:Valid epoch 80 loss:0.44870570798714954, acc: 0.7368421052631579, auroc: 0.8566438090309225
INFO:root:Train epoch 81, loss: 0.0238
INFO:root:Valid epoch 81 loss:0.4642600665489833, acc: 0.7842105263157895, auroc: 0.8439642903351016
INFO:root:Train epoch 82, loss: 0.0231
INFO:root:Valid epoch 82 loss:0.45709436014294624, acc: 0.7947368421052632, auroc: 0.8607840600336397
INFO:root:Train epoch 83, loss: 0.0230
INFO:root:Valid epoch 83 loss:0.4557304419577122, acc: 0.7947368421052632, auroc: 0.854573683529564
INFO:root:Train epoch 84, loss: 0.0227
INFO:root:Valid epoch 84 loss:0.4555907758573691, acc: 0.7578947368421053, auroc: 0.8424763876310002
INFO:root:Train epoch 85, loss: 0.0235
INFO:root:Valid epoch 85 loss:0.46175845836599666, acc: 0.7368421052631579, auroc: 0.8493336783542502
INFO:root:Train epoch 86, loss: 0.0231
INFO:root:Valid epoch 86 loss:0.4533568633099397, acc: 0.7789473684210526, auroc: 0.8510803467460215
INFO:root:Train epoch 87, loss: 0.0229
INFO:root:Valid epoch 87 loss:0.46609605724612874, acc: 0.7473684210526316, auroc: 0.8450640445076983
INFO:root:Train epoch 88, loss: 0.0230
INFO:root:Valid epoch 88 loss:0.4471477021773656, acc: 0.7578947368421053, auroc: 0.855285289170656
INFO:root:Train epoch 89, loss: 0.0228
INFO:root:Valid epoch 89 loss:0.45362772171696025, acc: 0.7526315789473684, auroc: 0.8545736835295641
INFO:root:Train epoch 90, loss: 0.0231
INFO:root:Valid epoch 90 loss:0.449347826341788, acc: 0.7368421052631579, auroc: 0.8533445465131325
INFO:root:Train epoch 91, loss: 0.0228
INFO:root:Valid epoch 91 loss:0.4683595150709152, acc: 0.7684210526315789, auroc: 0.8477163928063138
INFO:root:Train epoch 92, loss: 0.0231
INFO:root:Valid epoch 92 loss:0.46253283818562824, acc: 0.7684210526315789, auroc: 0.8526329408720404
INFO:root:Train epoch 93, loss: 0.0230
INFO:root:Valid epoch 93 loss:0.46342799564202625, acc: 0.7368421052631579, auroc: 0.849010221244663
INFO:root:Train epoch 94, loss: 0.0228
INFO:root:Valid epoch 94 loss:0.4463600640495618, acc: 0.7368421052631579, auroc: 0.8492042955104153
INFO:root:Train epoch 95, loss: 0.0228
INFO:root:Valid epoch 95 loss:0.4252639313538869, acc: 0.7631578947368421, auroc: 0.8475870099624789
INFO:root:Train epoch 96, loss: 0.0231
INFO:root:Valid epoch 96 loss:0.46584837635358173, acc: 0.7736842105263158, auroc: 0.8584551688446111
INFO:root:Train epoch 97, loss: 0.0237
INFO:root:Valid epoch 97 loss:0.46055085957050323, acc: 0.7368421052631579, auroc: 0.8537326950446371
INFO:root:Train epoch 98, loss: 0.0223
INFO:root:Valid epoch 98 loss:0.4466482177376747, acc: 0.7684210526315789, auroc: 0.8460344158364601
INFO:root:Train epoch 99, loss: 0.0229
INFO:root:Valid epoch 99 loss:0.4769427701830864, acc: 0.7842105263157895, auroc: 0.8549618320610687
