INFO:root:all data: 949
INFO:root:train data: 759
INFO:root:test data: 190
INFO:root:Train epoch 0, loss: 0.5853
INFO:root:Valid epoch 0 loss:0.657613485992739, acc: 0.6894736842105263, auroc: 0.6643162116703325
INFO:root:Train epoch 1, loss: 0.5644
INFO:root:Valid epoch 1 loss:0.5867294010363127, acc: 0.6894736842105263, auroc: 0.7113468754043214
INFO:root:Train epoch 2, loss: 0.5446
INFO:root:Valid epoch 2 loss:0.5606059005778087, acc: 0.6894736842105263, auroc: 0.7357355414672014
INFO:root:Train epoch 3, loss: 0.5398
INFO:root:Valid epoch 3 loss:0.5462753293545622, acc: 0.7, auroc: 0.7370293699055506
INFO:root:Train epoch 4, loss: 0.5325
INFO:root:Valid epoch 4 loss:0.5471454752707168, acc: 0.7, auroc: 0.7411049294863501
INFO:root:Train epoch 5, loss: 0.5264
INFO:root:Valid epoch 5 loss:0.5372716819377322, acc: 0.7368421052631579, auroc: 0.750226419976711
INFO:root:Train epoch 6, loss: 0.5190
INFO:root:Valid epoch 6 loss:0.534100523453794, acc: 0.7421052631578947, auroc: 0.763035321516367
INFO:root:Train epoch 7, loss: 0.5127
INFO:root:Valid epoch 7 loss:0.5346698786279088, acc: 0.7157894736842105, auroc: 0.7578600077629706
INFO:root:Train epoch 8, loss: 0.5065
INFO:root:Valid epoch 8 loss:0.5092005066181484, acc: 0.7631578947368421, auroc: 0.785289170655971
INFO:root:Train epoch 9, loss: 0.4979
INFO:root:Valid epoch 9 loss:0.5137103610917142, acc: 0.7578947368421053, auroc: 0.7832190451546126
INFO:root:Train epoch 10, loss: 0.4950
INFO:root:Valid epoch 10 loss:0.5073245203024462, acc: 0.7263157894736842, auroc: 0.7802432397464096
INFO:root:Train epoch 11, loss: 0.4863
INFO:root:Valid epoch 11 loss:0.49580313405512194, acc: 0.7210526315789474, auroc: 0.7936343640833227
INFO:root:Train epoch 12, loss: 0.4700
INFO:root:Valid epoch 12 loss:0.5194895709521676, acc: 0.7157894736842105, auroc: 0.7833484279984475
INFO:root:Train epoch 13, loss: 0.4741
INFO:root:Valid epoch 13 loss:0.489904408186282, acc: 0.7421052631578947, auroc: 0.8012032604476647
INFO:root:Train epoch 14, loss: 0.4672
INFO:root:Valid epoch 14 loss:0.48396156044971, acc: 0.7, auroc: 0.8044378315435374
INFO:root:Train epoch 15, loss: 0.4629
INFO:root:Valid epoch 15 loss:0.48160289049050525, acc: 0.7526315789473684, auroc: 0.8074783283736577
INFO:root:Train epoch 16, loss: 0.4520
INFO:root:Valid epoch 16 loss:0.46942949416360963, acc: 0.7368421052631579, auroc: 0.8218398240393324
INFO:root:Train epoch 17, loss: 0.4464
INFO:root:Valid epoch 17 loss:0.46592030959252856, acc: 0.7421052631578947, auroc: 0.8330961314529692
INFO:root:Train epoch 18, loss: 0.4495
INFO:root:Valid epoch 18 loss:0.4858255195235343, acc: 0.7421052631578947, auroc: 0.8114891965325397
INFO:root:Train epoch 19, loss: 0.4438
INFO:root:Valid epoch 19 loss:0.4787746657752187, acc: 0.7157894736842105, auroc: 0.8107775908914477
INFO:root:Train epoch 20, loss: 0.4429
INFO:root:Valid epoch 20 loss:0.4780357743613422, acc: 0.7263157894736842, auroc: 0.8026264717298486
INFO:root:Train epoch 21, loss: 0.4395
INFO:root:Valid epoch 21 loss:0.4445992061329123, acc: 0.7421052631578947, auroc: 0.8346487255789883
INFO:root:Train epoch 22, loss: 0.4361
INFO:root:Valid epoch 22 loss:0.4668034875373307, acc: 0.7526315789473684, auroc: 0.8211282183982404
INFO:root:Train epoch 23, loss: 0.4355
INFO:root:Valid epoch 23 loss:0.46773149620030857, acc: 0.7315789473684211, auroc: 0.8200931556475611
INFO:root:Train epoch 24, loss: 0.4263
INFO:root:Valid epoch 24 loss:0.4707037621888479, acc: 0.7631578947368421, auroc: 0.8217104411954976
INFO:root:Train epoch 25, loss: 0.4230
INFO:root:Valid epoch 25 loss:0.4715483467940143, acc: 0.7421052631578947, auroc: 0.8171173502393583
INFO:root:Train epoch 26, loss: 0.4291
INFO:root:Valid epoch 26 loss:0.4613138563079318, acc: 0.7526315789473684, auroc: 0.8305084745762713
INFO:root:Train epoch 27, loss: 0.4198
INFO:root:Valid epoch 27 loss:0.46817434608727987, acc: 0.7473684210526316, auroc: 0.8256566179324623
INFO:root:Train epoch 28, loss: 0.4249
INFO:root:Valid epoch 28 loss:0.44329111007958233, acc: 0.7631578947368421, auroc: 0.8362660111269244
INFO:root:Train epoch 29, loss: 0.4254
INFO:root:Valid epoch 29 loss:0.47717599745833705, acc: 0.7526315789473684, auroc: 0.8291499547160046
INFO:root:Train epoch 30, loss: 0.4175
INFO:root:Valid epoch 30 loss:0.44072687419753304, acc: 0.7473684210526316, auroc: 0.8449346616638634
INFO:root:Train epoch 31, loss: 0.4315
INFO:root:Valid epoch 31 loss:0.4288349108111824, acc: 0.7789473684210526, auroc: 0.8483633070254885
INFO:root:Train epoch 32, loss: 0.4214
INFO:root:Valid epoch 32 loss:0.4748266313855741, acc: 0.7263157894736842, auroc: 0.8259153836201321
INFO:root:Train epoch 33, loss: 0.4116
INFO:root:Valid epoch 33 loss:0.5159225210238985, acc: 0.7210526315789474, auroc: 0.8178289558804503
INFO:root:Train epoch 34, loss: 0.4133
INFO:root:Valid epoch 34 loss:0.47723807329821283, acc: 0.7210526315789474, auroc: 0.8295381032475093
INFO:root:Train epoch 35, loss: 0.4111
INFO:root:Valid epoch 35 loss:0.46260316894254894, acc: 0.7684210526315789, auroc: 0.8420882390994955
INFO:root:Train epoch 36, loss: 0.4135
INFO:root:Valid epoch 36 loss:0.47196993751008687, acc: 0.7263157894736842, auroc: 0.826626989261224
INFO:root:Train epoch 37, loss: 0.4090
INFO:root:Valid epoch 37 loss:0.4303244250934241, acc: 0.7368421052631579, auroc: 0.8319316858584551
INFO:root:Train epoch 38, loss: 0.4219
INFO:root:Valid epoch 38 loss:0.4289022207217242, acc: 0.7789473684210526, auroc: 0.853991460732307
INFO:root:Train epoch 39, loss: 0.4114
INFO:root:Valid epoch 39 loss:0.46463198434472647, acc: 0.7263157894736842, auroc: 0.8351015655324103
INFO:root:Train epoch 40, loss: 0.4167
INFO:root:Valid epoch 40 loss:0.4379173902817121, acc: 0.7789473684210526, auroc: 0.8465519472117997
INFO:root:Train epoch 41, loss: 0.4026
INFO:root:Valid epoch 41 loss:0.479238605469417, acc: 0.7789473684210526, auroc: 0.8437055246474316
INFO:root:Train epoch 42, loss: 0.4072
INFO:root:Valid epoch 42 loss:0.4575311120356721, acc: 0.7315789473684211, auroc: 0.835036874110493
INFO:root:Train epoch 43, loss: 0.4097
INFO:root:Valid epoch 43 loss:0.4874327969646593, acc: 0.7578947368421053, auroc: 0.8374951481433562
INFO:root:Train epoch 44, loss: 0.4088
INFO:root:Valid epoch 44 loss:0.4685128916554803, acc: 0.7631578947368421, auroc: 0.8521801009186182
INFO:root:Train epoch 45, loss: 0.4042
INFO:root:Valid epoch 45 loss:0.44238835511418745, acc: 0.7631578947368421, auroc: 0.8583904774226938
INFO:root:Train epoch 46, loss: 0.4130
INFO:root:Valid epoch 46 loss:0.4524181145085382, acc: 0.7421052631578947, auroc: 0.8357484797515851
INFO:root:Train epoch 47, loss: 0.4080
INFO:root:Valid epoch 47 loss:0.43848428459924005, acc: 0.7473684210526316, auroc: 0.8542502264199767
INFO:root:Train epoch 48, loss: 0.4080
INFO:root:Valid epoch 48 loss:0.4515280707574567, acc: 0.7473684210526316, auroc: 0.8485573812912408
INFO:root:Train epoch 49, loss: 0.4048
INFO:root:Valid epoch 49 loss:0.4372876328095883, acc: 0.7526315789473684, auroc: 0.8433820675378445
INFO:root:Train epoch 50, loss: 0.4015
INFO:root:Valid epoch 50 loss:0.4371348096143217, acc: 0.7526315789473684, auroc: 0.8515331866994437
INFO:root:Train epoch 51, loss: 0.3967
INFO:root:Valid epoch 51 loss:0.43275677812465513, acc: 0.7631578947368421, auroc: 0.8627894941130806
INFO:root:Train epoch 52, loss: 0.3981
INFO:root:Valid epoch 52 loss:0.4362307091952648, acc: 0.7421052631578947, auroc: 0.848298615603571
INFO:root:Train epoch 53, loss: 0.3937
INFO:root:Valid epoch 53 loss:0.47626538844448846, acc: 0.7368421052631579, auroc: 0.8331608228748867
INFO:root:Train epoch 54, loss: 0.3960
INFO:root:Valid epoch 54 loss:0.4824384434060951, acc: 0.7421052631578947, auroc: 0.8460991072583777
INFO:root:Train epoch 55, loss: 0.4034
INFO:root:Valid epoch 55 loss:0.4399593616253098, acc: 0.7842105263157895, auroc: 0.8602018372363824
INFO:root:Train epoch 56, loss: 0.3997
INFO:root:Valid epoch 56 loss:0.46019400126578935, acc: 0.7526315789473684, auroc: 0.840600336395394
INFO:root:Train epoch 57, loss: 0.3908
INFO:root:Valid epoch 57 loss:0.4505408007877984, acc: 0.7526315789473684, auroc: 0.8552852891706559
INFO:root:Train epoch 58, loss: 0.3955
INFO:root:Valid epoch 58 loss:0.43635559734126983, acc: 0.7315789473684211, auroc: 0.8349721826885755
INFO:root:Train epoch 59, loss: 0.3964
INFO:root:Valid epoch 59 loss:0.4242964714782395, acc: 0.7526315789473684, auroc: 0.8472635528528917
INFO:root:Train epoch 60, loss: 0.3906
INFO:root:Valid epoch 60 loss:0.44923690892121226, acc: 0.7578947368421053, auroc: 0.8455168844611204
INFO:root:Train epoch 61, loss: 0.3927
INFO:root:Valid epoch 61 loss:0.42238353881522533, acc: 0.7526315789473684, auroc: 0.8596843058610428
INFO:root:Train epoch 62, loss: 0.3870
INFO:root:Valid epoch 62 loss:0.4362916444742208, acc: 0.7789473684210526, auroc: 0.8620131970500712
INFO:root:Train epoch 63, loss: 0.3926
INFO:root:Valid epoch 63 loss:0.42528950910636915, acc: 0.7736842105263158, auroc: 0.8661534480527882
INFO:root:Train epoch 64, loss: 0.3871
INFO:root:Valid epoch 64 loss:0.5038033046557084, acc: 0.7368421052631579, auroc: 0.8049553629188769
INFO:root:Train epoch 65, loss: 0.4014
INFO:root:Valid epoch 65 loss:0.4439928393558099, acc: 0.7789473684210526, auroc: 0.8607840600336395
INFO:root:Train epoch 66, loss: 0.3840
INFO:root:Valid epoch 66 loss:0.47657662215895585, acc: 0.7368421052631579, auroc: 0.8351015655324103
INFO:root:Train epoch 67, loss: 0.3922
INFO:root:Valid epoch 67 loss:0.4137652245859307, acc: 0.8, auroc: 0.8651183853021089
INFO:root:Train epoch 68, loss: 0.3903
INFO:root:Valid epoch 68 loss:0.471508161347102, acc: 0.7736842105263158, auroc: 0.8591667744857032
INFO:root:Train epoch 69, loss: 0.3858
INFO:root:Valid epoch 69 loss:0.44532245257187003, acc: 0.7684210526315789, auroc: 0.858131711735024
INFO:root:Train epoch 70, loss: 0.3840
INFO:root:Valid epoch 70 loss:0.437258764491911, acc: 0.7631578947368421, auroc: 0.8613662828308967
INFO:root:Train epoch 71, loss: 0.3985
INFO:root:Valid epoch 71 loss:0.4877736484593386, acc: 0.7526315789473684, auroc: 0.8492042955104154
INFO:root:Train epoch 72, loss: 0.3866
INFO:root:Valid epoch 72 loss:0.46460085563620684, acc: 0.7368421052631579, auroc: 0.8396299650666322
INFO:root:Train epoch 73, loss: 0.3889
INFO:root:Valid epoch 73 loss:0.4552387691223191, acc: 0.7684210526315789, auroc: 0.8392418165351274
INFO:root:Train epoch 74, loss: 0.3942
INFO:root:Valid epoch 74 loss:0.44966092972837074, acc: 0.7736842105263158, auroc: 0.8548324492172338
INFO:root:Train epoch 75, loss: 0.3816
INFO:root:Valid epoch 75 loss:0.4587414162390078, acc: 0.7578947368421053, auroc: 0.8564497347651701
INFO:root:Train epoch 76, loss: 0.3848
INFO:root:Valid epoch 76 loss:0.4396502206260741, acc: 0.7789473684210526, auroc: 0.8536680036227196
INFO:root:Train epoch 77, loss: 0.3803
INFO:root:Valid epoch 77 loss:0.48191261645445915, acc: 0.7421052631578947, auroc: 0.8456462673049554
INFO:root:Train epoch 78, loss: 0.3836
INFO:root:Valid epoch 78 loss:0.42392547240172607, acc: 0.7789473684210526, auroc: 0.8574847975158494
INFO:root:Train epoch 79, loss: 0.3763
INFO:root:Valid epoch 79 loss:0.44102099723557386, acc: 0.7473684210526316, auroc: 0.8563203519213353
INFO:root:Train epoch 80, loss: 0.3903
INFO:root:Valid epoch 80 loss:0.42673753270527603, acc: 0.7684210526315789, auroc: 0.8652477681459438
INFO:root:Train epoch 81, loss: 0.3834
INFO:root:Valid epoch 81 loss:0.44434485846961824, acc: 0.7631578947368421, auroc: 0.8522447923405356
INFO:root:Train epoch 82, loss: 0.3886
INFO:root:Valid epoch 82 loss:0.4466393712612435, acc: 0.7421052631578947, auroc: 0.8516625695432785
INFO:root:Train epoch 83, loss: 0.3780
INFO:root:Valid epoch 83 loss:0.505119761123415, acc: 0.7368421052631579, auroc: 0.8296674860913443
INFO:root:Train epoch 84, loss: 0.3855
INFO:root:Valid epoch 84 loss:0.45276334670045343, acc: 0.7789473684210526, auroc: 0.8496571354638376
INFO:root:Train epoch 85, loss: 0.3789
INFO:root:Valid epoch 85 loss:0.5031911450157813, acc: 0.7315789473684211, auroc: 0.8338724285159788
INFO:root:Train epoch 86, loss: 0.3740
INFO:root:Valid epoch 86 loss:0.46749568668668523, acc: 0.7526315789473684, auroc: 0.854703066373399
INFO:root:Train epoch 87, loss: 0.3722
INFO:root:Valid epoch 87 loss:0.4311593995169505, acc: 0.7421052631578947, auroc: 0.8574847975158495
INFO:root:Train epoch 88, loss: 0.3825
INFO:root:Valid epoch 88 loss:0.44081378404876126, acc: 0.7526315789473684, auroc: 0.8515331866994437
INFO:root:Train epoch 89, loss: 0.3726
INFO:root:Valid epoch 89 loss:0.470970010341097, acc: 0.7631578947368421, auroc: 0.8464872557898823
INFO:root:Train epoch 90, loss: 0.3772
INFO:root:Valid epoch 90 loss:0.4583961964524352, acc: 0.7526315789473684, auroc: 0.8433820675378444
INFO:root:Train epoch 91, loss: 0.3748
INFO:root:Valid epoch 91 loss:0.4598116438066044, acc: 0.7368421052631579, auroc: 0.8426057704748351
INFO:root:Train epoch 92, loss: 0.3742
INFO:root:Valid epoch 92 loss:0.450283520377842, acc: 0.7473684210526316, auroc: 0.8360719368611722
INFO:root:Train epoch 93, loss: 0.3788
INFO:root:Valid epoch 93 loss:0.43105360181279556, acc: 0.7789473684210526, auroc: 0.8627894941130806
