INFO:root:all data: 949
INFO:root:train data: 759
INFO:root:test data: 190
INFO:root:Train epoch 0, loss: 0.0025
INFO:root:Valid epoch 0 loss:0.6176617741584778, acc: 0.6894736842105263, auroc: 0.6389571742786906
INFO:root:Train epoch 1, loss: 0.0023
INFO:root:Valid epoch 1 loss:0.6381278038024902, acc: 0.6894736842105263, auroc: 0.6796480786647691
INFO:root:Train epoch 2, loss: 0.0023
INFO:root:Valid epoch 2 loss:0.6312322616577148, acc: 0.6894736842105263, auroc: 0.7060421788070902
INFO:root:Train epoch 3, loss: 0.0023
INFO:root:Valid epoch 3 loss:0.6152454018592834, acc: 0.6894736842105263, auroc: 0.6813300556346228
INFO:root:Train epoch 4, loss: 0.0023
INFO:root:Valid epoch 4 loss:0.6093848943710327, acc: 0.6894736842105263, auroc: 0.6764135075688963
INFO:root:Train epoch 5, loss: 0.0023
INFO:root:Valid epoch 5 loss:0.6059197783470154, acc: 0.6894736842105263, auroc: 0.6720144908785096
INFO:root:Train epoch 6, loss: 0.0023
INFO:root:Valid epoch 6 loss:0.6036767363548279, acc: 0.6894736842105263, auroc: 0.6739552335360331
INFO:root:Train epoch 7, loss: 0.0022
INFO:root:Valid epoch 7 loss:0.6035290956497192, acc: 0.6894736842105263, auroc: 0.6718851080346746
INFO:root:Train epoch 8, loss: 0.0022
INFO:root:Valid epoch 8 loss:0.5996447205543518, acc: 0.6894736842105263, auroc: 0.6712381938155001
INFO:root:Train epoch 9, loss: 0.0022
INFO:root:Valid epoch 9 loss:0.5931556820869446, acc: 0.6894736842105263, auroc: 0.6705912795963256
INFO:root:Train epoch 10, loss: 0.0022
INFO:root:Valid epoch 10 loss:0.5879721641540527, acc: 0.6894736842105263, auroc: 0.6724026394100142
INFO:root:Train epoch 11, loss: 0.0022
INFO:root:Valid epoch 11 loss:0.583990752696991, acc: 0.6894736842105263, auroc: 0.6731789364730236
INFO:root:Train epoch 12, loss: 0.0022
INFO:root:Valid epoch 12 loss:0.5802451372146606, acc: 0.6894736842105263, auroc: 0.6764135075688964
INFO:root:Train epoch 13, loss: 0.0021
INFO:root:Valid epoch 13 loss:0.5760213136672974, acc: 0.6894736842105263, auroc: 0.6806831414154483
INFO:root:Train epoch 14, loss: 0.0021
INFO:root:Valid epoch 14 loss:0.5725184679031372, acc: 0.7, auroc: 0.686052529434597
INFO:root:Train epoch 15, loss: 0.0021
INFO:root:Valid epoch 15 loss:0.570111870765686, acc: 0.7105263157894737, auroc: 0.6862466037003493
INFO:root:Train epoch 16, loss: 0.0021
INFO:root:Valid epoch 16 loss:0.5696750283241272, acc: 0.6894736842105263, auroc: 0.6905162375469013
INFO:root:Train epoch 17, loss: 0.0021
INFO:root:Valid epoch 17 loss:0.5653946995735168, acc: 0.7157894736842105, auroc: 0.696597231207142
INFO:root:Train epoch 18, loss: 0.0021
INFO:root:Valid epoch 18 loss:0.5630114674568176, acc: 0.7210526315789474, auroc: 0.7004140251002717
INFO:root:Train epoch 19, loss: 0.0021
INFO:root:Valid epoch 19 loss:0.5610480308532715, acc: 0.7, auroc: 0.7087592185276232
INFO:root:Train epoch 20, loss: 0.0021
INFO:root:Valid epoch 20 loss:0.561637818813324, acc: 0.7, auroc: 0.7167809548453875
INFO:root:Train epoch 21, loss: 0.0021
INFO:root:Valid epoch 21 loss:0.5574034452438354, acc: 0.7052631578947368, auroc: 0.7201449087850951
INFO:root:Train epoch 22, loss: 0.0021
INFO:root:Valid epoch 22 loss:0.555595874786377, acc: 0.7, auroc: 0.7236382455686377
INFO:root:Train epoch 23, loss: 0.0020
INFO:root:Valid epoch 23 loss:0.5582945942878723, acc: 0.7, auroc: 0.7248026911631518
INFO:root:Train epoch 24, loss: 0.0020
INFO:root:Valid epoch 24 loss:0.5515677332878113, acc: 0.7, auroc: 0.7277784965713546
INFO:root:Train epoch 25, loss: 0.0020
INFO:root:Valid epoch 25 loss:0.550663948059082, acc: 0.7210526315789474, auroc: 0.7323068961055764
INFO:root:Train epoch 26, loss: 0.0020
INFO:root:Valid epoch 26 loss:0.5511177182197571, acc: 0.6947368421052632, auroc: 0.7352827015137793
INFO:root:Train epoch 27, loss: 0.0020
INFO:root:Valid epoch 27 loss:0.5488536357879639, acc: 0.6947368421052632, auroc: 0.7385819640315694
INFO:root:Train epoch 28, loss: 0.0020
INFO:root:Valid epoch 28 loss:0.5451428294181824, acc: 0.7052631578947368, auroc: 0.7422693750808643
INFO:root:Train epoch 29, loss: 0.0020
INFO:root:Valid epoch 29 loss:0.5426069498062134, acc: 0.7, auroc: 0.7461508603959115
INFO:root:Train epoch 30, loss: 0.0020
INFO:root:Valid epoch 30 loss:0.5410504937171936, acc: 0.7, auroc: 0.7475740716780954
INFO:root:Train epoch 31, loss: 0.0020
INFO:root:Valid epoch 31 loss:0.5408793091773987, acc: 0.7, auroc: 0.7487385172726096
INFO:root:Train epoch 32, loss: 0.0020
INFO:root:Valid epoch 32 loss:0.5378561615943909, acc: 0.7157894736842105, auroc: 0.7526200025876568
INFO:root:Train epoch 33, loss: 0.0020
INFO:root:Valid epoch 33 loss:0.5355908870697021, acc: 0.7157894736842105, auroc: 0.7541725967136758
INFO:root:Train epoch 34, loss: 0.0020
INFO:root:Valid epoch 34 loss:0.5361732244491577, acc: 0.7, auroc: 0.7546901280890154
INFO:root:Train epoch 35, loss: 0.0020
INFO:root:Valid epoch 35 loss:0.5308791995048523, acc: 0.7157894736842105, auroc: 0.7585716134040627
INFO:root:Train epoch 36, loss: 0.0020
INFO:root:Valid epoch 36 loss:0.5289487838745117, acc: 0.7263157894736842, auroc: 0.7587009962478976
INFO:root:Train epoch 37, loss: 0.0020
INFO:root:Valid epoch 37 loss:0.5275702476501465, acc: 0.7157894736842105, auroc: 0.7599948246862466
INFO:root:Train epoch 38, loss: 0.0020
INFO:root:Valid epoch 38 loss:0.5310246348381042, acc: 0.7105263157894737, auroc: 0.7605123560615862
INFO:root:Train epoch 39, loss: 0.0019
INFO:root:Valid epoch 39 loss:0.5254092812538147, acc: 0.7473684210526316, auroc: 0.7634881614697892
INFO:root:Train epoch 40, loss: 0.0019
INFO:root:Valid epoch 40 loss:0.522713840007782, acc: 0.7263157894736842, auroc: 0.7671108810971666
INFO:root:Train epoch 41, loss: 0.0019
INFO:root:Valid epoch 41 loss:0.5253856182098389, acc: 0.7157894736842105, auroc: 0.7690516237546902
INFO:root:Train epoch 42, loss: 0.0019
INFO:root:Valid epoch 42 loss:0.5192534327507019, acc: 0.7263157894736842, auroc: 0.7715098977875533
INFO:root:Train epoch 43, loss: 0.0019
INFO:root:Valid epoch 43 loss:0.5171376466751099, acc: 0.7263157894736842, auroc: 0.776297063009445
INFO:root:Train epoch 44, loss: 0.0019
INFO:root:Valid epoch 44 loss:0.5158549547195435, acc: 0.7315789473684211, auroc: 0.7773321257601241
INFO:root:Train epoch 45, loss: 0.0019
INFO:root:Valid epoch 45 loss:0.5138041973114014, acc: 0.7315789473684211, auroc: 0.7790141027299781
INFO:root:Train epoch 46, loss: 0.0019
INFO:root:Valid epoch 46 loss:0.5134971141815186, acc: 0.7315789473684211, auroc: 0.7804373140121621
INFO:root:Train epoch 47, loss: 0.0019
INFO:root:Valid epoch 47 loss:0.5115320086479187, acc: 0.7263157894736842, auroc: 0.7819899081381809
INFO:root:Train epoch 48, loss: 0.0019
INFO:root:Valid epoch 48 loss:0.5110862851142883, acc: 0.7315789473684211, auroc: 0.7825074395135205
INFO:root:Train epoch 49, loss: 0.0019
INFO:root:Valid epoch 49 loss:0.5085387229919434, acc: 0.7263157894736842, auroc: 0.7836718851080348
INFO:root:Train epoch 50, loss: 0.0019
INFO:root:Valid epoch 50 loss:0.5077271461486816, acc: 0.7263157894736842, auroc: 0.7850950963902187
INFO:root:Train epoch 51, loss: 0.0019
INFO:root:Valid epoch 51 loss:0.5056811571121216, acc: 0.7263157894736842, auroc: 0.785289170655971
INFO:root:Train epoch 52, loss: 0.0019
INFO:root:Valid epoch 52 loss:0.5046405792236328, acc: 0.7263157894736842, auroc: 0.7858713934532281
INFO:root:Train epoch 53, loss: 0.0018
INFO:root:Valid epoch 53 loss:0.5033069252967834, acc: 0.7210526315789474, auroc: 0.7852244792340535
INFO:root:Train epoch 54, loss: 0.0018
INFO:root:Valid epoch 54 loss:0.5046989321708679, acc: 0.7157894736842105, auroc: 0.7860654677189804
INFO:root:Train epoch 55, loss: 0.0018
INFO:root:Valid epoch 55 loss:0.5007917881011963, acc: 0.7263157894736842, auroc: 0.7883943589080087
INFO:root:Train epoch 56, loss: 0.0018
INFO:root:Valid epoch 56 loss:0.500306248664856, acc: 0.7210526315789474, auroc: 0.7888471988614311
INFO:root:Train epoch 57, loss: 0.0018
INFO:root:Valid epoch 57 loss:0.499917209148407, acc: 0.7210526315789474, auroc: 0.7861301591408978
INFO:root:Train epoch 58, loss: 0.0018
INFO:root:Valid epoch 58 loss:0.49792465567588806, acc: 0.7157894736842105, auroc: 0.7891706559710181
INFO:root:Train epoch 59, loss: 0.0018
INFO:root:Valid epoch 59 loss:0.4965694546699524, acc: 0.7210526315789474, auroc: 0.7905291758312848
INFO:root:Train epoch 60, loss: 0.0018
INFO:root:Valid epoch 60 loss:0.4955683648586273, acc: 0.7210526315789474, auroc: 0.7906585586751197
INFO:root:Train epoch 61, loss: 0.0018
INFO:root:Valid epoch 61 loss:0.49713757634162903, acc: 0.7105263157894737, auroc: 0.7936343640833226
INFO:root:Train epoch 62, loss: 0.0018
INFO:root:Valid epoch 62 loss:0.4947519898414612, acc: 0.7473684210526316, auroc: 0.7975805408202872
INFO:root:Train epoch 63, loss: 0.0018
INFO:root:Valid epoch 63 loss:0.4953538179397583, acc: 0.7157894736842105, auroc: 0.7991978263682236
INFO:root:Train epoch 64, loss: 0.0018
INFO:root:Valid epoch 64 loss:0.49075186252593994, acc: 0.7263157894736842, auroc: 0.8006210376504075
INFO:root:Train epoch 65, loss: 0.0018
INFO:root:Valid epoch 65 loss:0.4941093325614929, acc: 0.7157894736842105, auroc: 0.8023030146202613
INFO:root:Train epoch 66, loss: 0.0018
INFO:root:Valid epoch 66 loss:0.4891640543937683, acc: 0.7315789473684211, auroc: 0.8043084486997023
INFO:root:Train epoch 67, loss: 0.0018
INFO:root:Valid epoch 67 loss:0.48941874504089355, acc: 0.7157894736842105, auroc: 0.8067020313106482
INFO:root:Train epoch 68, loss: 0.0018
INFO:root:Valid epoch 68 loss:0.48641887307167053, acc: 0.7157894736842105, auroc: 0.8061844999353086
INFO:root:Train epoch 69, loss: 0.0017
INFO:root:Valid epoch 69 loss:0.4868197441101074, acc: 0.7157894736842105, auroc: 0.8072195626859878
INFO:root:Train epoch 70, loss: 0.0017
INFO:root:Valid epoch 70 loss:0.48411375284194946, acc: 0.7315789473684211, auroc: 0.8116185793763746
INFO:root:Train epoch 71, loss: 0.0017
INFO:root:Valid epoch 71 loss:0.4839157462120056, acc: 0.7157894736842105, auroc: 0.8122654935955493
INFO:root:Train epoch 72, loss: 0.0017
INFO:root:Valid epoch 72 loss:0.4813830852508545, acc: 0.7368421052631579, auroc: 0.8157588303790917
INFO:root:Train epoch 73, loss: 0.0017
INFO:root:Valid epoch 73 loss:0.4823736548423767, acc: 0.7157894736842105, auroc: 0.8118773450640445
INFO:root:Train epoch 74, loss: 0.0017
INFO:root:Valid epoch 74 loss:0.47891366481781006, acc: 0.7631578947368421, auroc: 0.8151119161599172
INFO:root:Train epoch 75, loss: 0.0017
INFO:root:Valid epoch 75 loss:0.4777391254901886, acc: 0.7368421052631579, auroc: 0.8191874757407168
INFO:root:Train epoch 76, loss: 0.0017
INFO:root:Valid epoch 76 loss:0.4812403619289398, acc: 0.7105263157894737, auroc: 0.8170526588174408
INFO:root:Train epoch 77, loss: 0.0017
INFO:root:Valid epoch 77 loss:0.47529274225234985, acc: 0.7736842105263158, auroc: 0.8176995730366153
INFO:root:Train epoch 78, loss: 0.0017
INFO:root:Valid epoch 78 loss:0.4722253382205963, acc: 0.7368421052631579, auroc: 0.8188640186311296
INFO:root:Train epoch 79, loss: 0.0017
INFO:root:Valid epoch 79 loss:0.4729176163673401, acc: 0.7210526315789474, auroc: 0.8198990813818088
INFO:root:Train epoch 80, loss: 0.0017
INFO:root:Valid epoch 80 loss:0.47139620780944824, acc: 0.7421052631578947, auroc: 0.8208047612886532
INFO:root:Train epoch 81, loss: 0.0017
INFO:root:Valid epoch 81 loss:0.4700486361980438, acc: 0.7473684210526316, auroc: 0.8217104411954974
INFO:root:Train epoch 82, loss: 0.0017
INFO:root:Valid epoch 82 loss:0.47430628538131714, acc: 0.7210526315789474, auroc: 0.824362789494113
INFO:root:Train epoch 83, loss: 0.0017
INFO:root:Valid epoch 83 loss:0.46924206614494324, acc: 0.7526315789473684, auroc: 0.8242980980721956
INFO:root:Train epoch 84, loss: 0.0017
INFO:root:Valid epoch 84 loss:0.475479394197464, acc: 0.7157894736842105, auroc: 0.8224867382585068
INFO:root:Train epoch 85, loss: 0.0017
INFO:root:Valid epoch 85 loss:0.4732590615749359, acc: 0.7789473684210526, auroc: 0.8264329149954716
INFO:root:Train epoch 86, loss: 0.0017
INFO:root:Valid epoch 86 loss:0.4819188714027405, acc: 0.7157894736842105, auroc: 0.8249450122913702
INFO:root:Train epoch 87, loss: 0.0017
INFO:root:Valid epoch 87 loss:0.4769385755062103, acc: 0.7578947368421053, auroc: 0.8284383490749126
INFO:root:Train epoch 88, loss: 0.0017
INFO:root:Valid epoch 88 loss:0.4634561538696289, acc: 0.7210526315789474, auroc: 0.8319963772803726
INFO:root:Train epoch 89, loss: 0.0016
INFO:root:Valid epoch 89 loss:0.46546903252601624, acc: 0.7789473684210526, auroc: 0.83206106870229
INFO:root:Train epoch 90, loss: 0.0016
INFO:root:Valid epoch 90 loss:0.4677290618419647, acc: 0.7157894736842105, auroc: 0.8325786000776297
INFO:root:Train epoch 91, loss: 0.0016
INFO:root:Valid epoch 91 loss:0.4602334797382355, acc: 0.7526315789473684, auroc: 0.833484279984474
INFO:root:Train epoch 92, loss: 0.0016
INFO:root:Valid epoch 92 loss:0.4599863290786743, acc: 0.7157894736842105, auroc: 0.8320610687022901
INFO:root:Train epoch 93, loss: 0.0016
INFO:root:Valid epoch 93 loss:0.4586687684059143, acc: 0.7526315789473684, auroc: 0.833484279984474
INFO:root:Train epoch 94, loss: 0.0016
INFO:root:Valid epoch 94 loss:0.45799148082733154, acc: 0.7263157894736842, auroc: 0.834907491266658
INFO:root:Train epoch 95, loss: 0.0016
INFO:root:Valid epoch 95 loss:0.45651739835739136, acc: 0.7526315789473684, auroc: 0.8381420623625306
INFO:root:Train epoch 96, loss: 0.0016
INFO:root:Valid epoch 96 loss:0.45573779940605164, acc: 0.7526315789473684, auroc: 0.835748479751585
INFO:root:Train epoch 97, loss: 0.0016
INFO:root:Valid epoch 97 loss:0.456374853849411, acc: 0.7789473684210526, auroc: 0.8369776167680166
INFO:root:Train epoch 98, loss: 0.0016
INFO:root:Valid epoch 98 loss:0.4538286328315735, acc: 0.7578947368421053, auroc: 0.835748479751585
INFO:root:Train epoch 99, loss: 0.0016
INFO:root:Valid epoch 99 loss:0.45587828755378723, acc: 0.7157894736842105, auroc: 0.8351662569543279
INFO:root:Train epoch 100, loss: 0.0016
INFO:root:Valid epoch 100 loss:0.45120057463645935, acc: 0.7526315789473684, auroc: 0.8380773709406133
INFO:root:Train epoch 101, loss: 0.0016
INFO:root:Valid epoch 101 loss:0.46025052666664124, acc: 0.7210526315789474, auroc: 0.8360719368611723
INFO:root:Train epoch 102, loss: 0.0016
INFO:root:Valid epoch 102 loss:0.4541527330875397, acc: 0.7684210526315789, auroc: 0.8357484797515848
INFO:root:Train epoch 103, loss: 0.0016
INFO:root:Valid epoch 103 loss:0.4522937834262848, acc: 0.7263157894736842, auroc: 0.8389183594255402
INFO:root:Train epoch 104, loss: 0.0016
INFO:root:Valid epoch 104 loss:0.4505217373371124, acc: 0.7578947368421053, auroc: 0.8396946564885497
INFO:root:Train epoch 105, loss: 0.0016
INFO:root:Valid epoch 105 loss:0.4515380561351776, acc: 0.7789473684210526, auroc: 0.8387242851597878
INFO:root:Train epoch 106, loss: 0.0016
INFO:root:Valid epoch 106 loss:0.4489198923110962, acc: 0.7315789473684211, auroc: 0.837042308189934
INFO:root:Train epoch 107, loss: 0.0016
INFO:root:Valid epoch 107 loss:0.44886651635169983, acc: 0.7263157894736842, auroc: 0.8400828050200543
INFO:root:Train epoch 108, loss: 0.0016
INFO:root:Valid epoch 108 loss:0.4467461109161377, acc: 0.7526315789473684, auroc: 0.8411178677707336
INFO:root:Train epoch 109, loss: 0.0016
INFO:root:Valid epoch 109 loss:0.44689130783081055, acc: 0.7263157894736842, auroc: 0.8416353991460732
INFO:root:Train epoch 110, loss: 0.0016
INFO:root:Valid epoch 110 loss:0.4500860869884491, acc: 0.7684210526315789, auroc: 0.8431233018501746
INFO:root:Train epoch 111, loss: 0.0016
INFO:root:Valid epoch 111 loss:0.45183855295181274, acc: 0.7315789473684211, auroc: 0.8404709535515591
INFO:root:Train epoch 112, loss: 0.0016
INFO:root:Valid epoch 112 loss:0.45252054929733276, acc: 0.7684210526315789, auroc: 0.8369129253460991
INFO:root:Train epoch 113, loss: 0.0016
INFO:root:Valid epoch 113 loss:0.4482986032962799, acc: 0.7263157894736842, auroc: 0.8404062621296416
INFO:root:Train epoch 114, loss: 0.0016
INFO:root:Valid epoch 114 loss:0.4440709054470062, acc: 0.7578947368421053, auroc: 0.8414413248803209
INFO:root:Train epoch 115, loss: 0.0016
INFO:root:Valid epoch 115 loss:0.4430076479911804, acc: 0.7578947368421053, auroc: 0.8433173761159269
INFO:root:Train epoch 116, loss: 0.0016
INFO:root:Valid epoch 116 loss:0.4464292824268341, acc: 0.7315789473684211, auroc: 0.8446112045542761
INFO:root:Train epoch 117, loss: 0.0016
INFO:root:Valid epoch 117 loss:0.44510939717292786, acc: 0.7473684210526316, auroc: 0.8409237935049811
INFO:root:Train epoch 118, loss: 0.0016
INFO:root:Valid epoch 118 loss:0.44851720333099365, acc: 0.7210526315789474, auroc: 0.8424116962090826
INFO:root:Train epoch 119, loss: 0.0016
INFO:root:Valid epoch 119 loss:0.442153662443161, acc: 0.7578947368421053, auroc: 0.8451934273515331
INFO:root:Train epoch 120, loss: 0.0016
INFO:root:Valid epoch 120 loss:0.44404444098472595, acc: 0.7789473684210526, auroc: 0.8470694785871393
INFO:root:Train epoch 121, loss: 0.0016
INFO:root:Valid epoch 121 loss:0.44535040855407715, acc: 0.7473684210526316, auroc: 0.8437055246474318
INFO:root:Train epoch 122, loss: 0.0016
INFO:root:Valid epoch 122 loss:0.44489985704421997, acc: 0.7684210526315789, auroc: 0.8411825591926511
INFO:root:Train epoch 123, loss: 0.0016
INFO:root:Valid epoch 123 loss:0.44142231345176697, acc: 0.7421052631578947, auroc: 0.8411178677707336
INFO:root:Train epoch 124, loss: 0.0016
INFO:root:Valid epoch 124 loss:0.4412009119987488, acc: 0.7473684210526316, auroc: 0.8399534221762194
INFO:root:Train epoch 125, loss: 0.0016
INFO:root:Valid epoch 125 loss:0.43946853280067444, acc: 0.7578947368421053, auroc: 0.8451287359296158
INFO:root:Train epoch 126, loss: 0.0016
INFO:root:Valid epoch 126 loss:0.4427891671657562, acc: 0.7684210526315789, auroc: 0.8437702160693491
INFO:root:Train epoch 127, loss: 0.0015
INFO:root:Valid epoch 127 loss:0.4477432370185852, acc: 0.7263157894736842, auroc: 0.8457109587268727
INFO:root:Train epoch 128, loss: 0.0016
INFO:root:Valid epoch 128 loss:0.44360846281051636, acc: 0.7684210526315789, auroc: 0.8408591020830638
INFO:root:Train epoch 129, loss: 0.0016
INFO:root:Valid epoch 129 loss:0.4448930025100708, acc: 0.7263157894736842, auroc: 0.8462931815241298
INFO:root:Train epoch 130, loss: 0.0016
INFO:root:Valid epoch 130 loss:0.4407206177711487, acc: 0.7684210526315789, auroc: 0.8467460214775521
INFO:root:Train epoch 131, loss: 0.0015
INFO:root:Valid epoch 131 loss:0.43931257724761963, acc: 0.7526315789473684, auroc: 0.8457109587268729
INFO:root:Train epoch 132, loss: 0.0015
INFO:root:Valid epoch 132 loss:0.43845221400260925, acc: 0.7578947368421053, auroc: 0.8429292275844222
INFO:root:Train epoch 133, loss: 0.0015
INFO:root:Valid epoch 133 loss:0.4400211572647095, acc: 0.7473684210526316, auroc: 0.847457627118644
INFO:root:Train epoch 134, loss: 0.0016
INFO:root:Valid epoch 134 loss:0.43683359026908875, acc: 0.7789473684210526, auroc: 0.8486220727131581
INFO:root:Train epoch 135, loss: 0.0015
INFO:root:Valid epoch 135 loss:0.4379778802394867, acc: 0.7526315789473684, auroc: 0.8478457756501488
INFO:root:Train epoch 136, loss: 0.0015
INFO:root:Valid epoch 136 loss:0.4367447793483734, acc: 0.7578947368421053, auroc: 0.8460991072583776
INFO:root:Train epoch 137, loss: 0.0015
INFO:root:Valid epoch 137 loss:0.4362564980983734, acc: 0.7684210526315789, auroc: 0.8455168844611205
INFO:root:Train epoch 138, loss: 0.0016
INFO:root:Valid epoch 138 loss:0.4374653100967407, acc: 0.7368421052631579, auroc: 0.8512097295898563
INFO:root:Train epoch 139, loss: 0.0016
INFO:root:Valid epoch 139 loss:0.4365118741989136, acc: 0.7684210526315789, auroc: 0.8517272609651961
INFO:root:Train epoch 140, loss: 0.0015
INFO:root:Valid epoch 140 loss:0.43650344014167786, acc: 0.7526315789473684, auroc: 0.8543796092638116
INFO:root:Train epoch 141, loss: 0.0015
INFO:root:Valid epoch 141 loss:0.4354473650455475, acc: 0.7684210526315789, auroc: 0.8500452839953423
INFO:root:Train epoch 142, loss: 0.0015
INFO:root:Valid epoch 142 loss:0.43461692333221436, acc: 0.7684210526315789, auroc: 0.8491396040884979
INFO:root:Train epoch 143, loss: 0.0015
INFO:root:Valid epoch 143 loss:0.433902382850647, acc: 0.7684210526315789, auroc: 0.85315047224738
INFO:root:Train epoch 144, loss: 0.0015
INFO:root:Valid epoch 144 loss:0.4319523572921753, acc: 0.7578947368421053, auroc: 0.8581964031569413
INFO:root:Train epoch 145, loss: 0.0015
INFO:root:Valid epoch 145 loss:0.4334035813808441, acc: 0.7894736842105263, auroc: 0.8536680036227197
INFO:root:Train epoch 146, loss: 0.0015
INFO:root:Valid epoch 146 loss:0.4351361393928528, acc: 0.7578947368421053, auroc: 0.850886272480269
INFO:root:Train epoch 147, loss: 0.0015
INFO:root:Valid epoch 147 loss:0.43233630061149597, acc: 0.7684210526315789, auroc: 0.8481692327597361
INFO:root:Train epoch 148, loss: 0.0015
INFO:root:Valid epoch 148 loss:0.43232858180999756, acc: 0.7631578947368421, auroc: 0.8535386207788848
INFO:root:Train epoch 149, loss: 0.0015
INFO:root:Valid epoch 149 loss:0.4317036271095276, acc: 0.7736842105263158, auroc: 0.8580023288911891
INFO:root:Train epoch 150, loss: 0.0015
INFO:root:Valid epoch 150 loss:0.43311017751693726, acc: 0.7578947368421053, auroc: 0.8570319575624271
INFO:root:Train epoch 151, loss: 0.0015
INFO:root:Valid epoch 151 loss:0.4325699508190155, acc: 0.7631578947368421, auroc: 0.8509509639021866
INFO:root:Train epoch 152, loss: 0.0015
INFO:root:Valid epoch 152 loss:0.43315908312797546, acc: 0.7526315789473684, auroc: 0.858131711735024
INFO:root:Train epoch 153, loss: 0.0015
INFO:root:Valid epoch 153 loss:0.4319523870944977, acc: 0.7684210526315789, auroc: 0.8597489972829603
INFO:root:Train epoch 154, loss: 0.0015
INFO:root:Valid epoch 154 loss:0.4305185377597809, acc: 0.7736842105263158, auroc: 0.858843317376116
INFO:root:Train epoch 155, loss: 0.0016
INFO:root:Valid epoch 155 loss:0.43041160702705383, acc: 0.7789473684210526, auroc: 0.8593608487514555
INFO:root:Train epoch 156, loss: 0.0016
INFO:root:Valid epoch 156 loss:0.4319995939731598, acc: 0.7578947368421053, auroc: 0.8568378832966749
INFO:root:Train epoch 157, loss: 0.0016
INFO:root:Valid epoch 157 loss:0.43288639187812805, acc: 0.7526315789473684, auroc: 0.8580670203131064
INFO:root:Train epoch 158, loss: 0.0016
INFO:root:Valid epoch 158 loss:0.4337805509567261, acc: 0.7789473684210526, auroc: 0.8539267693103894
INFO:root:Train epoch 159, loss: 0.0015
INFO:root:Valid epoch 159 loss:0.44255945086479187, acc: 0.7368421052631579, auroc: 0.8602665286583
INFO:root:Train epoch 160, loss: 0.0015
INFO:root:Valid epoch 160 loss:0.44067245721817017, acc: 0.7684210526315789, auroc: 0.8539914607323069
INFO:root:Train epoch 161, loss: 0.0015
INFO:root:Valid epoch 161 loss:0.4361592233181, acc: 0.7473684210526316, auroc: 0.8550265234829861
INFO:root:Train epoch 162, loss: 0.0015
INFO:root:Valid epoch 162 loss:0.4339487850666046, acc: 0.7684210526315789, auroc: 0.8539267693103895
INFO:root:Train epoch 163, loss: 0.0015
INFO:root:Valid epoch 163 loss:0.43396514654159546, acc: 0.7526315789473684, auroc: 0.857290723250097
INFO:root:Train epoch 164, loss: 0.0015
INFO:root:Valid epoch 164 loss:0.4318813383579254, acc: 0.7526315789473684, auroc: 0.8596196144391254
INFO:root:Train epoch 165, loss: 0.0015
INFO:root:Valid epoch 165 loss:0.4344402849674225, acc: 0.7789473684210526, auroc: 0.855414672014491
INFO:root:Train epoch 166, loss: 0.0015
INFO:root:Valid epoch 166 loss:0.4396733343601227, acc: 0.7368421052631579, auroc: 0.8602018372363825
INFO:root:Train epoch 167, loss: 0.0015
INFO:root:Valid epoch 167 loss:0.4434327781200409, acc: 0.7736842105263158, auroc: 0.8557381291240782
INFO:root:Train epoch 168, loss: 0.0015
INFO:root:Valid epoch 168 loss:0.430986613035202, acc: 0.7526315789473684, auroc: 0.8597489972829603
INFO:root:Train epoch 169, loss: 0.0015
INFO:root:Valid epoch 169 loss:0.4283874034881592, acc: 0.7736842105263158, auroc: 0.8579376374692717
INFO:root:Train epoch 170, loss: 0.0015
INFO:root:Valid epoch 170 loss:0.4285123348236084, acc: 0.7736842105263158, auroc: 0.8563850433432527
INFO:root:Train epoch 171, loss: 0.0015
INFO:root:Valid epoch 171 loss:0.4321654438972473, acc: 0.7421052631578947, auroc: 0.8569672661405099
INFO:root:Train epoch 172, loss: 0.0015
INFO:root:Valid epoch 172 loss:0.433571994304657, acc: 0.7894736842105263, auroc: 0.8564497347651702
INFO:root:Train epoch 173, loss: 0.0015
INFO:root:Valid epoch 173 loss:0.4303986132144928, acc: 0.7526315789473684, auroc: 0.8591667744857032
INFO:root:Train epoch 174, loss: 0.0015
INFO:root:Valid epoch 174 loss:0.4304705262184143, acc: 0.7842105263157895, auroc: 0.858002328891189
INFO:root:Train epoch 175, loss: 0.0015
INFO:root:Valid epoch 175 loss:0.4273810088634491, acc: 0.7578947368421053, auroc: 0.8606546771898046
INFO:root:Train epoch 176, loss: 0.0015
INFO:root:Valid epoch 176 loss:0.4286535978317261, acc: 0.7736842105263158, auroc: 0.8583257860007762
INFO:root:Train epoch 177, loss: 0.0015
INFO:root:Valid epoch 177 loss:0.4320725202560425, acc: 0.7894736842105263, auroc: 0.8583904774226937
INFO:root:Train epoch 178, loss: 0.0015
INFO:root:Valid epoch 178 loss:0.4289266765117645, acc: 0.7526315789473684, auroc: 0.8612368999870618
INFO:root:Train epoch 179, loss: 0.0015
INFO:root:Valid epoch 179 loss:0.4269139766693115, acc: 0.7736842105263158, auroc: 0.8621425798939061
INFO:root:Train epoch 180, loss: 0.0015
INFO:root:Valid epoch 180 loss:0.42821910977363586, acc: 0.7631578947368421, auroc: 0.8567731918747574
INFO:root:Train epoch 181, loss: 0.0015
INFO:root:Valid epoch 181 loss:0.42701393365859985, acc: 0.7736842105263158, auroc: 0.8584551688446113
INFO:root:Train epoch 182, loss: 0.0015
INFO:root:Valid epoch 182 loss:0.4258681833744049, acc: 0.7736842105263158, auroc: 0.8571613404062622
INFO:root:Train epoch 183, loss: 0.0015
INFO:root:Valid epoch 183 loss:0.42515814304351807, acc: 0.7736842105263158, auroc: 0.8589727002199509
INFO:root:Train epoch 184, loss: 0.0015
INFO:root:Valid epoch 184 loss:0.425436407327652, acc: 0.7736842105263158, auroc: 0.8609134428774744
INFO:root:Train epoch 185, loss: 0.0015
INFO:root:Valid epoch 185 loss:0.4269210398197174, acc: 0.7578947368421053, auroc: 0.8635010997541726
INFO:root:Train epoch 186, loss: 0.0015
INFO:root:Valid epoch 186 loss:0.42844653129577637, acc: 0.7894736842105263, auroc: 0.8609781342993919
INFO:root:Train epoch 187, loss: 0.0015
INFO:root:Valid epoch 187 loss:0.4325009882450104, acc: 0.7421052631578947, auroc: 0.8555440548583259
INFO:root:Train epoch 188, loss: 0.0015
INFO:root:Valid epoch 188 loss:0.4298560321331024, acc: 0.7894736842105263, auroc: 0.8593608487514556
INFO:root:Train epoch 189, loss: 0.0015
INFO:root:Valid epoch 189 loss:0.4291445314884186, acc: 0.7473684210526316, auroc: 0.8602665286582999
INFO:root:Train epoch 190, loss: 0.0015
INFO:root:Valid epoch 190 loss:0.4277746379375458, acc: 0.7578947368421053, auroc: 0.8603959115021348
INFO:root:Train epoch 191, loss: 0.0015
INFO:root:Valid epoch 191 loss:0.4294068515300751, acc: 0.7526315789473684, auroc: 0.860719368611722
INFO:root:Train epoch 192, loss: 0.0015
INFO:root:Valid epoch 192 loss:0.42836207151412964, acc: 0.7789473684210526, auroc: 0.8611722085651442
INFO:root:Train epoch 193, loss: 0.0015
INFO:root:Valid epoch 193 loss:0.42915818095207214, acc: 0.7578947368421053, auroc: 0.8634364083322552
INFO:root:Train epoch 194, loss: 0.0015
INFO:root:Valid epoch 194 loss:0.4256608188152313, acc: 0.7894736842105263, auroc: 0.860137145814465
INFO:root:Train epoch 195, loss: 0.0015
INFO:root:Valid epoch 195 loss:0.4267723858356476, acc: 0.7578947368421053, auroc: 0.8612368999870618
INFO:root:Train epoch 196, loss: 0.0015
INFO:root:Valid epoch 196 loss:0.42819714546203613, acc: 0.7736842105263158, auroc: 0.8609134428774744
INFO:root:Train epoch 197, loss: 0.0015
INFO:root:Valid epoch 197 loss:0.4256727993488312, acc: 0.7631578947368421, auroc: 0.8613015914089791
INFO:root:Train epoch 198, loss: 0.0015
INFO:root:Valid epoch 198 loss:0.4267408549785614, acc: 0.7736842105263158, auroc: 0.8616250485185664
INFO:root:Train epoch 199, loss: 0.0015
INFO:root:Valid epoch 199 loss:0.42586758732795715, acc: 0.7578947368421053, auroc: 0.8634364083322552
INFO:root:Train epoch 200, loss: 0.0015
INFO:root:Valid epoch 200 loss:0.4251515567302704, acc: 0.7894736842105263, auroc: 0.8622072713158235
INFO:root:Train epoch 201, loss: 0.0015
INFO:root:Valid epoch 201 loss:0.4255203306674957, acc: 0.7578947368421053, auroc: 0.8629835683788329
INFO:root:Train epoch 202, loss: 0.0015
INFO:root:Valid epoch 202 loss:0.42510685324668884, acc: 0.7684210526315789, auroc: 0.861560357096649
INFO:root:Train epoch 203, loss: 0.0015
INFO:root:Valid epoch 203 loss:0.4250100255012512, acc: 0.7684210526315789, auroc: 0.8612368999870618
INFO:root:Train epoch 204, loss: 0.0015
INFO:root:Valid epoch 204 loss:0.425588995218277, acc: 0.7736842105263158, auroc: 0.8612368999870618
INFO:root:Train epoch 205, loss: 0.0015
INFO:root:Valid epoch 205 loss:0.4272264242172241, acc: 0.7684210526315789, auroc: 0.8627248026911631
INFO:root:Train epoch 206, loss: 0.0014
INFO:root:Valid epoch 206 loss:0.42732667922973633, acc: 0.7684210526315789, auroc: 0.8613662828308967
INFO:root:Train epoch 207, loss: 0.0015
INFO:root:Valid epoch 207 loss:0.42733466625213623, acc: 0.7526315789473684, auroc: 0.8629835683788329
INFO:root:Train epoch 208, loss: 0.0015
INFO:root:Valid epoch 208 loss:0.4256651699542999, acc: 0.7894736842105263, auroc: 0.8623366541596584
INFO:root:Train epoch 209, loss: 0.0015
INFO:root:Valid epoch 209 loss:0.424919456243515, acc: 0.7842105263157895, auroc: 0.8620778884719886
INFO:root:Train epoch 210, loss: 0.0015
INFO:root:Valid epoch 210 loss:0.42543068528175354, acc: 0.7684210526315789, auroc: 0.8622072713158235
INFO:root:Train epoch 211, loss: 0.0014
INFO:root:Valid epoch 211 loss:0.4267173111438751, acc: 0.7684210526315789, auroc: 0.8597489972829603
INFO:root:Train epoch 212, loss: 0.0014
INFO:root:Valid epoch 212 loss:0.4247305989265442, acc: 0.7684210526315789, auroc: 0.8622072713158234
INFO:root:Train epoch 213, loss: 0.0014
INFO:root:Valid epoch 213 loss:0.4248217046260834, acc: 0.7578947368421053, auroc: 0.8627248026911631
INFO:root:Train epoch 214, loss: 0.0014
INFO:root:Valid epoch 214 loss:0.4247688353061676, acc: 0.7894736842105263, auroc: 0.862983568378833
INFO:root:Train epoch 215, loss: 0.0014
INFO:root:Valid epoch 215 loss:0.42541027069091797, acc: 0.7578947368421053, auroc: 0.8623366541596584
INFO:root:Train epoch 216, loss: 0.0014
INFO:root:Valid epoch 216 loss:0.4258566200733185, acc: 0.7684210526315789, auroc: 0.8615603570966491
INFO:root:Train epoch 217, loss: 0.0014
INFO:root:Valid epoch 217 loss:0.42551738023757935, acc: 0.7684210526315789, auroc: 0.8640833225514297
INFO:root:Train epoch 218, loss: 0.0015
INFO:root:Valid epoch 218 loss:0.42418232560157776, acc: 0.7894736842105263, auroc: 0.8635657911760901
INFO:root:Train epoch 219, loss: 0.0015
INFO:root:Valid epoch 219 loss:0.42293789982795715, acc: 0.7684210526315789, auroc: 0.8631129512226678
INFO:root:Train epoch 220, loss: 0.0014
INFO:root:Valid epoch 220 loss:0.4240764379501343, acc: 0.7684210526315789, auroc: 0.8660240652089533
INFO:root:Train epoch 221, loss: 0.0014
INFO:root:Valid epoch 221 loss:0.42706260085105896, acc: 0.7684210526315789, auroc: 0.862983568378833
INFO:root:Train epoch 222, loss: 0.0015
INFO:root:Valid epoch 222 loss:0.42851218581199646, acc: 0.7578947368421053, auroc: 0.8644714710829344
INFO:root:Train epoch 223, loss: 0.0015
INFO:root:Valid epoch 223 loss:0.4259243905544281, acc: 0.7894736842105263, auroc: 0.8623366541596585
INFO:root:Train epoch 224, loss: 0.0014
INFO:root:Valid epoch 224 loss:0.42562124133110046, acc: 0.7631578947368421, auroc: 0.861560357096649
INFO:root:Train epoch 225, loss: 0.0014
INFO:root:Valid epoch 225 loss:0.4239185154438019, acc: 0.7684210526315789, auroc: 0.8633070254884202
INFO:root:Train epoch 226, loss: 0.0014
INFO:root:Valid epoch 226 loss:0.42499321699142456, acc: 0.7578947368421053, auroc: 0.8641480139733472
INFO:root:Train epoch 227, loss: 0.0014
INFO:root:Valid epoch 227 loss:0.424906849861145, acc: 0.7684210526315789, auroc: 0.8629835683788329
INFO:root:Train epoch 228, loss: 0.0014
INFO:root:Valid epoch 228 loss:0.4272461235523224, acc: 0.7894736842105263, auroc: 0.8640186311295122
INFO:root:Train epoch 229, loss: 0.0014
INFO:root:Valid epoch 229 loss:0.4229836165904999, acc: 0.7684210526315789, auroc: 0.8642773968171821
INFO:root:Train epoch 230, loss: 0.0014
INFO:root:Valid epoch 230 loss:0.4227129817008972, acc: 0.7578947368421053, auroc: 0.8641480139733472
INFO:root:Train epoch 231, loss: 0.0014
INFO:root:Valid epoch 231 loss:0.4230143129825592, acc: 0.7578947368421053, auroc: 0.8647302367706042
INFO:root:Train epoch 232, loss: 0.0014
INFO:root:Valid epoch 232 loss:0.42520537972450256, acc: 0.7631578947368421, auroc: 0.8638892482856773
INFO:root:Train epoch 233, loss: 0.0014
INFO:root:Valid epoch 233 loss:0.42901092767715454, acc: 0.7894736842105263, auroc: 0.8630482598007504
INFO:root:Train epoch 234, loss: 0.0015
INFO:root:Valid epoch 234 loss:0.4355825185775757, acc: 0.7421052631578947, auroc: 0.8679001164445596
INFO:root:Train epoch 235, loss: 0.0015
INFO:root:Valid epoch 235 loss:0.42431268095970154, acc: 0.7894736842105263, auroc: 0.864406779661017
INFO:root:Train epoch 236, loss: 0.0015
INFO:root:Valid epoch 236 loss:0.4239576756954193, acc: 0.7684210526315789, auroc: 0.8656359166774485
INFO:root:Train epoch 237, loss: 0.0014
INFO:root:Valid epoch 237 loss:0.4266606867313385, acc: 0.7526315789473684, auroc: 0.8644714710829343
INFO:root:Train epoch 238, loss: 0.0014
INFO:root:Valid epoch 238 loss:0.4249616861343384, acc: 0.7684210526315789, auroc: 0.8632423340665027
INFO:root:Train epoch 239, loss: 0.0015
INFO:root:Valid epoch 239 loss:0.4234389364719391, acc: 0.7578947368421053, auroc: 0.8619485056281538
INFO:root:Train epoch 240, loss: 0.0015
INFO:root:Valid epoch 240 loss:0.42428508400917053, acc: 0.7684210526315789, auroc: 0.8627894941130807
INFO:root:Train epoch 241, loss: 0.0015
INFO:root:Valid epoch 241 loss:0.42503979802131653, acc: 0.7684210526315789, auroc: 0.8641480139733471
INFO:root:Train epoch 242, loss: 0.0015
INFO:root:Valid epoch 242 loss:0.4241039454936981, acc: 0.7684210526315789, auroc: 0.8645361625048519
INFO:root:Train epoch 243, loss: 0.0015
INFO:root:Valid epoch 243 loss:0.42825934290885925, acc: 0.7473684210526316, auroc: 0.8660240652089533
INFO:root:Train epoch 244, loss: 0.0014
INFO:root:Valid epoch 244 loss:0.43113839626312256, acc: 0.7894736842105263, auroc: 0.8631776426445853
INFO:root:Train epoch 245, loss: 0.0015
INFO:root:Valid epoch 245 loss:0.4320744276046753, acc: 0.7421052631578947, auroc: 0.8646655453486868
INFO:root:Train epoch 246, loss: 0.0014
INFO:root:Valid epoch 246 loss:0.4376497268676758, acc: 0.7789473684210526, auroc: 0.8633070254884202
INFO:root:Train epoch 247, loss: 0.0014
INFO:root:Valid epoch 247 loss:0.4336918890476227, acc: 0.7526315789473684, auroc: 0.8647949281925218
INFO:root:Train epoch 248, loss: 0.0014
INFO:root:Valid epoch 248 loss:0.43203189969062805, acc: 0.7894736842105263, auroc: 0.8629188769569155
INFO:root:Train epoch 249, loss: 0.0014
INFO:root:Valid epoch 249 loss:0.42948102951049805, acc: 0.7526315789473684, auroc: 0.8653124595678613
INFO:root:Train epoch 250, loss: 0.0014
INFO:root:Valid epoch 250 loss:0.4316747188568115, acc: 0.7894736842105263, auroc: 0.8637598654418425
INFO:root:Train epoch 251, loss: 0.0014
INFO:root:Valid epoch 251 loss:0.42483922839164734, acc: 0.7789473684210526, auroc: 0.8658299909432009
INFO:root:Train epoch 252, loss: 0.0014
INFO:root:Valid epoch 252 loss:0.42363718152046204, acc: 0.7684210526315789, auroc: 0.8642773968171821
INFO:root:Train epoch 253, loss: 0.0014
INFO:root:Valid epoch 253 loss:0.42181557416915894, acc: 0.7578947368421053, auroc: 0.8638245568637597
INFO:root:Train epoch 254, loss: 0.0014
INFO:root:Valid epoch 254 loss:0.42239874601364136, acc: 0.7578947368421053, auroc: 0.864406779661017
INFO:root:Train epoch 255, loss: 0.0014
INFO:root:Valid epoch 255 loss:0.42363184690475464, acc: 0.7894736842105263, auroc: 0.8650536938801915
INFO:root:Train epoch 256, loss: 0.0014
INFO:root:Valid epoch 256 loss:0.4224362373352051, acc: 0.7684210526315789, auroc: 0.8640186311295123
INFO:root:Train epoch 257, loss: 0.0014
INFO:root:Valid epoch 257 loss:0.42206645011901855, acc: 0.7578947368421053, auroc: 0.8653124595678614
INFO:root:Train epoch 258, loss: 0.0014
INFO:root:Valid epoch 258 loss:0.42184433341026306, acc: 0.7578947368421053, auroc: 0.8658299909432009
INFO:root:Train epoch 259, loss: 0.0014
INFO:root:Valid epoch 259 loss:0.42184948921203613, acc: 0.7736842105263158, auroc: 0.8655065338336138
INFO:root:Train epoch 260, loss: 0.0014
INFO:root:Valid epoch 260 loss:0.42151203751564026, acc: 0.7684210526315789, auroc: 0.8657006080993661
INFO:root:Train epoch 261, loss: 0.0014
INFO:root:Valid epoch 261 loss:0.42257747054100037, acc: 0.7578947368421053, auroc: 0.8649243110363566
INFO:root:Train epoch 262, loss: 0.0014
INFO:root:Valid epoch 262 loss:0.42428916692733765, acc: 0.7684210526315789, auroc: 0.8655065338336138
INFO:root:Train epoch 263, loss: 0.0014
INFO:root:Valid epoch 263 loss:0.4231530725955963, acc: 0.7684210526315789, auroc: 0.8658946823651184
INFO:root:Train epoch 264, loss: 0.0014
INFO:root:Valid epoch 264 loss:0.42221808433532715, acc: 0.7684210526315789, auroc: 0.8647949281925217
INFO:root:Train epoch 265, loss: 0.0015
INFO:root:Valid epoch 265 loss:0.42135265469551086, acc: 0.7789473684210526, auroc: 0.8666062880062104
INFO:root:Train epoch 266, loss: 0.0014
INFO:root:Valid epoch 266 loss:0.4229379892349243, acc: 0.7578947368421053, auroc: 0.8653124595678613
INFO:root:Train epoch 267, loss: 0.0014
INFO:root:Valid epoch 267 loss:0.42806991934776306, acc: 0.7894736842105263, auroc: 0.8640186311295123
INFO:root:Train epoch 268, loss: 0.0014
INFO:root:Valid epoch 268 loss:0.42889291048049927, acc: 0.7473684210526316, auroc: 0.8640186311295124
INFO:root:Train epoch 269, loss: 0.0014
INFO:root:Valid epoch 269 loss:0.4299004375934601, acc: 0.7947368421052632, auroc: 0.8641480139733471
INFO:root:Train epoch 270, loss: 0.0014
INFO:root:Valid epoch 270 loss:0.4235658645629883, acc: 0.7631578947368421, auroc: 0.8631776426445854
INFO:root:Train epoch 271, loss: 0.0014
INFO:root:Valid epoch 271 loss:0.4251342713832855, acc: 0.7684210526315789, auroc: 0.8651183853021089
INFO:root:Train epoch 272, loss: 0.0014
INFO:root:Valid epoch 272 loss:0.42681077122688293, acc: 0.7631578947368421, auroc: 0.8673825850692198
INFO:root:Train epoch 273, loss: 0.0014
INFO:root:Valid epoch 273 loss:0.4242837131023407, acc: 0.7894736842105263, auroc: 0.8658946823651184
INFO:root:Train epoch 274, loss: 0.0014
INFO:root:Valid epoch 274 loss:0.4228314459323883, acc: 0.7578947368421053, auroc: 0.8649243110363566
INFO:root:Train epoch 275, loss: 0.0014
INFO:root:Valid epoch 275 loss:0.4218582808971405, acc: 0.7578947368421053, auroc: 0.86356579117609
INFO:root:Train epoch 276, loss: 0.0014
INFO:root:Valid epoch 276 loss:0.42362236976623535, acc: 0.7684210526315789, auroc: 0.8642127053952646
INFO:root:Train epoch 277, loss: 0.0014
INFO:root:Valid epoch 277 loss:0.42255836725234985, acc: 0.7578947368421053, auroc: 0.8654418424116963
INFO:root:Train epoch 278, loss: 0.0014
INFO:root:Valid epoch 278 loss:0.42216888070106506, acc: 0.7684210526315789, auroc: 0.8658946823651184
INFO:root:Train epoch 279, loss: 0.0014
INFO:root:Valid epoch 279 loss:0.42230096459388733, acc: 0.7578947368421053, auroc: 0.8668003622719627
INFO:root:Train epoch 280, loss: 0.0014
INFO:root:Valid epoch 280 loss:0.4226432144641876, acc: 0.7684210526315789, auroc: 0.8642127053952646
INFO:root:Train epoch 281, loss: 0.0014
INFO:root:Valid epoch 281 loss:0.42339569330215454, acc: 0.7684210526315789, auroc: 0.8652477681459438
INFO:root:Train epoch 282, loss: 0.0014
INFO:root:Valid epoch 282 loss:0.422428160905838, acc: 0.7578947368421053, auroc: 0.8650536938801915
INFO:root:Train epoch 283, loss: 0.0014
INFO:root:Valid epoch 283 loss:0.4243064820766449, acc: 0.7684210526315789, auroc: 0.8663475223185405
INFO:root:Train epoch 284, loss: 0.0014
INFO:root:Valid epoch 284 loss:0.42274802923202515, acc: 0.7684210526315789, auroc: 0.8650536938801915
INFO:root:Train epoch 285, loss: 0.0014
INFO:root:Valid epoch 285 loss:0.42171064019203186, acc: 0.7578947368421053, auroc: 0.8662828308966231
INFO:root:Train epoch 286, loss: 0.0014
INFO:root:Valid epoch 286 loss:0.4213928282260895, acc: 0.7578947368421053, auroc: 0.8621425798939061
INFO:root:Train epoch 287, loss: 0.0014
INFO:root:Valid epoch 287 loss:0.42450180649757385, acc: 0.7684210526315789, auroc: 0.86356579117609
INFO:root:Train epoch 288, loss: 0.0014
INFO:root:Valid epoch 288 loss:0.4249562621116638, acc: 0.7894736842105263, auroc: 0.8653771509897787
INFO:root:Train epoch 289, loss: 0.0014
INFO:root:Valid epoch 289 loss:0.4242495596408844, acc: 0.7578947368421053, auroc: 0.8673178936473024
INFO:root:Train epoch 290, loss: 0.0014
INFO:root:Valid epoch 290 loss:0.4225168824195862, acc: 0.7578947368421053, auroc: 0.8649243110363566
INFO:root:Train epoch 291, loss: 0.0014
INFO:root:Valid epoch 291 loss:0.42179661989212036, acc: 0.7578947368421053, auroc: 0.8670591279596326
INFO:root:Train epoch 292, loss: 0.0014
INFO:root:Valid epoch 292 loss:0.42250514030456543, acc: 0.7578947368421053, auroc: 0.8631776426445854
INFO:root:Train epoch 293, loss: 0.0014
INFO:root:Valid epoch 293 loss:0.42282819747924805, acc: 0.7578947368421053, auroc: 0.8666062880062103
INFO:root:Train epoch 294, loss: 0.0014
INFO:root:Valid epoch 294 loss:0.4234708249568939, acc: 0.7736842105263158, auroc: 0.8655065338336136
INFO:root:Train epoch 295, loss: 0.0014
INFO:root:Valid epoch 295 loss:0.42653805017471313, acc: 0.7526315789473684, auroc: 0.8654418424116962
INFO:root:Train epoch 296, loss: 0.0014
INFO:root:Valid epoch 296 loss:0.4267505705356598, acc: 0.7894736842105263, auroc: 0.8635010997541727
INFO:root:Train epoch 297, loss: 0.0014
INFO:root:Valid epoch 297 loss:0.4266218841075897, acc: 0.7526315789473684, auroc: 0.8679001164445594
INFO:root:Train epoch 298, loss: 0.0014
INFO:root:Valid epoch 298 loss:0.4262797236442566, acc: 0.7736842105263158, auroc: 0.8658299909432009
INFO:root:Train epoch 299, loss: 0.0014
INFO:root:Valid epoch 299 loss:0.42953991889953613, acc: 0.7631578947368421, auroc: 0.866541596584293
