INFO:root:all data: 949
INFO:root:train data: 759
INFO:root:test data: 190
INFO:root:Train epoch 0, loss: 0.1156
INFO:root:Valid epoch 0 loss:1.2521577676137288, acc: 0.3105263157894737, auroc: 0.712576012420753
INFO:root:Train epoch 1, loss: 0.0289
INFO:root:Valid epoch 1 loss:1.94871191183726, acc: 0.6894736842105263, auroc: 0.5930262647172985
INFO:root:Train epoch 2, loss: 0.0194
INFO:root:Valid epoch 2 loss:0.6111530065536499, acc: 0.7, auroc: 0.6660628800621038
INFO:root:Train epoch 3, loss: 0.0126
INFO:root:Valid epoch 3 loss:0.7782037456830343, acc: 0.5578947368421052, auroc: 0.68876956915513
INFO:root:Train epoch 4, loss: 0.0106
INFO:root:Valid epoch 4 loss:0.7491625746091207, acc: 0.6894736842105263, auroc: 0.6671626342347006
INFO:root:Train epoch 5, loss: 0.0095
INFO:root:Valid epoch 5 loss:0.5680570205052694, acc: 0.7210526315789474, auroc: 0.7024841506016303
INFO:root:Train epoch 6, loss: 0.0086
INFO:root:Valid epoch 6 loss:0.557459831237793, acc: 0.6842105263157895, auroc: 0.7065597101824298
INFO:root:Train epoch 7, loss: 0.0093
INFO:root:Valid epoch 7 loss:0.6035143136978149, acc: 0.6894736842105263, auroc: 0.7050071160564108
INFO:root:Train epoch 8, loss: 0.0088
INFO:root:Valid epoch 8 loss:0.5562214652697245, acc: 0.6789473684210526, auroc: 0.7138698408591021
INFO:root:Train epoch 9, loss: 0.0085
INFO:root:Valid epoch 9 loss:0.5598257382710775, acc: 0.6947368421052632, auroc: 0.72027429162893
INFO:root:Train epoch 10, loss: 0.0086
INFO:root:Valid epoch 10 loss:0.537339965502421, acc: 0.7526315789473684, auroc: 0.7506792599301333
INFO:root:Train epoch 11, loss: 0.0085
INFO:root:Valid epoch 11 loss:0.5358664790789286, acc: 0.7526315789473684, auroc: 0.7516496312588951
INFO:root:Train epoch 12, loss: 0.0089
INFO:root:Valid epoch 12 loss:0.5640390515327454, acc: 0.7157894736842105, auroc: 0.7486738258506923
INFO:root:Train epoch 13, loss: 0.0096
INFO:root:Valid epoch 13 loss:0.7197829882303873, acc: 0.6894736842105263, auroc: 0.7140639151248545
INFO:root:Train epoch 14, loss: 0.0102
INFO:root:Valid epoch 14 loss:0.5661636789639791, acc: 0.6842105263157895, auroc: 0.724543925475482
INFO:root:Train epoch 15, loss: 0.0100
INFO:root:Valid epoch 15 loss:0.7919692198435465, acc: 0.5473684210526316, auroc: 0.7544960538232631
INFO:root:Train epoch 16, loss: 0.0108
INFO:root:Valid epoch 16 loss:0.6760026017824808, acc: 0.6894736842105263, auroc: 0.7178807090179842
INFO:root:Train epoch 17, loss: 0.0097
INFO:root:Valid epoch 17 loss:0.602236787478129, acc: 0.6947368421052632, auroc: 0.7390348039849917
INFO:root:Train epoch 18, loss: 0.0101
INFO:root:Valid epoch 18 loss:0.6381663084030151, acc: 0.6526315789473685, auroc: 0.7408461637986803
INFO:root:Train epoch 19, loss: 0.0086
INFO:root:Valid epoch 19 loss:0.5644951264063517, acc: 0.6894736842105263, auroc: 0.7495148143356191
INFO:root:Train epoch 20, loss: 0.0083
INFO:root:Valid epoch 20 loss:0.5930927793184916, acc: 0.6842105263157895, auroc: 0.7647819899081382
INFO:root:Train epoch 21, loss: 0.0092
INFO:root:Valid epoch 21 loss:0.5615127086639404, acc: 0.7105263157894737, auroc: 0.7569543278561263
INFO:root:Train epoch 22, loss: 0.0084
INFO:root:Valid epoch 22 loss:0.6079630454381307, acc: 0.6947368421052632, auroc: 0.7497735800232889
INFO:root:Train epoch 23, loss: 0.0083
INFO:root:Valid epoch 23 loss:0.529615064462026, acc: 0.7578947368421053, auroc: 0.7579893906068056
INFO:root:Train epoch 24, loss: 0.0080
INFO:root:Valid epoch 24 loss:0.5242167313893636, acc: 0.7368421052631579, auroc: 0.7729331090697373
INFO:root:Train epoch 25, loss: 0.0082
INFO:root:Valid epoch 25 loss:0.5588805476824442, acc: 0.6947368421052632, auroc: 0.7671108810971664
INFO:root:Train epoch 26, loss: 0.0085
INFO:root:Valid epoch 26 loss:0.5853199561436971, acc: 0.6789473684210526, auroc: 0.766463966877992
INFO:root:Train epoch 27, loss: 0.0083
INFO:root:Valid epoch 27 loss:0.5599963863690695, acc: 0.6947368421052632, auroc: 0.7635528528917065
INFO:root:Train epoch 28, loss: 0.0088
INFO:root:Valid epoch 28 loss:0.5225431720415751, acc: 0.7315789473684211, auroc: 0.7759736058998578
INFO:root:Train epoch 29, loss: 0.0084
INFO:root:Valid epoch 29 loss:0.5746715267499288, acc: 0.6894736842105263, auroc: 0.7633587786259541
INFO:root:Train epoch 30, loss: 0.0081
INFO:root:Valid epoch 30 loss:0.5831070939699808, acc: 0.6789473684210526, auroc: 0.7762970630094449
INFO:root:Train epoch 31, loss: 0.0085
INFO:root:Valid epoch 31 loss:0.5283812085787455, acc: 0.7368421052631579, auroc: 0.7766205201190323
INFO:root:Train epoch 32, loss: 0.0082
INFO:root:Valid epoch 32 loss:0.5749649802843729, acc: 0.6894736842105263, auroc: 0.7656876698149825
INFO:root:Train epoch 33, loss: 0.0082
INFO:root:Valid epoch 33 loss:0.5369741717974345, acc: 0.7210526315789474, auroc: 0.7705395264587914
INFO:root:Train epoch 34, loss: 0.0080
INFO:root:Valid epoch 34 loss:0.5274297793706259, acc: 0.7210526315789474, auroc: 0.7781084228231336
INFO:root:Train epoch 35, loss: 0.0084
INFO:root:Valid epoch 35 loss:0.559007445971171, acc: 0.7210526315789474, auroc: 0.777590891447794
INFO:root:Train epoch 36, loss: 0.0082
INFO:root:Valid epoch 36 loss:0.5198477208614349, acc: 0.7263157894736842, auroc: 0.7796610169491526
INFO:root:Train epoch 37, loss: 0.0085
INFO:root:Valid epoch 37 loss:0.5414934754371643, acc: 0.7105263157894737, auroc: 0.7757148402121878
INFO:root:Train epoch 38, loss: 0.0080
INFO:root:Valid epoch 38 loss:0.5161436796188354, acc: 0.7368421052631579, auroc: 0.7777202742916289
INFO:root:Train epoch 39, loss: 0.0090
INFO:root:Valid epoch 39 loss:0.5506259004275004, acc: 0.7052631578947368, auroc: 0.7687928580670202
INFO:root:Train epoch 40, loss: 0.0092
INFO:root:Valid epoch 40 loss:0.6388873855272929, acc: 0.6947368421052632, auroc: 0.766463966877992
INFO:root:Train epoch 41, loss: 0.0084
INFO:root:Valid epoch 41 loss:0.5187812546888987, acc: 0.7368421052631579, auroc: 0.7753913831026006
INFO:root:Train epoch 42, loss: 0.0082
INFO:root:Valid epoch 42 loss:0.6563948194185892, acc: 0.6473684210526316, auroc: 0.7818605252943459
INFO:root:Train epoch 43, loss: 0.0082
INFO:root:Valid epoch 43 loss:0.5669832626978556, acc: 0.6894736842105263, auroc: 0.7746150860395912
INFO:root:Train epoch 44, loss: 0.0083
INFO:root:Valid epoch 44 loss:0.6642603278160095, acc: 0.6421052631578947, auroc: 0.7834131194203648
INFO:root:Train epoch 45, loss: 0.0093
INFO:root:Valid epoch 45 loss:0.6564407149950663, acc: 0.6894736842105263, auroc: 0.757924699184888
INFO:root:Train epoch 46, loss: 0.0091
INFO:root:Valid epoch 46 loss:0.5540689826011658, acc: 0.6894736842105263, auroc: 0.7746797774615086
INFO:root:Train epoch 47, loss: 0.0088
INFO:root:Valid epoch 47 loss:0.5217711428801218, acc: 0.7473684210526316, auroc: 0.7701513779272868
INFO:root:Train epoch 48, loss: 0.0085
INFO:root:Valid epoch 48 loss:0.5668740669886271, acc: 0.6894736842105263, auroc: 0.7714452063656358
INFO:root:Train epoch 49, loss: 0.0082
INFO:root:Valid epoch 49 loss:0.5636813839276632, acc: 0.6894736842105263, auroc: 0.7772674343382068
INFO:root:Train epoch 50, loss: 0.0079
INFO:root:Valid epoch 50 loss:0.5162000159422556, acc: 0.7315789473684211, auroc: 0.7763617544313622
INFO:root:Train epoch 51, loss: 0.0079
INFO:root:Valid epoch 51 loss:0.5267760455608368, acc: 0.7263157894736842, auroc: 0.7861301591408979
INFO:root:Train epoch 52, loss: 0.0086
INFO:root:Valid epoch 52 loss:0.6967111627260844, acc: 0.6263157894736842, auroc: 0.7913054728942942
INFO:root:Train epoch 53, loss: 0.0087
INFO:root:Valid epoch 53 loss:0.5839795668919882, acc: 0.6894736842105263, auroc: 0.7684047095355155
INFO:root:Train epoch 54, loss: 0.0080
INFO:root:Valid epoch 54 loss:0.5164228677749634, acc: 0.7526315789473684, auroc: 0.7794022512614827
INFO:root:Train epoch 55, loss: 0.0080
INFO:root:Valid epoch 55 loss:0.5100700358549753, acc: 0.7473684210526316, auroc: 0.7909173243627895
INFO:root:Train epoch 56, loss: 0.0084
INFO:root:Valid epoch 56 loss:0.5100154380003611, acc: 0.7421052631578947, auroc: 0.788006210376504
INFO:root:Train epoch 57, loss: 0.0090
INFO:root:Valid epoch 57 loss:0.58986896276474, acc: 0.6894736842105263, auroc: 0.787423987579247
INFO:root:Train epoch 58, loss: 0.0083
INFO:root:Valid epoch 58 loss:0.5287725031375885, acc: 0.7263157894736842, auroc: 0.7709276749902962
INFO:root:Train epoch 59, loss: 0.0080
INFO:root:Valid epoch 59 loss:0.5120014448960623, acc: 0.7526315789473684, auroc: 0.783154353732695
INFO:root:Train epoch 60, loss: 0.0079
INFO:root:Valid epoch 60 loss:0.5084875424702963, acc: 0.7421052631578947, auroc: 0.7865183076724026
INFO:root:Train epoch 61, loss: 0.0078
INFO:root:Valid epoch 61 loss:0.5074927608172098, acc: 0.7421052631578947, auroc: 0.7885237417518437
INFO:root:Train epoch 62, loss: 0.0078
INFO:root:Valid epoch 62 loss:0.516934891541799, acc: 0.7315789473684211, auroc: 0.7785612627765559
INFO:root:Train epoch 63, loss: 0.0078
INFO:root:Valid epoch 63 loss:0.535300632317861, acc: 0.7315789473684211, auroc: 0.7839306507957045
INFO:root:Train epoch 64, loss: 0.0082
INFO:root:Valid epoch 64 loss:0.5329221288363138, acc: 0.7210526315789474, auroc: 0.7871652218915772
INFO:root:Train epoch 65, loss: 0.0083
INFO:root:Valid epoch 65 loss:0.5435099999109904, acc: 0.7157894736842105, auroc: 0.7849657135463837
INFO:root:Train epoch 66, loss: 0.0082
INFO:root:Valid epoch 66 loss:0.5205531517664591, acc: 0.7315789473684211, auroc: 0.7883943589080088
INFO:root:Train epoch 67, loss: 0.0080
INFO:root:Valid epoch 67 loss:0.5120302041371664, acc: 0.7526315789473684, auroc: 0.784706947858714
INFO:root:Train epoch 68, loss: 0.0079
INFO:root:Valid epoch 68 loss:0.5104867517948151, acc: 0.7473684210526316, auroc: 0.7918230042696338
INFO:root:Train epoch 69, loss: 0.0080
INFO:root:Valid epoch 69 loss:0.5139972865581512, acc: 0.7421052631578947, auroc: 0.7823133652477682
INFO:root:Train epoch 70, loss: 0.0078
INFO:root:Valid epoch 70 loss:0.5112937092781067, acc: 0.7210526315789474, auroc: 0.7892353473929359
INFO:root:Train epoch 71, loss: 0.0082
INFO:root:Valid epoch 71 loss:0.5659072597821554, acc: 0.7105263157894737, auroc: 0.7866476905162375
INFO:root:Train epoch 72, loss: 0.0085
INFO:root:Valid epoch 72 loss:0.5447556376457214, acc: 0.7263157894736842, auroc: 0.7801785483244922
INFO:root:Train epoch 73, loss: 0.0077
INFO:root:Valid epoch 73 loss:0.5066782434781393, acc: 0.7210526315789474, auroc: 0.7901410272997801
INFO:root:Train epoch 74, loss: 0.0079
INFO:root:Valid epoch 74 loss:0.5053983728090922, acc: 0.7368421052631579, auroc: 0.791564238581964
INFO:root:Train epoch 75, loss: 0.0084
INFO:root:Valid epoch 75 loss:0.5052713453769684, acc: 0.7315789473684211, auroc: 0.7906585586751197
INFO:root:Train epoch 76, loss: 0.0077
INFO:root:Valid epoch 76 loss:0.5169996321201324, acc: 0.7263157894736842, auroc: 0.7840600336395394
INFO:root:Train epoch 77, loss: 0.0083
INFO:root:Valid epoch 77 loss:0.5208550790945689, acc: 0.7368421052631579, auroc: 0.7781084228231336
INFO:root:Train epoch 78, loss: 0.0088
INFO:root:Valid epoch 78 loss:0.6542678475379944, acc: 0.6894736842105263, auroc: 0.7764911372751974
INFO:root:Train epoch 79, loss: 0.0081
INFO:root:Valid epoch 79 loss:0.5193418165047964, acc: 0.7368421052631579, auroc: 0.7909173243627895
INFO:root:Train epoch 80, loss: 0.0079
INFO:root:Valid epoch 80 loss:0.5185781121253967, acc: 0.7315789473684211, auroc: 0.7805020054340794
INFO:root:Train epoch 81, loss: 0.0078
INFO:root:Valid epoch 81 loss:0.5389911532402039, acc: 0.7157894736842105, auroc: 0.7836718851080346
INFO:root:Train epoch 82, loss: 0.0083
INFO:root:Valid epoch 82 loss:0.5071981449921926, acc: 0.7368421052631579, auroc: 0.7819252167162635
INFO:root:Train epoch 83, loss: 0.0081
INFO:root:Valid epoch 83 loss:0.5242666900157928, acc: 0.7421052631578947, auroc: 0.7846422564367965
INFO:root:Train epoch 84, loss: 0.0079
INFO:root:Valid epoch 84 loss:0.5089635650316874, acc: 0.7263157894736842, auroc: 0.7834778108422823
INFO:root:Train epoch 85, loss: 0.0078
INFO:root:Valid epoch 85 loss:0.5289620558420817, acc: 0.7210526315789474, auroc: 0.783154353732695
INFO:root:Train epoch 86, loss: 0.0078
INFO:root:Valid epoch 86 loss:0.5622603098551432, acc: 0.7, auroc: 0.7841247250614569
INFO:root:Train epoch 87, loss: 0.0079
INFO:root:Valid epoch 87 loss:0.5030714174111685, acc: 0.7368421052631579, auroc: 0.7894941130806055
INFO:root:Train epoch 88, loss: 0.0079
INFO:root:Valid epoch 88 loss:0.5053441127141317, acc: 0.7473684210526316, auroc: 0.7893647302367706
INFO:root:Train epoch 89, loss: 0.0078
INFO:root:Valid epoch 89 loss:0.5296087165673574, acc: 0.7315789473684211, auroc: 0.7880709017984215
INFO:root:Train epoch 90, loss: 0.0078
INFO:root:Valid epoch 90 loss:0.5000848372777303, acc: 0.7368421052631579, auroc: 0.7923405356449735
INFO:root:Train epoch 91, loss: 0.0078
INFO:root:Valid epoch 91 loss:0.5123222470283508, acc: 0.7368421052631579, auroc: 0.7912407814723769
INFO:root:Train epoch 92, loss: 0.0076
INFO:root:Valid epoch 92 loss:0.49986304839452106, acc: 0.7421052631578947, auroc: 0.7910467072066244
INFO:root:Train epoch 93, loss: 0.0077
INFO:root:Valid epoch 93 loss:0.5099308888117472, acc: 0.7473684210526316, auroc: 0.7829602794669427
INFO:root:Train epoch 94, loss: 0.0077
INFO:root:Valid epoch 94 loss:0.49789994955062866, acc: 0.7473684210526316, auroc: 0.7939578211929098
INFO:root:Train epoch 95, loss: 0.0079
INFO:root:Valid epoch 95 loss:0.5505163669586182, acc: 0.7052631578947368, auroc: 0.7833484279984474
INFO:root:Train epoch 96, loss: 0.0079
INFO:root:Valid epoch 96 loss:0.4989340504010518, acc: 0.7473684210526316, auroc: 0.7921464613792213
INFO:root:Train epoch 97, loss: 0.0076
INFO:root:Valid epoch 97 loss:0.4967306852340698, acc: 0.7473684210526316, auroc: 0.7975805408202872
INFO:root:Train epoch 98, loss: 0.0076
INFO:root:Valid epoch 98 loss:0.5207533737023672, acc: 0.7315789473684211, auroc: 0.7980333807737093
INFO:root:Train epoch 99, loss: 0.0078
INFO:root:Valid epoch 99 loss:0.5396902759869894, acc: 0.7210526315789474, auroc: 0.7891059645491008
