INFO:root:all data: 949
INFO:root:train data: 759
INFO:root:test data: 190
INFO:root:Train epoch 0, loss: 0.0094
INFO:root:Valid epoch 0 loss:0.6076893210411072, acc: 0.6894736842105263, auroc: 0.6734377021606935
INFO:root:Train epoch 1, loss: 0.0090
INFO:root:Valid epoch 1 loss:0.6027358174324036, acc: 0.6894736842105263, auroc: 0.6753784448182171
INFO:root:Train epoch 2, loss: 0.0088
INFO:root:Valid epoch 2 loss:0.5847278833389282, acc: 0.6894736842105263, auroc: 0.6832061068702291
INFO:root:Train epoch 3, loss: 0.0087
INFO:root:Valid epoch 3 loss:0.5758644143740336, acc: 0.7105263157894737, auroc: 0.6861819122784318
INFO:root:Train epoch 4, loss: 0.0086
INFO:root:Valid epoch 4 loss:0.5728835066159567, acc: 0.6894736842105263, auroc: 0.690192780437314
INFO:root:Train epoch 5, loss: 0.0085
INFO:root:Valid epoch 5 loss:0.5712623794873556, acc: 0.6894736842105263, auroc: 0.7052011903221633
INFO:root:Train epoch 6, loss: 0.0084
INFO:root:Valid epoch 6 loss:0.5686446825663248, acc: 0.7, auroc: 0.7074006986673567
INFO:root:Train epoch 7, loss: 0.0083
INFO:root:Valid epoch 7 loss:0.5595077276229858, acc: 0.7, auroc: 0.713287618061845
INFO:root:Train epoch 8, loss: 0.0083
INFO:root:Valid epoch 8 loss:0.5730658372243246, acc: 0.6894736842105263, auroc: 0.721115280113857
INFO:root:Train epoch 9, loss: 0.0082
INFO:root:Valid epoch 9 loss:0.5560343464215597, acc: 0.7210526315789474, auroc: 0.7250614568508216
INFO:root:Train epoch 10, loss: 0.0083
INFO:root:Valid epoch 10 loss:0.5530898372332255, acc: 0.6947368421052632, auroc: 0.7345710958726873
INFO:root:Train epoch 11, loss: 0.0081
INFO:root:Valid epoch 11 loss:0.5476777156194051, acc: 0.6947368421052632, auroc: 0.7416871522836072
INFO:root:Train epoch 12, loss: 0.0081
INFO:root:Valid epoch 12 loss:0.5419527888298035, acc: 0.7157894736842105, auroc: 0.7480916030534351
INFO:root:Train epoch 13, loss: 0.0080
INFO:root:Valid epoch 13 loss:0.5354038178920746, acc: 0.7368421052631579, auroc: 0.75533704230819
INFO:root:Train epoch 14, loss: 0.0079
INFO:root:Valid epoch 14 loss:0.564177930355072, acc: 0.7, auroc: 0.7580540820287229
INFO:root:Train epoch 15, loss: 0.0080
INFO:root:Valid epoch 15 loss:0.5307914714018503, acc: 0.7368421052631579, auroc: 0.765040755595808
INFO:root:Train epoch 16, loss: 0.0078
INFO:root:Valid epoch 16 loss:0.5253629386425018, acc: 0.7157894736842105, auroc: 0.7694397722861949
INFO:root:Train epoch 17, loss: 0.0078
INFO:root:Valid epoch 17 loss:0.5221292972564697, acc: 0.7421052631578947, auroc: 0.7720274291628931
INFO:root:Train epoch 18, loss: 0.0078
INFO:root:Valid epoch 18 loss:0.5248958269755045, acc: 0.7421052631578947, auroc: 0.7823780566696856
INFO:root:Train epoch 19, loss: 0.0077
INFO:root:Valid epoch 19 loss:0.5337462325890859, acc: 0.7105263157894737, auroc: 0.7805666968559969
INFO:root:Train epoch 20, loss: 0.0076
INFO:root:Valid epoch 20 loss:0.5155382752418518, acc: 0.7210526315789474, auroc: 0.7803079311683271
INFO:root:Train epoch 21, loss: 0.0076
INFO:root:Valid epoch 21 loss:0.508546382188797, acc: 0.7368421052631579, auroc: 0.7859360848751457
INFO:root:Train epoch 22, loss: 0.0076
INFO:root:Valid epoch 22 loss:0.5050180455048879, acc: 0.7315789473684211, auroc: 0.7790141027299781
INFO:root:Train epoch 23, loss: 0.0075
INFO:root:Valid epoch 23 loss:0.5032295982042948, acc: 0.7315789473684211, auroc: 0.7898822616121102
INFO:root:Train epoch 24, loss: 0.0074
INFO:root:Valid epoch 24 loss:0.5125384430090586, acc: 0.7421052631578947, auroc: 0.7830249708888601
INFO:root:Train epoch 25, loss: 0.0074
INFO:root:Valid epoch 25 loss:0.5085268616676331, acc: 0.7421052631578947, auroc: 0.7891706559710182
INFO:root:Train epoch 26, loss: 0.0078
INFO:root:Valid epoch 26 loss:0.5423865715662638, acc: 0.7157894736842105, auroc: 0.7850950963902187
INFO:root:Train epoch 27, loss: 0.0078
INFO:root:Valid epoch 27 loss:0.5324886540571848, acc: 0.7, auroc: 0.7910467072066244
INFO:root:Train epoch 28, loss: 0.0074
INFO:root:Valid epoch 28 loss:0.4955303172270457, acc: 0.7315789473684211, auroc: 0.7988743692586363
INFO:root:Train epoch 29, loss: 0.0073
INFO:root:Valid epoch 29 loss:0.4922355115413666, acc: 0.7473684210526316, auroc: 0.8002328891189029
INFO:root:Train epoch 30, loss: 0.0072
INFO:root:Valid epoch 30 loss:0.4887344340483348, acc: 0.7368421052631579, auroc: 0.7999741234312331
INFO:root:Train epoch 31, loss: 0.0071
INFO:root:Valid epoch 31 loss:0.4926522970199585, acc: 0.7473684210526316, auroc: 0.7964807866476906
INFO:root:Train epoch 32, loss: 0.0071
INFO:root:Valid epoch 32 loss:0.4955444832642873, acc: 0.7473684210526316, auroc: 0.8045672143873722
INFO:root:Train epoch 33, loss: 0.0070
INFO:root:Valid epoch 33 loss:0.48229852318763733, acc: 0.7421052631578947, auroc: 0.8050847457627118
INFO:root:Train epoch 34, loss: 0.0071
INFO:root:Valid epoch 34 loss:0.48363842566808063, acc: 0.7368421052631579, auroc: 0.8035321516366929
INFO:root:Train epoch 35, loss: 0.0070
INFO:root:Valid epoch 35 loss:0.4807347257932027, acc: 0.7631578947368421, auroc: 0.8081899340147497
INFO:root:Train epoch 36, loss: 0.0069
INFO:root:Valid epoch 36 loss:0.4805748263994853, acc: 0.7368421052631579, auroc: 0.8065726484668133
INFO:root:Train epoch 37, loss: 0.0069
INFO:root:Valid epoch 37 loss:0.49009738365809125, acc: 0.7473684210526316, auroc: 0.8073489455298227
INFO:root:Train epoch 38, loss: 0.0070
INFO:root:Valid epoch 38 loss:0.5013153652350107, acc: 0.7157894736842105, auroc: 0.8133005563462284
INFO:root:Train epoch 39, loss: 0.0070
INFO:root:Valid epoch 39 loss:0.4793373644351959, acc: 0.7684210526315789, auroc: 0.8133005563462284
INFO:root:Train epoch 40, loss: 0.0071
INFO:root:Valid epoch 40 loss:0.47916536529858905, acc: 0.7421052631578947, auroc: 0.8130417906585587
INFO:root:Train epoch 41, loss: 0.0068
INFO:root:Valid epoch 41 loss:0.5038655698299408, acc: 0.7105263157894737, auroc: 0.813947470565403
INFO:root:Train epoch 42, loss: 0.0070
INFO:root:Valid epoch 42 loss:0.48839981357256573, acc: 0.7263157894736842, auroc: 0.8129124078147238
INFO:root:Train epoch 43, loss: 0.0068
INFO:root:Valid epoch 43 loss:0.47022563219070435, acc: 0.7473684210526316, auroc: 0.8219045154612499
INFO:root:Train epoch 44, loss: 0.0067
INFO:root:Valid epoch 44 loss:0.46983201305071515, acc: 0.7473684210526316, auroc: 0.8218398240393323
INFO:root:Train epoch 45, loss: 0.0067
INFO:root:Valid epoch 45 loss:0.47307199239730835, acc: 0.7263157894736842, auroc: 0.8218398240393324
INFO:root:Train epoch 46, loss: 0.0066
INFO:root:Valid epoch 46 loss:0.48049186666806537, acc: 0.7263157894736842, auroc: 0.8232630353215163
INFO:root:Train epoch 47, loss: 0.0067
INFO:root:Valid epoch 47 loss:0.4676830569903056, acc: 0.7315789473684211, auroc: 0.8252684694009574
INFO:root:Train epoch 48, loss: 0.0066
INFO:root:Valid epoch 48 loss:0.47567681471506756, acc: 0.7263157894736842, auroc: 0.8253978522447923
INFO:root:Train epoch 49, loss: 0.0067
INFO:root:Valid epoch 49 loss:0.4632058342297872, acc: 0.7526315789473684, auroc: 0.823780566696856
INFO:root:Train epoch 50, loss: 0.0066
INFO:root:Valid epoch 50 loss:0.46594300866127014, acc: 0.7526315789473684, auroc: 0.8285677319187476
INFO:root:Train epoch 51, loss: 0.0066
INFO:root:Valid epoch 51 loss:0.4713265796502431, acc: 0.7631578947368421, auroc: 0.8230042696338467
INFO:root:Train epoch 52, loss: 0.0065
INFO:root:Valid epoch 52 loss:0.45916905999183655, acc: 0.7315789473684211, auroc: 0.8285677319187476
INFO:root:Train epoch 53, loss: 0.0065
INFO:root:Valid epoch 53 loss:0.4644624590873718, acc: 0.7473684210526316, auroc: 0.8151119161599173
INFO:root:Train epoch 54, loss: 0.0067
INFO:root:Valid epoch 54 loss:0.4721479018529256, acc: 0.7736842105263158, auroc: 0.826497606417389
INFO:root:Train epoch 55, loss: 0.0065
INFO:root:Valid epoch 55 loss:0.4619374970595042, acc: 0.7631578947368421, auroc: 0.8269504463708113
INFO:root:Train epoch 56, loss: 0.0065
INFO:root:Valid epoch 56 loss:0.45646023750305176, acc: 0.7736842105263158, auroc: 0.8303144003105188
INFO:root:Train epoch 57, loss: 0.0066
INFO:root:Valid epoch 57 loss:0.45660900076230365, acc: 0.7368421052631579, auroc: 0.8253331608228749
INFO:root:Train epoch 58, loss: 0.0065
INFO:root:Valid epoch 58 loss:0.4533044199148814, acc: 0.7263157894736842, auroc: 0.8318023030146202
INFO:root:Train epoch 59, loss: 0.0063
INFO:root:Valid epoch 59 loss:0.45921411116917926, acc: 0.7789473684210526, auroc: 0.8290852632940872
INFO:root:Train epoch 60, loss: 0.0064
INFO:root:Valid epoch 60 loss:0.4482555687427521, acc: 0.7684210526315789, auroc: 0.8343899598913185
INFO:root:Train epoch 61, loss: 0.0063
INFO:root:Valid epoch 61 loss:0.4597657422224681, acc: 0.7631578947368421, auroc: 0.8230042696338464
INFO:root:Train epoch 62, loss: 0.0064
INFO:root:Valid epoch 62 loss:0.44506662090619403, acc: 0.7368421052631579, auroc: 0.8373657652995212
INFO:root:Train epoch 63, loss: 0.0063
INFO:root:Valid epoch 63 loss:0.45089733600616455, acc: 0.7210526315789474, auroc: 0.8340018113598138
INFO:root:Train epoch 64, loss: 0.0062
INFO:root:Valid epoch 64 loss:0.4441173275311788, acc: 0.7368421052631579, auroc: 0.8360719368611722
INFO:root:Train epoch 65, loss: 0.0063
INFO:root:Valid epoch 65 loss:0.4645298918088277, acc: 0.7157894736842105, auroc: 0.834778108422823
INFO:root:Train epoch 66, loss: 0.0063
INFO:root:Valid epoch 66 loss:0.49235477050145465, acc: 0.7210526315789474, auroc: 0.837171691033769
INFO:root:Train epoch 67, loss: 0.0069
INFO:root:Valid epoch 67 loss:0.46728482842445374, acc: 0.7368421052631579, auroc: 0.836783542502264
INFO:root:Train epoch 68, loss: 0.0065
INFO:root:Valid epoch 68 loss:0.442519078652064, acc: 0.7526315789473684, auroc: 0.837883296674861
INFO:root:Train epoch 69, loss: 0.0062
INFO:root:Valid epoch 69 loss:0.4489172697067261, acc: 0.7473684210526316, auroc: 0.8341311942036486
INFO:root:Train epoch 70, loss: 0.0062
INFO:root:Valid epoch 70 loss:0.45462114612261456, acc: 0.7263157894736842, auroc: 0.8345193427351534
INFO:root:Train epoch 71, loss: 0.0063
INFO:root:Valid epoch 71 loss:0.4577307502428691, acc: 0.7263157894736842, auroc: 0.8464225643679648
INFO:root:Train epoch 72, loss: 0.0063
INFO:root:Valid epoch 72 loss:0.4468751549720764, acc: 0.7842105263157895, auroc: 0.8377539138310259
INFO:root:Train epoch 73, loss: 0.0061
INFO:root:Valid epoch 73 loss:0.43755937616030377, acc: 0.7631578947368421, auroc: 0.8429939190063398
INFO:root:Train epoch 74, loss: 0.0061
INFO:root:Valid epoch 74 loss:0.44287819663683575, acc: 0.7421052631578947, auroc: 0.8451287359296158
INFO:root:Train epoch 75, loss: 0.0062
INFO:root:Valid epoch 75 loss:0.45452239116032916, acc: 0.7421052631578947, auroc: 0.834325268469401
INFO:root:Train epoch 76, loss: 0.0062
INFO:root:Valid epoch 76 loss:0.4375606179237366, acc: 0.7578947368421053, auroc: 0.8434467589597618
INFO:root:Train epoch 77, loss: 0.0062
INFO:root:Valid epoch 77 loss:0.4494045277436574, acc: 0.7526315789473684, auroc: 0.8393711993789624
INFO:root:Train epoch 78, loss: 0.0060
INFO:root:Valid epoch 78 loss:0.44534583886464435, acc: 0.7526315789473684, auroc: 0.8398240393323845
INFO:root:Train epoch 79, loss: 0.0061
INFO:root:Valid epoch 79 loss:0.44675807158152264, acc: 0.7368421052631579, auroc: 0.8374951481433561
INFO:root:Train epoch 80, loss: 0.0061
INFO:root:Valid epoch 80 loss:0.43665995200475055, acc: 0.7368421052631579, auroc: 0.847457627118644
INFO:root:Train epoch 81, loss: 0.0063
INFO:root:Valid epoch 81 loss:0.4458218216896057, acc: 0.7578947368421053, auroc: 0.8393711993789623
INFO:root:Train epoch 82, loss: 0.0061
INFO:root:Valid epoch 82 loss:0.4357764522234599, acc: 0.7526315789473684, auroc: 0.8424763876310002
INFO:root:Train epoch 83, loss: 0.0060
INFO:root:Valid epoch 83 loss:0.4403995970884959, acc: 0.7736842105263158, auroc: 0.844028981757019
INFO:root:Train epoch 84, loss: 0.0061
INFO:root:Valid epoch 84 loss:0.440861056248347, acc: 0.7736842105263158, auroc: 0.8426057704748351
INFO:root:Train epoch 85, loss: 0.0060
INFO:root:Valid epoch 85 loss:0.44239652156829834, acc: 0.7473684210526316, auroc: 0.8382714452063657
INFO:root:Train epoch 86, loss: 0.0060
INFO:root:Valid epoch 86 loss:0.43832579255104065, acc: 0.7842105263157895, auroc: 0.8438349074912667
INFO:root:Train epoch 87, loss: 0.0059
INFO:root:Valid epoch 87 loss:0.4350082576274872, acc: 0.7631578947368421, auroc: 0.8482986156035709
