INFO:root:all data: 949
INFO:root:train data: 759
INFO:root:test data: 190
INFO:root:Train epoch 0, loss: 0.0768
INFO:root:Valid epoch 0 loss:0.6400533424069484, acc: 0.6894736842105263, auroc: 0.6777720274291629
INFO:root:Train epoch 1, loss: 0.0739
INFO:root:Valid epoch 1 loss:0.5921597927808762, acc: 0.6894736842105263, auroc: 0.6800362271962739
INFO:root:Train epoch 2, loss: 0.0708
INFO:root:Valid epoch 2 loss:0.5778566412627697, acc: 0.6894736842105263, auroc: 0.6899987061715617
INFO:root:Train epoch 3, loss: 0.0706
INFO:root:Valid epoch 3 loss:0.5738172028213739, acc: 0.6894736842105263, auroc: 0.6979557510674085
INFO:root:Train epoch 4, loss: 0.0690
INFO:root:Valid epoch 4 loss:0.5708691123872995, acc: 0.6894736842105263, auroc: 0.6897399404838919
INFO:root:Train epoch 5, loss: 0.0688
INFO:root:Valid epoch 5 loss:0.5733044582108656, acc: 0.6894736842105263, auroc: 0.6713028852374177
INFO:root:Train epoch 6, loss: 0.0684
INFO:root:Valid epoch 6 loss:0.5646479204297066, acc: 0.6894736842105263, auroc: 0.6875404321386984
INFO:root:Train epoch 7, loss: 0.0686
INFO:root:Valid epoch 7 loss:0.5651120891173681, acc: 0.6789473684210526, auroc: 0.6958856255660499
INFO:root:Train epoch 8, loss: 0.0688
INFO:root:Valid epoch 8 loss:0.5628840712209543, acc: 0.7, auroc: 0.6891577176866348
INFO:root:Train epoch 9, loss: 0.0687
INFO:root:Valid epoch 9 loss:0.5640015987058481, acc: 0.6894736842105263, auroc: 0.7019666192262907
INFO:root:Train epoch 10, loss: 0.0687
INFO:root:Valid epoch 10 loss:0.5600049092123905, acc: 0.6894736842105263, auroc: 0.7049424246344934
INFO:root:Train epoch 11, loss: 0.0682
INFO:root:Valid epoch 11 loss:0.5592687440415224, acc: 0.6894736842105263, auroc: 0.7092120584810455
INFO:root:Train epoch 12, loss: 0.0677
INFO:root:Valid epoch 12 loss:0.5615440110365549, acc: 0.6894736842105263, auroc: 0.7123172467330832
INFO:root:Train epoch 13, loss: 0.0688
INFO:root:Valid epoch 13 loss:0.5847118025024732, acc: 0.6894736842105263, auroc: 0.7248673825850692
INFO:root:Train epoch 14, loss: 0.0687
INFO:root:Valid epoch 14 loss:0.5591151211410761, acc: 0.6894736842105263, auroc: 0.7222797257083711
INFO:root:Train epoch 15, loss: 0.0680
INFO:root:Valid epoch 15 loss:0.5652195469786724, acc: 0.6894736842105263, auroc: 0.7132229266399276
INFO:root:Train epoch 16, loss: 0.0684
INFO:root:Valid epoch 16 loss:0.5556027883042892, acc: 0.6894736842105263, auroc: 0.7188510803467459
INFO:root:Train epoch 17, loss: 0.0677
INFO:root:Valid epoch 17 loss:0.5547398738563061, acc: 0.6894736842105263, auroc: 0.7189157717686635
INFO:root:Train epoch 18, loss: 0.0671
INFO:root:Valid epoch 18 loss:0.5516844472537438, acc: 0.6894736842105263, auroc: 0.7312071419329798
INFO:root:Train epoch 19, loss: 0.0677
INFO:root:Valid epoch 19 loss:0.5594130270183086, acc: 0.6894736842105263, auroc: 0.7222797257083711
INFO:root:Train epoch 20, loss: 0.0668
INFO:root:Valid epoch 20 loss:0.5470204589267572, acc: 0.6894736842105263, auroc: 0.7347004787165222
INFO:root:Train epoch 21, loss: 0.0669
INFO:root:Valid epoch 21 loss:0.5623918324708939, acc: 0.7, auroc: 0.7304308448699702
INFO:root:Train epoch 22, loss: 0.0670
INFO:root:Valid epoch 22 loss:0.5493535585701466, acc: 0.7052631578947368, auroc: 0.7490619743821969
INFO:root:Train epoch 23, loss: 0.0664
INFO:root:Valid epoch 23 loss:0.5437084920704365, acc: 0.7157894736842105, auroc: 0.7554017337301074
INFO:root:Train epoch 24, loss: 0.0661
INFO:root:Valid epoch 24 loss:0.5412104812761148, acc: 0.7, auroc: 0.7483503687411049
INFO:root:Train epoch 25, loss: 0.0659
INFO:root:Valid epoch 25 loss:0.5444617594281832, acc: 0.7473684210526316, auroc: 0.7607064303273386
INFO:root:Train epoch 26, loss: 0.0656
INFO:root:Valid epoch 26 loss:0.5332045055304965, acc: 0.7263157894736842, auroc: 0.7570837106999614
INFO:root:Train epoch 27, loss: 0.0644
INFO:root:Valid epoch 27 loss:0.5222293852518002, acc: 0.7368421052631579, auroc: 0.7642644585327987
INFO:root:Train epoch 28, loss: 0.0644
INFO:root:Valid epoch 28 loss:0.5170735058685144, acc: 0.7473684210526316, auroc: 0.7709923664122138
INFO:root:Train epoch 29, loss: 0.0647
INFO:root:Valid epoch 29 loss:0.5285274057338635, acc: 0.7263157894736842, auroc: 0.7645879156423859
INFO:root:Train epoch 30, loss: 0.0634
INFO:root:Valid epoch 30 loss:0.5228322874754667, acc: 0.7157894736842105, auroc: 0.7652995212834778
INFO:root:Train epoch 31, loss: 0.0633
INFO:root:Valid epoch 31 loss:0.5256668366491795, acc: 0.6947368421052632, auroc: 0.7631000129382844
INFO:root:Train epoch 32, loss: 0.0619
INFO:root:Valid epoch 32 loss:0.510805624226729, acc: 0.7210526315789474, auroc: 0.7750032345710959
INFO:root:Train epoch 33, loss: 0.0621
INFO:root:Valid epoch 33 loss:0.5036707402517399, acc: 0.7210526315789474, auroc: 0.7792728684176478
INFO:root:Train epoch 34, loss: 0.0607
INFO:root:Valid epoch 34 loss:0.5045623804132143, acc: 0.7263157894736842, auroc: 0.7784965713546385
INFO:root:Train epoch 35, loss: 0.0611
INFO:root:Valid epoch 35 loss:0.5049829538911581, acc: 0.7157894736842105, auroc: 0.767757795316341
INFO:root:Train epoch 36, loss: 0.0606
INFO:root:Valid epoch 36 loss:0.5039219359556834, acc: 0.7, auroc: 0.7872299133134946
INFO:root:Train epoch 37, loss: 0.0599
INFO:root:Valid epoch 37 loss:0.4950910893579324, acc: 0.7473684210526316, auroc: 0.7974511579764523
INFO:root:Train epoch 38, loss: 0.0597
INFO:root:Valid epoch 38 loss:0.501815860470136, acc: 0.7368421052631579, auroc: 0.7913701643162117
INFO:root:Train epoch 39, loss: 0.0592
INFO:root:Valid epoch 39 loss:0.4873080402612686, acc: 0.7578947368421053, auroc: 0.8068314141544832
INFO:root:Train epoch 40, loss: 0.0578
INFO:root:Valid epoch 40 loss:0.49384372898687917, acc: 0.7052631578947368, auroc: 0.8001681976969854
INFO:root:Train epoch 41, loss: 0.0589
INFO:root:Valid epoch 41 loss:0.5021594958379865, acc: 0.7315789473684211, auroc: 0.7903997929874499
INFO:root:Train epoch 42, loss: 0.0570
INFO:root:Valid epoch 42 loss:0.5123821633557478, acc: 0.7631578947368421, auroc: 0.8038556087462803
INFO:root:Train epoch 43, loss: 0.0571
INFO:root:Valid epoch 43 loss:0.4867115120093028, acc: 0.7263157894736842, auroc: 0.8096131452969336
INFO:root:Train epoch 44, loss: 0.0564
INFO:root:Valid epoch 44 loss:0.4934417710949977, acc: 0.7210526315789474, auroc: 0.8030146202613534
INFO:root:Train epoch 45, loss: 0.0560
INFO:root:Valid epoch 45 loss:0.49732460360974073, acc: 0.7105263157894737, auroc: 0.7981627636175443
INFO:root:Train epoch 46, loss: 0.0570
INFO:root:Valid epoch 46 loss:0.49518048328657943, acc: 0.7526315789473684, auroc: 0.8049553629188769
INFO:root:Train epoch 47, loss: 0.0561
INFO:root:Valid epoch 47 loss:0.5333713286866745, acc: 0.7210526315789474, auroc: 0.7954457238970113
INFO:root:Train epoch 48, loss: 0.0562
INFO:root:Valid epoch 48 loss:0.47660355766614276, acc: 0.7473684210526316, auroc: 0.8192521671626343
INFO:root:Train epoch 49, loss: 0.0551
INFO:root:Valid epoch 49 loss:0.4763801513860623, acc: 0.7315789473684211, auroc: 0.8164057445982663
INFO:root:Train epoch 50, loss: 0.0550
INFO:root:Valid epoch 50 loss:0.493782427161932, acc: 0.7210526315789474, auroc: 0.8086427739681719
INFO:root:Train epoch 51, loss: 0.0558
INFO:root:Valid epoch 51 loss:0.48457491553078097, acc: 0.7368421052631579, auroc: 0.8148531504722475
INFO:root:Train epoch 52, loss: 0.0554
INFO:root:Valid epoch 52 loss:0.47679148490230244, acc: 0.7263157894736842, auroc: 0.8235218010091861
INFO:root:Train epoch 53, loss: 0.0551
INFO:root:Valid epoch 53 loss:0.4771703851098816, acc: 0.7526315789473684, auroc: 0.8215163669297452
INFO:root:Train epoch 54, loss: 0.0543
INFO:root:Valid epoch 54 loss:0.47813584997008246, acc: 0.7526315789473684, auroc: 0.8169232759736058
INFO:root:Train epoch 55, loss: 0.0548
INFO:root:Valid epoch 55 loss:0.4709469073762496, acc: 0.7315789473684211, auroc: 0.8288264976064174
INFO:root:Train epoch 56, loss: 0.0541
INFO:root:Valid epoch 56 loss:0.47867047414183617, acc: 0.7263157894736842, auroc: 0.8138827791434856
INFO:root:Train epoch 57, loss: 0.0532
INFO:root:Valid epoch 57 loss:0.4754242959121863, acc: 0.7421052631578947, auroc: 0.826044766463967
INFO:root:Train epoch 58, loss: 0.0539
INFO:root:Valid epoch 58 loss:0.4910243432968855, acc: 0.7368421052631579, auroc: 0.8136887048777333
INFO:root:Train epoch 59, loss: 0.0526
INFO:root:Valid epoch 59 loss:0.4775433950126171, acc: 0.7315789473684211, auroc: 0.8317376115927029
INFO:root:Train epoch 60, loss: 0.0540
INFO:root:Valid epoch 60 loss:0.4884440116584301, acc: 0.7210526315789474, auroc: 0.8215163669297452
INFO:root:Train epoch 61, loss: 0.0540
INFO:root:Valid epoch 61 loss:0.49481483921408653, acc: 0.7315789473684211, auroc: 0.8094837624530986
INFO:root:Train epoch 62, loss: 0.0538
INFO:root:Valid epoch 62 loss:0.4829624807462096, acc: 0.7631578947368421, auroc: 0.8103247509380257
INFO:root:Train epoch 63, loss: 0.0540
INFO:root:Valid epoch 63 loss:0.4910837206989527, acc: 0.7315789473684211, auroc: 0.8233277267434338
INFO:root:Train epoch 64, loss: 0.0528
INFO:root:Valid epoch 64 loss:0.5300973405440649, acc: 0.7473684210526316, auroc: 0.7974511579764524
INFO:root:Train epoch 65, loss: 0.0540
INFO:root:Valid epoch 65 loss:0.4804879023383061, acc: 0.7421052631578947, auroc: 0.8183464872557898
INFO:root:Train epoch 66, loss: 0.0527
INFO:root:Valid epoch 66 loss:0.4615924172103405, acc: 0.7578947368421053, auroc: 0.8325139086557123
INFO:root:Train epoch 67, loss: 0.0521
INFO:root:Valid epoch 67 loss:0.4789113656928142, acc: 0.7473684210526316, auroc: 0.8156294475352569
INFO:root:Train epoch 68, loss: 0.0531
INFO:root:Valid epoch 68 loss:0.47419278137385845, acc: 0.7368421052631579, auroc: 0.8337430456721439
INFO:root:Train epoch 69, loss: 0.0512
INFO:root:Valid epoch 69 loss:0.5121124765525261, acc: 0.7421052631578947, auroc: 0.8130417906585587
INFO:root:Train epoch 70, loss: 0.0521
INFO:root:Valid epoch 70 loss:0.5180898954470953, acc: 0.7105263157894737, auroc: 0.8080605511709148
INFO:root:Train epoch 71, loss: 0.0526
INFO:root:Valid epoch 71 loss:0.47077191558976966, acc: 0.7578947368421053, auroc: 0.8246862466037004
INFO:root:Train epoch 72, loss: 0.0513
INFO:root:Valid epoch 72 loss:0.48028303186098736, acc: 0.7157894736842105, auroc: 0.8144650019407426
INFO:root:Train epoch 73, loss: 0.0513
INFO:root:Valid epoch 73 loss:0.4685022324944536, acc: 0.7578947368421053, auroc: 0.8243627894941131
INFO:root:Train epoch 74, loss: 0.0515
INFO:root:Valid epoch 74 loss:0.5003251309196154, acc: 0.7526315789473684, auroc: 0.8173114245051106
INFO:root:Train epoch 75, loss: 0.0505
INFO:root:Valid epoch 75 loss:0.4574577395493786, acc: 0.7421052631578947, auroc: 0.8385949023159529
INFO:root:Train epoch 76, loss: 0.0509
INFO:root:Valid epoch 76 loss:0.46870333204666775, acc: 0.7263157894736842, auroc: 0.827920817699573
INFO:root:Train epoch 77, loss: 0.0516
INFO:root:Valid epoch 77 loss:0.4935025454809268, acc: 0.7368421052631579, auroc: 0.8215810583516626
INFO:root:Train epoch 78, loss: 0.0499
INFO:root:Valid epoch 78 loss:0.48398901149630547, acc: 0.7473684210526316, auroc: 0.822357355414672
INFO:root:Train epoch 79, loss: 0.0514
INFO:root:Valid epoch 79 loss:0.47152898895243806, acc: 0.7315789473684211, auroc: 0.8347134170009057
INFO:root:Train epoch 80, loss: 0.0520
INFO:root:Valid epoch 80 loss:0.47383050868908566, acc: 0.7263157894736842, auroc: 0.8172467330831933
INFO:root:Train epoch 81, loss: 0.0501
INFO:root:Valid epoch 81 loss:0.4879025776560108, acc: 0.7421052631578947, auroc: 0.8185405615215423
INFO:root:Train epoch 82, loss: 0.0516
INFO:root:Valid epoch 82 loss:0.464502305102845, acc: 0.7368421052631579, auroc: 0.8323845258118774
INFO:root:Train epoch 83, loss: 0.0504
INFO:root:Valid epoch 83 loss:0.4837878302981456, acc: 0.7526315789473684, auroc: 0.8262388407297193
INFO:root:Train epoch 84, loss: 0.0504
INFO:root:Valid epoch 84 loss:0.47297913767397404, acc: 0.7684210526315789, auroc: 0.8348427998447405
INFO:root:Train epoch 85, loss: 0.0500
INFO:root:Valid epoch 85 loss:0.5031852616618077, acc: 0.7315789473684211, auroc: 0.8253978522447923
INFO:root:Train epoch 86, loss: 0.0510
INFO:root:Valid epoch 86 loss:0.4752619732171297, acc: 0.7368421052631579, auroc: 0.8360072454392548
INFO:root:Train epoch 87, loss: 0.0492
INFO:root:Valid epoch 87 loss:0.4689382252593835, acc: 0.7315789473684211, auroc: 0.8315435373269505
INFO:root:Train epoch 88, loss: 0.0507
INFO:root:Valid epoch 88 loss:0.47174385748803616, acc: 0.7210526315789474, auroc: 0.8296674860913443
INFO:root:Train epoch 89, loss: 0.0501
INFO:root:Valid epoch 89 loss:0.46319770719856024, acc: 0.7526315789473684, auroc: 0.8361366282830898
INFO:root:Train epoch 90, loss: 0.0503
INFO:root:Valid epoch 90 loss:0.45680560109515983, acc: 0.7578947368421053, auroc: 0.8458403415707076
INFO:root:Train epoch 91, loss: 0.0505
INFO:root:Valid epoch 91 loss:0.4715949948877096, acc: 0.7789473684210526, auroc: 0.8348427998447406
INFO:root:Train epoch 92, loss: 0.0498
INFO:root:Valid epoch 92 loss:0.45645827148109674, acc: 0.7578947368421053, auroc: 0.8433820675378445
INFO:root:Train epoch 93, loss: 0.0502
INFO:root:Valid epoch 93 loss:0.4589347367485364, acc: 0.7368421052631579, auroc: 0.8411178677707335
INFO:root:Train epoch 94, loss: 0.0497
INFO:root:Valid epoch 94 loss:0.46255528305967647, acc: 0.7684210526315789, auroc: 0.8441583646008539
INFO:root:Train epoch 95, loss: 0.0506
INFO:root:Valid epoch 95 loss:0.46319057947645587, acc: 0.7684210526315789, auroc: 0.83917712511321
INFO:root:Train epoch 96, loss: 0.0500
INFO:root:Valid epoch 96 loss:0.47122367285192013, acc: 0.7842105263157895, auroc: 0.8323198343899599
INFO:root:Train epoch 97, loss: 0.0494
INFO:root:Valid epoch 97 loss:0.45798346182952326, acc: 0.7684210526315789, auroc: 0.8345840341570708
INFO:root:Train epoch 98, loss: 0.0491
INFO:root:Valid epoch 98 loss:0.46576780018707115, acc: 0.7684210526315789, auroc: 0.8274032863242335
INFO:root:Train epoch 99, loss: 0.0487
INFO:root:Valid epoch 99 loss:0.4577457355335355, acc: 0.7421052631578947, auroc: 0.8491396040884979
