INFO:root:all data: 949
INFO:root:train data: 759
INFO:root:test data: 190
INFO:root:Train epoch 0, loss: 0.5816, val_loss: 0.6222, val_acc: 0.7158, val_auroc: 0.6746
INFO:root:Train epoch 1, loss: 0.5598, val_loss: 0.5752, val_acc: 0.6895, val_auroc: 0.6885
INFO:root:Train epoch 2, loss: 0.5533, val_loss: 0.5641, val_acc: 0.7105, val_auroc: 0.7118
INFO:root:Train epoch 3, loss: 0.5456, val_loss: 0.5607, val_acc: 0.7053, val_auroc: 0.7244
INFO:root:Train epoch 4, loss: 0.5361, val_loss: 0.5546, val_acc: 0.7158, val_auroc: 0.7442
INFO:root:Train epoch 5, loss: 0.5305, val_loss: 0.5701, val_acc: 0.7000, val_auroc: 0.7324
INFO:root:Train epoch 6, loss: 0.5211, val_loss: 0.5268, val_acc: 0.7526, val_auroc: 0.7606
INFO:root:Train epoch 7, loss: 0.5086, val_loss: 0.5137, val_acc: 0.7526, val_auroc: 0.7852
INFO:root:Train epoch 8, loss: 0.5047, val_loss: 0.5112, val_acc: 0.7579, val_auroc: 0.7852
INFO:root:Train epoch 9, loss: 0.4905, val_loss: 0.5219, val_acc: 0.7211, val_auroc: 0.7842
INFO:root:Train epoch 10, loss: 0.4807, val_loss: 0.4830, val_acc: 0.7211, val_auroc: 0.7961
INFO:root:Train epoch 11, loss: 0.4812, val_loss: 0.4951, val_acc: 0.7368, val_auroc: 0.7959
INFO:root:Train epoch 12, loss: 0.4667, val_loss: 0.5060, val_acc: 0.7105, val_auroc: 0.7760
INFO:root:Train epoch 13, loss: 0.4617, val_loss: 0.4965, val_acc: 0.7316, val_auroc: 0.7929
INFO:root:Train epoch 14, loss: 0.4640, val_loss: 0.5248, val_acc: 0.7158, val_auroc: 0.7975
INFO:root:Train epoch 15, loss: 0.4654, val_loss: 0.4689, val_acc: 0.7526, val_auroc: 0.8213
INFO:root:Train epoch 16, loss: 0.4577, val_loss: 0.4895, val_acc: 0.7263, val_auroc: 0.8035
INFO:root:Train epoch 17, loss: 0.4534, val_loss: 0.4581, val_acc: 0.7579, val_auroc: 0.8160
INFO:root:Train epoch 18, loss: 0.4458, val_loss: 0.4515, val_acc: 0.7368, val_auroc: 0.8301
INFO:root:Train epoch 19, loss: 0.4469, val_loss: 0.4505, val_acc: 0.7737, val_auroc: 0.8354
INFO:root:Train epoch 20, loss: 0.4412, val_loss: 0.4424, val_acc: 0.7579, val_auroc: 0.8362
INFO:root:Train epoch 21, loss: 0.4325, val_loss: 0.4653, val_acc: 0.7316, val_auroc: 0.8255
INFO:root:Train epoch 22, loss: 0.4328, val_loss: 0.4362, val_acc: 0.7474, val_auroc: 0.8499
INFO:root:Train epoch 23, loss: 0.4261, val_loss: 0.4503, val_acc: 0.7684, val_auroc: 0.8420
INFO:root:Train epoch 24, loss: 0.4219, val_loss: 0.4696, val_acc: 0.7579, val_auroc: 0.8189
INFO:root:Train epoch 25, loss: 0.4250, val_loss: 0.4265, val_acc: 0.7632, val_auroc: 0.8564
INFO:root:Train epoch 26, loss: 0.4219, val_loss: 0.4371, val_acc: 0.7474, val_auroc: 0.8444
INFO:root:Train epoch 27, loss: 0.4181, val_loss: 0.4147, val_acc: 0.7789, val_auroc: 0.8682
INFO:root:Train epoch 28, loss: 0.4117, val_loss: 0.4190, val_acc: 0.7526, val_auroc: 0.8515
INFO:root:Train epoch 29, loss: 0.4087, val_loss: 0.4395, val_acc: 0.7526, val_auroc: 0.8367
INFO:root:Train epoch 30, loss: 0.4037, val_loss: 0.4382, val_acc: 0.7474, val_auroc: 0.8414
INFO:root:Train epoch 31, loss: 0.4145, val_loss: 0.4491, val_acc: 0.7474, val_auroc: 0.8319
INFO:root:Train epoch 32, loss: 0.4098, val_loss: 0.4349, val_acc: 0.7474, val_auroc: 0.8472
INFO:root:Train epoch 33, loss: 0.4056, val_loss: 0.4373, val_acc: 0.7579, val_auroc: 0.8461
INFO:root:Train epoch 34, loss: 0.3996, val_loss: 0.4419, val_acc: 0.7526, val_auroc: 0.8461
INFO:root:Train epoch 35, loss: 0.3994, val_loss: 0.4111, val_acc: 0.7737, val_auroc: 0.8662
INFO:root:Train epoch 36, loss: 0.3948, val_loss: 0.4182, val_acc: 0.7579, val_auroc: 0.8579
INFO:root:Train epoch 37, loss: 0.3959, val_loss: 0.4026, val_acc: 0.7684, val_auroc: 0.8660
INFO:root:Train epoch 38, loss: 0.3929, val_loss: 0.4559, val_acc: 0.7526, val_auroc: 0.8357
INFO:root:Train epoch 39, loss: 0.3937, val_loss: 0.4004, val_acc: 0.7684, val_auroc: 0.8676
INFO:root:Train epoch 40, loss: 0.3823, val_loss: 0.4006, val_acc: 0.7684, val_auroc: 0.8670
INFO:root:Train epoch 41, loss: 0.3949, val_loss: 0.4072, val_acc: 0.7842, val_auroc: 0.8730
INFO:root:Train epoch 42, loss: 0.3890, val_loss: 0.4081, val_acc: 0.7421, val_auroc: 0.8613
INFO:root:Train epoch 43, loss: 0.3868, val_loss: 0.4084, val_acc: 0.7684, val_auroc: 0.8645
INFO:root:Train epoch 44, loss: 0.3916, val_loss: 0.4530, val_acc: 0.7368, val_auroc: 0.8237
INFO:root:Train epoch 45, loss: 0.3868, val_loss: 0.4367, val_acc: 0.7474, val_auroc: 0.8433
INFO:root:Train epoch 46, loss: 0.3875, val_loss: 0.3881, val_acc: 0.7684, val_auroc: 0.8766
INFO:root:Train epoch 47, loss: 0.3781, val_loss: 0.4078, val_acc: 0.7526, val_auroc: 0.8588
INFO:root:Train epoch 48, loss: 0.3887, val_loss: 0.3879, val_acc: 0.8000, val_auroc: 0.8805
INFO:root:Train epoch 49, loss: 0.3831, val_loss: 0.4048, val_acc: 0.7684, val_auroc: 0.8661
INFO:root:Train epoch 50, loss: 0.3830, val_loss: 0.4197, val_acc: 0.7737, val_auroc: 0.8572
INFO:root:Train epoch 51, loss: 0.3733, val_loss: 0.4375, val_acc: 0.7684, val_auroc: 0.8710
INFO:root:Train epoch 52, loss: 0.3835, val_loss: 0.4100, val_acc: 0.7737, val_auroc: 0.8639
INFO:root:Train epoch 53, loss: 0.3756, val_loss: 0.4193, val_acc: 0.7632, val_auroc: 0.8548
INFO:root:Train epoch 54, loss: 0.3745, val_loss: 0.3972, val_acc: 0.7895, val_auroc: 0.8750
INFO:root:Train epoch 55, loss: 0.3766, val_loss: 0.4251, val_acc: 0.7632, val_auroc: 0.8492
INFO:root:Train epoch 56, loss: 0.3778, val_loss: 0.4095, val_acc: 0.7842, val_auroc: 0.8671
INFO:root:Train epoch 57, loss: 0.3716, val_loss: 0.4057, val_acc: 0.7579, val_auroc: 0.8647
INFO:root:Train epoch 58, loss: 0.3746, val_loss: 0.4055, val_acc: 0.7842, val_auroc: 0.8655
INFO:root:Train epoch 59, loss: 0.3752, val_loss: 0.4652, val_acc: 0.7316, val_auroc: 0.8357
INFO:root:Train epoch 60, loss: 0.3816, val_loss: 0.4048, val_acc: 0.7737, val_auroc: 0.8690
INFO:root:Train epoch 61, loss: 0.3721, val_loss: 0.3920, val_acc: 0.7789, val_auroc: 0.8709
INFO:root:Train epoch 62, loss: 0.3682, val_loss: 0.4154, val_acc: 0.7737, val_auroc: 0.8605
INFO:root:Train epoch 63, loss: 0.3812, val_loss: 0.4156, val_acc: 0.7947, val_auroc: 0.8666
INFO:root:Train epoch 64, loss: 0.3712, val_loss: 0.4058, val_acc: 0.7789, val_auroc: 0.8696
INFO:root:Train epoch 65, loss: 0.3725, val_loss: 0.4260, val_acc: 0.7737, val_auroc: 0.8667
INFO:root:Train epoch 66, loss: 0.3662, val_loss: 0.3935, val_acc: 0.7842, val_auroc: 0.8803
INFO:root:Train epoch 67, loss: 0.3674, val_loss: 0.4053, val_acc: 0.7632, val_auroc: 0.8647
INFO:root:Train epoch 68, loss: 0.3661, val_loss: 0.4077, val_acc: 0.7737, val_auroc: 0.8680
INFO:root:Train epoch 69, loss: 0.3688, val_loss: 0.3864, val_acc: 0.7737, val_auroc: 0.8805
INFO:root:Train epoch 70, loss: 0.3686, val_loss: 0.3913, val_acc: 0.7789, val_auroc: 0.8771
INFO:root:Train epoch 71, loss: 0.3686, val_loss: 0.3975, val_acc: 0.7737, val_auroc: 0.8680
INFO:root:Train epoch 72, loss: 0.3665, val_loss: 0.4167, val_acc: 0.7789, val_auroc: 0.8677
INFO:root:Train epoch 73, loss: 0.3738, val_loss: 0.3897, val_acc: 0.7895, val_auroc: 0.8742
INFO:root:Train epoch 74, loss: 0.3664, val_loss: 0.3994, val_acc: 0.7789, val_auroc: 0.8739
INFO:root:Train epoch 75, loss: 0.3662, val_loss: 0.4689, val_acc: 0.7579, val_auroc: 0.8533
INFO:root:Train epoch 76, loss: 0.3737, val_loss: 0.4040, val_acc: 0.7579, val_auroc: 0.8653
INFO:root:Train epoch 77, loss: 0.3599, val_loss: 0.3933, val_acc: 0.7789, val_auroc: 0.8754
INFO:root:Train epoch 78, loss: 0.3600, val_loss: 0.3990, val_acc: 0.7947, val_auroc: 0.8874
INFO:root:Train epoch 79, loss: 0.3675, val_loss: 0.3963, val_acc: 0.7842, val_auroc: 0.8670
INFO:root:Train epoch 80, loss: 0.3636, val_loss: 0.4064, val_acc: 0.7789, val_auroc: 0.8717
INFO:root:Train epoch 81, loss: 0.3710, val_loss: 0.4438, val_acc: 0.7737, val_auroc: 0.8613
INFO:root:Train epoch 82, loss: 0.3598, val_loss: 0.3984, val_acc: 0.7684, val_auroc: 0.8720
INFO:root:Train epoch 83, loss: 0.3667, val_loss: 0.3858, val_acc: 0.7737, val_auroc: 0.8811
INFO:root:Train epoch 84, loss: 0.3677, val_loss: 0.3950, val_acc: 0.7789, val_auroc: 0.8744
INFO:root:Train epoch 85, loss: 0.3593, val_loss: 0.4057, val_acc: 0.7684, val_auroc: 0.8645
INFO:root:Train epoch 86, loss: 0.3601, val_loss: 0.4000, val_acc: 0.7842, val_auroc: 0.8764
INFO:root:Train epoch 87, loss: 0.3564, val_loss: 0.4065, val_acc: 0.7789, val_auroc: 0.8643
INFO:root:Train epoch 88, loss: 0.3647, val_loss: 0.4088, val_acc: 0.8000, val_auroc: 0.8732
INFO:root:Train epoch 89, loss: 0.3559, val_loss: 0.3918, val_acc: 0.7684, val_auroc: 0.8737
INFO:root:Train epoch 90, loss: 0.3595, val_loss: 0.4395, val_acc: 0.7895, val_auroc: 0.8726
INFO:root:Train epoch 91, loss: 0.3582, val_loss: 0.4260, val_acc: 0.7737, val_auroc: 0.8527
INFO:root:Train epoch 92, loss: 0.3671, val_loss: 0.4201, val_acc: 0.7474, val_auroc: 0.8484
INFO:root:Train epoch 93, loss: 0.3603, val_loss: 0.4295, val_acc: 0.7684, val_auroc: 0.8587
INFO:root:Train epoch 94, loss: 0.3572, val_loss: 0.4042, val_acc: 0.7632, val_auroc: 0.8699
INFO:root:Train epoch 95, loss: 0.3530, val_loss: 0.4275, val_acc: 0.7737, val_auroc: 0.8615
INFO:root:Train epoch 96, loss: 0.3547, val_loss: 0.4285, val_acc: 0.7684, val_auroc: 0.8617
INFO:root:Train epoch 97, loss: 0.3491, val_loss: 0.4056, val_acc: 0.7737, val_auroc: 0.8673
INFO:root:Train epoch 98, loss: 0.3584, val_loss: 0.4281, val_acc: 0.7737, val_auroc: 0.8605
INFO:root:Train epoch 99, loss: 0.3544, val_loss: 0.4074, val_acc: 0.7684, val_auroc: 0.8657
INFO:root:Train epoch 100, loss: 0.3496, val_loss: 0.4212, val_acc: 0.7684, val_auroc: 0.8572
INFO:root:Train epoch 101, loss: 0.3553, val_loss: 0.4320, val_acc: 0.7684, val_auroc: 0.8618
INFO:root:Train epoch 102, loss: 0.3555, val_loss: 0.4152, val_acc: 0.7842, val_auroc: 0.8709
INFO:root:Train epoch 103, loss: 0.3458, val_loss: 0.4352, val_acc: 0.7737, val_auroc: 0.8570
INFO:root:Validation loss has not improved in 20 epochs, stopping early
INFO:root:Obtained lowest validation loss of: 0.3857580081891348
