INFO:root:all data: 949
INFO:root:train data: 759
INFO:root:test data: 190
INFO:root:Train epoch 0, loss: 0.6988, val_loss: 0.6512, val_acc: 0.6895, val_auroc: 0.5361
INFO:root:Train epoch 1, loss: 0.6154, val_loss: 0.6435, val_acc: 0.6895, val_auroc: 0.5378
INFO:root:Train epoch 2, loss: 0.6015, val_loss: 0.6274, val_acc: 0.6895, val_auroc: 0.5718
INFO:root:Train epoch 3, loss: 0.5948, val_loss: 0.6234, val_acc: 0.6895, val_auroc: 0.6003
INFO:root:Train epoch 4, loss: 0.5921, val_loss: 0.6174, val_acc: 0.6895, val_auroc: 0.6124
INFO:root:Train epoch 5, loss: 0.5902, val_loss: 0.6149, val_acc: 0.6895, val_auroc: 0.6237
INFO:root:Train epoch 6, loss: 0.5904, val_loss: 0.6148, val_acc: 0.6895, val_auroc: 0.6206
INFO:root:Train epoch 7, loss: 0.5886, val_loss: 0.5971, val_acc: 0.6895, val_auroc: 0.6203
INFO:root:Train epoch 8, loss: 0.5896, val_loss: 0.6142, val_acc: 0.6895, val_auroc: 0.6293
INFO:root:Train epoch 9, loss: 0.5855, val_loss: 0.6300, val_acc: 0.6895, val_auroc: 0.6458
INFO:root:Train epoch 10, loss: 0.5849, val_loss: 0.6289, val_acc: 0.6895, val_auroc: 0.6577
INFO:root:Train epoch 11, loss: 0.5831, val_loss: 0.6207, val_acc: 0.6895, val_auroc: 0.6577
INFO:root:Train epoch 12, loss: 0.5830, val_loss: 0.6278, val_acc: 0.6895, val_auroc: 0.6560
INFO:root:Train epoch 13, loss: 0.5794, val_loss: 0.5998, val_acc: 0.6895, val_auroc: 0.6539
INFO:root:Train epoch 14, loss: 0.5772, val_loss: 0.6063, val_acc: 0.6895, val_auroc: 0.6615
INFO:root:Train epoch 15, loss: 0.5733, val_loss: 0.5937, val_acc: 0.6895, val_auroc: 0.6655
INFO:root:Train epoch 16, loss: 0.5689, val_loss: 0.6044, val_acc: 0.6895, val_auroc: 0.6686
INFO:root:Train epoch 17, loss: 0.5634, val_loss: 0.5704, val_acc: 0.6895, val_auroc: 0.6542
INFO:root:Train epoch 18, loss: 0.5573, val_loss: 0.5973, val_acc: 0.6895, val_auroc: 0.6511
INFO:root:Train epoch 19, loss: 0.5540, val_loss: 0.5982, val_acc: 0.6842, val_auroc: 0.6601
INFO:root:Train epoch 20, loss: 0.5616, val_loss: 0.5942, val_acc: 0.6947, val_auroc: 0.6623
INFO:root:Train epoch 21, loss: 0.5509, val_loss: 0.5906, val_acc: 0.6842, val_auroc: 0.6642
INFO:root:Train epoch 22, loss: 0.5522, val_loss: 0.5721, val_acc: 0.6947, val_auroc: 0.6672
INFO:root:Train epoch 23, loss: 0.5482, val_loss: 0.5738, val_acc: 0.6842, val_auroc: 0.6685
INFO:root:Train epoch 24, loss: 0.5459, val_loss: 0.5794, val_acc: 0.6947, val_auroc: 0.6724
INFO:root:Train epoch 25, loss: 0.5452, val_loss: 0.5883, val_acc: 0.6842, val_auroc: 0.6752
INFO:root:Train epoch 26, loss: 0.5492, val_loss: 0.5612, val_acc: 0.6842, val_auroc: 0.6735
INFO:root:Train epoch 27, loss: 0.5487, val_loss: 0.5797, val_acc: 0.6842, val_auroc: 0.6722
INFO:root:Train epoch 28, loss: 0.5446, val_loss: 0.5810, val_acc: 0.6842, val_auroc: 0.6743
INFO:root:Train epoch 29, loss: 0.5435, val_loss: 0.5819, val_acc: 0.6842, val_auroc: 0.6741
INFO:root:Train epoch 30, loss: 0.5433, val_loss: 0.5809, val_acc: 0.6842, val_auroc: 0.6725
INFO:root:Train epoch 31, loss: 0.5423, val_loss: 0.5651, val_acc: 0.6842, val_auroc: 0.6750
INFO:root:Train epoch 32, loss: 0.5410, val_loss: 0.5681, val_acc: 0.6842, val_auroc: 0.6738
INFO:root:Train epoch 33, loss: 0.5416, val_loss: 0.5885, val_acc: 0.6842, val_auroc: 0.6765
INFO:root:Train epoch 34, loss: 0.5416, val_loss: 0.5834, val_acc: 0.6842, val_auroc: 0.6784
INFO:root:Train epoch 35, loss: 0.5441, val_loss: 0.5764, val_acc: 0.6842, val_auroc: 0.6772
INFO:root:Train epoch 36, loss: 0.5402, val_loss: 0.5774, val_acc: 0.6842, val_auroc: 0.6765
INFO:root:Train epoch 37, loss: 0.5394, val_loss: 0.5847, val_acc: 0.6842, val_auroc: 0.6769
INFO:root:Train epoch 38, loss: 0.5393, val_loss: 0.5721, val_acc: 0.6842, val_auroc: 0.6771
INFO:root:Train epoch 39, loss: 0.5392, val_loss: 0.5697, val_acc: 0.6842, val_auroc: 0.6765
INFO:root:Train epoch 40, loss: 0.5386, val_loss: 0.5570, val_acc: 0.6842, val_auroc: 0.6778
INFO:root:Train epoch 41, loss: 0.5403, val_loss: 0.5825, val_acc: 0.6842, val_auroc: 0.6789
INFO:root:Train epoch 42, loss: 0.5441, val_loss: 0.5921, val_acc: 0.6842, val_auroc: 0.6754
INFO:root:Train epoch 43, loss: 0.5463, val_loss: 0.5814, val_acc: 0.6842, val_auroc: 0.6800
INFO:root:Train epoch 44, loss: 0.5419, val_loss: 0.6077, val_acc: 0.6842, val_auroc: 0.6701
INFO:root:Train epoch 45, loss: 0.5417, val_loss: 0.5721, val_acc: 0.6842, val_auroc: 0.6782
INFO:root:Train epoch 46, loss: 0.5403, val_loss: 0.5967, val_acc: 0.6842, val_auroc: 0.6718
INFO:root:Train epoch 47, loss: 0.5461, val_loss: 0.5769, val_acc: 0.6842, val_auroc: 0.6722
INFO:root:Train epoch 48, loss: 0.5501, val_loss: 0.5495, val_acc: 0.6842, val_auroc: 0.6791
INFO:root:Train epoch 49, loss: 0.5477, val_loss: 0.5726, val_acc: 0.6789, val_auroc: 0.6716
INFO:root:Train epoch 50, loss: 0.5399, val_loss: 0.6077, val_acc: 0.6842, val_auroc: 0.6696
INFO:root:Train epoch 51, loss: 0.5447, val_loss: 0.5568, val_acc: 0.6842, val_auroc: 0.6755
INFO:root:Train epoch 52, loss: 0.5421, val_loss: 0.5756, val_acc: 0.6842, val_auroc: 0.6732
INFO:root:Train epoch 53, loss: 0.5400, val_loss: 0.5530, val_acc: 0.6842, val_auroc: 0.6727
INFO:root:Train epoch 54, loss: 0.5372, val_loss: 0.5483, val_acc: 0.6842, val_auroc: 0.6729
INFO:root:Train epoch 55, loss: 0.5379, val_loss: 0.5630, val_acc: 0.6842, val_auroc: 0.6778
INFO:root:Train epoch 56, loss: 0.5365, val_loss: 0.5547, val_acc: 0.6789, val_auroc: 0.6748
INFO:root:Train epoch 57, loss: 0.5393, val_loss: 0.5735, val_acc: 0.6842, val_auroc: 0.6769
INFO:root:Train epoch 58, loss: 0.5386, val_loss: 0.5546, val_acc: 0.6842, val_auroc: 0.6803
INFO:root:Train epoch 59, loss: 0.5375, val_loss: 0.5548, val_acc: 0.6842, val_auroc: 0.6747
INFO:root:Train epoch 60, loss: 0.5391, val_loss: 0.5866, val_acc: 0.6842, val_auroc: 0.6766
INFO:root:Train epoch 61, loss: 0.5375, val_loss: 0.5827, val_acc: 0.6842, val_auroc: 0.6770
INFO:root:Train epoch 62, loss: 0.5393, val_loss: 0.5567, val_acc: 0.6842, val_auroc: 0.6780
INFO:root:Train epoch 63, loss: 0.5392, val_loss: 0.5885, val_acc: 0.6842, val_auroc: 0.6787
INFO:root:Train epoch 64, loss: 0.5404, val_loss: 0.5643, val_acc: 0.6842, val_auroc: 0.6773
INFO:root:Train epoch 65, loss: 0.5377, val_loss: 0.5858, val_acc: 0.6842, val_auroc: 0.6755
INFO:root:Train epoch 66, loss: 0.5404, val_loss: 0.5785, val_acc: 0.6842, val_auroc: 0.6790
INFO:root:Train epoch 67, loss: 0.5368, val_loss: 0.5488, val_acc: 0.6842, val_auroc: 0.6806
INFO:root:Train epoch 68, loss: 0.5363, val_loss: 0.5490, val_acc: 0.6842, val_auroc: 0.6752
INFO:root:Train epoch 69, loss: 0.5377, val_loss: 0.5695, val_acc: 0.6789, val_auroc: 0.6833
INFO:root:Train epoch 70, loss: 0.5354, val_loss: 0.5837, val_acc: 0.6842, val_auroc: 0.6782
INFO:root:Train epoch 71, loss: 0.5367, val_loss: 0.5509, val_acc: 0.6842, val_auroc: 0.6784
INFO:root:Train epoch 72, loss: 0.5361, val_loss: 0.5655, val_acc: 0.6789, val_auroc: 0.6824
INFO:root:Train epoch 73, loss: 0.5372, val_loss: 0.5779, val_acc: 0.6842, val_auroc: 0.6838
INFO:root:Train epoch 74, loss: 0.5376, val_loss: 0.5675, val_acc: 0.6842, val_auroc: 0.6828
INFO:root:Validation loss has not improved in 20 epochs, stopping early
INFO:root:Obtained lowest validation loss of: 0.5483179837465286
