INFO:root:all data: 1898
INFO:root:train data: 1518
INFO:root:test data: 380
INFO:root:Train epoch 0, loss: 0.6953, val_loss: 0.6882, val_acc: 0.7053, val_auroc: 0.5952
INFO:root:Train epoch 1, loss: 0.6829, val_loss: 0.6755, val_acc: 0.7053, val_auroc: 0.5991
INFO:root:Train epoch 2, loss: 0.6714, val_loss: 0.6630, val_acc: 0.7053, val_auroc: 0.6297
INFO:root:Train epoch 3, loss: 0.6568, val_loss: 0.6497, val_acc: 0.7053, val_auroc: 0.6370
INFO:root:Train epoch 4, loss: 0.6403, val_loss: 0.6289, val_acc: 0.7053, val_auroc: 0.6406
INFO:root:Train epoch 5, loss: 0.6212, val_loss: 0.6176, val_acc: 0.7053, val_auroc: 0.6401
INFO:root:Train epoch 6, loss: 0.6036, val_loss: 0.5975, val_acc: 0.7053, val_auroc: 0.6492
INFO:root:Train epoch 7, loss: 0.5973, val_loss: 0.6024, val_acc: 0.7053, val_auroc: 0.6689
INFO:root:Train epoch 8, loss: 0.5970, val_loss: 0.5918, val_acc: 0.7053, val_auroc: 0.6760
INFO:root:all data: 949
INFO:root:train data: 759
INFO:root:test data: 190
INFO:root:Train epoch 0, loss: 0.7183, val_loss: 0.7089, val_acc: 0.3105, val_auroc: 0.4510
INFO:root:Train epoch 1, loss: 0.7081, val_loss: 0.7010, val_acc: 0.3105, val_auroc: 0.4603
INFO:root:Train epoch 2, loss: 0.6997, val_loss: 0.6945, val_acc: 0.3421, val_auroc: 0.4741
INFO:root:Train epoch 3, loss: 0.6922, val_loss: 0.6877, val_acc: 0.6895, val_auroc: 0.4871
INFO:root:Train epoch 4, loss: 0.6844, val_loss: 0.6808, val_acc: 0.6895, val_auroc: 0.4851
INFO:root:Train epoch 5, loss: 0.6760, val_loss: 0.6736, val_acc: 0.6895, val_auroc: 0.4847
INFO:root:Train epoch 6, loss: 0.6675, val_loss: 0.6656, val_acc: 0.6895, val_auroc: 0.4861
INFO:root:Train epoch 7, loss: 0.6573, val_loss: 0.6571, val_acc: 0.6895, val_auroc: 0.4888
INFO:root:Train epoch 8, loss: 0.6473, val_loss: 0.6480, val_acc: 0.6895, val_auroc: 0.4924
INFO:root:Train epoch 9, loss: 0.6360, val_loss: 0.6388, val_acc: 0.6895, val_auroc: 0.4927
INFO:root:Train epoch 10, loss: 0.6237, val_loss: 0.6302, val_acc: 0.6895, val_auroc: 0.5001
INFO:root:Train epoch 11, loss: 0.6113, val_loss: 0.6235, val_acc: 0.6895, val_auroc: 0.5019
INFO:root:Train epoch 12, loss: 0.6038, val_loss: 0.6194, val_acc: 0.6895, val_auroc: 0.5110
INFO:root:Train epoch 13, loss: 0.5968, val_loss: 0.6192, val_acc: 0.6895, val_auroc: 0.5355
INFO:root:Train epoch 14, loss: 0.5940, val_loss: 0.6219, val_acc: 0.6895, val_auroc: 0.5475
INFO:root:Train epoch 15, loss: 0.5933, val_loss: 0.6252, val_acc: 0.6895, val_auroc: 0.5730
INFO:root:Train epoch 16, loss: 0.5940, val_loss: 0.6264, val_acc: 0.6895, val_auroc: 0.5726
INFO:root:Train epoch 17, loss: 0.5946, val_loss: 0.6254, val_acc: 0.6895, val_auroc: 0.5957
INFO:root:Train epoch 18, loss: 0.5927, val_loss: 0.6224, val_acc: 0.6895, val_auroc: 0.6091
INFO:root:Train epoch 19, loss: 0.5907, val_loss: 0.6194, val_acc: 0.6895, val_auroc: 0.6296
INFO:root:Train epoch 20, loss: 0.5894, val_loss: 0.6171, val_acc: 0.6895, val_auroc: 0.6466
INFO:root:Train epoch 21, loss: 0.5888, val_loss: 0.6157, val_acc: 0.6895, val_auroc: 0.6577
INFO:root:Train epoch 22, loss: 0.5881, val_loss: 0.6146, val_acc: 0.6895, val_auroc: 0.6563
INFO:root:Train epoch 23, loss: 0.5874, val_loss: 0.6137, val_acc: 0.6895, val_auroc: 0.6519
INFO:root:Train epoch 24, loss: 0.5864, val_loss: 0.6132, val_acc: 0.6895, val_auroc: 0.6491
INFO:root:Train epoch 25, loss: 0.5852, val_loss: 0.6128, val_acc: 0.6895, val_auroc: 0.6472
INFO:root:Train epoch 26, loss: 0.5853, val_loss: 0.6129, val_acc: 0.6895, val_auroc: 0.6474
INFO:root:Train epoch 27, loss: 0.5831, val_loss: 0.6125, val_acc: 0.6895, val_auroc: 0.6514
INFO:root:Train epoch 28, loss: 0.5831, val_loss: 0.6123, val_acc: 0.6895, val_auroc: 0.6518
INFO:root:Train epoch 29, loss: 0.5814, val_loss: 0.6111, val_acc: 0.6895, val_auroc: 0.6512
INFO:root:Train epoch 30, loss: 0.5799, val_loss: 0.6095, val_acc: 0.6895, val_auroc: 0.6506
INFO:root:Train epoch 31, loss: 0.5789, val_loss: 0.6080, val_acc: 0.6895, val_auroc: 0.6521
INFO:root:Train epoch 32, loss: 0.5777, val_loss: 0.6066, val_acc: 0.6895, val_auroc: 0.6514
INFO:root:Train epoch 33, loss: 0.5759, val_loss: 0.6051, val_acc: 0.6895, val_auroc: 0.6488
INFO:root:Train epoch 34, loss: 0.5742, val_loss: 0.6034, val_acc: 0.6895, val_auroc: 0.6477
INFO:root:Train epoch 35, loss: 0.5724, val_loss: 0.6021, val_acc: 0.6895, val_auroc: 0.6488
INFO:root:Train epoch 36, loss: 0.5712, val_loss: 0.6012, val_acc: 0.6895, val_auroc: 0.6490
INFO:root:Train epoch 37, loss: 0.5692, val_loss: 0.6000, val_acc: 0.6895, val_auroc: 0.6512
INFO:root:Train epoch 38, loss: 0.5679, val_loss: 0.5988, val_acc: 0.6895, val_auroc: 0.6512
INFO:root:Train epoch 39, loss: 0.5663, val_loss: 0.5973, val_acc: 0.6895, val_auroc: 0.6500
INFO:root:Train epoch 40, loss: 0.5638, val_loss: 0.5949, val_acc: 0.6895, val_auroc: 0.6497
INFO:root:Train epoch 41, loss: 0.5627, val_loss: 0.5931, val_acc: 0.6895, val_auroc: 0.6507
INFO:root:Train epoch 42, loss: 0.5607, val_loss: 0.5915, val_acc: 0.6895, val_auroc: 0.6503
INFO:root:Train epoch 43, loss: 0.5589, val_loss: 0.5900, val_acc: 0.6895, val_auroc: 0.6496
INFO:root:Train epoch 44, loss: 0.5591, val_loss: 0.5900, val_acc: 0.6895, val_auroc: 0.6489
INFO:root:Train epoch 45, loss: 0.5567, val_loss: 0.5891, val_acc: 0.6895, val_auroc: 0.6490
INFO:root:Train epoch 46, loss: 0.5549, val_loss: 0.5868, val_acc: 0.6895, val_auroc: 0.6498
INFO:root:Train epoch 47, loss: 0.5541, val_loss: 0.5858, val_acc: 0.6895, val_auroc: 0.6494
INFO:root:Train epoch 48, loss: 0.5528, val_loss: 0.5852, val_acc: 0.6895, val_auroc: 0.6479
INFO:root:Train epoch 49, loss: 0.5515, val_loss: 0.5849, val_acc: 0.6895, val_auroc: 0.6476
INFO:root:Train epoch 50, loss: 0.5511, val_loss: 0.5847, val_acc: 0.6895, val_auroc: 0.6479
INFO:root:Train epoch 51, loss: 0.5503, val_loss: 0.5842, val_acc: 0.6895, val_auroc: 0.6498
INFO:root:Train epoch 52, loss: 0.5490, val_loss: 0.5828, val_acc: 0.6895, val_auroc: 0.6492
INFO:root:Train epoch 53, loss: 0.5497, val_loss: 0.5829, val_acc: 0.6895, val_auroc: 0.6469
INFO:root:Train epoch 54, loss: 0.5482, val_loss: 0.5819, val_acc: 0.6947, val_auroc: 0.6472
INFO:root:Train epoch 55, loss: 0.5493, val_loss: 0.5824, val_acc: 0.6947, val_auroc: 0.6476
INFO:root:Train epoch 56, loss: 0.5478, val_loss: 0.5820, val_acc: 0.6947, val_auroc: 0.6493
INFO:root:Train epoch 57, loss: 0.5473, val_loss: 0.5812, val_acc: 0.6947, val_auroc: 0.6487
INFO:root:Train epoch 58, loss: 0.5464, val_loss: 0.5806, val_acc: 0.6947, val_auroc: 0.6507
INFO:root:Train epoch 59, loss: 0.5459, val_loss: 0.5808, val_acc: 0.6947, val_auroc: 0.6514
INFO:root:Train epoch 60, loss: 0.5449, val_loss: 0.5800, val_acc: 0.6947, val_auroc: 0.6512
INFO:root:Train epoch 61, loss: 0.5447, val_loss: 0.5796, val_acc: 0.6947, val_auroc: 0.6521
INFO:root:Train epoch 62, loss: 0.5444, val_loss: 0.5797, val_acc: 0.6947, val_auroc: 0.6545
INFO:root:Train epoch 63, loss: 0.5438, val_loss: 0.5793, val_acc: 0.6947, val_auroc: 0.6561
INFO:root:Train epoch 64, loss: 0.5438, val_loss: 0.5793, val_acc: 0.6947, val_auroc: 0.6574
INFO:root:Train epoch 65, loss: 0.5424, val_loss: 0.5782, val_acc: 0.6947, val_auroc: 0.6584
INFO:root:Train epoch 66, loss: 0.5417, val_loss: 0.5772, val_acc: 0.6947, val_auroc: 0.6593
INFO:root:Train epoch 67, loss: 0.5413, val_loss: 0.5769, val_acc: 0.6947, val_auroc: 0.6584
INFO:root:Train epoch 68, loss: 0.5408, val_loss: 0.5773, val_acc: 0.6947, val_auroc: 0.6596
INFO:root:Train epoch 69, loss: 0.5401, val_loss: 0.5775, val_acc: 0.6947, val_auroc: 0.6636
INFO:root:Train epoch 70, loss: 0.5407, val_loss: 0.5786, val_acc: 0.6947, val_auroc: 0.6673
INFO:root:Train epoch 71, loss: 0.5401, val_loss: 0.5774, val_acc: 0.6947, val_auroc: 0.6679
INFO:root:Train epoch 72, loss: 0.5389, val_loss: 0.5751, val_acc: 0.6842, val_auroc: 0.6685
INFO:root:Train epoch 73, loss: 0.5383, val_loss: 0.5749, val_acc: 0.6842, val_auroc: 0.6706
INFO:root:Train epoch 74, loss: 0.5375, val_loss: 0.5766, val_acc: 0.6947, val_auroc: 0.6704
INFO:root:Train epoch 75, loss: 0.5375, val_loss: 0.5777, val_acc: 0.6947, val_auroc: 0.6706
INFO:root:Train epoch 76, loss: 0.5363, val_loss: 0.5756, val_acc: 0.6947, val_auroc: 0.6706
INFO:root:Train epoch 77, loss: 0.5354, val_loss: 0.5742, val_acc: 0.6789, val_auroc: 0.6719
INFO:root:Train epoch 78, loss: 0.5368, val_loss: 0.5739, val_acc: 0.6789, val_auroc: 0.6724
INFO:root:Train epoch 79, loss: 0.5347, val_loss: 0.5750, val_acc: 0.6895, val_auroc: 0.6720
INFO:root:Train epoch 80, loss: 0.5345, val_loss: 0.5758, val_acc: 0.6895, val_auroc: 0.6734
INFO:root:Train epoch 81, loss: 0.5339, val_loss: 0.5746, val_acc: 0.6895, val_auroc: 0.6725
INFO:root:Train epoch 82, loss: 0.5332, val_loss: 0.5731, val_acc: 0.6789, val_auroc: 0.6758
INFO:root:Train epoch 83, loss: 0.5332, val_loss: 0.5729, val_acc: 0.6789, val_auroc: 0.6806
INFO:root:Train epoch 84, loss: 0.5323, val_loss: 0.5745, val_acc: 0.6895, val_auroc: 0.6781
INFO:root:Train epoch 85, loss: 0.5323, val_loss: 0.5745, val_acc: 0.6895, val_auroc: 0.6791
INFO:root:Train epoch 86, loss: 0.5314, val_loss: 0.5728, val_acc: 0.6789, val_auroc: 0.6806
INFO:root:Train epoch 87, loss: 0.5318, val_loss: 0.5713, val_acc: 0.6895, val_auroc: 0.6818
INFO:root:Train epoch 88, loss: 0.5303, val_loss: 0.5712, val_acc: 0.6789, val_auroc: 0.6820
INFO:root:Train epoch 89, loss: 0.5285, val_loss: 0.5737, val_acc: 0.6895, val_auroc: 0.6825
INFO:root:Train epoch 90, loss: 0.5291, val_loss: 0.5739, val_acc: 0.6895, val_auroc: 0.6840
INFO:root:Train epoch 91, loss: 0.5286, val_loss: 0.5710, val_acc: 0.6895, val_auroc: 0.6861
INFO:root:Train epoch 92, loss: 0.5276, val_loss: 0.5693, val_acc: 0.6789, val_auroc: 0.6864
INFO:root:Train epoch 93, loss: 0.5282, val_loss: 0.5689, val_acc: 0.6789, val_auroc: 0.6885
INFO:root:Train epoch 94, loss: 0.5261, val_loss: 0.5717, val_acc: 0.6895, val_auroc: 0.6892
INFO:root:Train epoch 95, loss: 0.5272, val_loss: 0.5712, val_acc: 0.6895, val_auroc: 0.6908
INFO:root:Train epoch 96, loss: 0.5258, val_loss: 0.5674, val_acc: 0.6895, val_auroc: 0.6947
INFO:root:Train epoch 97, loss: 0.5250, val_loss: 0.5668, val_acc: 0.6895, val_auroc: 0.6965
INFO:root:Train epoch 98, loss: 0.5231, val_loss: 0.5675, val_acc: 0.6789, val_auroc: 0.6928
INFO:root:Train epoch 99, loss: 0.5237, val_loss: 0.5687, val_acc: 0.6895, val_auroc: 0.6934
INFO:root:Train epoch 100, loss: 0.5222, val_loss: 0.5653, val_acc: 0.6895, val_auroc: 0.6956
INFO:root:Train epoch 101, loss: 0.5228, val_loss: 0.5639, val_acc: 0.6947, val_auroc: 0.6958
INFO:root:Train epoch 102, loss: 0.5221, val_loss: 0.5665, val_acc: 0.6789, val_auroc: 0.7057
INFO:root:Train epoch 103, loss: 0.5197, val_loss: 0.5632, val_acc: 0.6895, val_auroc: 0.7072
INFO:root:Train epoch 104, loss: 0.5186, val_loss: 0.5618, val_acc: 0.6895, val_auroc: 0.7093
INFO:root:Train epoch 105, loss: 0.5176, val_loss: 0.5612, val_acc: 0.6895, val_auroc: 0.7097
INFO:root:Train epoch 106, loss: 0.5177, val_loss: 0.5605, val_acc: 0.6895, val_auroc: 0.7102
INFO:root:Train epoch 107, loss: 0.5174, val_loss: 0.5637, val_acc: 0.6789, val_auroc: 0.7081
INFO:root:Train epoch 108, loss: 0.5197, val_loss: 0.5583, val_acc: 0.7053, val_auroc: 0.7119
INFO:root:Train epoch 109, loss: 0.5146, val_loss: 0.5585, val_acc: 0.7053, val_auroc: 0.7130
INFO:root:Train epoch 110, loss: 0.5135, val_loss: 0.5578, val_acc: 0.7053, val_auroc: 0.7125
INFO:root:Train epoch 111, loss: 0.5125, val_loss: 0.5576, val_acc: 0.7000, val_auroc: 0.7147
INFO:root:Train epoch 112, loss: 0.5132, val_loss: 0.5570, val_acc: 0.7053, val_auroc: 0.7170
INFO:root:Train epoch 113, loss: 0.5131, val_loss: 0.5549, val_acc: 0.6895, val_auroc: 0.7176
INFO:root:Train epoch 114, loss: 0.5116, val_loss: 0.5559, val_acc: 0.7053, val_auroc: 0.7172
INFO:root:Train epoch 115, loss: 0.5102, val_loss: 0.5558, val_acc: 0.7053, val_auroc: 0.7167
INFO:root:Train epoch 116, loss: 0.5105, val_loss: 0.5533, val_acc: 0.6895, val_auroc: 0.7187
INFO:root:Train epoch 117, loss: 0.5088, val_loss: 0.5540, val_acc: 0.7000, val_auroc: 0.7173
INFO:root:Train epoch 118, loss: 0.5082, val_loss: 0.5525, val_acc: 0.6895, val_auroc: 0.7182
INFO:root:Train epoch 119, loss: 0.5074, val_loss: 0.5513, val_acc: 0.6895, val_auroc: 0.7229
INFO:root:Train epoch 120, loss: 0.5069, val_loss: 0.5498, val_acc: 0.6947, val_auroc: 0.7247
INFO:root:Train epoch 121, loss: 0.5063, val_loss: 0.5502, val_acc: 0.6895, val_auroc: 0.7233
INFO:root:Train epoch 122, loss: 0.5054, val_loss: 0.5531, val_acc: 0.6947, val_auroc: 0.7209
INFO:root:Train epoch 123, loss: 0.5064, val_loss: 0.5483, val_acc: 0.6895, val_auroc: 0.7253
INFO:root:Train epoch 124, loss: 0.5050, val_loss: 0.5469, val_acc: 0.6947, val_auroc: 0.7275
INFO:root:Train epoch 125, loss: 0.5054, val_loss: 0.5484, val_acc: 0.7000, val_auroc: 0.7260
INFO:root:Train epoch 126, loss: 0.5028, val_loss: 0.5455, val_acc: 0.6895, val_auroc: 0.7257
INFO:root:Train epoch 127, loss: 0.5021, val_loss: 0.5446, val_acc: 0.6895, val_auroc: 0.7253
INFO:root:Train epoch 128, loss: 0.5024, val_loss: 0.5437, val_acc: 0.6947, val_auroc: 0.7273
INFO:root:Train epoch 129, loss: 0.4994, val_loss: 0.5459, val_acc: 0.7000, val_auroc: 0.7268
INFO:root:Train epoch 130, loss: 0.5005, val_loss: 0.5438, val_acc: 0.6947, val_auroc: 0.7289
INFO:root:Train epoch 131, loss: 0.4987, val_loss: 0.5419, val_acc: 0.6895, val_auroc: 0.7315
INFO:root:Train epoch 132, loss: 0.4982, val_loss: 0.5416, val_acc: 0.6895, val_auroc: 0.7357
INFO:root:Train epoch 133, loss: 0.4984, val_loss: 0.5416, val_acc: 0.6895, val_auroc: 0.7327
INFO:root:Train epoch 134, loss: 0.4981, val_loss: 0.5403, val_acc: 0.6895, val_auroc: 0.7367
INFO:root:Train epoch 135, loss: 0.4973, val_loss: 0.5395, val_acc: 0.6947, val_auroc: 0.7354
INFO:root:Train epoch 136, loss: 0.4976, val_loss: 0.5406, val_acc: 0.7000, val_auroc: 0.7367
INFO:root:Train epoch 137, loss: 0.5007, val_loss: 0.5442, val_acc: 0.6947, val_auroc: 0.7374
INFO:root:Train epoch 138, loss: 0.4945, val_loss: 0.5389, val_acc: 0.7263, val_auroc: 0.7412
INFO:root:Train epoch 139, loss: 0.4977, val_loss: 0.5372, val_acc: 0.6895, val_auroc: 0.7410
INFO:root:Train epoch 140, loss: 0.4957, val_loss: 0.5405, val_acc: 0.6947, val_auroc: 0.7410
INFO:root:Train epoch 141, loss: 0.4940, val_loss: 0.5360, val_acc: 0.7158, val_auroc: 0.7434
INFO:root:Train epoch 142, loss: 0.4946, val_loss: 0.5352, val_acc: 0.7053, val_auroc: 0.7429
INFO:root:Train epoch 143, loss: 0.4952, val_loss: 0.5389, val_acc: 0.6947, val_auroc: 0.7423
INFO:root:Train epoch 144, loss: 0.4920, val_loss: 0.5340, val_acc: 0.7158, val_auroc: 0.7448
INFO:root:Train epoch 145, loss: 0.4927, val_loss: 0.5336, val_acc: 0.7105, val_auroc: 0.7441
INFO:root:Train epoch 146, loss: 0.4901, val_loss: 0.5349, val_acc: 0.7000, val_auroc: 0.7443
INFO:root:Train epoch 147, loss: 0.4904, val_loss: 0.5317, val_acc: 0.7158, val_auroc: 0.7445
INFO:root:Train epoch 148, loss: 0.4918, val_loss: 0.5310, val_acc: 0.7105, val_auroc: 0.7448
INFO:root:Train epoch 149, loss: 0.4912, val_loss: 0.5368, val_acc: 0.6947, val_auroc: 0.7438
INFO:root:Train epoch 150, loss: 0.4890, val_loss: 0.5305, val_acc: 0.7368, val_auroc: 0.7500
INFO:root:Train epoch 151, loss: 0.4901, val_loss: 0.5298, val_acc: 0.7105, val_auroc: 0.7518
INFO:root:Train epoch 152, loss: 0.4874, val_loss: 0.5309, val_acc: 0.7053, val_auroc: 0.7512
INFO:root:Train epoch 153, loss: 0.4871, val_loss: 0.5276, val_acc: 0.7158, val_auroc: 0.7527
INFO:root:Train epoch 154, loss: 0.4851, val_loss: 0.5265, val_acc: 0.7158, val_auroc: 0.7555
INFO:root:Train epoch 155, loss: 0.4853, val_loss: 0.5258, val_acc: 0.7211, val_auroc: 0.7566
INFO:root:Train epoch 156, loss: 0.4857, val_loss: 0.5275, val_acc: 0.7105, val_auroc: 0.7553
INFO:root:Train epoch 157, loss: 0.4855, val_loss: 0.5248, val_acc: 0.7421, val_auroc: 0.7578
INFO:root:Train epoch 158, loss: 0.4821, val_loss: 0.5276, val_acc: 0.7105, val_auroc: 0.7579
INFO:root:Train epoch 159, loss: 0.4839, val_loss: 0.5225, val_acc: 0.7211, val_auroc: 0.7593
INFO:root:Train epoch 160, loss: 0.4870, val_loss: 0.5224, val_acc: 0.7368, val_auroc: 0.7588
INFO:root:Train epoch 161, loss: 0.4792, val_loss: 0.5339, val_acc: 0.7158, val_auroc: 0.7562
INFO:root:Train epoch 162, loss: 0.4841, val_loss: 0.5217, val_acc: 0.7421, val_auroc: 0.7612
INFO:root:Train epoch 163, loss: 0.4833, val_loss: 0.5201, val_acc: 0.7263, val_auroc: 0.7621
INFO:root:Train epoch 164, loss: 0.4838, val_loss: 0.5211, val_acc: 0.7263, val_auroc: 0.7626
INFO:root:Train epoch 165, loss: 0.4812, val_loss: 0.5204, val_acc: 0.7263, val_auroc: 0.7639
INFO:root:Train epoch 166, loss: 0.4793, val_loss: 0.5234, val_acc: 0.7263, val_auroc: 0.7609
INFO:root:Train epoch 167, loss: 0.4788, val_loss: 0.5170, val_acc: 0.7421, val_auroc: 0.7645
INFO:root:Train epoch 168, loss: 0.4797, val_loss: 0.5168, val_acc: 0.7316, val_auroc: 0.7650
INFO:root:Train epoch 169, loss: 0.4773, val_loss: 0.5158, val_acc: 0.7368, val_auroc: 0.7669
INFO:root:Train epoch 170, loss: 0.4774, val_loss: 0.5162, val_acc: 0.7316, val_auroc: 0.7676
INFO:root:Train epoch 171, loss: 0.4728, val_loss: 0.5154, val_acc: 0.7526, val_auroc: 0.7670
INFO:root:Train epoch 172, loss: 0.4756, val_loss: 0.5140, val_acc: 0.7263, val_auroc: 0.7666
INFO:root:Train epoch 173, loss: 0.4767, val_loss: 0.5129, val_acc: 0.7579, val_auroc: 0.7685
INFO:root:Train epoch 174, loss: 0.4709, val_loss: 0.5207, val_acc: 0.7263, val_auroc: 0.7718
INFO:root:Train epoch 175, loss: 0.4772, val_loss: 0.5113, val_acc: 0.7368, val_auroc: 0.7716
INFO:root:Train epoch 176, loss: 0.4748, val_loss: 0.5101, val_acc: 0.7263, val_auroc: 0.7716
INFO:root:Train epoch 177, loss: 0.4747, val_loss: 0.5097, val_acc: 0.7368, val_auroc: 0.7717
INFO:root:Train epoch 178, loss: 0.4738, val_loss: 0.5089, val_acc: 0.7474, val_auroc: 0.7764
INFO:root:Train epoch 179, loss: 0.4691, val_loss: 0.5137, val_acc: 0.7368, val_auroc: 0.7789
INFO:root:Train epoch 180, loss: 0.4699, val_loss: 0.5088, val_acc: 0.7421, val_auroc: 0.7818
INFO:root:Train epoch 181, loss: 0.4704, val_loss: 0.5127, val_acc: 0.7316, val_auroc: 0.7843
INFO:root:Train epoch 182, loss: 0.4704, val_loss: 0.5045, val_acc: 0.7632, val_auroc: 0.7832
INFO:root:Train epoch 183, loss: 0.4672, val_loss: 0.5040, val_acc: 0.7579, val_auroc: 0.7848
INFO:root:Train epoch 184, loss: 0.4659, val_loss: 0.5046, val_acc: 0.7368, val_auroc: 0.7859
INFO:root:Train epoch 185, loss: 0.4674, val_loss: 0.5032, val_acc: 0.7316, val_auroc: 0.7861
INFO:root:Train epoch 186, loss: 0.4661, val_loss: 0.5008, val_acc: 0.7632, val_auroc: 0.7884
INFO:root:Train epoch 187, loss: 0.4642, val_loss: 0.5024, val_acc: 0.7368, val_auroc: 0.7903
INFO:root:Train epoch 188, loss: 0.4673, val_loss: 0.4993, val_acc: 0.7579, val_auroc: 0.7912
INFO:root:Train epoch 189, loss: 0.4728, val_loss: 0.4990, val_acc: 0.7316, val_auroc: 0.7913
INFO:root:Train epoch 190, loss: 0.4703, val_loss: 0.5020, val_acc: 0.7579, val_auroc: 0.7903
INFO:root:Train epoch 191, loss: 0.4671, val_loss: 0.5133, val_acc: 0.7368, val_auroc: 0.7875
INFO:root:Train epoch 192, loss: 0.4682, val_loss: 0.5077, val_acc: 0.7421, val_auroc: 0.7888
INFO:root:Train epoch 193, loss: 0.4647, val_loss: 0.5084, val_acc: 0.7316, val_auroc: 0.7895
INFO:root:Train epoch 194, loss: 0.4646, val_loss: 0.4976, val_acc: 0.7579, val_auroc: 0.7909
INFO:root:Train epoch 195, loss: 0.4612, val_loss: 0.4974, val_acc: 0.7368, val_auroc: 0.7907
INFO:root:Train epoch 196, loss: 0.4600, val_loss: 0.4970, val_acc: 0.7579, val_auroc: 0.7931
INFO:root:Train epoch 197, loss: 0.4589, val_loss: 0.4965, val_acc: 0.7368, val_auroc: 0.7943
INFO:root:Train epoch 198, loss: 0.4573, val_loss: 0.4947, val_acc: 0.7579, val_auroc: 0.7964
INFO:root:Train epoch 199, loss: 0.4551, val_loss: 0.4930, val_acc: 0.7684, val_auroc: 0.7983
INFO:root:Train epoch 200, loss: 0.4557, val_loss: 0.4933, val_acc: 0.7368, val_auroc: 0.7979
INFO:root:Train epoch 201, loss: 0.4561, val_loss: 0.4938, val_acc: 0.7368, val_auroc: 0.7978
INFO:root:Train epoch 202, loss: 0.4534, val_loss: 0.4901, val_acc: 0.7684, val_auroc: 0.8003
INFO:root:Train epoch 203, loss: 0.4575, val_loss: 0.4958, val_acc: 0.7368, val_auroc: 0.8017
INFO:root:Train epoch 204, loss: 0.4627, val_loss: 0.4914, val_acc: 0.7579, val_auroc: 0.8018
INFO:root:Train epoch 205, loss: 0.4581, val_loss: 0.5015, val_acc: 0.7158, val_auroc: 0.8040
INFO:root:Train epoch 206, loss: 0.4612, val_loss: 0.4915, val_acc: 0.7737, val_auroc: 0.8024
INFO:root:Train epoch 207, loss: 0.4699, val_loss: 0.4898, val_acc: 0.7368, val_auroc: 0.8048
INFO:root:Train epoch 208, loss: 0.4569, val_loss: 0.4877, val_acc: 0.7684, val_auroc: 0.8042
INFO:root:Train epoch 209, loss: 0.4530, val_loss: 0.4871, val_acc: 0.7579, val_auroc: 0.8015
INFO:root:Train epoch 210, loss: 0.4536, val_loss: 0.4874, val_acc: 0.7368, val_auroc: 0.8048
INFO:root:Train epoch 211, loss: 0.4469, val_loss: 0.4861, val_acc: 0.7737, val_auroc: 0.8051
INFO:root:Train epoch 212, loss: 0.4489, val_loss: 0.4891, val_acc: 0.7368, val_auroc: 0.8081
INFO:root:Train epoch 213, loss: 0.4474, val_loss: 0.4873, val_acc: 0.7684, val_auroc: 0.8061
INFO:root:Train epoch 214, loss: 0.4501, val_loss: 0.4884, val_acc: 0.7368, val_auroc: 0.8081
INFO:root:Train epoch 215, loss: 0.4493, val_loss: 0.4829, val_acc: 0.7632, val_auroc: 0.8049
INFO:root:Train epoch 216, loss: 0.4511, val_loss: 0.4853, val_acc: 0.7368, val_auroc: 0.8095
INFO:root:Train epoch 217, loss: 0.4498, val_loss: 0.4825, val_acc: 0.7684, val_auroc: 0.8057
INFO:root:Train epoch 218, loss: 0.4499, val_loss: 0.4829, val_acc: 0.7421, val_auroc: 0.8086
INFO:root:Train epoch 219, loss: 0.4463, val_loss: 0.4805, val_acc: 0.7684, val_auroc: 0.8093
INFO:root:Train epoch 220, loss: 0.4409, val_loss: 0.4820, val_acc: 0.7368, val_auroc: 0.8106
INFO:root:Train epoch 221, loss: 0.4417, val_loss: 0.4789, val_acc: 0.7789, val_auroc: 0.8111
INFO:root:Train epoch 222, loss: 0.4412, val_loss: 0.4854, val_acc: 0.7263, val_auroc: 0.8142
INFO:root:Train epoch 223, loss: 0.4504, val_loss: 0.4783, val_acc: 0.7579, val_auroc: 0.8113
INFO:root:Train epoch 224, loss: 0.4547, val_loss: 0.4846, val_acc: 0.7684, val_auroc: 0.8130
INFO:root:Train epoch 225, loss: 0.4576, val_loss: 0.4850, val_acc: 0.7316, val_auroc: 0.8153
INFO:root:Train epoch 226, loss: 0.4476, val_loss: 0.4821, val_acc: 0.7842, val_auroc: 0.8114
INFO:root:Train epoch 227, loss: 0.4452, val_loss: 0.4830, val_acc: 0.7316, val_auroc: 0.8169
INFO:root:Train epoch 228, loss: 0.4454, val_loss: 0.4784, val_acc: 0.7684, val_auroc: 0.8139
INFO:root:Train epoch 229, loss: 0.4508, val_loss: 0.4752, val_acc: 0.7684, val_auroc: 0.8187
INFO:root:Train epoch 230, loss: 0.4488, val_loss: 0.4749, val_acc: 0.7684, val_auroc: 0.8147
INFO:root:Train epoch 231, loss: 0.4408, val_loss: 0.4746, val_acc: 0.7737, val_auroc: 0.8156
INFO:root:Train epoch 232, loss: 0.4446, val_loss: 0.4778, val_acc: 0.7474, val_auroc: 0.8166
INFO:root:Train epoch 233, loss: 0.4378, val_loss: 0.4753, val_acc: 0.7737, val_auroc: 0.8159
INFO:root:Train epoch 234, loss: 0.4370, val_loss: 0.4749, val_acc: 0.7737, val_auroc: 0.8159
INFO:root:Train epoch 235, loss: 0.4362, val_loss: 0.4745, val_acc: 0.7737, val_auroc: 0.8169
INFO:root:Train epoch 236, loss: 0.4410, val_loss: 0.4885, val_acc: 0.7421, val_auroc: 0.8194
INFO:root:Train epoch 237, loss: 0.4440, val_loss: 0.4793, val_acc: 0.7789, val_auroc: 0.8182
INFO:root:Train epoch 238, loss: 0.4406, val_loss: 0.4758, val_acc: 0.7474, val_auroc: 0.8186
INFO:root:Train epoch 239, loss: 0.4371, val_loss: 0.4753, val_acc: 0.7842, val_auroc: 0.8185
INFO:root:Train epoch 240, loss: 0.4394, val_loss: 0.4723, val_acc: 0.7632, val_auroc: 0.8189
INFO:root:Train epoch 241, loss: 0.4371, val_loss: 0.4707, val_acc: 0.7737, val_auroc: 0.8218
INFO:root:Train epoch 242, loss: 0.4329, val_loss: 0.4708, val_acc: 0.7632, val_auroc: 0.8219
INFO:root:Train epoch 243, loss: 0.4352, val_loss: 0.4704, val_acc: 0.7579, val_auroc: 0.8234
INFO:root:Train epoch 244, loss: 0.4350, val_loss: 0.4731, val_acc: 0.7842, val_auroc: 0.8212
INFO:root:Train epoch 245, loss: 0.4350, val_loss: 0.4799, val_acc: 0.7526, val_auroc: 0.8241
INFO:root:Train epoch 246, loss: 0.4331, val_loss: 0.4747, val_acc: 0.7789, val_auroc: 0.8234
INFO:root:Train epoch 247, loss: 0.4377, val_loss: 0.4701, val_acc: 0.7632, val_auroc: 0.8249
INFO:root:Train epoch 248, loss: 0.4336, val_loss: 0.4685, val_acc: 0.7737, val_auroc: 0.8270
INFO:root:Train epoch 249, loss: 0.4332, val_loss: 0.4694, val_acc: 0.7789, val_auroc: 0.8253
INFO:root:Train epoch 250, loss: 0.4326, val_loss: 0.4891, val_acc: 0.7368, val_auroc: 0.8262
INFO:root:Train epoch 251, loss: 0.4468, val_loss: 0.4686, val_acc: 0.7789, val_auroc: 0.8262
INFO:root:Train epoch 252, loss: 0.4296, val_loss: 0.4673, val_acc: 0.7737, val_auroc: 0.8270
INFO:root:Train epoch 253, loss: 0.4369, val_loss: 0.4678, val_acc: 0.7842, val_auroc: 0.8323
INFO:root:Train epoch 254, loss: 0.4290, val_loss: 0.4671, val_acc: 0.7789, val_auroc: 0.8253
INFO:root:Train epoch 255, loss: 0.4280, val_loss: 0.4720, val_acc: 0.7526, val_auroc: 0.8267
INFO:root:Train epoch 256, loss: 0.4380, val_loss: 0.4663, val_acc: 0.7789, val_auroc: 0.8276
INFO:root:Train epoch 257, loss: 0.4300, val_loss: 0.4661, val_acc: 0.7737, val_auroc: 0.8290
INFO:root:Train epoch 258, loss: 0.4316, val_loss: 0.4675, val_acc: 0.7737, val_auroc: 0.8295
INFO:root:Train epoch 259, loss: 0.4287, val_loss: 0.4671, val_acc: 0.7842, val_auroc: 0.8321
INFO:root:Train epoch 260, loss: 0.4329, val_loss: 0.4653, val_acc: 0.7737, val_auroc: 0.8293
INFO:root:Train epoch 261, loss: 0.4268, val_loss: 0.4673, val_acc: 0.7526, val_auroc: 0.8330
INFO:root:Train epoch 262, loss: 0.4271, val_loss: 0.4727, val_acc: 0.7526, val_auroc: 0.8327
INFO:root:Train epoch 263, loss: 0.4299, val_loss: 0.4831, val_acc: 0.7421, val_auroc: 0.8352
INFO:root:Train epoch 264, loss: 0.4419, val_loss: 0.4804, val_acc: 0.7474, val_auroc: 0.8296
INFO:root:Train epoch 265, loss: 0.4307, val_loss: 0.4772, val_acc: 0.7368, val_auroc: 0.8347
INFO:root:Train epoch 266, loss: 0.4312, val_loss: 0.4757, val_acc: 0.7526, val_auroc: 0.8321
INFO:root:Train epoch 267, loss: 0.4309, val_loss: 0.4889, val_acc: 0.7368, val_auroc: 0.8328
INFO:root:Train epoch 268, loss: 0.4375, val_loss: 0.4810, val_acc: 0.7526, val_auroc: 0.8301
INFO:root:Train epoch 269, loss: 0.4337, val_loss: 0.4785, val_acc: 0.7526, val_auroc: 0.8374
INFO:root:Train epoch 270, loss: 0.4334, val_loss: 0.4740, val_acc: 0.7526, val_auroc: 0.8329
INFO:root:Train epoch 271, loss: 0.4325, val_loss: 0.4812, val_acc: 0.7421, val_auroc: 0.8361
INFO:root:Train epoch 272, loss: 0.4412, val_loss: 0.4844, val_acc: 0.7474, val_auroc: 0.8271
INFO:root:Train epoch 273, loss: 0.4472, val_loss: 0.4748, val_acc: 0.7579, val_auroc: 0.8363
INFO:root:Train epoch 274, loss: 0.4325, val_loss: 0.4641, val_acc: 0.7789, val_auroc: 0.8368
INFO:root:Train epoch 275, loss: 0.4253, val_loss: 0.4643, val_acc: 0.7842, val_auroc: 0.8375
INFO:root:Train epoch 276, loss: 0.4326, val_loss: 0.4648, val_acc: 0.7842, val_auroc: 0.8308
INFO:root:Train epoch 277, loss: 0.4336, val_loss: 0.4679, val_acc: 0.7684, val_auroc: 0.8323
INFO:root:Train epoch 278, loss: 0.4336, val_loss: 0.4616, val_acc: 0.7737, val_auroc: 0.8364
INFO:root:Train epoch 279, loss: 0.4306, val_loss: 0.4624, val_acc: 0.7842, val_auroc: 0.8377
INFO:root:Train epoch 280, loss: 0.4253, val_loss: 0.4621, val_acc: 0.7842, val_auroc: 0.8411
INFO:root:Train epoch 281, loss: 0.4216, val_loss: 0.4614, val_acc: 0.7789, val_auroc: 0.8324
INFO:root:Train epoch 282, loss: 0.4225, val_loss: 0.4669, val_acc: 0.7632, val_auroc: 0.8330
INFO:root:Train epoch 283, loss: 0.4256, val_loss: 0.4622, val_acc: 0.7842, val_auroc: 0.8345
INFO:root:Train epoch 284, loss: 0.4226, val_loss: 0.4705, val_acc: 0.7579, val_auroc: 0.8397
INFO:root:Train epoch 285, loss: 0.4293, val_loss: 0.4654, val_acc: 0.7632, val_auroc: 0.8381
INFO:root:Train epoch 286, loss: 0.4315, val_loss: 0.4735, val_acc: 0.7579, val_auroc: 0.8412
INFO:root:Train epoch 287, loss: 0.4288, val_loss: 0.4699, val_acc: 0.7579, val_auroc: 0.8330
INFO:root:Train epoch 288, loss: 0.4293, val_loss: 0.4635, val_acc: 0.7684, val_auroc: 0.8412
INFO:root:Train epoch 289, loss: 0.4235, val_loss: 0.4621, val_acc: 0.7737, val_auroc: 0.8401
INFO:root:Train epoch 290, loss: 0.4321, val_loss: 0.4575, val_acc: 0.7737, val_auroc: 0.8370
INFO:root:Train epoch 291, loss: 0.4198, val_loss: 0.4573, val_acc: 0.7737, val_auroc: 0.8376
INFO:root:Train epoch 292, loss: 0.4263, val_loss: 0.4582, val_acc: 0.7842, val_auroc: 0.8365
INFO:root:Train epoch 293, loss: 0.4242, val_loss: 0.4624, val_acc: 0.7632, val_auroc: 0.8386
INFO:root:Train epoch 294, loss: 0.4233, val_loss: 0.4632, val_acc: 0.7789, val_auroc: 0.8392
INFO:root:Train epoch 295, loss: 0.4343, val_loss: 0.4693, val_acc: 0.7579, val_auroc: 0.8425
INFO:root:Train epoch 296, loss: 0.4300, val_loss: 0.4556, val_acc: 0.7684, val_auroc: 0.8414
INFO:root:Train epoch 297, loss: 0.4278, val_loss: 0.4560, val_acc: 0.7737, val_auroc: 0.8381
INFO:root:Train epoch 298, loss: 0.4255, val_loss: 0.4581, val_acc: 0.7842, val_auroc: 0.8409
INFO:root:Train epoch 299, loss: 0.4209, val_loss: 0.4647, val_acc: 0.7632, val_auroc: 0.8441
INFO:root:Train epoch 300, loss: 0.4245, val_loss: 0.4558, val_acc: 0.7789, val_auroc: 0.8390
INFO:root:Train epoch 301, loss: 0.4171, val_loss: 0.4579, val_acc: 0.7789, val_auroc: 0.8422
INFO:root:Train epoch 302, loss: 0.4198, val_loss: 0.4547, val_acc: 0.7737, val_auroc: 0.8394
INFO:root:Train epoch 303, loss: 0.4219, val_loss: 0.4540, val_acc: 0.7789, val_auroc: 0.8432
INFO:root:Train epoch 304, loss: 0.4221, val_loss: 0.4585, val_acc: 0.7842, val_auroc: 0.8458
INFO:root:Train epoch 305, loss: 0.4195, val_loss: 0.4539, val_acc: 0.7737, val_auroc: 0.8444
INFO:root:Train epoch 306, loss: 0.4207, val_loss: 0.4547, val_acc: 0.7737, val_auroc: 0.8395
INFO:root:Train epoch 307, loss: 0.4293, val_loss: 0.4647, val_acc: 0.7632, val_auroc: 0.8421
INFO:root:Train epoch 308, loss: 0.4383, val_loss: 0.4579, val_acc: 0.7842, val_auroc: 0.8441
INFO:root:Train epoch 309, loss: 0.4304, val_loss: 0.4586, val_acc: 0.7947, val_auroc: 0.8394
INFO:root:Train epoch 310, loss: 0.4286, val_loss: 0.4547, val_acc: 0.7895, val_auroc: 0.8448
INFO:root:Train epoch 311, loss: 0.4236, val_loss: 0.4546, val_acc: 0.7789, val_auroc: 0.8409
INFO:root:Train epoch 312, loss: 0.4189, val_loss: 0.4581, val_acc: 0.7737, val_auroc: 0.8418
INFO:root:Train epoch 313, loss: 0.4248, val_loss: 0.4529, val_acc: 0.7737, val_auroc: 0.8456
INFO:root:Train epoch 314, loss: 0.4202, val_loss: 0.4549, val_acc: 0.8000, val_auroc: 0.8458
INFO:root:Train epoch 315, loss: 0.4153, val_loss: 0.4557, val_acc: 0.7842, val_auroc: 0.8411
INFO:root:Train epoch 316, loss: 0.4164, val_loss: 0.4596, val_acc: 0.7684, val_auroc: 0.8423
INFO:root:Train epoch 317, loss: 0.4166, val_loss: 0.4535, val_acc: 0.7789, val_auroc: 0.8426
INFO:root:Train epoch 318, loss: 0.4165, val_loss: 0.4516, val_acc: 0.8000, val_auroc: 0.8462
INFO:root:Train epoch 319, loss: 0.4148, val_loss: 0.4509, val_acc: 0.7842, val_auroc: 0.8463
INFO:root:Train epoch 320, loss: 0.4158, val_loss: 0.4528, val_acc: 0.7947, val_auroc: 0.8440
INFO:root:Train epoch 321, loss: 0.4154, val_loss: 0.4536, val_acc: 0.7789, val_auroc: 0.8415
INFO:root:Train epoch 322, loss: 0.4191, val_loss: 0.4524, val_acc: 0.7895, val_auroc: 0.8457
INFO:root:Train epoch 323, loss: 0.4252, val_loss: 0.4520, val_acc: 0.7789, val_auroc: 0.8460
INFO:root:Train epoch 324, loss: 0.4153, val_loss: 0.4614, val_acc: 0.7632, val_auroc: 0.8459
INFO:root:Train epoch 325, loss: 0.4284, val_loss: 0.4524, val_acc: 0.7737, val_auroc: 0.8440
INFO:root:Train epoch 326, loss: 0.4129, val_loss: 0.4554, val_acc: 0.7632, val_auroc: 0.8420
INFO:root:Train epoch 327, loss: 0.4138, val_loss: 0.4509, val_acc: 0.7737, val_auroc: 0.8489
INFO:root:Train epoch 328, loss: 0.4146, val_loss: 0.4501, val_acc: 0.8000, val_auroc: 0.8462
INFO:root:Train epoch 329, loss: 0.4159, val_loss: 0.4523, val_acc: 0.7947, val_auroc: 0.8478
INFO:root:Train epoch 330, loss: 0.4154, val_loss: 0.4530, val_acc: 0.7789, val_auroc: 0.8425
INFO:root:Train epoch 331, loss: 0.4154, val_loss: 0.4606, val_acc: 0.7632, val_auroc: 0.8449
INFO:root:Train epoch 332, loss: 0.4178, val_loss: 0.4527, val_acc: 0.7842, val_auroc: 0.8488
INFO:root:Train epoch 333, loss: 0.4218, val_loss: 0.4596, val_acc: 0.7632, val_auroc: 0.8446
INFO:root:Train epoch 334, loss: 0.4168, val_loss: 0.4522, val_acc: 0.7842, val_auroc: 0.8473
INFO:root:Train epoch 335, loss: 0.4131, val_loss: 0.4538, val_acc: 0.7737, val_auroc: 0.8483
INFO:root:Train epoch 336, loss: 0.4144, val_loss: 0.4530, val_acc: 0.7789, val_auroc: 0.8407
INFO:root:Train epoch 337, loss: 0.4128, val_loss: 0.4564, val_acc: 0.7579, val_auroc: 0.8486
INFO:root:Train epoch 338, loss: 0.4114, val_loss: 0.4503, val_acc: 0.7842, val_auroc: 0.8483
INFO:root:Train epoch 339, loss: 0.4123, val_loss: 0.4499, val_acc: 0.7895, val_auroc: 0.8480
INFO:root:Train epoch 340, loss: 0.4104, val_loss: 0.4491, val_acc: 0.7789, val_auroc: 0.8509
INFO:root:Train epoch 341, loss: 0.4096, val_loss: 0.4559, val_acc: 0.7737, val_auroc: 0.8466
INFO:root:Train epoch 342, loss: 0.4114, val_loss: 0.4474, val_acc: 0.7789, val_auroc: 0.8509
INFO:root:Train epoch 343, loss: 0.4114, val_loss: 0.4576, val_acc: 0.7632, val_auroc: 0.8473
INFO:root:Train epoch 344, loss: 0.4132, val_loss: 0.4497, val_acc: 0.7842, val_auroc: 0.8510
INFO:root:Train epoch 345, loss: 0.4140, val_loss: 0.4512, val_acc: 0.7842, val_auroc: 0.8481
INFO:root:Train epoch 346, loss: 0.4127, val_loss: 0.4469, val_acc: 0.7842, val_auroc: 0.8486
INFO:root:Train epoch 347, loss: 0.4086, val_loss: 0.4468, val_acc: 0.7947, val_auroc: 0.8507
INFO:root:Train epoch 348, loss: 0.4121, val_loss: 0.4570, val_acc: 0.7632, val_auroc: 0.8488
INFO:root:Train epoch 349, loss: 0.4150, val_loss: 0.4496, val_acc: 0.7842, val_auroc: 0.8510
INFO:root:Train epoch 350, loss: 0.4188, val_loss: 0.4862, val_acc: 0.7368, val_auroc: 0.8439
INFO:root:Train epoch 351, loss: 0.4339, val_loss: 0.4590, val_acc: 0.7579, val_auroc: 0.8509
INFO:root:Train epoch 352, loss: 0.4161, val_loss: 0.4630, val_acc: 0.7579, val_auroc: 0.8468
INFO:root:Train epoch 353, loss: 0.4130, val_loss: 0.4508, val_acc: 0.7895, val_auroc: 0.8493
INFO:root:Train epoch 354, loss: 0.4071, val_loss: 0.4642, val_acc: 0.7474, val_auroc: 0.8485
INFO:root:Train epoch 355, loss: 0.4218, val_loss: 0.4609, val_acc: 0.7579, val_auroc: 0.8463
INFO:root:Train epoch 356, loss: 0.4127, val_loss: 0.4723, val_acc: 0.7421, val_auroc: 0.8463
INFO:root:Train epoch 357, loss: 0.4208, val_loss: 0.4519, val_acc: 0.7737, val_auroc: 0.8509
INFO:root:Train epoch 358, loss: 0.4157, val_loss: 0.4473, val_acc: 0.8105, val_auroc: 0.8508
INFO:root:Train epoch 359, loss: 0.4090, val_loss: 0.4475, val_acc: 0.7947, val_auroc: 0.8513
INFO:root:Train epoch 360, loss: 0.4106, val_loss: 0.4462, val_acc: 0.7895, val_auroc: 0.8506
INFO:root:Train epoch 361, loss: 0.4077, val_loss: 0.4459, val_acc: 0.7947, val_auroc: 0.8505
INFO:root:Train epoch 362, loss: 0.4056, val_loss: 0.4452, val_acc: 0.7947, val_auroc: 0.8493
INFO:root:Train epoch 363, loss: 0.4101, val_loss: 0.4507, val_acc: 0.7842, val_auroc: 0.8490
INFO:root:Train epoch 364, loss: 0.4170, val_loss: 0.4519, val_acc: 0.7737, val_auroc: 0.8494
INFO:root:Train epoch 365, loss: 0.4141, val_loss: 0.4538, val_acc: 0.7737, val_auroc: 0.8482
INFO:root:Train epoch 366, loss: 0.4095, val_loss: 0.4468, val_acc: 0.7895, val_auroc: 0.8515
INFO:root:Train epoch 367, loss: 0.4223, val_loss: 0.4646, val_acc: 0.7474, val_auroc: 0.8478
INFO:root:Train epoch 368, loss: 0.4152, val_loss: 0.4647, val_acc: 0.7579, val_auroc: 0.8455
INFO:root:Train epoch 369, loss: 0.4198, val_loss: 0.4658, val_acc: 0.7526, val_auroc: 0.8462
INFO:root:Train epoch 370, loss: 0.4126, val_loss: 0.4528, val_acc: 0.7789, val_auroc: 0.8491
INFO:root:Train epoch 371, loss: 0.4109, val_loss: 0.4629, val_acc: 0.7526, val_auroc: 0.8491
INFO:root:Train epoch 372, loss: 0.4166, val_loss: 0.4475, val_acc: 0.7947, val_auroc: 0.8526
INFO:root:Train epoch 373, loss: 0.4084, val_loss: 0.4460, val_acc: 0.7947, val_auroc: 0.8500
INFO:root:Train epoch 374, loss: 0.4052, val_loss: 0.4452, val_acc: 0.7895, val_auroc: 0.8509
INFO:root:Train epoch 375, loss: 0.4061, val_loss: 0.4523, val_acc: 0.7632, val_auroc: 0.8495
INFO:root:Train epoch 376, loss: 0.4078, val_loss: 0.4472, val_acc: 0.7789, val_auroc: 0.8456
INFO:root:Train epoch 377, loss: 0.4047, val_loss: 0.4448, val_acc: 0.8053, val_auroc: 0.8527
INFO:root:Train epoch 378, loss: 0.4013, val_loss: 0.4435, val_acc: 0.7895, val_auroc: 0.8520
INFO:root:Train epoch 379, loss: 0.4028, val_loss: 0.4436, val_acc: 0.7895, val_auroc: 0.8514
INFO:root:Train epoch 380, loss: 0.4021, val_loss: 0.4505, val_acc: 0.7579, val_auroc: 0.8517
INFO:root:Train epoch 381, loss: 0.4130, val_loss: 0.4443, val_acc: 0.7895, val_auroc: 0.8524
INFO:root:Train epoch 382, loss: 0.4035, val_loss: 0.4455, val_acc: 0.8105, val_auroc: 0.8517
INFO:root:Train epoch 383, loss: 0.4092, val_loss: 0.4439, val_acc: 0.8105, val_auroc: 0.8522
INFO:root:Train epoch 384, loss: 0.4202, val_loss: 0.4448, val_acc: 0.7895, val_auroc: 0.8516
INFO:root:Train epoch 385, loss: 0.4062, val_loss: 0.4440, val_acc: 0.7895, val_auroc: 0.8519
INFO:root:Train epoch 386, loss: 0.4009, val_loss: 0.4522, val_acc: 0.7632, val_auroc: 0.8519
INFO:root:Train epoch 387, loss: 0.4069, val_loss: 0.4438, val_acc: 0.8000, val_auroc: 0.8535
INFO:root:Train epoch 388, loss: 0.3994, val_loss: 0.4466, val_acc: 0.7842, val_auroc: 0.8502
INFO:root:Train epoch 389, loss: 0.4027, val_loss: 0.4453, val_acc: 0.8000, val_auroc: 0.8533
INFO:root:Train epoch 390, loss: 0.4099, val_loss: 0.4471, val_acc: 0.7789, val_auroc: 0.8528
INFO:root:Train epoch 391, loss: 0.4023, val_loss: 0.4424, val_acc: 0.7895, val_auroc: 0.8541
INFO:root:Train epoch 392, loss: 0.3988, val_loss: 0.4444, val_acc: 0.8053, val_auroc: 0.8539
INFO:root:Train epoch 393, loss: 0.3995, val_loss: 0.4426, val_acc: 0.8000, val_auroc: 0.8541
INFO:root:Train epoch 394, loss: 0.3995, val_loss: 0.4414, val_acc: 0.7947, val_auroc: 0.8543
INFO:root:Train epoch 395, loss: 0.3990, val_loss: 0.4418, val_acc: 0.7895, val_auroc: 0.8553
INFO:root:Train epoch 396, loss: 0.3986, val_loss: 0.4419, val_acc: 0.8053, val_auroc: 0.8551
INFO:root:Train epoch 397, loss: 0.3998, val_loss: 0.4424, val_acc: 0.7947, val_auroc: 0.8538
INFO:root:Train epoch 398, loss: 0.4011, val_loss: 0.4568, val_acc: 0.7632, val_auroc: 0.8524
INFO:root:Train epoch 399, loss: 0.4053, val_loss: 0.4417, val_acc: 0.7947, val_auroc: 0.8551
INFO:root:Train epoch 400, loss: 0.3991, val_loss: 0.4475, val_acc: 0.7842, val_auroc: 0.8511
INFO:root:Train epoch 401, loss: 0.4076, val_loss: 0.4396, val_acc: 0.8000, val_auroc: 0.8555
INFO:root:Train epoch 402, loss: 0.4146, val_loss: 0.4430, val_acc: 0.8000, val_auroc: 0.8572
INFO:root:Train epoch 403, loss: 0.4050, val_loss: 0.4512, val_acc: 0.7684, val_auroc: 0.8536
INFO:root:Train epoch 404, loss: 0.4027, val_loss: 0.4430, val_acc: 0.8000, val_auroc: 0.8575
INFO:root:Train epoch 405, loss: 0.4070, val_loss: 0.4603, val_acc: 0.7579, val_auroc: 0.8501
INFO:root:Train epoch 406, loss: 0.4098, val_loss: 0.4494, val_acc: 0.7684, val_auroc: 0.8575
INFO:root:Train epoch 407, loss: 0.4130, val_loss: 0.4689, val_acc: 0.7421, val_auroc: 0.8495
INFO:root:Train epoch 408, loss: 0.4088, val_loss: 0.4478, val_acc: 0.7842, val_auroc: 0.8588
INFO:root:Train epoch 409, loss: 0.4016, val_loss: 0.4595, val_acc: 0.7579, val_auroc: 0.8514
INFO:root:Train epoch 410, loss: 0.4050, val_loss: 0.4429, val_acc: 0.7947, val_auroc: 0.8579
INFO:root:Train epoch 411, loss: 0.3980, val_loss: 0.4427, val_acc: 0.8105, val_auroc: 0.8539
INFO:root:Train epoch 412, loss: 0.4008, val_loss: 0.4426, val_acc: 0.7895, val_auroc: 0.8541
INFO:root:Train epoch 413, loss: 0.3960, val_loss: 0.4407, val_acc: 0.8000, val_auroc: 0.8572
INFO:root:Train epoch 414, loss: 0.3959, val_loss: 0.4452, val_acc: 0.7789, val_auroc: 0.8541
INFO:root:Train epoch 415, loss: 0.3972, val_loss: 0.4409, val_acc: 0.8000, val_auroc: 0.8554
INFO:root:Train epoch 416, loss: 0.3935, val_loss: 0.4417, val_acc: 0.8000, val_auroc: 0.8546
INFO:root:Train epoch 417, loss: 0.3947, val_loss: 0.4397, val_acc: 0.7947, val_auroc: 0.8568
INFO:root:Train epoch 418, loss: 0.3958, val_loss: 0.4394, val_acc: 0.8000, val_auroc: 0.8564
INFO:root:Train epoch 419, loss: 0.3968, val_loss: 0.4401, val_acc: 0.8000, val_auroc: 0.8563
INFO:root:Train epoch 420, loss: 0.3978, val_loss: 0.4406, val_acc: 0.8000, val_auroc: 0.8594
INFO:root:Train epoch 421, loss: 0.4033, val_loss: 0.4491, val_acc: 0.7684, val_auroc: 0.8541
INFO:root:Train epoch 422, loss: 0.4007, val_loss: 0.4397, val_acc: 0.8105, val_auroc: 0.8559
INFO:root:Train epoch 423, loss: 0.3986, val_loss: 0.4408, val_acc: 0.7947, val_auroc: 0.8584
INFO:root:Train epoch 424, loss: 0.3998, val_loss: 0.4776, val_acc: 0.7421, val_auroc: 0.8511
INFO:root:Train epoch 425, loss: 0.4092, val_loss: 0.4418, val_acc: 0.7947, val_auroc: 0.8580
INFO:root:Train epoch 426, loss: 0.3957, val_loss: 0.4453, val_acc: 0.7789, val_auroc: 0.8539
INFO:root:Train epoch 427, loss: 0.4029, val_loss: 0.4425, val_acc: 0.7737, val_auroc: 0.8555
INFO:root:Train epoch 428, loss: 0.3984, val_loss: 0.4389, val_acc: 0.7947, val_auroc: 0.8585
INFO:root:Train epoch 429, loss: 0.3944, val_loss: 0.4406, val_acc: 0.8000, val_auroc: 0.8564
INFO:root:Train epoch 430, loss: 0.3960, val_loss: 0.4394, val_acc: 0.8000, val_auroc: 0.8587
INFO:root:Train epoch 431, loss: 0.3994, val_loss: 0.4536, val_acc: 0.7579, val_auroc: 0.8514
INFO:root:Train epoch 432, loss: 0.4003, val_loss: 0.4450, val_acc: 0.7842, val_auroc: 0.8574
INFO:root:Train epoch 433, loss: 0.3989, val_loss: 0.4465, val_acc: 0.7684, val_auroc: 0.8550
INFO:root:Train epoch 434, loss: 0.3981, val_loss: 0.4393, val_acc: 0.7947, val_auroc: 0.8567
INFO:root:Train epoch 435, loss: 0.3980, val_loss: 0.4389, val_acc: 0.8105, val_auroc: 0.8578
INFO:root:Train epoch 436, loss: 0.3911, val_loss: 0.4377, val_acc: 0.7947, val_auroc: 0.8613
INFO:root:Train epoch 437, loss: 0.3965, val_loss: 0.4388, val_acc: 0.8158, val_auroc: 0.8593
INFO:root:Train epoch 438, loss: 0.3918, val_loss: 0.4380, val_acc: 0.8053, val_auroc: 0.8592
INFO:root:Train epoch 439, loss: 0.3956, val_loss: 0.4408, val_acc: 0.7895, val_auroc: 0.8590
INFO:root:Train epoch 440, loss: 0.3944, val_loss: 0.4523, val_acc: 0.7579, val_auroc: 0.8536
INFO:root:Train epoch 441, loss: 0.3972, val_loss: 0.4411, val_acc: 0.8000, val_auroc: 0.8600
INFO:root:Train epoch 442, loss: 0.3944, val_loss: 0.4447, val_acc: 0.7842, val_auroc: 0.8563
INFO:root:Train epoch 443, loss: 0.3901, val_loss: 0.4396, val_acc: 0.8105, val_auroc: 0.8561
INFO:root:Train epoch 444, loss: 0.3937, val_loss: 0.4404, val_acc: 0.8000, val_auroc: 0.8585
INFO:root:Train epoch 445, loss: 0.3941, val_loss: 0.4392, val_acc: 0.7947, val_auroc: 0.8562
INFO:root:Train epoch 446, loss: 0.3958, val_loss: 0.4362, val_acc: 0.8053, val_auroc: 0.8612
INFO:root:Train epoch 447, loss: 0.3900, val_loss: 0.4398, val_acc: 0.7947, val_auroc: 0.8603
INFO:root:Train epoch 448, loss: 0.3918, val_loss: 0.4407, val_acc: 0.8105, val_auroc: 0.8588
INFO:root:Train epoch 449, loss: 0.3921, val_loss: 0.4386, val_acc: 0.7947, val_auroc: 0.8594
INFO:root:Train epoch 450, loss: 0.3906, val_loss: 0.4402, val_acc: 0.7947, val_auroc: 0.8585
INFO:root:Train epoch 451, loss: 0.3899, val_loss: 0.4379, val_acc: 0.8053, val_auroc: 0.8601
INFO:root:Train epoch 452, loss: 0.3928, val_loss: 0.4505, val_acc: 0.7632, val_auroc: 0.8555
INFO:root:Train epoch 453, loss: 0.3906, val_loss: 0.4393, val_acc: 0.8000, val_auroc: 0.8611
INFO:root:Train epoch 454, loss: 0.3936, val_loss: 0.4559, val_acc: 0.7632, val_auroc: 0.8564
INFO:root:Train epoch 455, loss: 0.3879, val_loss: 0.4552, val_acc: 0.7737, val_auroc: 0.8569
INFO:root:Train epoch 456, loss: 0.4014, val_loss: 0.4945, val_acc: 0.7421, val_auroc: 0.8544
INFO:root:Train epoch 457, loss: 0.4117, val_loss: 0.4479, val_acc: 0.7789, val_auroc: 0.8621
INFO:root:Train epoch 458, loss: 0.4115, val_loss: 0.4524, val_acc: 0.7737, val_auroc: 0.8533
INFO:root:Train epoch 459, loss: 0.4158, val_loss: 0.4405, val_acc: 0.8158, val_auroc: 0.8572
INFO:root:Train epoch 460, loss: 0.4025, val_loss: 0.4378, val_acc: 0.8000, val_auroc: 0.8586
INFO:root:Train epoch 461, loss: 0.4034, val_loss: 0.4581, val_acc: 0.7632, val_auroc: 0.8541
INFO:root:Train epoch 462, loss: 0.4038, val_loss: 0.4460, val_acc: 0.7842, val_auroc: 0.8579
INFO:root:Train epoch 463, loss: 0.4112, val_loss: 0.4378, val_acc: 0.8105, val_auroc: 0.8588
INFO:root:Train epoch 464, loss: 0.3929, val_loss: 0.4391, val_acc: 0.8158, val_auroc: 0.8584
INFO:root:Train epoch 465, loss: 0.3967, val_loss: 0.4375, val_acc: 0.8000, val_auroc: 0.8579
INFO:root:Train epoch 466, loss: 0.3968, val_loss: 0.4436, val_acc: 0.7895, val_auroc: 0.8574
INFO:root:Validation loss has not improved in 20 epochs, stopping early
INFO:root:Obtained lowest validation loss of: 0.4361661672592163
