INFO:root:all data: 949
INFO:root:train data: 759
INFO:root:test data: 190
INFO:root:Train epoch 0, loss: 0.6517, val_loss: 0.6469, val_acc: 0.6895, val_auroc: 0.5157
INFO:root:Train epoch 1, loss: 0.6260, val_loss: 0.6269, val_acc: 0.6895, val_auroc: 0.5165
INFO:root:Train epoch 2, loss: 0.6029, val_loss: 0.6207, val_acc: 0.6895, val_auroc: 0.5482
INFO:root:Train epoch 3, loss: 0.5962, val_loss: 0.6230, val_acc: 0.6895, val_auroc: 0.5789
INFO:root:Train epoch 4, loss: 0.5941, val_loss: 0.6180, val_acc: 0.6895, val_auroc: 0.5779
INFO:root:Train epoch 5, loss: 0.5947, val_loss: 0.6198, val_acc: 0.6895, val_auroc: 0.5822
INFO:root:Train epoch 6, loss: 0.5901, val_loss: 0.6163, val_acc: 0.6895, val_auroc: 0.6386
INFO:root:Train epoch 7, loss: 0.5874, val_loss: 0.6138, val_acc: 0.6895, val_auroc: 0.6582
INFO:root:Train epoch 8, loss: 0.5862, val_loss: 0.6136, val_acc: 0.6895, val_auroc: 0.6539
INFO:root:Train epoch 9, loss: 0.5835, val_loss: 0.6102, val_acc: 0.6895, val_auroc: 0.6574
INFO:root:Train epoch 10, loss: 0.5780, val_loss: 0.6046, val_acc: 0.6895, val_auroc: 0.6529
INFO:root:Train epoch 11, loss: 0.5730, val_loss: 0.5966, val_acc: 0.6895, val_auroc: 0.6517
INFO:root:Train epoch 12, loss: 0.5665, val_loss: 0.5917, val_acc: 0.6895, val_auroc: 0.6525
INFO:root:Train epoch 13, loss: 0.5597, val_loss: 0.5890, val_acc: 0.6895, val_auroc: 0.6482
INFO:root:Train epoch 14, loss: 0.5581, val_loss: 0.5855, val_acc: 0.6895, val_auroc: 0.6476
INFO:root:Train epoch 15, loss: 0.5579, val_loss: 0.5831, val_acc: 0.6895, val_auroc: 0.6525
INFO:root:Train epoch 16, loss: 0.5563, val_loss: 0.5820, val_acc: 0.6895, val_auroc: 0.6454
INFO:root:Train epoch 17, loss: 0.5521, val_loss: 0.5783, val_acc: 0.6895, val_auroc: 0.6490
INFO:root:Train epoch 18, loss: 0.5523, val_loss: 0.5808, val_acc: 0.6895, val_auroc: 0.6494
INFO:root:Train epoch 19, loss: 0.5499, val_loss: 0.5745, val_acc: 0.6895, val_auroc: 0.6536
INFO:root:Train epoch 20, loss: 0.5479, val_loss: 0.5731, val_acc: 0.6895, val_auroc: 0.6552
INFO:root:Train epoch 21, loss: 0.5476, val_loss: 0.5741, val_acc: 0.6895, val_auroc: 0.6573
INFO:root:Train epoch 22, loss: 0.5447, val_loss: 0.5695, val_acc: 0.6789, val_auroc: 0.6600
INFO:root:Train epoch 23, loss: 0.5441, val_loss: 0.5672, val_acc: 0.7000, val_auroc: 0.6600
INFO:root:Train epoch 24, loss: 0.5444, val_loss: 0.5648, val_acc: 0.6789, val_auroc: 0.6624
INFO:root:Train epoch 25, loss: 0.5395, val_loss: 0.5636, val_acc: 0.6789, val_auroc: 0.6655
INFO:root:Train epoch 26, loss: 0.5376, val_loss: 0.5596, val_acc: 0.6789, val_auroc: 0.6689
INFO:root:Train epoch 27, loss: 0.5375, val_loss: 0.5572, val_acc: 0.6789, val_auroc: 0.6737
INFO:root:Train epoch 28, loss: 0.5360, val_loss: 0.5593, val_acc: 0.6789, val_auroc: 0.6764
INFO:root:Train epoch 29, loss: 0.5316, val_loss: 0.5556, val_acc: 0.6632, val_auroc: 0.6795
INFO:root:Train epoch 30, loss: 0.5338, val_loss: 0.5608, val_acc: 0.6789, val_auroc: 0.6844
INFO:root:Train epoch 31, loss: 0.5331, val_loss: 0.5601, val_acc: 0.6895, val_auroc: 0.6918
INFO:root:Train epoch 32, loss: 0.5332, val_loss: 0.5545, val_acc: 0.7053, val_auroc: 0.6862
INFO:root:Train epoch 33, loss: 0.5320, val_loss: 0.5555, val_acc: 0.6684, val_auroc: 0.6873
INFO:root:Train epoch 34, loss: 0.5295, val_loss: 0.5552, val_acc: 0.6684, val_auroc: 0.6952
INFO:root:Train epoch 35, loss: 0.5281, val_loss: 0.5516, val_acc: 0.6684, val_auroc: 0.7026
INFO:root:Train epoch 36, loss: 0.5262, val_loss: 0.5512, val_acc: 0.6684, val_auroc: 0.7032
INFO:root:Train epoch 37, loss: 0.5233, val_loss: 0.5526, val_acc: 0.6684, val_auroc: 0.7025
INFO:root:Train epoch 38, loss: 0.5241, val_loss: 0.5526, val_acc: 0.6842, val_auroc: 0.7089
INFO:root:Train epoch 39, loss: 0.5246, val_loss: 0.5496, val_acc: 0.7105, val_auroc: 0.7035
INFO:root:Train epoch 40, loss: 0.5275, val_loss: 0.5499, val_acc: 0.6789, val_auroc: 0.7088
INFO:root:Train epoch 41, loss: 0.5208, val_loss: 0.5478, val_acc: 0.6789, val_auroc: 0.7099
INFO:root:Train epoch 42, loss: 0.5216, val_loss: 0.5479, val_acc: 0.6947, val_auroc: 0.7106
INFO:root:Train epoch 43, loss: 0.5205, val_loss: 0.5452, val_acc: 0.6947, val_auroc: 0.7157
INFO:root:Train epoch 44, loss: 0.5190, val_loss: 0.5449, val_acc: 0.7105, val_auroc: 0.7139
INFO:root:Train epoch 45, loss: 0.5201, val_loss: 0.5573, val_acc: 0.6947, val_auroc: 0.7152
INFO:root:Train epoch 46, loss: 0.5276, val_loss: 0.5447, val_acc: 0.7105, val_auroc: 0.7193
INFO:root:Train epoch 47, loss: 0.5172, val_loss: 0.5453, val_acc: 0.6947, val_auroc: 0.7197
INFO:root:Train epoch 48, loss: 0.5155, val_loss: 0.5448, val_acc: 0.6947, val_auroc: 0.7206
INFO:root:Train epoch 49, loss: 0.5144, val_loss: 0.5438, val_acc: 0.7105, val_auroc: 0.7221
INFO:root:Train epoch 50, loss: 0.5134, val_loss: 0.5493, val_acc: 0.7000, val_auroc: 0.7275
INFO:root:Train epoch 51, loss: 0.5194, val_loss: 0.5498, val_acc: 0.7368, val_auroc: 0.7240
INFO:root:Train epoch 52, loss: 0.5177, val_loss: 0.5454, val_acc: 0.7000, val_auroc: 0.7289
INFO:root:Train epoch 53, loss: 0.5181, val_loss: 0.5519, val_acc: 0.7000, val_auroc: 0.7345
INFO:root:Train epoch 54, loss: 0.5185, val_loss: 0.5410, val_acc: 0.7316, val_auroc: 0.7305
INFO:root:Train epoch 55, loss: 0.5162, val_loss: 0.5643, val_acc: 0.7000, val_auroc: 0.7390
INFO:root:Train epoch 56, loss: 0.5199, val_loss: 0.5413, val_acc: 0.7263, val_auroc: 0.7350
INFO:root:Train epoch 57, loss: 0.5133, val_loss: 0.5436, val_acc: 0.7000, val_auroc: 0.7362
INFO:root:Train epoch 58, loss: 0.5132, val_loss: 0.5391, val_acc: 0.7316, val_auroc: 0.7365
INFO:root:Train epoch 59, loss: 0.5106, val_loss: 0.5397, val_acc: 0.6947, val_auroc: 0.7372
INFO:root:Train epoch 60, loss: 0.5079, val_loss: 0.5394, val_acc: 0.6947, val_auroc: 0.7433
INFO:root:Train epoch 61, loss: 0.5124, val_loss: 0.5361, val_acc: 0.7316, val_auroc: 0.7406
INFO:root:Train epoch 62, loss: 0.5095, val_loss: 0.5371, val_acc: 0.7316, val_auroc: 0.7424
INFO:root:Train epoch 63, loss: 0.5118, val_loss: 0.5439, val_acc: 0.7000, val_auroc: 0.7428
INFO:root:Train epoch 64, loss: 0.5070, val_loss: 0.5358, val_acc: 0.7316, val_auroc: 0.7402
INFO:root:Train epoch 65, loss: 0.5039, val_loss: 0.5330, val_acc: 0.7316, val_auroc: 0.7430
INFO:root:Train epoch 66, loss: 0.5056, val_loss: 0.5434, val_acc: 0.7000, val_auroc: 0.7399
INFO:root:Train epoch 67, loss: 0.5017, val_loss: 0.5326, val_acc: 0.7211, val_auroc: 0.7504
INFO:root:Train epoch 68, loss: 0.5006, val_loss: 0.5386, val_acc: 0.7211, val_auroc: 0.7469
INFO:root:Train epoch 69, loss: 0.4987, val_loss: 0.5338, val_acc: 0.7368, val_auroc: 0.7464
INFO:root:Train epoch 70, loss: 0.5018, val_loss: 0.5341, val_acc: 0.7263, val_auroc: 0.7496
INFO:root:Train epoch 71, loss: 0.5066, val_loss: 0.5315, val_acc: 0.7211, val_auroc: 0.7500
INFO:root:Train epoch 72, loss: 0.5010, val_loss: 0.5369, val_acc: 0.7211, val_auroc: 0.7513
INFO:root:Train epoch 73, loss: 0.4985, val_loss: 0.5287, val_acc: 0.7211, val_auroc: 0.7546
INFO:root:Train epoch 74, loss: 0.5002, val_loss: 0.5273, val_acc: 0.7263, val_auroc: 0.7549
INFO:root:Train epoch 75, loss: 0.4982, val_loss: 0.5274, val_acc: 0.7263, val_auroc: 0.7550
INFO:root:Train epoch 76, loss: 0.4922, val_loss: 0.5602, val_acc: 0.7105, val_auroc: 0.7523
INFO:root:Train epoch 77, loss: 0.5018, val_loss: 0.5246, val_acc: 0.7316, val_auroc: 0.7575
INFO:root:Train epoch 78, loss: 0.4931, val_loss: 0.5241, val_acc: 0.7263, val_auroc: 0.7620
INFO:root:Train epoch 79, loss: 0.4931, val_loss: 0.5598, val_acc: 0.7105, val_auroc: 0.7548
INFO:root:Train epoch 80, loss: 0.4937, val_loss: 0.5281, val_acc: 0.7368, val_auroc: 0.7630
INFO:root:Train epoch 81, loss: 0.5005, val_loss: 0.5277, val_acc: 0.7368, val_auroc: 0.7616
INFO:root:Train epoch 82, loss: 0.4943, val_loss: 0.5276, val_acc: 0.7211, val_auroc: 0.7637
INFO:root:Train epoch 83, loss: 0.4910, val_loss: 0.5182, val_acc: 0.7263, val_auroc: 0.7673
INFO:root:Train epoch 84, loss: 0.4882, val_loss: 0.5361, val_acc: 0.7316, val_auroc: 0.7674
INFO:root:Train epoch 85, loss: 0.4886, val_loss: 0.5165, val_acc: 0.7316, val_auroc: 0.7729
INFO:root:Train epoch 86, loss: 0.4824, val_loss: 0.5167, val_acc: 0.7316, val_auroc: 0.7765
INFO:root:Train epoch 87, loss: 0.4829, val_loss: 0.5128, val_acc: 0.7316, val_auroc: 0.7756
INFO:root:Train epoch 88, loss: 0.4761, val_loss: 0.5160, val_acc: 0.7211, val_auroc: 0.7818
INFO:root:Train epoch 89, loss: 0.4741, val_loss: 0.5076, val_acc: 0.7368, val_auroc: 0.7841
INFO:root:Train epoch 90, loss: 0.4778, val_loss: 0.5139, val_acc: 0.7474, val_auroc: 0.7836
INFO:root:Train epoch 91, loss: 0.4741, val_loss: 0.5287, val_acc: 0.7368, val_auroc: 0.7748
INFO:root:Train epoch 92, loss: 0.4909, val_loss: 0.5069, val_acc: 0.7368, val_auroc: 0.7950
INFO:root:Train epoch 93, loss: 0.4688, val_loss: 0.5449, val_acc: 0.7211, val_auroc: 0.7841
INFO:root:Train epoch 94, loss: 0.4844, val_loss: 0.5311, val_acc: 0.7211, val_auroc: 0.7899
INFO:root:Train epoch 95, loss: 0.4695, val_loss: 0.5025, val_acc: 0.7789, val_auroc: 0.7962
INFO:root:Train epoch 96, loss: 0.4650, val_loss: 0.4948, val_acc: 0.7368, val_auroc: 0.8013
INFO:root:Train epoch 97, loss: 0.4663, val_loss: 0.4898, val_acc: 0.7474, val_auroc: 0.8074
INFO:root:Train epoch 98, loss: 0.4615, val_loss: 0.4879, val_acc: 0.7368, val_auroc: 0.8098
INFO:root:Train epoch 99, loss: 0.4633, val_loss: 0.4974, val_acc: 0.7684, val_auroc: 0.8101
INFO:root:Train epoch 100, loss: 0.4641, val_loss: 0.4987, val_acc: 0.7632, val_auroc: 0.8095
INFO:root:Train epoch 101, loss: 0.4604, val_loss: 0.4884, val_acc: 0.7737, val_auroc: 0.8207
INFO:root:Train epoch 102, loss: 0.4590, val_loss: 0.4839, val_acc: 0.7789, val_auroc: 0.8187
INFO:root:Train epoch 103, loss: 0.4635, val_loss: 0.5179, val_acc: 0.7263, val_auroc: 0.8080
INFO:root:Train epoch 104, loss: 0.4880, val_loss: 0.5414, val_acc: 0.7000, val_auroc: 0.8040
INFO:root:Train epoch 105, loss: 0.4756, val_loss: 0.4976, val_acc: 0.7316, val_auroc: 0.8097
INFO:root:Train epoch 106, loss: 0.4669, val_loss: 0.4865, val_acc: 0.7579, val_auroc: 0.8086
INFO:root:Train epoch 107, loss: 0.4588, val_loss: 0.4838, val_acc: 0.7526, val_auroc: 0.8136
INFO:root:Train epoch 108, loss: 0.4531, val_loss: 0.4993, val_acc: 0.7316, val_auroc: 0.8116
INFO:root:Train epoch 109, loss: 0.4802, val_loss: 0.4930, val_acc: 0.7632, val_auroc: 0.8082
INFO:root:Train epoch 110, loss: 0.4625, val_loss: 0.5331, val_acc: 0.7316, val_auroc: 0.7597
INFO:root:Train epoch 111, loss: 0.4651, val_loss: 0.4797, val_acc: 0.7684, val_auroc: 0.8180
INFO:root:Train epoch 112, loss: 0.4547, val_loss: 0.4876, val_acc: 0.7368, val_auroc: 0.8149
INFO:root:Train epoch 113, loss: 0.4691, val_loss: 0.5097, val_acc: 0.7316, val_auroc: 0.8125
INFO:root:Train epoch 114, loss: 0.4651, val_loss: 0.4808, val_acc: 0.7684, val_auroc: 0.8205
INFO:root:Train epoch 115, loss: 0.4507, val_loss: 0.4744, val_acc: 0.7632, val_auroc: 0.8213
INFO:root:Train epoch 116, loss: 0.4582, val_loss: 0.5080, val_acc: 0.7368, val_auroc: 0.7932
INFO:root:Train epoch 117, loss: 0.4569, val_loss: 0.4830, val_acc: 0.7579, val_auroc: 0.8233
INFO:root:Train epoch 118, loss: 0.4488, val_loss: 0.4774, val_acc: 0.7842, val_auroc: 0.8263
INFO:root:Train epoch 119, loss: 0.4517, val_loss: 0.4862, val_acc: 0.7368, val_auroc: 0.8196
INFO:root:Train epoch 120, loss: 0.4433, val_loss: 0.4718, val_acc: 0.7632, val_auroc: 0.8220
INFO:root:Train epoch 121, loss: 0.4426, val_loss: 0.4806, val_acc: 0.7526, val_auroc: 0.8246
INFO:root:Train epoch 122, loss: 0.4445, val_loss: 0.4709, val_acc: 0.7684, val_auroc: 0.8270
INFO:root:Train epoch 123, loss: 0.4415, val_loss: 0.4739, val_acc: 0.7684, val_auroc: 0.8293
INFO:root:Train epoch 124, loss: 0.4530, val_loss: 0.5176, val_acc: 0.7316, val_auroc: 0.7899
INFO:root:Train epoch 125, loss: 0.4514, val_loss: 0.4874, val_acc: 0.7579, val_auroc: 0.8163
INFO:root:Train epoch 126, loss: 0.4374, val_loss: 0.4700, val_acc: 0.7579, val_auroc: 0.8270
INFO:root:Train epoch 127, loss: 0.4385, val_loss: 0.4669, val_acc: 0.7789, val_auroc: 0.8284
INFO:root:Train epoch 128, loss: 0.4333, val_loss: 0.4942, val_acc: 0.7368, val_auroc: 0.8258
INFO:root:Train epoch 129, loss: 0.4582, val_loss: 0.5274, val_acc: 0.7421, val_auroc: 0.8202
INFO:root:Train epoch 130, loss: 0.4609, val_loss: 0.4773, val_acc: 0.7895, val_auroc: 0.8253
INFO:root:Train epoch 131, loss: 0.4411, val_loss: 0.4693, val_acc: 0.7474, val_auroc: 0.8244
INFO:root:Train epoch 132, loss: 0.4492, val_loss: 0.4807, val_acc: 0.7789, val_auroc: 0.8172
INFO:root:Train epoch 133, loss: 0.4577, val_loss: 0.5661, val_acc: 0.7105, val_auroc: 0.7357
INFO:root:Train epoch 134, loss: 0.4712, val_loss: 0.4872, val_acc: 0.7737, val_auroc: 0.8099
INFO:root:Train epoch 135, loss: 0.4448, val_loss: 0.4836, val_acc: 0.7368, val_auroc: 0.8231
INFO:root:Train epoch 136, loss: 0.4418, val_loss: 0.4698, val_acc: 0.7789, val_auroc: 0.8238
INFO:root:Train epoch 137, loss: 0.4382, val_loss: 0.4686, val_acc: 0.7737, val_auroc: 0.8244
INFO:root:Train epoch 138, loss: 0.4367, val_loss: 0.4779, val_acc: 0.7737, val_auroc: 0.8184
INFO:root:Train epoch 139, loss: 0.4470, val_loss: 0.4930, val_acc: 0.7579, val_auroc: 0.8050
INFO:root:Train epoch 140, loss: 0.4538, val_loss: 0.4957, val_acc: 0.7579, val_auroc: 0.8020
INFO:root:Train epoch 141, loss: 0.4370, val_loss: 0.4777, val_acc: 0.7684, val_auroc: 0.8181
INFO:root:Train epoch 142, loss: 0.4374, val_loss: 0.4686, val_acc: 0.7737, val_auroc: 0.8266
INFO:root:Train epoch 143, loss: 0.4350, val_loss: 0.4677, val_acc: 0.7789, val_auroc: 0.8255
INFO:root:Train epoch 144, loss: 0.4343, val_loss: 0.4642, val_acc: 0.7842, val_auroc: 0.8278
INFO:root:Train epoch 145, loss: 0.4254, val_loss: 0.4974, val_acc: 0.7316, val_auroc: 0.8242
INFO:root:Train epoch 146, loss: 0.4455, val_loss: 0.4866, val_acc: 0.7421, val_auroc: 0.8270
INFO:root:Train epoch 147, loss: 0.4349, val_loss: 0.4612, val_acc: 0.7789, val_auroc: 0.8296
INFO:root:Train epoch 148, loss: 0.4408, val_loss: 0.4597, val_acc: 0.7789, val_auroc: 0.8297
INFO:root:Train epoch 149, loss: 0.4324, val_loss: 0.4579, val_acc: 0.7842, val_auroc: 0.8247
INFO:root:Train epoch 150, loss: 0.4334, val_loss: 0.4661, val_acc: 0.7842, val_auroc: 0.8266
INFO:root:Train epoch 151, loss: 0.4302, val_loss: 0.4865, val_acc: 0.7316, val_auroc: 0.8288
INFO:root:Train epoch 152, loss: 0.4482, val_loss: 0.4722, val_acc: 0.7632, val_auroc: 0.8277
INFO:root:Train epoch 153, loss: 0.4335, val_loss: 0.4698, val_acc: 0.7789, val_auroc: 0.8282
INFO:root:Train epoch 154, loss: 0.4340, val_loss: 0.4716, val_acc: 0.7737, val_auroc: 0.8274
INFO:root:Train epoch 155, loss: 0.4339, val_loss: 0.4796, val_acc: 0.7632, val_auroc: 0.8193
INFO:root:Train epoch 156, loss: 0.4269, val_loss: 0.4600, val_acc: 0.7789, val_auroc: 0.8300
INFO:root:Train epoch 157, loss: 0.4267, val_loss: 0.4600, val_acc: 0.7947, val_auroc: 0.8359
INFO:root:Train epoch 158, loss: 0.4285, val_loss: 0.4633, val_acc: 0.7789, val_auroc: 0.8271
INFO:root:Train epoch 159, loss: 0.4332, val_loss: 0.4564, val_acc: 0.7947, val_auroc: 0.8357
INFO:root:Train epoch 160, loss: 0.4280, val_loss: 0.4694, val_acc: 0.7789, val_auroc: 0.8231
INFO:root:Train epoch 161, loss: 0.4292, val_loss: 0.4563, val_acc: 0.7842, val_auroc: 0.8345
INFO:root:Train epoch 162, loss: 0.4219, val_loss: 0.4673, val_acc: 0.7684, val_auroc: 0.8250
INFO:root:Train epoch 163, loss: 0.4310, val_loss: 0.4581, val_acc: 0.7895, val_auroc: 0.8370
INFO:root:Train epoch 164, loss: 0.4225, val_loss: 0.4612, val_acc: 0.7526, val_auroc: 0.8324
INFO:root:Train epoch 165, loss: 0.4219, val_loss: 0.4552, val_acc: 0.7842, val_auroc: 0.8350
INFO:root:Train epoch 166, loss: 0.4433, val_loss: 0.4638, val_acc: 0.7684, val_auroc: 0.8297
INFO:root:Train epoch 167, loss: 0.4417, val_loss: 0.4603, val_acc: 0.7737, val_auroc: 0.8335
INFO:root:Train epoch 168, loss: 0.4303, val_loss: 0.4653, val_acc: 0.7579, val_auroc: 0.8283
INFO:root:Train epoch 169, loss: 0.4462, val_loss: 0.5746, val_acc: 0.6895, val_auroc: 0.7167
INFO:root:Train epoch 170, loss: 0.4534, val_loss: 0.4641, val_acc: 0.7842, val_auroc: 0.8301
INFO:root:Train epoch 171, loss: 0.4290, val_loss: 0.4556, val_acc: 0.7947, val_auroc: 0.8370
INFO:root:Train epoch 172, loss: 0.4232, val_loss: 0.4565, val_acc: 0.7842, val_auroc: 0.8321
INFO:root:Train epoch 173, loss: 0.4189, val_loss: 0.4539, val_acc: 0.7842, val_auroc: 0.8347
INFO:root:Train epoch 174, loss: 0.4191, val_loss: 0.4542, val_acc: 0.7789, val_auroc: 0.8333
INFO:root:Train epoch 175, loss: 0.4229, val_loss: 0.4588, val_acc: 0.7789, val_auroc: 0.8363
INFO:root:Train epoch 176, loss: 0.4301, val_loss: 0.4556, val_acc: 0.7789, val_auroc: 0.8338
INFO:root:Train epoch 177, loss: 0.4310, val_loss: 0.4544, val_acc: 0.7895, val_auroc: 0.8326
INFO:root:Train epoch 178, loss: 0.4170, val_loss: 0.4647, val_acc: 0.7737, val_auroc: 0.8317
INFO:root:Train epoch 179, loss: 0.4303, val_loss: 0.5161, val_acc: 0.7421, val_auroc: 0.7798
INFO:root:Train epoch 180, loss: 0.4444, val_loss: 0.4733, val_acc: 0.7579, val_auroc: 0.8156
INFO:root:Train epoch 181, loss: 0.4245, val_loss: 0.4549, val_acc: 0.7737, val_auroc: 0.8335
INFO:root:Train epoch 182, loss: 0.4247, val_loss: 0.4600, val_acc: 0.7895, val_auroc: 0.8340
INFO:root:Train epoch 183, loss: 0.4378, val_loss: 0.4801, val_acc: 0.7579, val_auroc: 0.8157
INFO:root:Train epoch 184, loss: 0.4325, val_loss: 0.4683, val_acc: 0.7579, val_auroc: 0.8260
INFO:root:Train epoch 185, loss: 0.4272, val_loss: 0.4520, val_acc: 0.7895, val_auroc: 0.8371
INFO:root:Train epoch 186, loss: 0.4175, val_loss: 0.4587, val_acc: 0.7789, val_auroc: 0.8329
INFO:root:Train epoch 187, loss: 0.4251, val_loss: 0.4499, val_acc: 0.7895, val_auroc: 0.8381
INFO:root:Train epoch 188, loss: 0.4184, val_loss: 0.4675, val_acc: 0.7579, val_auroc: 0.8286
INFO:root:Train epoch 189, loss: 0.4250, val_loss: 0.4532, val_acc: 0.7895, val_auroc: 0.8378
INFO:root:Train epoch 190, loss: 0.4168, val_loss: 0.4541, val_acc: 0.7842, val_auroc: 0.8344
INFO:root:Train epoch 191, loss: 0.4248, val_loss: 0.4502, val_acc: 0.7842, val_auroc: 0.8375
INFO:root:Train epoch 192, loss: 0.4263, val_loss: 0.4578, val_acc: 0.7947, val_auroc: 0.8352
INFO:root:Train epoch 193, loss: 0.4182, val_loss: 0.4531, val_acc: 0.7895, val_auroc: 0.8379
INFO:root:Train epoch 194, loss: 0.4206, val_loss: 0.4524, val_acc: 0.7842, val_auroc: 0.8375
INFO:root:Train epoch 195, loss: 0.4146, val_loss: 0.4697, val_acc: 0.7579, val_auroc: 0.8246
INFO:root:Train epoch 196, loss: 0.4224, val_loss: 0.4540, val_acc: 0.7842, val_auroc: 0.8360
INFO:root:Train epoch 197, loss: 0.4161, val_loss: 0.4787, val_acc: 0.7474, val_auroc: 0.8199
INFO:root:Train epoch 198, loss: 0.4084, val_loss: 0.4677, val_acc: 0.7632, val_auroc: 0.8344
INFO:root:Train epoch 199, loss: 0.4154, val_loss: 0.4498, val_acc: 0.7895, val_auroc: 0.8368
INFO:root:Train epoch 200, loss: 0.4309, val_loss: 0.4808, val_acc: 0.7421, val_auroc: 0.8347
INFO:root:Train epoch 201, loss: 0.4403, val_loss: 0.4610, val_acc: 0.7737, val_auroc: 0.8297
INFO:root:Train epoch 202, loss: 0.4186, val_loss: 0.4615, val_acc: 0.7632, val_auroc: 0.8341
INFO:root:Train epoch 203, loss: 0.4259, val_loss: 0.4838, val_acc: 0.7579, val_auroc: 0.8152
INFO:root:Train epoch 204, loss: 0.4488, val_loss: 0.4636, val_acc: 0.7789, val_auroc: 0.8287
INFO:root:Train epoch 205, loss: 0.4169, val_loss: 0.4752, val_acc: 0.7421, val_auroc: 0.8346
INFO:root:Train epoch 206, loss: 0.4286, val_loss: 0.4500, val_acc: 0.7947, val_auroc: 0.8390
INFO:root:Train epoch 207, loss: 0.4141, val_loss: 0.4659, val_acc: 0.7684, val_auroc: 0.8365
INFO:root:Train epoch 208, loss: 0.4321, val_loss: 0.4514, val_acc: 0.7895, val_auroc: 0.8356
INFO:root:Train epoch 209, loss: 0.4240, val_loss: 0.4519, val_acc: 0.7947, val_auroc: 0.8383
INFO:root:Train epoch 210, loss: 0.4279, val_loss: 0.4508, val_acc: 0.7895, val_auroc: 0.8396
INFO:root:Train epoch 211, loss: 0.4194, val_loss: 0.4502, val_acc: 0.7947, val_auroc: 0.8342
INFO:root:Train epoch 212, loss: 0.4144, val_loss: 0.4539, val_acc: 0.7842, val_auroc: 0.8372
INFO:root:Train epoch 213, loss: 0.4159, val_loss: 0.4499, val_acc: 0.7737, val_auroc: 0.8357
INFO:root:Train epoch 214, loss: 0.4096, val_loss: 0.4550, val_acc: 0.7684, val_auroc: 0.8376
INFO:root:Train epoch 215, loss: 0.4130, val_loss: 0.4768, val_acc: 0.7474, val_auroc: 0.8187
INFO:root:Train epoch 216, loss: 0.4337, val_loss: 0.4744, val_acc: 0.7579, val_auroc: 0.8213
INFO:root:Train epoch 217, loss: 0.4157, val_loss: 0.4651, val_acc: 0.7632, val_auroc: 0.8294
INFO:root:Train epoch 218, loss: 0.4110, val_loss: 0.4533, val_acc: 0.7789, val_auroc: 0.8403
INFO:root:Train epoch 219, loss: 0.4102, val_loss: 0.4523, val_acc: 0.7842, val_auroc: 0.8396
INFO:root:Train epoch 220, loss: 0.4077, val_loss: 0.4492, val_acc: 0.7895, val_auroc: 0.8378
INFO:root:Train epoch 221, loss: 0.4109, val_loss: 0.4493, val_acc: 0.7737, val_auroc: 0.8416
INFO:root:Train epoch 222, loss: 0.4126, val_loss: 0.4513, val_acc: 0.7895, val_auroc: 0.8446
INFO:root:Train epoch 223, loss: 0.4198, val_loss: 0.4470, val_acc: 0.7842, val_auroc: 0.8414
INFO:root:Train epoch 224, loss: 0.4082, val_loss: 0.4513, val_acc: 0.7947, val_auroc: 0.8382
INFO:root:Train epoch 225, loss: 0.4079, val_loss: 0.4506, val_acc: 0.7947, val_auroc: 0.8400
INFO:root:Train epoch 226, loss: 0.4111, val_loss: 0.4558, val_acc: 0.7737, val_auroc: 0.8384
INFO:root:Train epoch 227, loss: 0.4229, val_loss: 0.4620, val_acc: 0.7684, val_auroc: 0.8457
INFO:root:Train epoch 228, loss: 0.4273, val_loss: 0.4544, val_acc: 0.7842, val_auroc: 0.8411
INFO:root:Train epoch 229, loss: 0.4218, val_loss: 0.4474, val_acc: 0.7895, val_auroc: 0.8433
INFO:root:Train epoch 230, loss: 0.4071, val_loss: 0.4595, val_acc: 0.7789, val_auroc: 0.8350
INFO:root:Train epoch 231, loss: 0.4238, val_loss: 0.4471, val_acc: 0.7947, val_auroc: 0.8463
INFO:root:Train epoch 232, loss: 0.4345, val_loss: 0.5143, val_acc: 0.7105, val_auroc: 0.7876
INFO:root:Train epoch 233, loss: 0.4450, val_loss: 0.5270, val_acc: 0.7211, val_auroc: 0.7763
INFO:root:Train epoch 234, loss: 0.4385, val_loss: 0.4635, val_acc: 0.7684, val_auroc: 0.8438
INFO:root:Train epoch 235, loss: 0.4201, val_loss: 0.4470, val_acc: 0.7895, val_auroc: 0.8416
INFO:root:Train epoch 236, loss: 0.4051, val_loss: 0.4532, val_acc: 0.7737, val_auroc: 0.8393
INFO:root:Train epoch 237, loss: 0.4052, val_loss: 0.4460, val_acc: 0.7947, val_auroc: 0.8467
INFO:root:Train epoch 238, loss: 0.4076, val_loss: 0.4446, val_acc: 0.7895, val_auroc: 0.8458
INFO:root:Train epoch 239, loss: 0.4055, val_loss: 0.4536, val_acc: 0.7737, val_auroc: 0.8376
INFO:root:Train epoch 240, loss: 0.4020, val_loss: 0.4537, val_acc: 0.7632, val_auroc: 0.8451
INFO:root:Train epoch 241, loss: 0.4060, val_loss: 0.4509, val_acc: 0.7789, val_auroc: 0.8436
INFO:root:Train epoch 242, loss: 0.4067, val_loss: 0.4473, val_acc: 0.7842, val_auroc: 0.8433
INFO:root:Train epoch 243, loss: 0.4027, val_loss: 0.4587, val_acc: 0.7632, val_auroc: 0.8326
INFO:root:Train epoch 244, loss: 0.4147, val_loss: 0.4884, val_acc: 0.7421, val_auroc: 0.8130
INFO:root:Train epoch 245, loss: 0.4173, val_loss: 0.4761, val_acc: 0.7632, val_auroc: 0.8190
INFO:root:Train epoch 246, loss: 0.4202, val_loss: 0.4464, val_acc: 0.7789, val_auroc: 0.8466
INFO:root:Train epoch 247, loss: 0.4079, val_loss: 0.4506, val_acc: 0.7842, val_auroc: 0.8406
INFO:root:Train epoch 248, loss: 0.4100, val_loss: 0.4616, val_acc: 0.7632, val_auroc: 0.8282
INFO:root:Train epoch 249, loss: 0.4049, val_loss: 0.4489, val_acc: 0.7684, val_auroc: 0.8381
INFO:root:Train epoch 250, loss: 0.4031, val_loss: 0.4448, val_acc: 0.7842, val_auroc: 0.8429
INFO:root:Train epoch 251, loss: 0.4189, val_loss: 0.4875, val_acc: 0.7474, val_auroc: 0.8108
INFO:root:Train epoch 252, loss: 0.4224, val_loss: 0.4446, val_acc: 0.7842, val_auroc: 0.8452
INFO:root:Train epoch 253, loss: 0.4264, val_loss: 0.4845, val_acc: 0.7474, val_auroc: 0.8147
INFO:root:Train epoch 254, loss: 0.4197, val_loss: 0.4431, val_acc: 0.7895, val_auroc: 0.8461
INFO:root:Train epoch 255, loss: 0.4100, val_loss: 0.5668, val_acc: 0.6895, val_auroc: 0.7480
INFO:root:Train epoch 256, loss: 0.4626, val_loss: 0.4725, val_acc: 0.7632, val_auroc: 0.8229
INFO:root:Train epoch 257, loss: 0.4419, val_loss: 0.4779, val_acc: 0.7474, val_auroc: 0.8429
INFO:root:Train epoch 258, loss: 0.4178, val_loss: 0.4528, val_acc: 0.7632, val_auroc: 0.8444
INFO:root:Train epoch 259, loss: 0.4074, val_loss: 0.4433, val_acc: 0.7895, val_auroc: 0.8464
INFO:root:Train epoch 260, loss: 0.4071, val_loss: 0.4452, val_acc: 0.7895, val_auroc: 0.8440
INFO:root:Train epoch 261, loss: 0.4015, val_loss: 0.4481, val_acc: 0.7684, val_auroc: 0.8490
INFO:root:Train epoch 262, loss: 0.4066, val_loss: 0.4451, val_acc: 0.7947, val_auroc: 0.8477
INFO:root:Train epoch 263, loss: 0.4055, val_loss: 0.4453, val_acc: 0.7842, val_auroc: 0.8433
INFO:root:Train epoch 264, loss: 0.4122, val_loss: 0.4412, val_acc: 0.7842, val_auroc: 0.8478
INFO:root:Train epoch 265, loss: 0.4095, val_loss: 0.4439, val_acc: 0.7895, val_auroc: 0.8462
INFO:root:Train epoch 266, loss: 0.4023, val_loss: 0.4501, val_acc: 0.7737, val_auroc: 0.8405
INFO:root:Train epoch 267, loss: 0.4094, val_loss: 0.4420, val_acc: 0.7842, val_auroc: 0.8478
INFO:root:Train epoch 268, loss: 0.4007, val_loss: 0.4406, val_acc: 0.7842, val_auroc: 0.8496
INFO:root:Train epoch 269, loss: 0.3983, val_loss: 0.4550, val_acc: 0.7684, val_auroc: 0.8477
INFO:root:Train epoch 270, loss: 0.4273, val_loss: 0.4497, val_acc: 0.8000, val_auroc: 0.8481
INFO:root:Train epoch 271, loss: 0.4044, val_loss: 0.4400, val_acc: 0.7842, val_auroc: 0.8507
INFO:root:Train epoch 272, loss: 0.3980, val_loss: 0.4442, val_acc: 0.7737, val_auroc: 0.8469
INFO:root:Train epoch 273, loss: 0.4045, val_loss: 0.4415, val_acc: 0.7842, val_auroc: 0.8459
INFO:root:Train epoch 274, loss: 0.3992, val_loss: 0.4482, val_acc: 0.7684, val_auroc: 0.8405
INFO:root:Train epoch 275, loss: 0.4084, val_loss: 0.4716, val_acc: 0.7474, val_auroc: 0.8263
INFO:root:Train epoch 276, loss: 0.4077, val_loss: 0.4494, val_acc: 0.7789, val_auroc: 0.8400
INFO:root:Train epoch 277, loss: 0.3986, val_loss: 0.4833, val_acc: 0.7474, val_auroc: 0.8496
INFO:root:Train epoch 278, loss: 0.4429, val_loss: 0.5421, val_acc: 0.7421, val_auroc: 0.8444
INFO:root:Train epoch 279, loss: 0.4706, val_loss: 0.4679, val_acc: 0.7789, val_auroc: 0.8433
INFO:root:Train epoch 280, loss: 0.4296, val_loss: 0.4858, val_acc: 0.7316, val_auroc: 0.8128
INFO:root:Train epoch 281, loss: 0.4163, val_loss: 0.4567, val_acc: 0.7737, val_auroc: 0.8310
INFO:root:Train epoch 282, loss: 0.4134, val_loss: 0.4477, val_acc: 0.7895, val_auroc: 0.8387
INFO:root:Train epoch 283, loss: 0.3971, val_loss: 0.4420, val_acc: 0.7842, val_auroc: 0.8506
INFO:root:Train epoch 284, loss: 0.4030, val_loss: 0.4397, val_acc: 0.7842, val_auroc: 0.8450
INFO:root:Train epoch 285, loss: 0.4013, val_loss: 0.4384, val_acc: 0.7842, val_auroc: 0.8487
INFO:root:Train epoch 286, loss: 0.4044, val_loss: 0.4447, val_acc: 0.7737, val_auroc: 0.8434
INFO:root:Train epoch 287, loss: 0.4135, val_loss: 0.4537, val_acc: 0.7632, val_auroc: 0.8348
INFO:root:Train epoch 288, loss: 0.4166, val_loss: 0.4466, val_acc: 0.7842, val_auroc: 0.8433
INFO:root:Train epoch 289, loss: 0.4115, val_loss: 0.4418, val_acc: 0.7684, val_auroc: 0.8516
INFO:root:Train epoch 290, loss: 0.4145, val_loss: 0.4402, val_acc: 0.7895, val_auroc: 0.8504
INFO:root:Train epoch 291, loss: 0.4040, val_loss: 0.4411, val_acc: 0.7842, val_auroc: 0.8442
INFO:root:Train epoch 292, loss: 0.4055, val_loss: 0.4511, val_acc: 0.7789, val_auroc: 0.8359
INFO:root:Train epoch 293, loss: 0.4027, val_loss: 0.4422, val_acc: 0.7842, val_auroc: 0.8436
INFO:root:Train epoch 294, loss: 0.4093, val_loss: 0.4427, val_acc: 0.7842, val_auroc: 0.8418
INFO:root:Train epoch 295, loss: 0.4008, val_loss: 0.4415, val_acc: 0.7895, val_auroc: 0.8451
INFO:root:Train epoch 296, loss: 0.3958, val_loss: 0.4399, val_acc: 0.7895, val_auroc: 0.8449
INFO:root:Train epoch 297, loss: 0.3952, val_loss: 0.4478, val_acc: 0.7737, val_auroc: 0.8466
INFO:root:Train epoch 298, loss: 0.4080, val_loss: 0.4871, val_acc: 0.7526, val_auroc: 0.8384
INFO:root:Train epoch 299, loss: 0.4356, val_loss: 0.4807, val_acc: 0.7632, val_auroc: 0.8501
INFO:root:Train epoch 300, loss: 0.4248, val_loss: 0.4408, val_acc: 0.7895, val_auroc: 0.8483
INFO:root:Train epoch 301, loss: 0.4082, val_loss: 0.4443, val_acc: 0.7737, val_auroc: 0.8431
INFO:root:Train epoch 302, loss: 0.4030, val_loss: 0.4473, val_acc: 0.7789, val_auroc: 0.8387
INFO:root:Train epoch 303, loss: 0.4052, val_loss: 0.4427, val_acc: 0.7842, val_auroc: 0.8437
INFO:root:Train epoch 304, loss: 0.3991, val_loss: 0.4403, val_acc: 0.7842, val_auroc: 0.8468
INFO:root:Train epoch 305, loss: 0.4191, val_loss: 0.4415, val_acc: 0.7789, val_auroc: 0.8531
INFO:root:Validation loss has not improved in 20 epochs, stopping early
INFO:root:Obtained lowest validation loss of: 0.4383778969446818
