INFO:root:all data: 949
INFO:root:train data: 759
INFO:root:test data: 190
INFO:root:Train epoch 0, loss: 0.6704, val_loss: 0.5943, val_acc: 0.6895, val_auroc: 0.6606
INFO:root:Train epoch 1, loss: 0.5871, val_loss: 0.6894, val_acc: 0.6895, val_auroc: 0.6899
INFO:root:Train epoch 2, loss: 0.5915, val_loss: 0.6671, val_acc: 0.6895, val_auroc: 0.4937
INFO:root:Train epoch 3, loss: 0.5953, val_loss: 0.6176, val_acc: 0.6895, val_auroc: 0.5506
INFO:root:Train epoch 4, loss: 0.5950, val_loss: 0.6443, val_acc: 0.6895, val_auroc: 0.6027
INFO:root:Train epoch 5, loss: 0.6007, val_loss: 0.6312, val_acc: 0.6895, val_auroc: 0.5507
INFO:root:Train epoch 6, loss: 0.6073, val_loss: 0.6113, val_acc: 0.6895, val_auroc: 0.5560
INFO:root:Train epoch 7, loss: 0.5968, val_loss: 0.6019, val_acc: 0.6895, val_auroc: 0.6847
INFO:root:Train epoch 8, loss: 0.5684, val_loss: 0.5732, val_acc: 0.6895, val_auroc: 0.6963
INFO:root:Train epoch 9, loss: 0.5772, val_loss: 0.5816, val_acc: 0.6895, val_auroc: 0.6672
INFO:root:Train epoch 10, loss: 0.5862, val_loss: 0.5895, val_acc: 0.6895, val_auroc: 0.6682
INFO:root:Train epoch 11, loss: 0.5768, val_loss: 0.6008, val_acc: 0.6895, val_auroc: 0.6830
INFO:root:Train epoch 12, loss: 0.5718, val_loss: 0.5699, val_acc: 0.6895, val_auroc: 0.7069
INFO:root:Train epoch 13, loss: 0.5554, val_loss: 0.5828, val_acc: 0.7316, val_auroc: 0.7172
INFO:root:Train epoch 14, loss: 0.5709, val_loss: 0.5852, val_acc: 0.6895, val_auroc: 0.6887
INFO:root:Train epoch 15, loss: 0.5549, val_loss: 0.5716, val_acc: 0.6895, val_auroc: 0.7061
INFO:root:Train epoch 16, loss: 0.5688, val_loss: 0.5731, val_acc: 0.6895, val_auroc: 0.7053
INFO:root:Train epoch 17, loss: 0.5462, val_loss: 0.5858, val_acc: 0.6895, val_auroc: 0.7036
INFO:root:Train epoch 18, loss: 0.5560, val_loss: 0.5631, val_acc: 0.6895, val_auroc: 0.7113
INFO:root:Train epoch 19, loss: 0.5461, val_loss: 0.5647, val_acc: 0.6895, val_auroc: 0.7148
INFO:root:Train epoch 20, loss: 0.5397, val_loss: 0.6632, val_acc: 0.6895, val_auroc: 0.7184
INFO:root:Train epoch 21, loss: 0.5957, val_loss: 0.6335, val_acc: 0.6895, val_auroc: 0.7098
INFO:root:Train epoch 22, loss: 0.5623, val_loss: 0.5922, val_acc: 0.6895, val_auroc: 0.6997
INFO:root:Train epoch 23, loss: 0.5411, val_loss: 0.5573, val_acc: 0.6895, val_auroc: 0.7372
INFO:root:Train epoch 24, loss: 0.5420, val_loss: 0.5552, val_acc: 0.6895, val_auroc: 0.7160
INFO:root:Train epoch 25, loss: 0.5665, val_loss: 0.5588, val_acc: 0.6895, val_auroc: 0.7205
INFO:root:Train epoch 26, loss: 0.5420, val_loss: 0.5535, val_acc: 0.6895, val_auroc: 0.7236
INFO:root:Train epoch 27, loss: 0.5714, val_loss: 0.5694, val_acc: 0.6895, val_auroc: 0.7475
INFO:root:Train epoch 28, loss: 0.5489, val_loss: 0.5730, val_acc: 0.6579, val_auroc: 0.7355
INFO:root:Train epoch 29, loss: 0.5688, val_loss: 0.5781, val_acc: 0.6895, val_auroc: 0.7356
INFO:root:Train epoch 30, loss: 0.5606, val_loss: 0.5707, val_acc: 0.6895, val_auroc: 0.7353
INFO:root:Train epoch 31, loss: 0.5313, val_loss: 0.5443, val_acc: 0.6632, val_auroc: 0.7241
INFO:root:Train epoch 32, loss: 0.5424, val_loss: 0.5768, val_acc: 0.6895, val_auroc: 0.7317
INFO:root:Train epoch 33, loss: 0.5529, val_loss: 0.5678, val_acc: 0.6895, val_auroc: 0.7311
INFO:root:Train epoch 34, loss: 0.5443, val_loss: 0.5519, val_acc: 0.6895, val_auroc: 0.7421
INFO:root:Train epoch 35, loss: 0.5259, val_loss: 0.5317, val_acc: 0.7316, val_auroc: 0.7513
INFO:root:Train epoch 36, loss: 0.5185, val_loss: 0.5201, val_acc: 0.7211, val_auroc: 0.7729
INFO:root:Train epoch 37, loss: 0.5175, val_loss: 0.5304, val_acc: 0.7000, val_auroc: 0.7818
INFO:root:Train epoch 38, loss: 0.5147, val_loss: 0.5240, val_acc: 0.7421, val_auroc: 0.7700
INFO:root:Train epoch 39, loss: 0.5116, val_loss: 0.5125, val_acc: 0.7368, val_auroc: 0.7934
INFO:root:Train epoch 40, loss: 0.5095, val_loss: 0.5145, val_acc: 0.7474, val_auroc: 0.7852
INFO:root:Train epoch 41, loss: 0.5155, val_loss: 0.5486, val_acc: 0.6895, val_auroc: 0.7804
INFO:root:Train epoch 42, loss: 0.5376, val_loss: 0.5394, val_acc: 0.6895, val_auroc: 0.7708
INFO:root:Train epoch 43, loss: 0.5400, val_loss: 0.5498, val_acc: 0.6895, val_auroc: 0.7777
INFO:root:Train epoch 44, loss: 0.5467, val_loss: 0.5344, val_acc: 0.6895, val_auroc: 0.7677
INFO:root:Train epoch 45, loss: 0.5112, val_loss: 0.5224, val_acc: 0.7368, val_auroc: 0.7698
INFO:root:Train epoch 46, loss: 0.5168, val_loss: 0.5226, val_acc: 0.7105, val_auroc: 0.7570
INFO:root:Train epoch 47, loss: 0.5024, val_loss: 0.5217, val_acc: 0.7211, val_auroc: 0.7789
INFO:root:Train epoch 48, loss: 0.5105, val_loss: 0.5253, val_acc: 0.6947, val_auroc: 0.7832
INFO:root:Train epoch 49, loss: 0.5174, val_loss: 0.5585, val_acc: 0.6895, val_auroc: 0.7610
INFO:root:Train epoch 50, loss: 0.5143, val_loss: 0.5237, val_acc: 0.6947, val_auroc: 0.7688
INFO:root:Train epoch 51, loss: 0.5118, val_loss: 0.5136, val_acc: 0.7316, val_auroc: 0.7861
INFO:root:Train epoch 52, loss: 0.5050, val_loss: 0.5051, val_acc: 0.7263, val_auroc: 0.7887
INFO:root:Train epoch 53, loss: 0.5134, val_loss: 0.5550, val_acc: 0.7105, val_auroc: 0.7990
INFO:root:Train epoch 54, loss: 0.5104, val_loss: 0.5228, val_acc: 0.7526, val_auroc: 0.7813
INFO:root:Train epoch 55, loss: 0.5261, val_loss: 0.5448, val_acc: 0.7000, val_auroc: 0.7694
INFO:root:Train epoch 56, loss: 0.5085, val_loss: 0.5101, val_acc: 0.7263, val_auroc: 0.7783
INFO:root:Train epoch 57, loss: 0.5014, val_loss: 0.5075, val_acc: 0.7053, val_auroc: 0.7773
INFO:root:Train epoch 58, loss: 0.5015, val_loss: 0.5150, val_acc: 0.7000, val_auroc: 0.7856
INFO:root:Train epoch 59, loss: 0.4885, val_loss: 0.5730, val_acc: 0.7368, val_auroc: 0.7705
INFO:root:Train epoch 60, loss: 0.5231, val_loss: 0.5542, val_acc: 0.7211, val_auroc: 0.7568
INFO:root:Train epoch 61, loss: 0.5317, val_loss: 0.5527, val_acc: 0.7316, val_auroc: 0.7899
INFO:root:Train epoch 62, loss: 0.5120, val_loss: 0.5200, val_acc: 0.7368, val_auroc: 0.7767
INFO:root:Train epoch 63, loss: 0.4888, val_loss: 0.5009, val_acc: 0.7474, val_auroc: 0.7789
INFO:root:Train epoch 64, loss: 0.5202, val_loss: 0.5315, val_acc: 0.6895, val_auroc: 0.7661
INFO:root:Train epoch 65, loss: 0.5057, val_loss: 0.5377, val_acc: 0.6947, val_auroc: 0.7808
INFO:root:Train epoch 66, loss: 0.4970, val_loss: 0.5013, val_acc: 0.7263, val_auroc: 0.7819
INFO:root:Train epoch 67, loss: 0.4852, val_loss: 0.5228, val_acc: 0.6895, val_auroc: 0.7801
INFO:root:Train epoch 68, loss: 0.4854, val_loss: 0.5063, val_acc: 0.7316, val_auroc: 0.7840
INFO:root:Train epoch 69, loss: 0.4832, val_loss: 0.5379, val_acc: 0.6842, val_auroc: 0.7474
INFO:root:Train epoch 70, loss: 0.4928, val_loss: 0.5436, val_acc: 0.7211, val_auroc: 0.7614
INFO:root:Train epoch 71, loss: 0.5223, val_loss: 0.5460, val_acc: 0.6895, val_auroc: 0.7736
INFO:root:Train epoch 72, loss: 0.5040, val_loss: 0.5364, val_acc: 0.7158, val_auroc: 0.7794
INFO:root:Train epoch 73, loss: 0.5185, val_loss: 0.5261, val_acc: 0.6895, val_auroc: 0.7756
INFO:root:Train epoch 74, loss: 0.4943, val_loss: 0.5172, val_acc: 0.7211, val_auroc: 0.7575
INFO:root:Train epoch 75, loss: 0.4829, val_loss: 0.5318, val_acc: 0.7158, val_auroc: 0.7611
INFO:root:Train epoch 76, loss: 0.4875, val_loss: 0.5314, val_acc: 0.6895, val_auroc: 0.7727
INFO:root:Train epoch 77, loss: 0.4886, val_loss: 0.5106, val_acc: 0.7316, val_auroc: 0.7751
INFO:root:Train epoch 78, loss: 0.4705, val_loss: 0.5358, val_acc: 0.7263, val_auroc: 0.7733
INFO:root:Train epoch 79, loss: 0.4836, val_loss: 0.5158, val_acc: 0.7368, val_auroc: 0.7547
INFO:root:Train epoch 80, loss: 0.4782, val_loss: 0.5087, val_acc: 0.7263, val_auroc: 0.7707
INFO:root:Train epoch 81, loss: 0.4737, val_loss: 0.5366, val_acc: 0.7316, val_auroc: 0.7443
INFO:root:Train epoch 82, loss: 0.5048, val_loss: 0.5159, val_acc: 0.7368, val_auroc: 0.7729
INFO:root:Train epoch 83, loss: 0.4784, val_loss: 0.5134, val_acc: 0.7632, val_auroc: 0.7829
INFO:root:Validation loss has not improved in 20 epochs, stopping early
INFO:root:Obtained lowest validation loss of: 0.5008715093135834
