INFO:root:all data: 949
INFO:root:train data: 759
INFO:root:test data: 190
INFO:root:Train epoch 0, loss: 0.6917, val_loss: 0.6858, val_acc: 0.5300, val_auroc: 0.6400
INFO:root:Train epoch 1, loss: 0.6809, val_loss: 0.6838, val_acc: 0.5740, val_auroc: 0.5753
INFO:root:Train epoch 2, loss: 0.6440, val_loss: 0.6925, val_acc: 0.6420, val_auroc: 0.6101
INFO:root:Train epoch 3, loss: 0.6505, val_loss: 0.6752, val_acc: 0.5820, val_auroc: 0.5978
INFO:root:Train epoch 4, loss: 0.6455, val_loss: 0.6441, val_acc: 0.6540, val_auroc: 0.6358
INFO:root:Train epoch 5, loss: 0.6197, val_loss: 0.6386, val_acc: 0.6620, val_auroc: 0.6759
INFO:root:Train epoch 6, loss: 0.6162, val_loss: 0.6322, val_acc: 0.6940, val_auroc: 0.6897
INFO:root:Train epoch 7, loss: 0.6104, val_loss: 0.6375, val_acc: 0.6880, val_auroc: 0.6819
INFO:root:Train epoch 8, loss: 0.5909, val_loss: 0.6408, val_acc: 0.6400, val_auroc: 0.6901
INFO:root:Train epoch 9, loss: 0.6240, val_loss: 0.6179, val_acc: 0.6740, val_auroc: 0.6931
INFO:root:Train epoch 10, loss: 0.6075, val_loss: 0.6356, val_acc: 0.6880, val_auroc: 0.6722
INFO:root:Train epoch 11, loss: 0.5861, val_loss: 0.6235, val_acc: 0.6940, val_auroc: 0.7004
INFO:root:Train epoch 12, loss: 0.6066, val_loss: 0.6188, val_acc: 0.6800, val_auroc: 0.6984
INFO:root:Train epoch 13, loss: 0.6011, val_loss: 0.6450, val_acc: 0.6920, val_auroc: 0.6978
INFO:root:Train epoch 14, loss: 0.5905, val_loss: 0.6551, val_acc: 0.7020, val_auroc: 0.6702
INFO:root:Train epoch 15, loss: 0.5932, val_loss: 0.5883, val_acc: 0.7540, val_auroc: 0.7439
INFO:root:Train epoch 16, loss: 0.5871, val_loss: 0.6187, val_acc: 0.6920, val_auroc: 0.7188
INFO:root:Train epoch 17, loss: 0.5958, val_loss: 0.6437, val_acc: 0.6720, val_auroc: 0.6755
INFO:root:Train epoch 18, loss: 0.5775, val_loss: 0.5999, val_acc: 0.6900, val_auroc: 0.7164
INFO:root:Train epoch 19, loss: 0.5615, val_loss: 0.5958, val_acc: 0.7040, val_auroc: 0.7233
INFO:root:Train epoch 20, loss: 0.5940, val_loss: 0.6471, val_acc: 0.6580, val_auroc: 0.6591
INFO:root:Train epoch 21, loss: 0.5946, val_loss: 0.6036, val_acc: 0.7120, val_auroc: 0.7322
INFO:root:Train epoch 22, loss: 0.5835, val_loss: 0.5478, val_acc: 0.7360, val_auroc: 0.7835
INFO:root:Train epoch 23, loss: 0.5714, val_loss: 0.5728, val_acc: 0.7180, val_auroc: 0.7542
INFO:root:Train epoch 24, loss: 0.5747, val_loss: 0.5814, val_acc: 0.7220, val_auroc: 0.7521
INFO:root:Train epoch 25, loss: 0.5760, val_loss: 0.6116, val_acc: 0.6740, val_auroc: 0.7190
INFO:root:Train epoch 26, loss: 0.5763, val_loss: 0.5516, val_acc: 0.7160, val_auroc: 0.7765
INFO:root:Train epoch 27, loss: 0.5775, val_loss: 0.5804, val_acc: 0.7040, val_auroc: 0.7570
INFO:root:Train epoch 28, loss: 0.5829, val_loss: 0.5728, val_acc: 0.6840, val_auroc: 0.7622
INFO:root:Train epoch 29, loss: 0.5445, val_loss: 0.5832, val_acc: 0.6940, val_auroc: 0.7635
INFO:root:Train epoch 30, loss: 0.5679, val_loss: 0.6080, val_acc: 0.6820, val_auroc: 0.7288
INFO:root:Train epoch 31, loss: 0.5458, val_loss: 0.6393, val_acc: 0.6780, val_auroc: 0.7184
INFO:root:Train epoch 32, loss: 0.5357, val_loss: 0.5596, val_acc: 0.7220, val_auroc: 0.7743
INFO:root:Train epoch 33, loss: 0.5589, val_loss: 0.6085, val_acc: 0.6940, val_auroc: 0.7877
INFO:root:Train epoch 34, loss: 0.5798, val_loss: 0.5441, val_acc: 0.7320, val_auroc: 0.8007
INFO:root:Train epoch 35, loss: 0.5792, val_loss: 0.5789, val_acc: 0.7080, val_auroc: 0.7614
INFO:root:Train epoch 36, loss: 0.5630, val_loss: 0.5966, val_acc: 0.7080, val_auroc: 0.7865
INFO:root:Train epoch 37, loss: 0.5975, val_loss: 0.5670, val_acc: 0.6940, val_auroc: 0.7713
INFO:root:Train epoch 38, loss: 0.5879, val_loss: 0.5785, val_acc: 0.6920, val_auroc: 0.7440
INFO:root:Train epoch 39, loss: 0.5654, val_loss: 0.6049, val_acc: 0.6820, val_auroc: 0.7324
INFO:root:Train epoch 40, loss: 0.5270, val_loss: 0.5662, val_acc: 0.6880, val_auroc: 0.7759
INFO:root:Train epoch 41, loss: 0.5159, val_loss: 0.5486, val_acc: 0.7380, val_auroc: 0.7992
INFO:root:Train epoch 42, loss: 0.5007, val_loss: 0.5809, val_acc: 0.6240, val_auroc: 0.7693
INFO:root:Train epoch 43, loss: 0.5184, val_loss: 0.6374, val_acc: 0.6520, val_auroc: 0.7524
INFO:root:Train epoch 44, loss: 0.5684, val_loss: 0.6128, val_acc: 0.6840, val_auroc: 0.7373
INFO:root:Train epoch 45, loss: 0.5158, val_loss: 0.6099, val_acc: 0.7260, val_auroc: 0.7767
INFO:root:Train epoch 46, loss: 0.5267, val_loss: 0.5676, val_acc: 0.7180, val_auroc: 0.7541
INFO:root:Train epoch 47, loss: 0.5348, val_loss: 0.5702, val_acc: 0.6960, val_auroc: 0.7748
INFO:root:Train epoch 48, loss: 0.5181, val_loss: 0.5494, val_acc: 0.7260, val_auroc: 0.8044
INFO:root:Train epoch 49, loss: 0.5146, val_loss: 0.5136, val_acc: 0.7520, val_auroc: 0.8016
INFO:root:Train epoch 50, loss: 0.5097, val_loss: 0.5539, val_acc: 0.6880, val_auroc: 0.8082
INFO:root:Train epoch 51, loss: 0.5345, val_loss: 0.5232, val_acc: 0.7760, val_auroc: 0.8140
INFO:root:Train epoch 52, loss: 0.5510, val_loss: 0.5639, val_acc: 0.7220, val_auroc: 0.8006
INFO:root:Train epoch 53, loss: 0.5231, val_loss: 0.5495, val_acc: 0.7320, val_auroc: 0.7995
INFO:root:Train epoch 54, loss: 0.5163, val_loss: 0.5160, val_acc: 0.7680, val_auroc: 0.8174
INFO:root:Train epoch 55, loss: 0.4990, val_loss: 0.8253, val_acc: 0.5300, val_auroc: 0.7166
INFO:root:Train epoch 56, loss: 0.4945, val_loss: 0.5085, val_acc: 0.7620, val_auroc: 0.8283
INFO:root:Train epoch 57, loss: 0.5047, val_loss: 0.5285, val_acc: 0.7480, val_auroc: 0.8327
INFO:root:Train epoch 58, loss: 0.4850, val_loss: 0.5191, val_acc: 0.7420, val_auroc: 0.8129
INFO:root:Train epoch 59, loss: 0.4837, val_loss: 0.5578, val_acc: 0.7340, val_auroc: 0.8075
INFO:root:Train epoch 60, loss: 0.5216, val_loss: 0.5121, val_acc: 0.7380, val_auroc: 0.8224
INFO:root:Train epoch 61, loss: 0.5068, val_loss: 0.5562, val_acc: 0.7300, val_auroc: 0.8050
INFO:root:Train epoch 62, loss: 0.4955, val_loss: 0.7363, val_acc: 0.6220, val_auroc: 0.7112
INFO:root:Train epoch 63, loss: 0.5639, val_loss: 0.6181, val_acc: 0.6520, val_auroc: 0.7548
INFO:root:Train epoch 64, loss: 0.5118, val_loss: 0.5740, val_acc: 0.7160, val_auroc: 0.7863
INFO:root:Train epoch 65, loss: 0.5061, val_loss: 0.5397, val_acc: 0.7580, val_auroc: 0.8099
INFO:root:Train epoch 66, loss: 0.4951, val_loss: 0.5540, val_acc: 0.7380, val_auroc: 0.8004
INFO:root:Train epoch 67, loss: 0.4463, val_loss: 0.4899, val_acc: 0.7580, val_auroc: 0.8375
INFO:root:Train epoch 68, loss: 0.5650, val_loss: 0.5948, val_acc: 0.7000, val_auroc: 0.7410
INFO:root:Train epoch 69, loss: 0.5232, val_loss: 0.5419, val_acc: 0.7300, val_auroc: 0.7782
INFO:root:Train epoch 70, loss: 0.4895, val_loss: 0.5494, val_acc: 0.6940, val_auroc: 0.7782
INFO:root:Train epoch 71, loss: 0.4955, val_loss: 0.5391, val_acc: 0.6780, val_auroc: 0.7996
INFO:root:Train epoch 72, loss: 0.4811, val_loss: 0.5002, val_acc: 0.7400, val_auroc: 0.8331
INFO:root:Train epoch 73, loss: 0.4978, val_loss: 0.5770, val_acc: 0.6960, val_auroc: 0.7662
INFO:root:Train epoch 74, loss: 0.4674, val_loss: 0.5295, val_acc: 0.7540, val_auroc: 0.8136
INFO:root:Train epoch 75, loss: 0.4735, val_loss: 0.5505, val_acc: 0.7280, val_auroc: 0.8059
INFO:root:Train epoch 76, loss: 0.4777, val_loss: 0.4562, val_acc: 0.7500, val_auroc: 0.8569
INFO:root:Train epoch 77, loss: 0.4484, val_loss: 0.5799, val_acc: 0.7040, val_auroc: 0.7985
INFO:root:Train epoch 78, loss: 0.4956, val_loss: 0.5094, val_acc: 0.7300, val_auroc: 0.8126
INFO:root:Train epoch 79, loss: 0.4771, val_loss: 0.5015, val_acc: 0.7720, val_auroc: 0.8342
INFO:root:Train epoch 80, loss: 0.4612, val_loss: 0.4971, val_acc: 0.7400, val_auroc: 0.8282
INFO:root:Train epoch 81, loss: 0.4443, val_loss: 0.4929, val_acc: 0.7600, val_auroc: 0.8464
INFO:root:Train epoch 82, loss: 0.4711, val_loss: 0.6220, val_acc: 0.6440, val_auroc: 0.8011
INFO:root:Train epoch 83, loss: 0.4972, val_loss: 0.5482, val_acc: 0.7460, val_auroc: 0.8289
INFO:root:Train epoch 84, loss: 0.4903, val_loss: 0.5127, val_acc: 0.7940, val_auroc: 0.8284
INFO:root:Train epoch 85, loss: 0.4409, val_loss: 0.5388, val_acc: 0.7340, val_auroc: 0.8119
INFO:root:Train epoch 86, loss: 0.4385, val_loss: 0.5210, val_acc: 0.7380, val_auroc: 0.8177
INFO:root:Train epoch 87, loss: 0.4428, val_loss: 0.4656, val_acc: 0.7660, val_auroc: 0.8471
INFO:root:Train epoch 88, loss: 0.4507, val_loss: 0.4831, val_acc: 0.7500, val_auroc: 0.8429
INFO:root:Train epoch 89, loss: 0.4303, val_loss: 0.5700, val_acc: 0.6920, val_auroc: 0.8173
INFO:root:Train epoch 90, loss: 0.5016, val_loss: 0.5294, val_acc: 0.7740, val_auroc: 0.8343
INFO:root:Train epoch 91, loss: 0.4906, val_loss: 0.4896, val_acc: 0.7240, val_auroc: 0.8311
INFO:root:Train epoch 92, loss: 0.4402, val_loss: 0.5069, val_acc: 0.7500, val_auroc: 0.8640
INFO:root:Train epoch 93, loss: 0.4660, val_loss: 0.4493, val_acc: 0.7880, val_auroc: 0.8770
INFO:root:Train epoch 94, loss: 0.4600, val_loss: 0.5157, val_acc: 0.7240, val_auroc: 0.8110
INFO:root:Train epoch 95, loss: 0.4446, val_loss: 0.4740, val_acc: 0.7480, val_auroc: 0.8513
INFO:root:Train epoch 96, loss: 0.4594, val_loss: 0.5049, val_acc: 0.7680, val_auroc: 0.8228
INFO:root:Train epoch 97, loss: 0.4477, val_loss: 0.5015, val_acc: 0.7280, val_auroc: 0.8226
INFO:root:Train epoch 98, loss: 0.4166, val_loss: 0.4377, val_acc: 0.7920, val_auroc: 0.8746
INFO:root:Train epoch 99, loss: 0.4283, val_loss: 0.4997, val_acc: 0.7340, val_auroc: 0.8124
INFO:root:Train epoch 100, loss: 0.4558, val_loss: 0.5752, val_acc: 0.7400, val_auroc: 0.8350
INFO:root:Train epoch 101, loss: 0.5018, val_loss: 0.4866, val_acc: 0.7740, val_auroc: 0.8521
INFO:root:Train epoch 102, loss: 0.4584, val_loss: 0.4499, val_acc: 0.7940, val_auroc: 0.8593
INFO:root:Train epoch 103, loss: 0.4029, val_loss: 0.4633, val_acc: 0.7680, val_auroc: 0.8530
INFO:root:Train epoch 104, loss: 0.4289, val_loss: 0.4819, val_acc: 0.7440, val_auroc: 0.8335
INFO:root:Train epoch 105, loss: 0.4287, val_loss: 0.5125, val_acc: 0.7600, val_auroc: 0.8526
INFO:root:Train epoch 106, loss: 0.4788, val_loss: 0.4881, val_acc: 0.7520, val_auroc: 0.8153
INFO:root:Train epoch 107, loss: 0.4566, val_loss: 0.4560, val_acc: 0.7580, val_auroc: 0.8400
INFO:root:Train epoch 108, loss: 0.4557, val_loss: 0.4324, val_acc: 0.7600, val_auroc: 0.8671
INFO:root:Train epoch 109, loss: 0.4213, val_loss: 0.4332, val_acc: 0.7800, val_auroc: 0.8657
INFO:root:Train epoch 110, loss: 0.4418, val_loss: 0.4894, val_acc: 0.7300, val_auroc: 0.8327
INFO:root:Train epoch 111, loss: 0.4238, val_loss: 0.5002, val_acc: 0.7300, val_auroc: 0.8478
INFO:root:Train epoch 112, loss: 0.4398, val_loss: 0.4456, val_acc: 0.7740, val_auroc: 0.8673
INFO:root:Train epoch 113, loss: 0.4125, val_loss: 0.4131, val_acc: 0.8240, val_auroc: 0.8937
INFO:root:Train epoch 114, loss: 0.4307, val_loss: 0.4550, val_acc: 0.7680, val_auroc: 0.8607
INFO:root:Train epoch 115, loss: 0.4365, val_loss: 0.4354, val_acc: 0.7840, val_auroc: 0.8581
INFO:root:Train epoch 116, loss: 0.4592, val_loss: 0.4063, val_acc: 0.7660, val_auroc: 0.8780
INFO:root:Train epoch 117, loss: 0.4117, val_loss: 0.4749, val_acc: 0.8060, val_auroc: 0.8300
INFO:root:Train epoch 118, loss: 0.4587, val_loss: 0.4549, val_acc: 0.7560, val_auroc: 0.8565
INFO:root:Train epoch 119, loss: 0.4132, val_loss: 0.4324, val_acc: 0.7940, val_auroc: 0.8658
INFO:root:Train epoch 120, loss: 0.4370, val_loss: 0.4832, val_acc: 0.7420, val_auroc: 0.8419
INFO:root:Train epoch 121, loss: 0.4381, val_loss: 0.4563, val_acc: 0.7860, val_auroc: 0.8642
INFO:root:Train epoch 122, loss: 0.4318, val_loss: 0.4214, val_acc: 0.7820, val_auroc: 0.8741
INFO:root:Train epoch 123, loss: 0.4310, val_loss: 0.4900, val_acc: 0.7640, val_auroc: 0.8338
INFO:root:Train epoch 124, loss: 0.4406, val_loss: 0.3719, val_acc: 0.8500, val_auroc: 0.9089
INFO:root:Train epoch 125, loss: 0.4231, val_loss: 0.4451, val_acc: 0.8180, val_auroc: 0.8534
INFO:root:Train epoch 126, loss: 0.4407, val_loss: 0.4660, val_acc: 0.7820, val_auroc: 0.8497
INFO:root:Train epoch 127, loss: 0.4138, val_loss: 0.4741, val_acc: 0.7620, val_auroc: 0.8511
INFO:root:Train epoch 128, loss: 0.3807, val_loss: 0.4575, val_acc: 0.7700, val_auroc: 0.8633
INFO:root:Train epoch 129, loss: 0.4114, val_loss: 0.4766, val_acc: 0.7540, val_auroc: 0.8443
INFO:root:Train epoch 130, loss: 0.4034, val_loss: 0.4807, val_acc: 0.7680, val_auroc: 0.8602
INFO:root:Train epoch 131, loss: 0.4014, val_loss: 0.4263, val_acc: 0.8140, val_auroc: 0.8894
INFO:root:Train epoch 132, loss: 0.3831, val_loss: 0.4734, val_acc: 0.7660, val_auroc: 0.8737
INFO:root:Train epoch 133, loss: 0.4011, val_loss: 0.4870, val_acc: 0.7480, val_auroc: 0.8498
INFO:root:Train epoch 134, loss: 0.3653, val_loss: 0.3810, val_acc: 0.8460, val_auroc: 0.9054
INFO:root:Train epoch 135, loss: 0.3805, val_loss: 0.3701, val_acc: 0.8100, val_auroc: 0.9135
INFO:root:Train epoch 136, loss: 0.3867, val_loss: 0.4196, val_acc: 0.8060, val_auroc: 0.8986
INFO:root:Train epoch 137, loss: 0.4034, val_loss: 0.4920, val_acc: 0.7580, val_auroc: 0.8481
INFO:root:Train epoch 138, loss: 0.3935, val_loss: 0.5086, val_acc: 0.7660, val_auroc: 0.8230
INFO:root:Train epoch 139, loss: 0.3896, val_loss: 0.4295, val_acc: 0.7780, val_auroc: 0.8807
INFO:root:Train epoch 140, loss: 0.3722, val_loss: 0.4246, val_acc: 0.8020, val_auroc: 0.8747
INFO:root:Train epoch 141, loss: 0.4057, val_loss: 0.4702, val_acc: 0.7660, val_auroc: 0.8599
INFO:root:Train epoch 142, loss: 0.3965, val_loss: 0.4193, val_acc: 0.7860, val_auroc: 0.8778
INFO:root:Train epoch 143, loss: 0.4840, val_loss: 0.4175, val_acc: 0.7940, val_auroc: 0.8829
INFO:root:Train epoch 144, loss: 0.3891, val_loss: 0.4558, val_acc: 0.7600, val_auroc: 0.8496
INFO:root:Train epoch 145, loss: 0.3731, val_loss: 0.3729, val_acc: 0.8260, val_auroc: 0.8957
INFO:root:Train epoch 146, loss: 0.3881, val_loss: 0.4830, val_acc: 0.7680, val_auroc: 0.8470
INFO:root:Train epoch 147, loss: 0.3800, val_loss: 0.4547, val_acc: 0.7800, val_auroc: 0.8662
INFO:root:Train epoch 148, loss: 0.4104, val_loss: 0.4365, val_acc: 0.7740, val_auroc: 0.8638
INFO:root:Train epoch 149, loss: 0.4343, val_loss: 0.3626, val_acc: 0.8200, val_auroc: 0.9114
INFO:root:Train epoch 150, loss: 0.4636, val_loss: 0.4493, val_acc: 0.7820, val_auroc: 0.8740
INFO:root:Train epoch 151, loss: 0.4038, val_loss: 0.4380, val_acc: 0.7800, val_auroc: 0.8733
INFO:root:Train epoch 152, loss: 0.4004, val_loss: 0.3991, val_acc: 0.8360, val_auroc: 0.8965
INFO:root:Train epoch 153, loss: 0.4010, val_loss: 0.4221, val_acc: 0.8300, val_auroc: 0.8790
INFO:root:Train epoch 154, loss: 0.3732, val_loss: 0.3491, val_acc: 0.8320, val_auroc: 0.9094
INFO:root:Train epoch 155, loss: 0.3815, val_loss: 0.5191, val_acc: 0.7360, val_auroc: 0.8542
INFO:root:Train epoch 156, loss: 0.3999, val_loss: 0.3631, val_acc: 0.8420, val_auroc: 0.9026
INFO:root:Train epoch 157, loss: 0.3835, val_loss: 0.4670, val_acc: 0.7840, val_auroc: 0.8371
INFO:root:Train epoch 158, loss: 0.4056, val_loss: 0.4094, val_acc: 0.7860, val_auroc: 0.8834
INFO:root:Train epoch 159, loss: 0.3924, val_loss: 0.4539, val_acc: 0.8040, val_auroc: 0.8728
INFO:root:Train epoch 160, loss: 0.3887, val_loss: 0.4297, val_acc: 0.7840, val_auroc: 0.8663
INFO:root:Train epoch 161, loss: 0.4194, val_loss: 0.6426, val_acc: 0.6280, val_auroc: 0.8137
INFO:root:Train epoch 162, loss: 0.4619, val_loss: 0.5020, val_acc: 0.7540, val_auroc: 0.8500
INFO:root:Train epoch 163, loss: 0.4093, val_loss: 0.3698, val_acc: 0.8360, val_auroc: 0.9034
INFO:root:Train epoch 164, loss: 0.3659, val_loss: 0.4413, val_acc: 0.7880, val_auroc: 0.8747
INFO:root:Train epoch 165, loss: 0.3866, val_loss: 0.5224, val_acc: 0.7440, val_auroc: 0.8339
INFO:root:Train epoch 166, loss: 0.4091, val_loss: 0.4225, val_acc: 0.7840, val_auroc: 0.8887
INFO:root:Train epoch 167, loss: 0.4123, val_loss: 0.4531, val_acc: 0.8000, val_auroc: 0.8877
INFO:root:Train epoch 168, loss: 0.3796, val_loss: 0.4245, val_acc: 0.8140, val_auroc: 0.8894
INFO:root:Train epoch 169, loss: 0.3620, val_loss: 0.3930, val_acc: 0.7980, val_auroc: 0.8995
INFO:root:Train epoch 170, loss: 0.3620, val_loss: 0.4493, val_acc: 0.7980, val_auroc: 0.8726
INFO:root:Train epoch 171, loss: 0.3945, val_loss: 0.4407, val_acc: 0.8140, val_auroc: 0.8654
INFO:root:Train epoch 172, loss: 0.3757, val_loss: 0.4186, val_acc: 0.8160, val_auroc: 0.8973
INFO:root:Train epoch 173, loss: 0.3318, val_loss: 0.5066, val_acc: 0.7700, val_auroc: 0.8498
INFO:root:Train epoch 174, loss: 0.3693, val_loss: 0.4811, val_acc: 0.7820, val_auroc: 0.8727
INFO:root:Validation loss has not improved in 20 epochs, stopping early
INFO:root:Obtained lowest validation loss of: 0.3490656018257141
