INFO:root:all data: 949
INFO:root:train data: 759
INFO:root:test data: 190
INFO:root:Train epoch 0, loss: 0.6230, val_loss: 0.6148, val_acc: 0.6895, val_auroc: 0.6886
INFO:root:Train epoch 1, loss: 0.5915, val_loss: 0.6211, val_acc: 0.6895, val_auroc: 0.6687
INFO:root:Train epoch 2, loss: 0.5728, val_loss: 0.5847, val_acc: 0.6895, val_auroc: 0.6482
INFO:root:Train epoch 3, loss: 0.5587, val_loss: 0.5949, val_acc: 0.6895, val_auroc: 0.6494
INFO:root:Train epoch 4, loss: 0.5570, val_loss: 0.5736, val_acc: 0.6895, val_auroc: 0.6689
INFO:root:Train epoch 5, loss: 0.5612, val_loss: 0.5783, val_acc: 0.7158, val_auroc: 0.6755
INFO:root:Train epoch 6, loss: 0.5606, val_loss: 0.5734, val_acc: 0.6947, val_auroc: 0.6705
INFO:root:Train epoch 7, loss: 0.5537, val_loss: 0.5705, val_acc: 0.6895, val_auroc: 0.6826
INFO:root:Train epoch 8, loss: 0.5471, val_loss: 0.5734, val_acc: 0.7000, val_auroc: 0.6862
INFO:root:Train epoch 9, loss: 0.5488, val_loss: 0.5739, val_acc: 0.6789, val_auroc: 0.6978
INFO:root:Train epoch 10, loss: 0.5548, val_loss: 0.5774, val_acc: 0.6842, val_auroc: 0.6923
INFO:root:Train epoch 11, loss: 0.5489, val_loss: 0.5686, val_acc: 0.6895, val_auroc: 0.6927
INFO:root:Train epoch 12, loss: 0.5424, val_loss: 0.5593, val_acc: 0.6947, val_auroc: 0.6959
INFO:root:Train epoch 13, loss: 0.5429, val_loss: 0.5701, val_acc: 0.6895, val_auroc: 0.6793
INFO:root:Train epoch 14, loss: 0.5395, val_loss: 0.5631, val_acc: 0.6947, val_auroc: 0.6890
INFO:root:Train epoch 15, loss: 0.5323, val_loss: 0.5655, val_acc: 0.7053, val_auroc: 0.6949
INFO:root:Train epoch 16, loss: 0.5309, val_loss: 0.5530, val_acc: 0.7263, val_auroc: 0.7020
INFO:root:Train epoch 17, loss: 0.5343, val_loss: 0.5525, val_acc: 0.6789, val_auroc: 0.7061
INFO:root:Train epoch 18, loss: 0.5455, val_loss: 0.5924, val_acc: 0.6895, val_auroc: 0.6938
INFO:root:Train epoch 19, loss: 0.5351, val_loss: 0.5532, val_acc: 0.7316, val_auroc: 0.6917
INFO:root:Train epoch 20, loss: 0.5312, val_loss: 0.5542, val_acc: 0.7000, val_auroc: 0.6985
INFO:root:Train epoch 21, loss: 0.5242, val_loss: 0.5516, val_acc: 0.6947, val_auroc: 0.7271
INFO:root:Train epoch 22, loss: 0.5208, val_loss: 0.5509, val_acc: 0.7368, val_auroc: 0.7329
INFO:root:Train epoch 23, loss: 0.5243, val_loss: 0.5543, val_acc: 0.7158, val_auroc: 0.7141
INFO:root:Train epoch 24, loss: 0.5179, val_loss: 0.5560, val_acc: 0.7263, val_auroc: 0.7237
INFO:root:Train epoch 25, loss: 0.5162, val_loss: 0.5588, val_acc: 0.7105, val_auroc: 0.7355
INFO:root:Train epoch 26, loss: 0.5138, val_loss: 0.6141, val_acc: 0.6895, val_auroc: 0.6981
INFO:root:Train epoch 27, loss: 0.5376, val_loss: 0.5532, val_acc: 0.7211, val_auroc: 0.7091
INFO:root:Train epoch 28, loss: 0.5175, val_loss: 0.5502, val_acc: 0.7263, val_auroc: 0.7267
INFO:root:Train epoch 29, loss: 0.5151, val_loss: 0.5503, val_acc: 0.7211, val_auroc: 0.7467
INFO:root:Train epoch 30, loss: 0.5122, val_loss: 0.5463, val_acc: 0.7000, val_auroc: 0.7185
INFO:root:Train epoch 31, loss: 0.4948, val_loss: 0.5781, val_acc: 0.7000, val_auroc: 0.7268
INFO:root:Train epoch 32, loss: 0.5083, val_loss: 0.5458, val_acc: 0.6947, val_auroc: 0.7257
INFO:root:Train epoch 33, loss: 0.4934, val_loss: 0.5385, val_acc: 0.7158, val_auroc: 0.7612
INFO:root:Train epoch 34, loss: 0.4865, val_loss: 0.5214, val_acc: 0.7263, val_auroc: 0.7706
INFO:root:Train epoch 35, loss: 0.4771, val_loss: 0.5198, val_acc: 0.7211, val_auroc: 0.7870
INFO:root:Train epoch 36, loss: 0.5013, val_loss: 0.5434, val_acc: 0.7263, val_auroc: 0.7480
INFO:root:Train epoch 37, loss: 0.4896, val_loss: 0.5423, val_acc: 0.6895, val_auroc: 0.7406
INFO:root:Train epoch 38, loss: 0.4900, val_loss: 0.5324, val_acc: 0.7053, val_auroc: 0.7736
INFO:root:Train epoch 39, loss: 0.4685, val_loss: 0.5083, val_acc: 0.7158, val_auroc: 0.7855
INFO:root:Train epoch 40, loss: 0.4619, val_loss: 0.5303, val_acc: 0.7368, val_auroc: 0.7634
INFO:root:Train epoch 41, loss: 0.4652, val_loss: 0.5052, val_acc: 0.7000, val_auroc: 0.7762
INFO:root:Train epoch 42, loss: 0.4562, val_loss: 0.4966, val_acc: 0.7421, val_auroc: 0.7958
INFO:root:Train epoch 43, loss: 0.4566, val_loss: 0.4913, val_acc: 0.7263, val_auroc: 0.7956
INFO:root:Train epoch 44, loss: 0.4532, val_loss: 0.5477, val_acc: 0.7211, val_auroc: 0.7362
INFO:root:Train epoch 45, loss: 0.4854, val_loss: 0.4887, val_acc: 0.7579, val_auroc: 0.8103
INFO:root:Train epoch 46, loss: 0.4565, val_loss: 0.4942, val_acc: 0.7316, val_auroc: 0.8088
INFO:root:Train epoch 47, loss: 0.4650, val_loss: 0.4982, val_acc: 0.7421, val_auroc: 0.7921
INFO:root:Train epoch 48, loss: 0.4549, val_loss: 0.5338, val_acc: 0.7316, val_auroc: 0.7773
INFO:root:Train epoch 49, loss: 0.4577, val_loss: 0.5368, val_acc: 0.7368, val_auroc: 0.7635
INFO:root:Train epoch 50, loss: 0.4604, val_loss: 0.5127, val_acc: 0.7368, val_auroc: 0.7809
INFO:root:Train epoch 51, loss: 0.4463, val_loss: 0.5047, val_acc: 0.7316, val_auroc: 0.7837
INFO:root:Train epoch 52, loss: 0.4322, val_loss: 0.5160, val_acc: 0.7368, val_auroc: 0.8116
INFO:root:Train epoch 53, loss: 0.4539, val_loss: 0.4923, val_acc: 0.7579, val_auroc: 0.8011
INFO:root:Train epoch 54, loss: 0.4420, val_loss: 0.5406, val_acc: 0.7579, val_auroc: 0.7834
INFO:root:Train epoch 55, loss: 0.4832, val_loss: 0.5167, val_acc: 0.7211, val_auroc: 0.8110
INFO:root:Train epoch 56, loss: 0.4539, val_loss: 0.5100, val_acc: 0.7789, val_auroc: 0.8041
INFO:root:Train epoch 57, loss: 0.4415, val_loss: 0.4751, val_acc: 0.7737, val_auroc: 0.8179
INFO:root:Train epoch 58, loss: 0.4388, val_loss: 0.4727, val_acc: 0.7263, val_auroc: 0.8341
INFO:root:Train epoch 59, loss: 0.4303, val_loss: 0.5019, val_acc: 0.7526, val_auroc: 0.7952
INFO:root:Train epoch 60, loss: 0.4340, val_loss: 0.4802, val_acc: 0.7579, val_auroc: 0.8209
INFO:root:Train epoch 61, loss: 0.4308, val_loss: 0.4876, val_acc: 0.7737, val_auroc: 0.8100
INFO:root:Train epoch 62, loss: 0.4170, val_loss: 0.4649, val_acc: 0.7789, val_auroc: 0.8302
INFO:root:Train epoch 63, loss: 0.4121, val_loss: 0.4497, val_acc: 0.7842, val_auroc: 0.8422
INFO:root:Train epoch 64, loss: 0.4121, val_loss: 0.4580, val_acc: 0.7789, val_auroc: 0.8387
INFO:root:Train epoch 65, loss: 0.4238, val_loss: 0.5212, val_acc: 0.7526, val_auroc: 0.7916
INFO:root:Train epoch 66, loss: 0.4233, val_loss: 0.4810, val_acc: 0.7526, val_auroc: 0.8168
INFO:root:Train epoch 67, loss: 0.4460, val_loss: 0.4870, val_acc: 0.7368, val_auroc: 0.8169
INFO:root:Train epoch 68, loss: 0.4295, val_loss: 0.5031, val_acc: 0.7211, val_auroc: 0.8026
INFO:root:Train epoch 69, loss: 0.4179, val_loss: 0.4665, val_acc: 0.7737, val_auroc: 0.8202
INFO:root:Train epoch 70, loss: 0.3980, val_loss: 0.4605, val_acc: 0.7842, val_auroc: 0.8345
INFO:root:Train epoch 71, loss: 0.3849, val_loss: 0.4396, val_acc: 0.7947, val_auroc: 0.8460
INFO:root:Train epoch 72, loss: 0.4068, val_loss: 0.4567, val_acc: 0.7421, val_auroc: 0.8334
INFO:root:Train epoch 73, loss: 0.4147, val_loss: 0.4508, val_acc: 0.8053, val_auroc: 0.8439
INFO:root:Train epoch 74, loss: 0.3985, val_loss: 0.4401, val_acc: 0.8000, val_auroc: 0.8515
INFO:root:Train epoch 75, loss: 0.4113, val_loss: 0.4863, val_acc: 0.7526, val_auroc: 0.8262
INFO:root:Train epoch 76, loss: 0.3962, val_loss: 0.4397, val_acc: 0.7947, val_auroc: 0.8514
INFO:root:Train epoch 77, loss: 0.3899, val_loss: 0.4299, val_acc: 0.7842, val_auroc: 0.8548
INFO:root:Train epoch 78, loss: 0.3979, val_loss: 0.4766, val_acc: 0.7526, val_auroc: 0.8418
INFO:root:Train epoch 79, loss: 0.3838, val_loss: 0.4328, val_acc: 0.7895, val_auroc: 0.8456
INFO:root:Train epoch 80, loss: 0.4147, val_loss: 0.4951, val_acc: 0.7842, val_auroc: 0.8068
INFO:root:Train epoch 81, loss: 0.4225, val_loss: 0.4643, val_acc: 0.7789, val_auroc: 0.8423
INFO:root:Train epoch 82, loss: 0.4095, val_loss: 0.4409, val_acc: 0.8000, val_auroc: 0.8537
INFO:root:Train epoch 83, loss: 0.4163, val_loss: 0.4598, val_acc: 0.7684, val_auroc: 0.8340
INFO:root:Train epoch 84, loss: 0.3925, val_loss: 0.4745, val_acc: 0.7579, val_auroc: 0.8436
INFO:root:Train epoch 85, loss: 0.3796, val_loss: 0.4427, val_acc: 0.7895, val_auroc: 0.8448
INFO:root:Train epoch 86, loss: 0.3742, val_loss: 0.4259, val_acc: 0.8053, val_auroc: 0.8654
INFO:root:Train epoch 87, loss: 0.3636, val_loss: 0.4962, val_acc: 0.7211, val_auroc: 0.8372
INFO:root:Train epoch 88, loss: 0.3770, val_loss: 0.4541, val_acc: 0.8000, val_auroc: 0.8617
INFO:root:Train epoch 89, loss: 0.3845, val_loss: 0.4289, val_acc: 0.8000, val_auroc: 0.8580
INFO:root:Train epoch 90, loss: 0.3822, val_loss: 0.4562, val_acc: 0.7737, val_auroc: 0.8607
INFO:root:Train epoch 91, loss: 0.3703, val_loss: 0.4478, val_acc: 0.7789, val_auroc: 0.8599
INFO:root:Train epoch 92, loss: 0.3741, val_loss: 0.4356, val_acc: 0.7737, val_auroc: 0.8526
INFO:root:Train epoch 93, loss: 0.3814, val_loss: 0.4864, val_acc: 0.7737, val_auroc: 0.8363
INFO:root:Train epoch 94, loss: 0.3987, val_loss: 0.4241, val_acc: 0.8000, val_auroc: 0.8668
INFO:root:Train epoch 95, loss: 0.3736, val_loss: 0.4190, val_acc: 0.8053, val_auroc: 0.8693
INFO:root:Train epoch 96, loss: 0.3656, val_loss: 0.4391, val_acc: 0.7842, val_auroc: 0.8583
INFO:root:Train epoch 97, loss: 0.3827, val_loss: 0.4141, val_acc: 0.7895, val_auroc: 0.8680
INFO:root:Train epoch 98, loss: 0.3722, val_loss: 0.4474, val_acc: 0.7789, val_auroc: 0.8607
INFO:root:Train epoch 99, loss: 0.3701, val_loss: 0.4334, val_acc: 0.7947, val_auroc: 0.8738
INFO:root:Train epoch 100, loss: 0.3797, val_loss: 0.4274, val_acc: 0.8053, val_auroc: 0.8638
INFO:root:Train epoch 101, loss: 0.3563, val_loss: 0.4327, val_acc: 0.7737, val_auroc: 0.8594
INFO:root:Train epoch 102, loss: 0.3671, val_loss: 0.4247, val_acc: 0.7842, val_auroc: 0.8671
INFO:root:Train epoch 103, loss: 0.3725, val_loss: 0.4310, val_acc: 0.7684, val_auroc: 0.8555
INFO:root:Train epoch 104, loss: 0.3646, val_loss: 0.4292, val_acc: 0.7947, val_auroc: 0.8672
INFO:root:Train epoch 105, loss: 0.3795, val_loss: 0.4590, val_acc: 0.7684, val_auroc: 0.8503
INFO:root:Train epoch 106, loss: 0.3615, val_loss: 0.4286, val_acc: 0.7947, val_auroc: 0.8542
INFO:root:Train epoch 107, loss: 0.3577, val_loss: 0.4506, val_acc: 0.7842, val_auroc: 0.8549
INFO:root:Train epoch 108, loss: 0.3528, val_loss: 0.4624, val_acc: 0.7737, val_auroc: 0.8656
INFO:root:Train epoch 109, loss: 0.3531, val_loss: 0.4400, val_acc: 0.7789, val_auroc: 0.8706
INFO:root:Train epoch 110, loss: 0.3590, val_loss: 0.5034, val_acc: 0.7737, val_auroc: 0.8552
INFO:root:Train epoch 111, loss: 0.3888, val_loss: 0.4550, val_acc: 0.7579, val_auroc: 0.8483
INFO:root:Train epoch 112, loss: 0.3519, val_loss: 0.4524, val_acc: 0.7684, val_auroc: 0.8664
INFO:root:Train epoch 113, loss: 0.3555, val_loss: 0.4480, val_acc: 0.8158, val_auroc: 0.8715
INFO:root:Train epoch 114, loss: 0.3426, val_loss: 0.4330, val_acc: 0.7895, val_auroc: 0.8676
INFO:root:Train epoch 115, loss: 0.3613, val_loss: 0.4186, val_acc: 0.8053, val_auroc: 0.8658
INFO:root:Train epoch 116, loss: 0.3529, val_loss: 0.4176, val_acc: 0.8000, val_auroc: 0.8726
INFO:root:Train epoch 117, loss: 0.3357, val_loss: 0.4560, val_acc: 0.8053, val_auroc: 0.8621
INFO:root:Validation loss has not improved in 20 epochs, stopping early
INFO:root:Obtained lowest validation loss of: 0.41410814722379047
