INFO:root:all data: 949
INFO:root:train data: 850
INFO:root:test data: 99
INFO:root:Train epoch 0, loss: 0.6720, val_loss: 0.6179, val_acc: 0.7374, val_auroc: 0.4341
INFO:root:Train epoch 1, loss: 0.6104, val_loss: 0.5798, val_acc: 0.7374, val_auroc: 0.5224
INFO:root:Train epoch 2, loss: 0.6083, val_loss: 0.5767, val_acc: 0.7374, val_auroc: 0.6723
INFO:root:Train epoch 3, loss: 0.5997, val_loss: 0.5766, val_acc: 0.7374, val_auroc: 0.6712
INFO:root:Train epoch 4, loss: 0.5950, val_loss: 0.5716, val_acc: 0.7374, val_auroc: 0.6517
INFO:root:Train epoch 5, loss: 0.5928, val_loss: 0.5677, val_acc: 0.7374, val_auroc: 0.6357
INFO:root:Train epoch 6, loss: 0.5895, val_loss: 0.5647, val_acc: 0.7374, val_auroc: 0.6301
INFO:root:Train epoch 7, loss: 0.5799, val_loss: 0.5551, val_acc: 0.7374, val_auroc: 0.6267
INFO:root:Train epoch 8, loss: 0.5694, val_loss: 0.5550, val_acc: 0.7374, val_auroc: 0.6404
INFO:root:Train epoch 9, loss: 0.5600, val_loss: 0.5537, val_acc: 0.7374, val_auroc: 0.6201
INFO:root:Train epoch 10, loss: 0.5640, val_loss: 0.5527, val_acc: 0.7374, val_auroc: 0.6330
INFO:root:Train epoch 11, loss: 0.5572, val_loss: 0.5473, val_acc: 0.7374, val_auroc: 0.6315
INFO:root:Train epoch 12, loss: 0.5583, val_loss: 0.5444, val_acc: 0.7172, val_auroc: 0.6344
INFO:root:Train epoch 13, loss: 0.5552, val_loss: 0.5454, val_acc: 0.6768, val_auroc: 0.6441
INFO:root:Train epoch 14, loss: 0.5635, val_loss: 0.5422, val_acc: 0.7071, val_auroc: 0.6507
INFO:root:Train epoch 15, loss: 0.5526, val_loss: 0.5459, val_acc: 0.7172, val_auroc: 0.6791
INFO:root:Train epoch 16, loss: 0.5498, val_loss: 0.5379, val_acc: 0.7172, val_auroc: 0.6770
INFO:root:Train epoch 17, loss: 0.5513, val_loss: 0.5330, val_acc: 0.6869, val_auroc: 0.6886
INFO:root:Train epoch 18, loss: 0.5428, val_loss: 0.5242, val_acc: 0.7071, val_auroc: 0.6978
INFO:root:Train epoch 19, loss: 0.5389, val_loss: 0.5303, val_acc: 0.6869, val_auroc: 0.6820
INFO:root:Train epoch 20, loss: 0.5386, val_loss: 0.5253, val_acc: 0.6869, val_auroc: 0.6920
INFO:root:Train epoch 21, loss: 0.5383, val_loss: 0.5248, val_acc: 0.6869, val_auroc: 0.6920
INFO:root:Train epoch 22, loss: 0.5363, val_loss: 0.5177, val_acc: 0.7273, val_auroc: 0.6999
INFO:root:Train epoch 23, loss: 0.5351, val_loss: 0.5175, val_acc: 0.6869, val_auroc: 0.6947
INFO:root:Train epoch 24, loss: 0.5305, val_loss: 0.5108, val_acc: 0.6869, val_auroc: 0.7089
INFO:root:Train epoch 25, loss: 0.5321, val_loss: 0.5082, val_acc: 0.6869, val_auroc: 0.7155
INFO:root:Train epoch 26, loss: 0.5321, val_loss: 0.5097, val_acc: 0.6869, val_auroc: 0.7084
INFO:root:Train epoch 27, loss: 0.5323, val_loss: 0.5163, val_acc: 0.6566, val_auroc: 0.6931
INFO:root:Train epoch 28, loss: 0.5281, val_loss: 0.5033, val_acc: 0.6869, val_auroc: 0.7139
INFO:root:Train epoch 29, loss: 0.5254, val_loss: 0.5031, val_acc: 0.6970, val_auroc: 0.7268
INFO:root:Train epoch 30, loss: 0.5316, val_loss: 0.5010, val_acc: 0.7273, val_auroc: 0.7321
INFO:root:Train epoch 31, loss: 0.5248, val_loss: 0.5087, val_acc: 0.6970, val_auroc: 0.7123
INFO:root:Train epoch 32, loss: 0.5189, val_loss: 0.5026, val_acc: 0.7273, val_auroc: 0.7289
INFO:root:Train epoch 33, loss: 0.5215, val_loss: 0.4976, val_acc: 0.7071, val_auroc: 0.7313
INFO:root:Train epoch 34, loss: 0.5222, val_loss: 0.5092, val_acc: 0.7576, val_auroc: 0.7221
INFO:root:Train epoch 35, loss: 0.5238, val_loss: 0.4989, val_acc: 0.7273, val_auroc: 0.7374
INFO:root:Train epoch 36, loss: 0.5217, val_loss: 0.5099, val_acc: 0.7576, val_auroc: 0.7115
INFO:root:Train epoch 37, loss: 0.5150, val_loss: 0.4916, val_acc: 0.7273, val_auroc: 0.7434
INFO:root:Train epoch 38, loss: 0.5147, val_loss: 0.5016, val_acc: 0.7475, val_auroc: 0.7273
INFO:root:Train epoch 39, loss: 0.5102, val_loss: 0.4903, val_acc: 0.7273, val_auroc: 0.7568
INFO:root:Train epoch 40, loss: 0.5187, val_loss: 0.4924, val_acc: 0.7071, val_auroc: 0.7366
INFO:root:Train epoch 41, loss: 0.5206, val_loss: 0.5018, val_acc: 0.7475, val_auroc: 0.7568
INFO:root:Train epoch 42, loss: 0.5172, val_loss: 0.4902, val_acc: 0.7273, val_auroc: 0.7621
INFO:root:Train epoch 43, loss: 0.5166, val_loss: 0.5230, val_acc: 0.7071, val_auroc: 0.7545
INFO:root:Train epoch 44, loss: 0.5202, val_loss: 0.4763, val_acc: 0.7475, val_auroc: 0.7845
INFO:root:Train epoch 45, loss: 0.5060, val_loss: 0.4860, val_acc: 0.7778, val_auroc: 0.7727
INFO:root:Train epoch 46, loss: 0.4993, val_loss: 0.4784, val_acc: 0.7677, val_auroc: 0.7648
INFO:root:Train epoch 47, loss: 0.4977, val_loss: 0.4801, val_acc: 0.7071, val_auroc: 0.7666
INFO:root:Train epoch 48, loss: 0.4985, val_loss: 0.4648, val_acc: 0.7172, val_auroc: 0.7821
INFO:root:Train epoch 49, loss: 0.4951, val_loss: 0.4668, val_acc: 0.7071, val_auroc: 0.7840
INFO:root:Train epoch 50, loss: 0.4826, val_loss: 0.4665, val_acc: 0.7374, val_auroc: 0.7795
INFO:root:Train epoch 51, loss: 0.4829, val_loss: 0.5077, val_acc: 0.7778, val_auroc: 0.7966
INFO:root:Train epoch 52, loss: 0.5014, val_loss: 0.4734, val_acc: 0.7172, val_auroc: 0.7824
INFO:root:Train epoch 53, loss: 0.4972, val_loss: 0.4826, val_acc: 0.7374, val_auroc: 0.8058
INFO:root:Train epoch 54, loss: 0.4953, val_loss: 0.4664, val_acc: 0.8081, val_auroc: 0.8087
INFO:root:Train epoch 55, loss: 0.4765, val_loss: 0.4590, val_acc: 0.8283, val_auroc: 0.8145
INFO:root:Train epoch 56, loss: 0.4708, val_loss: 0.4554, val_acc: 0.7273, val_auroc: 0.7972
INFO:root:Train epoch 57, loss: 0.4660, val_loss: 0.4531, val_acc: 0.7475, val_auroc: 0.7961
INFO:root:Train epoch 58, loss: 0.4566, val_loss: 0.4291, val_acc: 0.8485, val_auroc: 0.8369
INFO:root:Train epoch 59, loss: 0.4517, val_loss: 0.4304, val_acc: 0.7879, val_auroc: 0.8301
INFO:root:Train epoch 60, loss: 0.4603, val_loss: 0.4452, val_acc: 0.7980, val_auroc: 0.8240
INFO:root:Train epoch 61, loss: 0.4650, val_loss: 0.4140, val_acc: 0.7778, val_auroc: 0.8604
INFO:root:Train epoch 62, loss: 0.4630, val_loss: 0.4247, val_acc: 0.7980, val_auroc: 0.8440
INFO:root:Train epoch 63, loss: 0.4589, val_loss: 0.4202, val_acc: 0.7677, val_auroc: 0.8541
INFO:root:Train epoch 64, loss: 0.4527, val_loss: 0.4721, val_acc: 0.7980, val_auroc: 0.8193
INFO:root:Train epoch 65, loss: 0.4591, val_loss: 0.4463, val_acc: 0.7273, val_auroc: 0.8322
INFO:root:Train epoch 66, loss: 0.4530, val_loss: 0.4092, val_acc: 0.8485, val_auroc: 0.8535
INFO:root:Train epoch 67, loss: 0.4344, val_loss: 0.4425, val_acc: 0.7980, val_auroc: 0.8430
INFO:root:Train epoch 68, loss: 0.4276, val_loss: 0.4170, val_acc: 0.7374, val_auroc: 0.8654
INFO:root:Train epoch 69, loss: 0.4301, val_loss: 0.4208, val_acc: 0.7576, val_auroc: 0.8472
INFO:root:Train epoch 70, loss: 0.4441, val_loss: 0.4178, val_acc: 0.7576, val_auroc: 0.8630
INFO:root:Train epoch 71, loss: 0.4593, val_loss: 0.3979, val_acc: 0.8283, val_auroc: 0.8522
INFO:root:Train epoch 72, loss: 0.4554, val_loss: 0.5002, val_acc: 0.7576, val_auroc: 0.8164
INFO:root:Train epoch 73, loss: 0.4430, val_loss: 0.3939, val_acc: 0.7677, val_auroc: 0.8664
INFO:root:Train epoch 74, loss: 0.4473, val_loss: 0.4292, val_acc: 0.8081, val_auroc: 0.8417
INFO:root:Train epoch 75, loss: 0.4343, val_loss: 0.4483, val_acc: 0.7778, val_auroc: 0.8380
INFO:root:Train epoch 76, loss: 0.4314, val_loss: 0.4094, val_acc: 0.8081, val_auroc: 0.8633
INFO:root:Train epoch 77, loss: 0.4245, val_loss: 0.4151, val_acc: 0.7475, val_auroc: 0.8519
INFO:root:Train epoch 78, loss: 0.4389, val_loss: 0.4023, val_acc: 0.7879, val_auroc: 0.8693
INFO:root:Train epoch 79, loss: 0.4224, val_loss: 0.4754, val_acc: 0.7576, val_auroc: 0.8219
INFO:root:Train epoch 80, loss: 0.4439, val_loss: 0.3956, val_acc: 0.8384, val_auroc: 0.8664
INFO:root:Train epoch 81, loss: 0.4236, val_loss: 0.4122, val_acc: 0.7980, val_auroc: 0.8564
INFO:root:Train epoch 82, loss: 0.4229, val_loss: 0.4186, val_acc: 0.7980, val_auroc: 0.8704
INFO:root:Train epoch 83, loss: 0.4464, val_loss: 0.3987, val_acc: 0.7980, val_auroc: 0.8617
INFO:root:Train epoch 84, loss: 0.4299, val_loss: 0.4061, val_acc: 0.8081, val_auroc: 0.8601
INFO:root:Train epoch 85, loss: 0.4400, val_loss: 0.4899, val_acc: 0.7071, val_auroc: 0.8219
INFO:root:Train epoch 86, loss: 0.4480, val_loss: 0.4331, val_acc: 0.7273, val_auroc: 0.8219
INFO:root:Train epoch 87, loss: 0.4292, val_loss: 0.3724, val_acc: 0.8889, val_auroc: 0.9049
INFO:root:Train epoch 88, loss: 0.4224, val_loss: 0.4074, val_acc: 0.8283, val_auroc: 0.8606
INFO:root:Train epoch 89, loss: 0.4152, val_loss: 0.3773, val_acc: 0.8485, val_auroc: 0.8820
INFO:root:Train epoch 90, loss: 0.4134, val_loss: 0.3962, val_acc: 0.8182, val_auroc: 0.8699
INFO:root:Train epoch 91, loss: 0.4113, val_loss: 0.3887, val_acc: 0.7879, val_auroc: 0.8688
INFO:root:Train epoch 92, loss: 0.4082, val_loss: 0.4013, val_acc: 0.8283, val_auroc: 0.8730
INFO:root:Train epoch 93, loss: 0.4182, val_loss: 0.4081, val_acc: 0.8384, val_auroc: 0.8519
INFO:root:Train epoch 94, loss: 0.3991, val_loss: 0.3702, val_acc: 0.8586, val_auroc: 0.8857
INFO:root:Train epoch 95, loss: 0.4041, val_loss: 0.4025, val_acc: 0.8384, val_auroc: 0.8704
INFO:root:Train epoch 96, loss: 0.4056, val_loss: 0.3822, val_acc: 0.8182, val_auroc: 0.8793
INFO:root:Train epoch 97, loss: 0.3939, val_loss: 0.3699, val_acc: 0.8485, val_auroc: 0.8836
INFO:root:Train epoch 98, loss: 0.4127, val_loss: 0.4734, val_acc: 0.7273, val_auroc: 0.8346
INFO:root:Train epoch 99, loss: 0.4128, val_loss: 0.3768, val_acc: 0.8384, val_auroc: 0.8788
INFO:root:Train epoch 100, loss: 0.3912, val_loss: 0.4359, val_acc: 0.8081, val_auroc: 0.8477
INFO:root:Train epoch 101, loss: 0.4131, val_loss: 0.3920, val_acc: 0.7475, val_auroc: 0.8696
INFO:root:Train epoch 102, loss: 0.4137, val_loss: 0.3834, val_acc: 0.7778, val_auroc: 0.8638
INFO:root:Train epoch 103, loss: 0.4083, val_loss: 0.3604, val_acc: 0.8485, val_auroc: 0.8949
INFO:root:Train epoch 104, loss: 0.4231, val_loss: 0.4328, val_acc: 0.8384, val_auroc: 0.8764
INFO:root:Train epoch 105, loss: 0.4136, val_loss: 0.3862, val_acc: 0.8283, val_auroc: 0.8828
INFO:root:Train epoch 106, loss: 0.4115, val_loss: 0.3672, val_acc: 0.8485, val_auroc: 0.8904
INFO:root:Train epoch 107, loss: 0.4030, val_loss: 0.4104, val_acc: 0.8182, val_auroc: 0.8775
INFO:root:Train epoch 108, loss: 0.3971, val_loss: 0.3502, val_acc: 0.8586, val_auroc: 0.8975
INFO:root:Train epoch 109, loss: 0.3992, val_loss: 0.3646, val_acc: 0.8485, val_auroc: 0.8867
INFO:root:Train epoch 110, loss: 0.3953, val_loss: 0.3629, val_acc: 0.8485, val_auroc: 0.8925
INFO:root:Train epoch 111, loss: 0.3919, val_loss: 0.3649, val_acc: 0.8586, val_auroc: 0.8888
INFO:root:Train epoch 112, loss: 0.4099, val_loss: 0.3697, val_acc: 0.8586, val_auroc: 0.8865
INFO:root:Train epoch 113, loss: 0.3990, val_loss: 0.3646, val_acc: 0.8384, val_auroc: 0.8896
INFO:root:Train epoch 114, loss: 0.3824, val_loss: 0.3583, val_acc: 0.8586, val_auroc: 0.9017
INFO:root:Train epoch 115, loss: 0.3971, val_loss: 0.3944, val_acc: 0.8485, val_auroc: 0.8804
INFO:root:Train epoch 116, loss: 0.3842, val_loss: 0.3649, val_acc: 0.8485, val_auroc: 0.8891
INFO:root:Train epoch 117, loss: 0.4076, val_loss: 0.3882, val_acc: 0.8485, val_auroc: 0.8772
INFO:root:Train epoch 118, loss: 0.4001, val_loss: 0.3593, val_acc: 0.8485, val_auroc: 0.9017
INFO:root:Train epoch 119, loss: 0.3877, val_loss: 0.3695, val_acc: 0.8384, val_auroc: 0.8791
INFO:root:Train epoch 120, loss: 0.3895, val_loss: 0.3514, val_acc: 0.8687, val_auroc: 0.8920
INFO:root:Train epoch 121, loss: 0.3941, val_loss: 0.3537, val_acc: 0.8384, val_auroc: 0.9012
INFO:root:Train epoch 122, loss: 0.3874, val_loss: 0.3618, val_acc: 0.8485, val_auroc: 0.8859
INFO:root:Train epoch 123, loss: 0.3878, val_loss: 0.3493, val_acc: 0.8687, val_auroc: 0.9015
INFO:root:Train epoch 124, loss: 0.3771, val_loss: 0.3570, val_acc: 0.8485, val_auroc: 0.8920
INFO:root:Train epoch 125, loss: 0.3958, val_loss: 0.3639, val_acc: 0.8485, val_auroc: 0.8883
INFO:root:Train epoch 126, loss: 0.3921, val_loss: 0.3837, val_acc: 0.8182, val_auroc: 0.8899
INFO:root:Train epoch 127, loss: 0.3832, val_loss: 0.3589, val_acc: 0.8687, val_auroc: 0.8957
INFO:root:Train epoch 128, loss: 0.4035, val_loss: 0.3654, val_acc: 0.8384, val_auroc: 0.8886
INFO:root:Train epoch 129, loss: 0.4009, val_loss: 0.4267, val_acc: 0.7879, val_auroc: 0.8678
INFO:root:Train epoch 130, loss: 0.3976, val_loss: 0.3725, val_acc: 0.8687, val_auroc: 0.8888
INFO:root:Train epoch 131, loss: 0.3895, val_loss: 0.3493, val_acc: 0.8485, val_auroc: 0.8975
INFO:root:Train epoch 132, loss: 0.3855, val_loss: 0.3348, val_acc: 0.8687, val_auroc: 0.9073
INFO:root:Train epoch 133, loss: 0.3825, val_loss: 0.3840, val_acc: 0.8283, val_auroc: 0.8749
INFO:root:Train epoch 134, loss: 0.3808, val_loss: 0.3720, val_acc: 0.8384, val_auroc: 0.8854
INFO:root:Train epoch 135, loss: 0.3932, val_loss: 0.3488, val_acc: 0.8788, val_auroc: 0.8901
INFO:root:Train epoch 136, loss: 0.3981, val_loss: 0.3810, val_acc: 0.8283, val_auroc: 0.8872
INFO:root:Train epoch 137, loss: 0.3888, val_loss: 0.3420, val_acc: 0.8586, val_auroc: 0.9025
INFO:root:Train epoch 138, loss: 0.3783, val_loss: 0.3577, val_acc: 0.8485, val_auroc: 0.8988
INFO:root:Train epoch 139, loss: 0.3778, val_loss: 0.3540, val_acc: 0.8485, val_auroc: 0.9065
INFO:root:Train epoch 140, loss: 0.3830, val_loss: 0.3470, val_acc: 0.8687, val_auroc: 0.9017
INFO:root:Train epoch 141, loss: 0.3926, val_loss: 0.3430, val_acc: 0.8687, val_auroc: 0.9031
INFO:root:Train epoch 142, loss: 0.3786, val_loss: 0.3486, val_acc: 0.8687, val_auroc: 0.9023
INFO:root:Train epoch 143, loss: 0.3739, val_loss: 0.3393, val_acc: 0.8687, val_auroc: 0.9070
INFO:root:Train epoch 144, loss: 0.3836, val_loss: 0.3601, val_acc: 0.8586, val_auroc: 0.8981
INFO:root:Train epoch 145, loss: 0.3765, val_loss: 0.3601, val_acc: 0.8182, val_auroc: 0.8957
INFO:root:Train epoch 146, loss: 0.3871, val_loss: 0.3488, val_acc: 0.8586, val_auroc: 0.8996
INFO:root:Train epoch 147, loss: 0.4066, val_loss: 0.3696, val_acc: 0.7879, val_auroc: 0.8851
INFO:root:Train epoch 148, loss: 0.4125, val_loss: 0.3813, val_acc: 0.8283, val_auroc: 0.8862
INFO:root:Train epoch 149, loss: 0.3856, val_loss: 0.3358, val_acc: 0.8687, val_auroc: 0.9102
INFO:root:Train epoch 150, loss: 0.3774, val_loss: 0.3435, val_acc: 0.8687, val_auroc: 0.9028
INFO:root:Train epoch 151, loss: 0.3848, val_loss: 0.3841, val_acc: 0.8081, val_auroc: 0.8791
INFO:root:Train epoch 152, loss: 0.3794, val_loss: 0.3536, val_acc: 0.8586, val_auroc: 0.9009
INFO:root:Validation loss has not improved in 20 epochs, stopping early
INFO:root:Obtained lowest validation loss of: 0.3348413407802582
