INFO:root:all data: 949
INFO:root:train data: 759
INFO:root:test data: 190
INFO:root:Train epoch 0, loss: 0.6470, val_loss: 0.6507, val_acc: 0.6895, val_auroc: 0.5727
INFO:root:Train epoch 1, loss: 0.6404, val_loss: 0.6455, val_acc: 0.6895, val_auroc: 0.5565
INFO:root:Train epoch 2, loss: 0.6345, val_loss: 0.6404, val_acc: 0.6895, val_auroc: 0.5666
INFO:root:Train epoch 3, loss: 0.6275, val_loss: 0.6354, val_acc: 0.6895, val_auroc: 0.5695
INFO:root:Train epoch 4, loss: 0.6214, val_loss: 0.6305, val_acc: 0.6895, val_auroc: 0.5667
INFO:root:Train epoch 5, loss: 0.6150, val_loss: 0.6259, val_acc: 0.6895, val_auroc: 0.5686
INFO:root:Train epoch 6, loss: 0.6076, val_loss: 0.6220, val_acc: 0.6895, val_auroc: 0.5682
INFO:root:Train epoch 7, loss: 0.6021, val_loss: 0.6191, val_acc: 0.6895, val_auroc: 0.5715
INFO:root:Train epoch 8, loss: 0.5968, val_loss: 0.6178, val_acc: 0.6895, val_auroc: 0.5767
INFO:root:Train epoch 9, loss: 0.5934, val_loss: 0.6184, val_acc: 0.6895, val_auroc: 0.5809
INFO:root:Train epoch 10, loss: 0.5905, val_loss: 0.6202, val_acc: 0.6895, val_auroc: 0.5831
INFO:root:Train epoch 11, loss: 0.5920, val_loss: 0.6226, val_acc: 0.6895, val_auroc: 0.5983
INFO:root:Train epoch 12, loss: 0.5922, val_loss: 0.6238, val_acc: 0.6895, val_auroc: 0.6117
INFO:root:Train epoch 13, loss: 0.5917, val_loss: 0.6230, val_acc: 0.6895, val_auroc: 0.6268
INFO:root:Train epoch 14, loss: 0.5911, val_loss: 0.6215, val_acc: 0.6895, val_auroc: 0.6403
INFO:root:Train epoch 15, loss: 0.5899, val_loss: 0.6193, val_acc: 0.6895, val_auroc: 0.6600
INFO:root:Train epoch 16, loss: 0.5889, val_loss: 0.6176, val_acc: 0.6895, val_auroc: 0.6587
INFO:root:Train epoch 17, loss: 0.5881, val_loss: 0.6162, val_acc: 0.6895, val_auroc: 0.6589
INFO:root:Train epoch 18, loss: 0.5873, val_loss: 0.6153, val_acc: 0.6895, val_auroc: 0.6589
INFO:root:Train epoch 19, loss: 0.5869, val_loss: 0.6146, val_acc: 0.6895, val_auroc: 0.6540
INFO:root:Train epoch 20, loss: 0.5864, val_loss: 0.6141, val_acc: 0.6895, val_auroc: 0.6548
INFO:root:Train epoch 21, loss: 0.5854, val_loss: 0.6136, val_acc: 0.6895, val_auroc: 0.6533
INFO:root:Train epoch 22, loss: 0.5844, val_loss: 0.6132, val_acc: 0.6895, val_auroc: 0.6494
INFO:root:Train epoch 23, loss: 0.5838, val_loss: 0.6128, val_acc: 0.6895, val_auroc: 0.6485
INFO:root:Train epoch 24, loss: 0.5822, val_loss: 0.6121, val_acc: 0.6895, val_auroc: 0.6491
INFO:root:Train epoch 25, loss: 0.5814, val_loss: 0.6114, val_acc: 0.6895, val_auroc: 0.6467
INFO:root:Train epoch 26, loss: 0.5796, val_loss: 0.6102, val_acc: 0.6895, val_auroc: 0.6454
INFO:root:Train epoch 27, loss: 0.5781, val_loss: 0.6086, val_acc: 0.6895, val_auroc: 0.6462
INFO:root:Train epoch 28, loss: 0.5765, val_loss: 0.6068, val_acc: 0.6895, val_auroc: 0.6475
INFO:root:Train epoch 29, loss: 0.5748, val_loss: 0.6053, val_acc: 0.6895, val_auroc: 0.6480
INFO:root:Train epoch 30, loss: 0.5723, val_loss: 0.6029, val_acc: 0.6895, val_auroc: 0.6475
INFO:root:Train epoch 31, loss: 0.5707, val_loss: 0.6013, val_acc: 0.6895, val_auroc: 0.6489
INFO:root:Train epoch 32, loss: 0.5686, val_loss: 0.5996, val_acc: 0.6895, val_auroc: 0.6443
INFO:root:Train epoch 33, loss: 0.5674, val_loss: 0.5984, val_acc: 0.6895, val_auroc: 0.6461
INFO:root:Train epoch 34, loss: 0.5661, val_loss: 0.5972, val_acc: 0.6895, val_auroc: 0.6461
INFO:root:Train epoch 35, loss: 0.5632, val_loss: 0.5948, val_acc: 0.6895, val_auroc: 0.6459
INFO:root:Train epoch 36, loss: 0.5621, val_loss: 0.5931, val_acc: 0.6895, val_auroc: 0.6449
INFO:root:Train epoch 37, loss: 0.5600, val_loss: 0.5911, val_acc: 0.6895, val_auroc: 0.6450
INFO:root:Train epoch 38, loss: 0.5589, val_loss: 0.5900, val_acc: 0.6895, val_auroc: 0.6452
INFO:root:Train epoch 39, loss: 0.5568, val_loss: 0.5889, val_acc: 0.6895, val_auroc: 0.6476
INFO:root:Train epoch 40, loss: 0.5554, val_loss: 0.5882, val_acc: 0.6895, val_auroc: 0.6478
INFO:root:Train epoch 41, loss: 0.5547, val_loss: 0.5877, val_acc: 0.6895, val_auroc: 0.6472
INFO:root:Train epoch 42, loss: 0.5538, val_loss: 0.5871, val_acc: 0.6895, val_auroc: 0.6442
INFO:root:Train epoch 43, loss: 0.5523, val_loss: 0.5851, val_acc: 0.6895, val_auroc: 0.6456
INFO:root:Train epoch 44, loss: 0.5515, val_loss: 0.5840, val_acc: 0.6895, val_auroc: 0.6467
INFO:root:Train epoch 45, loss: 0.5506, val_loss: 0.5838, val_acc: 0.6895, val_auroc: 0.6425
INFO:root:Train epoch 46, loss: 0.5493, val_loss: 0.5830, val_acc: 0.6895, val_auroc: 0.6441
INFO:root:Train epoch 47, loss: 0.5492, val_loss: 0.5834, val_acc: 0.6895, val_auroc: 0.6457
INFO:root:Train epoch 48, loss: 0.5477, val_loss: 0.5823, val_acc: 0.6895, val_auroc: 0.6451
INFO:root:Train epoch 49, loss: 0.5471, val_loss: 0.5814, val_acc: 0.6895, val_auroc: 0.6453
INFO:root:Train epoch 50, loss: 0.5463, val_loss: 0.5808, val_acc: 0.6895, val_auroc: 0.6467
INFO:root:Train epoch 51, loss: 0.5450, val_loss: 0.5797, val_acc: 0.6895, val_auroc: 0.6430
INFO:root:Train epoch 52, loss: 0.5438, val_loss: 0.5788, val_acc: 0.7053, val_auroc: 0.6507
INFO:root:Train epoch 53, loss: 0.5431, val_loss: 0.5793, val_acc: 0.7053, val_auroc: 0.6517
INFO:root:Train epoch 54, loss: 0.5412, val_loss: 0.5783, val_acc: 0.6947, val_auroc: 0.6575
INFO:root:Train epoch 55, loss: 0.5407, val_loss: 0.5784, val_acc: 0.6947, val_auroc: 0.6595
INFO:root:Train epoch 56, loss: 0.5399, val_loss: 0.5773, val_acc: 0.6947, val_auroc: 0.6628
INFO:root:Train epoch 57, loss: 0.5394, val_loss: 0.5766, val_acc: 0.6895, val_auroc: 0.6637
INFO:root:Train epoch 58, loss: 0.5381, val_loss: 0.5742, val_acc: 0.6842, val_auroc: 0.6666
INFO:root:Train epoch 59, loss: 0.5362, val_loss: 0.5746, val_acc: 0.6842, val_auroc: 0.6670
INFO:root:Train epoch 60, loss: 0.5350, val_loss: 0.5762, val_acc: 0.6842, val_auroc: 0.6701
INFO:root:Train epoch 61, loss: 0.5354, val_loss: 0.5762, val_acc: 0.6842, val_auroc: 0.6765
INFO:root:Train epoch 62, loss: 0.5325, val_loss: 0.5713, val_acc: 0.6842, val_auroc: 0.6738
INFO:root:Train epoch 63, loss: 0.5319, val_loss: 0.5696, val_acc: 0.6842, val_auroc: 0.6804
INFO:root:Train epoch 64, loss: 0.5308, val_loss: 0.5703, val_acc: 0.6842, val_auroc: 0.6817
INFO:root:Train epoch 65, loss: 0.5287, val_loss: 0.5675, val_acc: 0.6842, val_auroc: 0.6852
INFO:root:Train epoch 66, loss: 0.5283, val_loss: 0.5691, val_acc: 0.6842, val_auroc: 0.6895
INFO:root:Train epoch 67, loss: 0.5277, val_loss: 0.5666, val_acc: 0.6842, val_auroc: 0.6941
INFO:root:Train epoch 68, loss: 0.5268, val_loss: 0.5639, val_acc: 0.6842, val_auroc: 0.6939
INFO:root:Train epoch 69, loss: 0.5262, val_loss: 0.5646, val_acc: 0.6842, val_auroc: 0.6916
INFO:root:Train epoch 70, loss: 0.5250, val_loss: 0.5675, val_acc: 0.6842, val_auroc: 0.6917
INFO:root:Train epoch 71, loss: 0.5249, val_loss: 0.5656, val_acc: 0.6842, val_auroc: 0.6923
INFO:root:Train epoch 72, loss: 0.5247, val_loss: 0.5624, val_acc: 0.6947, val_auroc: 0.6888
INFO:root:Train epoch 73, loss: 0.5247, val_loss: 0.5625, val_acc: 0.6842, val_auroc: 0.6881
INFO:root:Train epoch 74, loss: 0.5223, val_loss: 0.5663, val_acc: 0.6842, val_auroc: 0.6932
INFO:root:Train epoch 75, loss: 0.5242, val_loss: 0.5648, val_acc: 0.6842, val_auroc: 0.6912
INFO:root:Train epoch 76, loss: 0.5221, val_loss: 0.5609, val_acc: 0.6947, val_auroc: 0.6899
INFO:root:Train epoch 77, loss: 0.5225, val_loss: 0.5605, val_acc: 0.6947, val_auroc: 0.6891
INFO:root:Train epoch 78, loss: 0.5231, val_loss: 0.5642, val_acc: 0.6842, val_auroc: 0.6877
INFO:root:Train epoch 79, loss: 0.5213, val_loss: 0.5617, val_acc: 0.6842, val_auroc: 0.6880
INFO:root:Train epoch 80, loss: 0.5208, val_loss: 0.5594, val_acc: 0.6947, val_auroc: 0.6914
INFO:root:Train epoch 81, loss: 0.5204, val_loss: 0.5606, val_acc: 0.6947, val_auroc: 0.6886
INFO:root:Train epoch 82, loss: 0.5193, val_loss: 0.5604, val_acc: 0.6947, val_auroc: 0.6888
INFO:root:Train epoch 83, loss: 0.5192, val_loss: 0.5614, val_acc: 0.6947, val_auroc: 0.6878
INFO:root:Train epoch 84, loss: 0.5188, val_loss: 0.5588, val_acc: 0.6947, val_auroc: 0.6905
INFO:root:Train epoch 85, loss: 0.5182, val_loss: 0.5588, val_acc: 0.6947, val_auroc: 0.6903
INFO:root:Train epoch 86, loss: 0.5172, val_loss: 0.5602, val_acc: 0.6947, val_auroc: 0.6882
INFO:root:Train epoch 87, loss: 0.5180, val_loss: 0.5608, val_acc: 0.6947, val_auroc: 0.6881
INFO:root:Train epoch 88, loss: 0.5168, val_loss: 0.5578, val_acc: 0.6947, val_auroc: 0.6910
INFO:root:Train epoch 89, loss: 0.5167, val_loss: 0.5578, val_acc: 0.6947, val_auroc: 0.6918
INFO:root:Train epoch 90, loss: 0.5158, val_loss: 0.5582, val_acc: 0.6947, val_auroc: 0.6921
INFO:root:Train epoch 91, loss: 0.5160, val_loss: 0.5593, val_acc: 0.6947, val_auroc: 0.6918
INFO:root:Train epoch 92, loss: 0.5150, val_loss: 0.5574, val_acc: 0.6895, val_auroc: 0.6925
INFO:root:Train epoch 93, loss: 0.5145, val_loss: 0.5575, val_acc: 0.6895, val_auroc: 0.6918
INFO:root:Train epoch 94, loss: 0.5139, val_loss: 0.5596, val_acc: 0.7000, val_auroc: 0.6932
INFO:root:Train epoch 95, loss: 0.5146, val_loss: 0.5581, val_acc: 0.6895, val_auroc: 0.6932
INFO:root:Train epoch 96, loss: 0.5132, val_loss: 0.5564, val_acc: 0.6842, val_auroc: 0.6962
INFO:root:Train epoch 97, loss: 0.5141, val_loss: 0.5570, val_acc: 0.6895, val_auroc: 0.6958
INFO:root:Train epoch 98, loss: 0.5126, val_loss: 0.5579, val_acc: 0.7000, val_auroc: 0.6983
INFO:root:Train epoch 99, loss: 0.5122, val_loss: 0.5558, val_acc: 0.6842, val_auroc: 0.6970
INFO:root:Train epoch 100, loss: 0.5113, val_loss: 0.5560, val_acc: 0.6895, val_auroc: 0.6983
INFO:root:Train epoch 101, loss: 0.5111, val_loss: 0.5564, val_acc: 0.6895, val_auroc: 0.7002
INFO:root:Train epoch 102, loss: 0.5114, val_loss: 0.5563, val_acc: 0.6842, val_auroc: 0.7010
INFO:root:Train epoch 103, loss: 0.5114, val_loss: 0.5553, val_acc: 0.6842, val_auroc: 0.7018
INFO:root:Train epoch 104, loss: 0.5104, val_loss: 0.5567, val_acc: 0.6842, val_auroc: 0.7014
INFO:root:Train epoch 105, loss: 0.5103, val_loss: 0.5565, val_acc: 0.6842, val_auroc: 0.7000
INFO:root:Train epoch 106, loss: 0.5092, val_loss: 0.5544, val_acc: 0.6842, val_auroc: 0.7028
INFO:root:Train epoch 107, loss: 0.5092, val_loss: 0.5543, val_acc: 0.6842, val_auroc: 0.7023
INFO:root:Train epoch 108, loss: 0.5089, val_loss: 0.5534, val_acc: 0.6842, val_auroc: 0.7036
INFO:root:Train epoch 109, loss: 0.5080, val_loss: 0.5558, val_acc: 0.6895, val_auroc: 0.7033
INFO:root:Train epoch 110, loss: 0.5080, val_loss: 0.5527, val_acc: 0.6842, val_auroc: 0.7029
INFO:root:Train epoch 111, loss: 0.5073, val_loss: 0.5537, val_acc: 0.6842, val_auroc: 0.7037
INFO:root:Train epoch 112, loss: 0.5063, val_loss: 0.5538, val_acc: 0.6842, val_auroc: 0.7032
INFO:root:Train epoch 113, loss: 0.5058, val_loss: 0.5526, val_acc: 0.6842, val_auroc: 0.7038
INFO:root:Train epoch 114, loss: 0.5053, val_loss: 0.5533, val_acc: 0.6842, val_auroc: 0.7030
INFO:root:Train epoch 115, loss: 0.5048, val_loss: 0.5517, val_acc: 0.6842, val_auroc: 0.7056
INFO:root:Train epoch 116, loss: 0.5046, val_loss: 0.5523, val_acc: 0.6842, val_auroc: 0.7051
INFO:root:Train epoch 117, loss: 0.5040, val_loss: 0.5511, val_acc: 0.6842, val_auroc: 0.7068
INFO:root:Train epoch 118, loss: 0.5041, val_loss: 0.5521, val_acc: 0.6842, val_auroc: 0.7063
INFO:root:Train epoch 119, loss: 0.5031, val_loss: 0.5504, val_acc: 0.6895, val_auroc: 0.7083
INFO:root:Train epoch 120, loss: 0.5035, val_loss: 0.5504, val_acc: 0.6895, val_auroc: 0.7072
INFO:root:Train epoch 121, loss: 0.5019, val_loss: 0.5497, val_acc: 0.6895, val_auroc: 0.7098
INFO:root:Train epoch 122, loss: 0.5008, val_loss: 0.5503, val_acc: 0.6895, val_auroc: 0.7084
INFO:root:Train epoch 123, loss: 0.5008, val_loss: 0.5487, val_acc: 0.6895, val_auroc: 0.7089
INFO:root:Train epoch 124, loss: 0.5010, val_loss: 0.5481, val_acc: 0.6895, val_auroc: 0.7108
INFO:root:Train epoch 125, loss: 0.4994, val_loss: 0.5522, val_acc: 0.6895, val_auroc: 0.7086
INFO:root:Train epoch 126, loss: 0.5004, val_loss: 0.5480, val_acc: 0.6895, val_auroc: 0.7118
INFO:root:Train epoch 127, loss: 0.4998, val_loss: 0.5471, val_acc: 0.6789, val_auroc: 0.7120
INFO:root:Train epoch 128, loss: 0.4992, val_loss: 0.5515, val_acc: 0.6895, val_auroc: 0.7144
INFO:root:Train epoch 129, loss: 0.4997, val_loss: 0.5469, val_acc: 0.6895, val_auroc: 0.7152
INFO:root:Train epoch 130, loss: 0.4977, val_loss: 0.5460, val_acc: 0.6737, val_auroc: 0.7121
INFO:root:Train epoch 131, loss: 0.4977, val_loss: 0.5491, val_acc: 0.7000, val_auroc: 0.7159
INFO:root:Train epoch 132, loss: 0.4979, val_loss: 0.5470, val_acc: 0.6895, val_auroc: 0.7166
INFO:root:Train epoch 133, loss: 0.4946, val_loss: 0.5446, val_acc: 0.6842, val_auroc: 0.7152
INFO:root:Train epoch 134, loss: 0.4970, val_loss: 0.5441, val_acc: 0.6789, val_auroc: 0.7110
INFO:root:Train epoch 135, loss: 0.4931, val_loss: 0.5491, val_acc: 0.7000, val_auroc: 0.7170
INFO:root:Train epoch 136, loss: 0.4961, val_loss: 0.5446, val_acc: 0.6789, val_auroc: 0.7152
INFO:root:Train epoch 137, loss: 0.4941, val_loss: 0.5432, val_acc: 0.6842, val_auroc: 0.7183
INFO:root:Train epoch 138, loss: 0.4937, val_loss: 0.5465, val_acc: 0.6895, val_auroc: 0.7181
INFO:root:Train epoch 139, loss: 0.4965, val_loss: 0.5484, val_acc: 0.7053, val_auroc: 0.7209
INFO:root:Train epoch 140, loss: 0.4900, val_loss: 0.5413, val_acc: 0.6842, val_auroc: 0.7194
INFO:root:Train epoch 141, loss: 0.4950, val_loss: 0.5410, val_acc: 0.6842, val_auroc: 0.7199
INFO:root:Train epoch 142, loss: 0.4913, val_loss: 0.5451, val_acc: 0.7105, val_auroc: 0.7226
INFO:root:Train epoch 143, loss: 0.4905, val_loss: 0.5392, val_acc: 0.6895, val_auroc: 0.7215
INFO:root:Train epoch 144, loss: 0.4908, val_loss: 0.5391, val_acc: 0.6895, val_auroc: 0.7249
INFO:root:Train epoch 145, loss: 0.4885, val_loss: 0.5448, val_acc: 0.7053, val_auroc: 0.7261
INFO:root:Train epoch 146, loss: 0.4871, val_loss: 0.5373, val_acc: 0.6842, val_auroc: 0.7278
INFO:root:Train epoch 147, loss: 0.4877, val_loss: 0.5374, val_acc: 0.6842, val_auroc: 0.7297
INFO:root:Train epoch 148, loss: 0.4857, val_loss: 0.5380, val_acc: 0.6947, val_auroc: 0.7319
INFO:root:Train epoch 149, loss: 0.4854, val_loss: 0.5366, val_acc: 0.6842, val_auroc: 0.7309
INFO:root:Train epoch 150, loss: 0.4841, val_loss: 0.5370, val_acc: 0.6895, val_auroc: 0.7324
INFO:root:Train epoch 151, loss: 0.4831, val_loss: 0.5341, val_acc: 0.6842, val_auroc: 0.7352
INFO:root:Train epoch 152, loss: 0.4826, val_loss: 0.5357, val_acc: 0.6947, val_auroc: 0.7369
INFO:root:Train epoch 153, loss: 0.4817, val_loss: 0.5347, val_acc: 0.6947, val_auroc: 0.7363
INFO:root:Train epoch 154, loss: 0.4824, val_loss: 0.5317, val_acc: 0.7053, val_auroc: 0.7385
INFO:root:Train epoch 155, loss: 0.4798, val_loss: 0.5365, val_acc: 0.7053, val_auroc: 0.7389
INFO:root:Train epoch 156, loss: 0.4819, val_loss: 0.5299, val_acc: 0.6947, val_auroc: 0.7419
INFO:root:Train epoch 157, loss: 0.4876, val_loss: 0.5360, val_acc: 0.7053, val_auroc: 0.7397
INFO:root:Train epoch 158, loss: 0.4769, val_loss: 0.5301, val_acc: 0.7105, val_auroc: 0.7438
INFO:root:Train epoch 159, loss: 0.4834, val_loss: 0.5301, val_acc: 0.7158, val_auroc: 0.7436
INFO:root:Train epoch 160, loss: 0.4789, val_loss: 0.5372, val_acc: 0.7053, val_auroc: 0.7437
INFO:root:Train epoch 161, loss: 0.4790, val_loss: 0.5284, val_acc: 0.7000, val_auroc: 0.7538
INFO:root:Train epoch 162, loss: 0.4800, val_loss: 0.5312, val_acc: 0.7000, val_auroc: 0.7460
INFO:root:Train epoch 163, loss: 0.4755, val_loss: 0.5262, val_acc: 0.7158, val_auroc: 0.7505
INFO:root:Train epoch 164, loss: 0.4740, val_loss: 0.5241, val_acc: 0.7158, val_auroc: 0.7565
INFO:root:Train epoch 165, loss: 0.4744, val_loss: 0.5282, val_acc: 0.6947, val_auroc: 0.7535
INFO:root:Train epoch 166, loss: 0.4722, val_loss: 0.5217, val_acc: 0.7053, val_auroc: 0.7611
INFO:root:Train epoch 167, loss: 0.4707, val_loss: 0.5269, val_acc: 0.6947, val_auroc: 0.7570
INFO:root:Train epoch 168, loss: 0.4722, val_loss: 0.5199, val_acc: 0.7053, val_auroc: 0.7628
INFO:root:Train epoch 169, loss: 0.4756, val_loss: 0.5186, val_acc: 0.7158, val_auroc: 0.7679
INFO:root:Train epoch 170, loss: 0.4682, val_loss: 0.5256, val_acc: 0.6947, val_auroc: 0.7667
INFO:root:Train epoch 171, loss: 0.4681, val_loss: 0.5162, val_acc: 0.7316, val_auroc: 0.7730
INFO:root:Train epoch 172, loss: 0.4680, val_loss: 0.5197, val_acc: 0.7158, val_auroc: 0.7671
INFO:root:Train epoch 173, loss: 0.4698, val_loss: 0.5142, val_acc: 0.7316, val_auroc: 0.7728
INFO:root:Train epoch 174, loss: 0.4668, val_loss: 0.5142, val_acc: 0.7053, val_auroc: 0.7716
INFO:root:Train epoch 175, loss: 0.4712, val_loss: 0.5191, val_acc: 0.7158, val_auroc: 0.7713
INFO:root:Train epoch 176, loss: 0.4670, val_loss: 0.5133, val_acc: 0.7211, val_auroc: 0.7799
INFO:root:Train epoch 177, loss: 0.4618, val_loss: 0.5245, val_acc: 0.6947, val_auroc: 0.7705
INFO:root:Train epoch 178, loss: 0.4681, val_loss: 0.5110, val_acc: 0.7316, val_auroc: 0.7839
INFO:root:Train epoch 179, loss: 0.4687, val_loss: 0.5121, val_acc: 0.7158, val_auroc: 0.7783
INFO:root:Train epoch 180, loss: 0.4681, val_loss: 0.5188, val_acc: 0.7158, val_auroc: 0.7769
INFO:root:Train epoch 181, loss: 0.4591, val_loss: 0.5133, val_acc: 0.7211, val_auroc: 0.7784
INFO:root:Train epoch 182, loss: 0.4656, val_loss: 0.5202, val_acc: 0.7158, val_auroc: 0.7772
INFO:root:Train epoch 183, loss: 0.4644, val_loss: 0.5087, val_acc: 0.7211, val_auroc: 0.7782
INFO:root:Train epoch 184, loss: 0.4603, val_loss: 0.5078, val_acc: 0.7421, val_auroc: 0.7824
INFO:root:Train epoch 185, loss: 0.4585, val_loss: 0.5153, val_acc: 0.7158, val_auroc: 0.7821
INFO:root:Train epoch 186, loss: 0.4564, val_loss: 0.5045, val_acc: 0.7421, val_auroc: 0.7914
INFO:root:Train epoch 187, loss: 0.4593, val_loss: 0.5060, val_acc: 0.7105, val_auroc: 0.7835
INFO:root:Train epoch 188, loss: 0.4539, val_loss: 0.5039, val_acc: 0.7105, val_auroc: 0.7864
INFO:root:Train epoch 189, loss: 0.4563, val_loss: 0.5044, val_acc: 0.7368, val_auroc: 0.7864
INFO:root:Train epoch 190, loss: 0.4526, val_loss: 0.5088, val_acc: 0.7211, val_auroc: 0.7848
INFO:root:Train epoch 191, loss: 0.4530, val_loss: 0.5016, val_acc: 0.7368, val_auroc: 0.7884
INFO:root:Train epoch 192, loss: 0.4521, val_loss: 0.5046, val_acc: 0.7211, val_auroc: 0.7857
INFO:root:Train epoch 193, loss: 0.4529, val_loss: 0.5007, val_acc: 0.7421, val_auroc: 0.7894
INFO:root:Train epoch 194, loss: 0.4529, val_loss: 0.5020, val_acc: 0.7263, val_auroc: 0.7868
INFO:root:Train epoch 195, loss: 0.4509, val_loss: 0.5006, val_acc: 0.7158, val_auroc: 0.7902
INFO:root:Train epoch 196, loss: 0.4523, val_loss: 0.5012, val_acc: 0.7263, val_auroc: 0.7874
INFO:root:Train epoch 197, loss: 0.4555, val_loss: 0.4997, val_acc: 0.7421, val_auroc: 0.7911
INFO:root:Train epoch 198, loss: 0.4512, val_loss: 0.5019, val_acc: 0.7263, val_auroc: 0.7901
INFO:root:Train epoch 199, loss: 0.4495, val_loss: 0.4977, val_acc: 0.7263, val_auroc: 0.7925
INFO:root:Train epoch 200, loss: 0.4535, val_loss: 0.4986, val_acc: 0.7474, val_auroc: 0.7933
INFO:root:Train epoch 201, loss: 0.4562, val_loss: 0.5028, val_acc: 0.7263, val_auroc: 0.7912
INFO:root:Train epoch 202, loss: 0.4506, val_loss: 0.4963, val_acc: 0.7526, val_auroc: 0.7982
INFO:root:Train epoch 203, loss: 0.4496, val_loss: 0.5061, val_acc: 0.7211, val_auroc: 0.7929
INFO:root:Train epoch 204, loss: 0.4514, val_loss: 0.4973, val_acc: 0.7368, val_auroc: 0.7976
INFO:root:Train epoch 205, loss: 0.4490, val_loss: 0.5068, val_acc: 0.7263, val_auroc: 0.7894
INFO:root:Train epoch 206, loss: 0.4490, val_loss: 0.4984, val_acc: 0.7316, val_auroc: 0.7971
INFO:root:Train epoch 207, loss: 0.4492, val_loss: 0.5062, val_acc: 0.7211, val_auroc: 0.7920
INFO:root:Train epoch 208, loss: 0.4482, val_loss: 0.4943, val_acc: 0.7526, val_auroc: 0.8000
INFO:root:Train epoch 209, loss: 0.4491, val_loss: 0.5005, val_acc: 0.7263, val_auroc: 0.7941
INFO:root:Train epoch 210, loss: 0.4442, val_loss: 0.4944, val_acc: 0.7263, val_auroc: 0.7997
INFO:root:Train epoch 211, loss: 0.4435, val_loss: 0.4930, val_acc: 0.7474, val_auroc: 0.8002
INFO:root:Train epoch 212, loss: 0.4419, val_loss: 0.4940, val_acc: 0.7263, val_auroc: 0.7980
INFO:root:Train epoch 213, loss: 0.4422, val_loss: 0.4926, val_acc: 0.7263, val_auroc: 0.7991
INFO:root:Train epoch 214, loss: 0.4416, val_loss: 0.4947, val_acc: 0.7263, val_auroc: 0.7974
INFO:root:Train epoch 215, loss: 0.4402, val_loss: 0.4925, val_acc: 0.7368, val_auroc: 0.8004
INFO:root:Train epoch 216, loss: 0.4398, val_loss: 0.4952, val_acc: 0.7263, val_auroc: 0.7983
INFO:root:Train epoch 217, loss: 0.4395, val_loss: 0.4935, val_acc: 0.7263, val_auroc: 0.7993
INFO:root:Train epoch 218, loss: 0.4404, val_loss: 0.4953, val_acc: 0.7263, val_auroc: 0.7991
INFO:root:Train epoch 219, loss: 0.4454, val_loss: 0.4918, val_acc: 0.7526, val_auroc: 0.8022
INFO:root:Train epoch 220, loss: 0.4508, val_loss: 0.4944, val_acc: 0.7368, val_auroc: 0.7995
INFO:root:Train epoch 221, loss: 0.4549, val_loss: 0.5041, val_acc: 0.7211, val_auroc: 0.7943
INFO:root:Train epoch 222, loss: 0.4450, val_loss: 0.4960, val_acc: 0.7368, val_auroc: 0.8054
INFO:root:Train epoch 223, loss: 0.4417, val_loss: 0.5127, val_acc: 0.7368, val_auroc: 0.7978
INFO:root:Train epoch 224, loss: 0.4451, val_loss: 0.4910, val_acc: 0.7421, val_auroc: 0.8093
INFO:root:Train epoch 225, loss: 0.4442, val_loss: 0.4914, val_acc: 0.7526, val_auroc: 0.8020
INFO:root:Train epoch 226, loss: 0.4405, val_loss: 0.4973, val_acc: 0.7263, val_auroc: 0.7988
INFO:root:Train epoch 227, loss: 0.4383, val_loss: 0.4902, val_acc: 0.7526, val_auroc: 0.8052
INFO:root:Train epoch 228, loss: 0.4377, val_loss: 0.4958, val_acc: 0.7263, val_auroc: 0.8009
INFO:root:Train epoch 229, loss: 0.4362, val_loss: 0.4885, val_acc: 0.7579, val_auroc: 0.8072
INFO:root:Train epoch 230, loss: 0.4480, val_loss: 0.4897, val_acc: 0.7526, val_auroc: 0.8040
INFO:root:Train epoch 231, loss: 0.4477, val_loss: 0.4909, val_acc: 0.7421, val_auroc: 0.8080
INFO:root:Train epoch 232, loss: 0.4490, val_loss: 0.5156, val_acc: 0.7316, val_auroc: 0.7958
INFO:root:Train epoch 233, loss: 0.4443, val_loss: 0.4946, val_acc: 0.7368, val_auroc: 0.8084
INFO:root:Train epoch 234, loss: 0.4422, val_loss: 0.4978, val_acc: 0.7263, val_auroc: 0.8015
INFO:root:Train epoch 235, loss: 0.4400, val_loss: 0.4967, val_acc: 0.7316, val_auroc: 0.7999
INFO:root:Train epoch 236, loss: 0.4383, val_loss: 0.4895, val_acc: 0.7526, val_auroc: 0.8104
INFO:root:Train epoch 237, loss: 0.4355, val_loss: 0.4945, val_acc: 0.7263, val_auroc: 0.8026
INFO:root:Train epoch 238, loss: 0.4350, val_loss: 0.4879, val_acc: 0.7421, val_auroc: 0.8050
INFO:root:Train epoch 239, loss: 0.4343, val_loss: 0.4879, val_acc: 0.7579, val_auroc: 0.8055
INFO:root:Train epoch 240, loss: 0.4329, val_loss: 0.4880, val_acc: 0.7421, val_auroc: 0.8041
INFO:root:Train epoch 241, loss: 0.4320, val_loss: 0.4943, val_acc: 0.7263, val_auroc: 0.8010
INFO:root:Train epoch 242, loss: 0.4327, val_loss: 0.4888, val_acc: 0.7579, val_auroc: 0.8085
INFO:root:Train epoch 243, loss: 0.4330, val_loss: 0.4906, val_acc: 0.7526, val_auroc: 0.8058
INFO:root:Train epoch 244, loss: 0.4311, val_loss: 0.4927, val_acc: 0.7263, val_auroc: 0.8015
INFO:root:Train epoch 245, loss: 0.4321, val_loss: 0.4849, val_acc: 0.7684, val_auroc: 0.8146
INFO:root:Train epoch 246, loss: 0.4387, val_loss: 0.4919, val_acc: 0.7474, val_auroc: 0.8044
INFO:root:Train epoch 247, loss: 0.4408, val_loss: 0.4947, val_acc: 0.7526, val_auroc: 0.8009
INFO:root:Train epoch 248, loss: 0.4374, val_loss: 0.4873, val_acc: 0.7579, val_auroc: 0.8101
INFO:root:Train epoch 249, loss: 0.4334, val_loss: 0.5014, val_acc: 0.7368, val_auroc: 0.8004
INFO:root:Train epoch 250, loss: 0.4328, val_loss: 0.4858, val_acc: 0.7579, val_auroc: 0.8141
INFO:root:Train epoch 251, loss: 0.4301, val_loss: 0.4893, val_acc: 0.7526, val_auroc: 0.8070
INFO:root:Train epoch 252, loss: 0.4308, val_loss: 0.4890, val_acc: 0.7579, val_auroc: 0.8067
INFO:root:Train epoch 253, loss: 0.4288, val_loss: 0.4885, val_acc: 0.7316, val_auroc: 0.8054
INFO:root:Train epoch 254, loss: 0.4279, val_loss: 0.4843, val_acc: 0.7684, val_auroc: 0.8154
INFO:root:Train epoch 255, loss: 0.4299, val_loss: 0.4898, val_acc: 0.7526, val_auroc: 0.8061
INFO:root:Train epoch 256, loss: 0.4272, val_loss: 0.4915, val_acc: 0.7368, val_auroc: 0.8040
INFO:root:Train epoch 257, loss: 0.4265, val_loss: 0.4859, val_acc: 0.7684, val_auroc: 0.8174
INFO:root:Train epoch 258, loss: 0.4263, val_loss: 0.4875, val_acc: 0.7526, val_auroc: 0.8072
INFO:root:Train epoch 259, loss: 0.4270, val_loss: 0.4851, val_acc: 0.7632, val_auroc: 0.8108
INFO:root:Train epoch 260, loss: 0.4274, val_loss: 0.4866, val_acc: 0.7579, val_auroc: 0.8066
INFO:root:Train epoch 261, loss: 0.4273, val_loss: 0.4864, val_acc: 0.7579, val_auroc: 0.8150
INFO:root:Train epoch 262, loss: 0.4244, val_loss: 0.4845, val_acc: 0.7579, val_auroc: 0.8158
INFO:root:Train epoch 263, loss: 0.4270, val_loss: 0.4878, val_acc: 0.7526, val_auroc: 0.8073
INFO:root:Train epoch 264, loss: 0.4265, val_loss: 0.4857, val_acc: 0.7579, val_auroc: 0.8163
INFO:root:Train epoch 265, loss: 0.4234, val_loss: 0.4900, val_acc: 0.7421, val_auroc: 0.8066
INFO:root:Train epoch 266, loss: 0.4269, val_loss: 0.4855, val_acc: 0.7316, val_auroc: 0.8180
INFO:root:Train epoch 267, loss: 0.4318, val_loss: 0.4904, val_acc: 0.7579, val_auroc: 0.8068
INFO:root:Train epoch 268, loss: 0.4243, val_loss: 0.4866, val_acc: 0.7526, val_auroc: 0.8119
INFO:root:Train epoch 269, loss: 0.4245, val_loss: 0.4839, val_acc: 0.7684, val_auroc: 0.8127
INFO:root:Train epoch 270, loss: 0.4242, val_loss: 0.4871, val_acc: 0.7421, val_auroc: 0.8099
INFO:root:Train epoch 271, loss: 0.4210, val_loss: 0.4829, val_acc: 0.7526, val_auroc: 0.8182
INFO:root:Train epoch 272, loss: 0.4226, val_loss: 0.4931, val_acc: 0.7316, val_auroc: 0.8055
INFO:root:Train epoch 273, loss: 0.4256, val_loss: 0.4839, val_acc: 0.7526, val_auroc: 0.8202
INFO:root:Train epoch 274, loss: 0.4249, val_loss: 0.4882, val_acc: 0.7526, val_auroc: 0.8132
INFO:root:Train epoch 275, loss: 0.4298, val_loss: 0.4912, val_acc: 0.7632, val_auroc: 0.8070
INFO:root:Train epoch 276, loss: 0.4298, val_loss: 0.4892, val_acc: 0.7526, val_auroc: 0.8084
INFO:root:Train epoch 277, loss: 0.4215, val_loss: 0.5035, val_acc: 0.7474, val_auroc: 0.8014
INFO:root:Train epoch 278, loss: 0.4263, val_loss: 0.4838, val_acc: 0.7526, val_auroc: 0.8108
INFO:root:Train epoch 279, loss: 0.4213, val_loss: 0.4941, val_acc: 0.7316, val_auroc: 0.8048
INFO:root:Train epoch 280, loss: 0.4218, val_loss: 0.4855, val_acc: 0.7526, val_auroc: 0.8072
INFO:root:Train epoch 281, loss: 0.4218, val_loss: 0.4849, val_acc: 0.7632, val_auroc: 0.8133
INFO:root:Train epoch 282, loss: 0.4196, val_loss: 0.4870, val_acc: 0.7526, val_auroc: 0.8105
INFO:root:Train epoch 283, loss: 0.4187, val_loss: 0.4836, val_acc: 0.7632, val_auroc: 0.8195
INFO:root:Train epoch 284, loss: 0.4187, val_loss: 0.4872, val_acc: 0.7632, val_auroc: 0.8146
INFO:root:Train epoch 285, loss: 0.4174, val_loss: 0.4895, val_acc: 0.7632, val_auroc: 0.8112
INFO:root:Train epoch 286, loss: 0.4177, val_loss: 0.4845, val_acc: 0.7684, val_auroc: 0.8169
INFO:root:Train epoch 287, loss: 0.4160, val_loss: 0.4894, val_acc: 0.7316, val_auroc: 0.8070
INFO:root:Train epoch 288, loss: 0.4170, val_loss: 0.4837, val_acc: 0.7579, val_auroc: 0.8151
INFO:root:Train epoch 289, loss: 0.4159, val_loss: 0.4858, val_acc: 0.7526, val_auroc: 0.8139
INFO:root:Train epoch 290, loss: 0.4197, val_loss: 0.4826, val_acc: 0.7737, val_auroc: 0.8183
INFO:root:Train epoch 291, loss: 0.4176, val_loss: 0.4861, val_acc: 0.7789, val_auroc: 0.8171
INFO:root:Train epoch 292, loss: 0.4159, val_loss: 0.4857, val_acc: 0.7895, val_auroc: 0.8145
INFO:root:Train epoch 293, loss: 0.4137, val_loss: 0.4816, val_acc: 0.7526, val_auroc: 0.8203
INFO:root:Train epoch 294, loss: 0.4152, val_loss: 0.4820, val_acc: 0.7632, val_auroc: 0.8165
INFO:root:Train epoch 295, loss: 0.4277, val_loss: 0.4837, val_acc: 0.7737, val_auroc: 0.8118
INFO:root:Train epoch 296, loss: 0.4239, val_loss: 0.4900, val_acc: 0.7579, val_auroc: 0.8060
INFO:root:Train epoch 297, loss: 0.4184, val_loss: 0.5038, val_acc: 0.7526, val_auroc: 0.8104
INFO:root:Train epoch 298, loss: 0.4287, val_loss: 0.4839, val_acc: 0.7632, val_auroc: 0.8110
INFO:root:Train epoch 299, loss: 0.4133, val_loss: 0.5063, val_acc: 0.7316, val_auroc: 0.8075
INFO:root:Train epoch 300, loss: 0.4203, val_loss: 0.4819, val_acc: 0.7526, val_auroc: 0.8173
INFO:root:Train epoch 301, loss: 0.4145, val_loss: 0.4859, val_acc: 0.7632, val_auroc: 0.8132
INFO:root:Train epoch 302, loss: 0.4138, val_loss: 0.4816, val_acc: 0.7579, val_auroc: 0.8179
INFO:root:Train epoch 303, loss: 0.4155, val_loss: 0.4849, val_acc: 0.7526, val_auroc: 0.8181
INFO:root:Train epoch 304, loss: 0.4240, val_loss: 0.4859, val_acc: 0.7842, val_auroc: 0.8189
INFO:root:Train epoch 305, loss: 0.4187, val_loss: 0.4840, val_acc: 0.7632, val_auroc: 0.8135
INFO:root:Train epoch 306, loss: 0.4146, val_loss: 0.4908, val_acc: 0.7632, val_auroc: 0.8134
INFO:root:Train epoch 307, loss: 0.4131, val_loss: 0.4803, val_acc: 0.7737, val_auroc: 0.8167
INFO:root:Train epoch 308, loss: 0.4160, val_loss: 0.4876, val_acc: 0.7684, val_auroc: 0.8149
INFO:root:Train epoch 309, loss: 0.4109, val_loss: 0.4823, val_acc: 0.7632, val_auroc: 0.8149
INFO:root:Train epoch 310, loss: 0.4109, val_loss: 0.4895, val_acc: 0.7737, val_auroc: 0.8169
INFO:root:Train epoch 311, loss: 0.4117, val_loss: 0.4815, val_acc: 0.7789, val_auroc: 0.8220
INFO:root:Train epoch 312, loss: 0.4102, val_loss: 0.4808, val_acc: 0.7842, val_auroc: 0.8187
INFO:root:Train epoch 313, loss: 0.4117, val_loss: 0.4822, val_acc: 0.7895, val_auroc: 0.8220
INFO:root:Train epoch 314, loss: 0.4090, val_loss: 0.4826, val_acc: 0.7632, val_auroc: 0.8169
INFO:root:Train epoch 315, loss: 0.4101, val_loss: 0.4881, val_acc: 0.7579, val_auroc: 0.8171
INFO:root:Train epoch 316, loss: 0.4093, val_loss: 0.4804, val_acc: 0.7632, val_auroc: 0.8169
INFO:root:Train epoch 317, loss: 0.4087, val_loss: 0.4845, val_acc: 0.7632, val_auroc: 0.8220
INFO:root:Train epoch 318, loss: 0.4083, val_loss: 0.4810, val_acc: 0.7737, val_auroc: 0.8185
INFO:root:Train epoch 319, loss: 0.4095, val_loss: 0.4835, val_acc: 0.7842, val_auroc: 0.8208
INFO:root:Train epoch 320, loss: 0.4139, val_loss: 0.4825, val_acc: 0.7737, val_auroc: 0.8234
INFO:root:Train epoch 321, loss: 0.4187, val_loss: 0.4826, val_acc: 0.7632, val_auroc: 0.8187
INFO:root:Train epoch 322, loss: 0.4128, val_loss: 0.4909, val_acc: 0.7737, val_auroc: 0.8214
INFO:root:Train epoch 323, loss: 0.4061, val_loss: 0.4835, val_acc: 0.7474, val_auroc: 0.8099
INFO:root:Train epoch 324, loss: 0.4097, val_loss: 0.5016, val_acc: 0.7579, val_auroc: 0.8101
INFO:root:Train epoch 325, loss: 0.4146, val_loss: 0.4803, val_acc: 0.7632, val_auroc: 0.8127
INFO:root:Train epoch 326, loss: 0.4145, val_loss: 0.4873, val_acc: 0.7579, val_auroc: 0.8130
INFO:root:Train epoch 327, loss: 0.4079, val_loss: 0.4862, val_acc: 0.7789, val_auroc: 0.8196
INFO:root:Validation loss has not improved in 20 epochs, stopping early
INFO:root:Obtained lowest validation loss of: 0.4802846312522888
